# JRE version: Java(TM) SE Runtime Environment (8.0_181-b13) (build 1.8.0_181-b13)
# Java VM: Java HotSpot(TM) 64-Bit Server VM (25.181-b13 mixed mode windows-amd64 compressed oops)
Heap:
 PSYoungGen      total 113664K, used 74346K [0x000000076b400000, 0x0000000776a80000, 0x00000007c0000000)
  eden space 83456K, 89% used [0x000000076b400000,0x000000076fc9aac0,0x0000000770580000)
  from space 30208K, 0% used [0x0000000770580000,0x0000000770580000,0x0000000772300000)
  to   space 29184K, 0% used [0x0000000774e00000,0x0000000774e00000,0x0000000776a80000)
 ParOldGen       total 125952K, used 41006K [0x00000006c1c00000, 0x00000006c9700000, 0x000000076b400000)
  object space 125952K, 32% used [0x00000006c1c00000,0x00000006c440bb60,0x00000006c9700000)
 Metaspace       used 43429K, capacity 45026K, committed 45312K, reserved 1089536K
  class space    used 5162K, capacity 5533K, committed 5632K, reserved 1048576K
GC Heap History (10 events):
Event: 25.148 GC heap before
{Heap before GC invocations=9 (full 1):
 PSYoungGen      total 76800K, used 76794K [0x000000076b400000, 0x0000000771300000, 0x00000007c0000000)
  eden space 61440K, 100% used [0x000000076b400000,0x000000076f000000,0x000000076f000000)
  from space 15360K, 99% used [0x000000076f100000,0x000000076fffea20,0x0000000770000000)
  to   space 17920K, 0% used [0x0000000770180000,0x0000000770180000,0x0000000771300000)
 ParOldGen       total 80896K, used 17760K [0x00000006c1c00000, 0x00000006c6b00000, 0x000000076b400000)
  object space 80896K, 21% used [0x00000006c1c00000,0x00000006c2d58318,0x00000006c6b00000)
 Metaspace       used 28552K, capacity 29328K, committed 29696K, reserved 1075200K
  class space    used 3253K, capacity 3461K, committed 3584K, reserved 1048576K
Event: 25.189 GC heap after
Heap after GC invocations=9 (full 1):
 PSYoungGen      total 72192K, used 17911K [0x000000076b400000, 0x0000000774500000, 0x00000007c0000000)
  eden space 54272K, 0% used [0x000000076b400000,0x000000076b400000,0x000000076e900000)
  from space 17920K, 99% used [0x0000000770180000,0x00000007712fdf50,0x0000000771300000)
  to   space 25088K, 0% used [0x000000076e900000,0x000000076e900000,0x0000000770180000)
 ParOldGen       total 80896K, used 30325K [0x00000006c1c00000, 0x00000006c6b00000, 0x000000076b400000)
  object space 80896K, 37% used [0x00000006c1c00000,0x00000006c399d6e8,0x00000006c6b00000)
 Metaspace       used 28552K, capacity 29328K, committed 29696K, reserved 1075200K
  class space    used 3253K, capacity 3461K, committed 3584K, reserved 1048576K
}
Event: 25.432 GC heap before
{Heap before GC invocations=10 (full 1):
 PSYoungGen      total 72192K, used 72183K [0x000000076b400000, 0x0000000774500000, 0x00000007c0000000)
  eden space 54272K, 100% used [0x000000076b400000,0x000000076e900000,0x000000076e900000)
  from space 17920K, 99% used [0x0000000770180000,0x00000007712fdf50,0x0000000771300000)
  to   space 25088K, 0% used [0x000000076e900000,0x000000076e900000,0x0000000770180000)
 ParOldGen       total 80896K, used 30360K [0x00000006c1c00000, 0x00000006c6b00000, 0x000000076b400000)
  object space 80896K, 37% used [0x00000006c1c00000,0x00000006c39a6018,0x00000006c6b00000)
 Metaspace       used 28559K, capacity 29392K, committed 29696K, reserved 1075200K
  class space    used 3253K, capacity 3461K, committed 3584K, reserved 1048576K
Event: 25.459 GC heap after
Heap after GC invocations=10 (full 1):
 PSYoungGen      total 79360K, used 25060K [0x000000076b400000, 0x0000000774100000, 0x00000007c0000000)
  eden space 54272K, 0% used [0x000000076b400000,0x000000076b400000,0x000000076e900000)
  from space 25088K, 99% used [0x000000076e900000,0x0000000770179108,0x0000000770180000)
  to   space 30720K, 0% used [0x0000000772300000,0x0000000772300000,0x0000000774100000)
 ParOldGen       total 80896K, used 36269K [0x00000006c1c00000, 0x00000006c6b00000, 0x000000076b400000)
  object space 80896K, 44% used [0x00000006c1c00000,0x00000006c3f6b7a8,0x00000006c6b00000)
 Metaspace       used 28559K, capacity 29392K, committed 29696K, reserved 1075200K
  class space    used 3253K, capacity 3461K, committed 3584K, reserved 1048576K
}
Event: 25.730 GC heap before
{Heap before GC invocations=11 (full 1):
 PSYoungGen      total 79360K, used 79332K [0x000000076b400000, 0x0000000774100000, 0x00000007c0000000)
  eden space 54272K, 100% used [0x000000076b400000,0x000000076e900000,0x000000076e900000)
  from space 25088K, 99% used [0x000000076e900000,0x0000000770179108,0x0000000770180000)
  to   space 30720K, 0% used [0x0000000772300000,0x0000000772300000,0x0000000774100000)
 ParOldGen       total 80896K, used 36276K [0x00000006c1c00000, 0x00000006c6b00000, 0x000000076b400000)
  object space 80896K, 44% used [0x00000006c1c00000,0x00000006c3f6d168,0x00000006c6b00000)
 Metaspace       used 28561K, capacity 29392K, committed 29696K, reserved 1075200K
  class space    used 3253K, capacity 3461K, committed 3584K, reserved 1048576K
Event: 25.762 GC heap after
Heap after GC invocations=11 (full 1):
 PSYoungGen      total 114176K, used 18901K [0x000000076b400000, 0x0000000774180000, 0x00000007c0000000)
  eden space 83456K, 0% used [0x000000076b400000,0x000000076b400000,0x0000000770580000)
  from space 30720K, 61% used [0x0000000772300000,0x00000007735754f0,0x0000000774100000)
  to   space 30208K, 0% used [0x0000000770580000,0x0000000770580000,0x0000000772300000)
 ParOldGen       total 80896K, used 48855K [0x00000006c1c00000, 0x00000006c6b00000, 0x000000076b400000)
  object space 80896K, 60% used [0x00000006c1c00000,0x00000006c4bb5d08,0x00000006c6b00000)
 Metaspace       used 28561K, capacity 29392K, committed 29696K, reserved 1075200K
  class space    used 3253K, capacity 3461K, committed 3584K, reserved 1048576K
}
Event: 28.268 GC heap before
{Heap before GC invocations=12 (full 1):
 PSYoungGen      total 114176K, used 96675K [0x000000076b400000, 0x0000000774180000, 0x00000007c0000000)
  eden space 83456K, 93% used [0x000000076b400000,0x000000076fff37a0,0x0000000770580000)
  from space 30720K, 61% used [0x0000000772300000,0x00000007735754f0,0x0000000774100000)
  to   space 30208K, 0% used [0x0000000770580000,0x0000000770580000,0x0000000772300000)
 ParOldGen       total 80896K, used 48855K [0x00000006c1c00000, 0x00000006c6b00000, 0x000000076b400000)
  object space 80896K, 60% used [0x00000006c1c00000,0x00000006c4bb5d08,0x00000006c6b00000)
 Metaspace       used 34106K, capacity 35320K, committed 35496K, reserved 1081344K
  class space    used 4024K, capacity 4325K, committed 4352K, reserved 1048576K
Event: 28.286 GC heap after
Heap after GC invocations=12 (full 1):
 PSYoungGen      total 113664K, used 17635K [0x000000076b400000, 0x0000000776a80000, 0x00000007c0000000)
  eden space 83456K, 0% used [0x000000076b400000,0x000000076b400000,0x0000000770580000)
  from space 30208K, 58% used [0x0000000770580000,0x00000007716b8fb8,0x0000000772300000)
  to   space 29184K, 0% used [0x0000000774e00000,0x0000000774e00000,0x0000000776a80000)
 ParOldGen       total 80896K, used 51147K [0x00000006c1c00000, 0x00000006c6b00000, 0x000000076b400000)
  object space 80896K, 63% used [0x00000006c1c00000,0x00000006c4df2f58,0x00000006c6b00000)
 Metaspace       used 34106K, capacity 35320K, committed 35496K, reserved 1081344K
  class space    used 4024K, capacity 4325K, committed 4352K, reserved 1048576K
}
Event: 28.286 GC heap before
{Heap before GC invocations=13 (full 2):
 PSYoungGen      total 113664K, used 17635K [0x000000076b400000, 0x0000000776a80000, 0x00000007c0000000)
  eden space 83456K, 0% used [0x000000076b400000,0x000000076b400000,0x0000000770580000)
  from space 30208K, 58% used [0x0000000770580000,0x00000007716b8fb8,0x0000000772300000)
  to   space 29184K, 0% used [0x0000000774e00000,0x0000000774e00000,0x0000000776a80000)
 ParOldGen       total 80896K, used 51147K [0x00000006c1c00000, 0x00000006c6b00000, 0x000000076b400000)
  object space 80896K, 63% used [0x00000006c1c00000,0x00000006c4df2f58,0x00000006c6b00000)
 Metaspace       used 34106K, capacity 35320K, committed 35496K, reserved 1081344K
  class space    used 4024K, capacity 4325K, committed 4352K, reserved 1048576K
Event: 28.355 GC heap after
Heap after GC invocations=13 (full 2):
 PSYoungGen      total 113664K, used 0K [0x000000076b400000, 0x0000000776a80000, 0x00000007c0000000)
  eden space 83456K, 0% used [0x000000076b400000,0x000000076b400000,0x0000000770580000)
  from space 30208K, 0% used [0x0000000770580000,0x0000000770580000,0x0000000772300000)
  to   space 29184K, 0% used [0x0000000774e00000,0x0000000774e00000,0x0000000776a80000)
 ParOldGen       total 125952K, used 41006K [0x00000006c1c00000, 0x00000006c9700000, 0x000000076b400000)
  object space 125952K, 32% used [0x00000006c1c00000,0x00000006c440bb60,0x00000006c9700000)
 Metaspace       used 34106K, capacity 35320K, committed 35496K, reserved 1081344K
  class space    used 4024K, capacity 4325K, committed 4352K, reserved 1048576K
}

