# JRE version: Java(TM) SE Runtime Environment (8.0_181-b13) (build 1.8.0_181-b13)
# Java VM: Java HotSpot(TM) 64-Bit Server VM (25.181-b13 mixed mode windows-amd64 compressed oops)
Heap:
 PSYoungGen      total 213504K, used 63387K [0x000000076b400000, 0x000000077ad80000, 0x00000007c0000000)
  eden space 171008K, 37% used [0x000000076b400000,0x000000076f1e6c90,0x0000000775b00000)
  from space 42496K, 0% used [0x0000000778400000,0x0000000778400000,0x000000077ad80000)
  to   space 41984K, 0% used [0x0000000775b00000,0x0000000775b00000,0x0000000778400000)
 ParOldGen       total 176128K, used 29165K [0x00000006c1c00000, 0x00000006cc800000, 0x000000076b400000)
  object space 176128K, 16% used [0x00000006c1c00000,0x00000006c387b470,0x00000006cc800000)
 Metaspace       used 43193K, capacity 44784K, committed 45056K, reserved 1089536K
  class space    used 5155K, capacity 5524K, committed 5632K, reserved 1048576K
GC Heap History (10 events):
Event: 7.936 GC heap before
{Heap before GC invocations=8 (full 1):
 PSYoungGen      total 103936K, used 103726K [0x000000076b400000, 0x0000000772a80000, 0x00000007c0000000)
  eden space 89600K, 100% used [0x000000076b400000,0x0000000770b80000,0x0000000770b80000)
  from space 14336K, 98% used [0x0000000771a80000,0x000000077284b860,0x0000000772880000)
  to   space 15360K, 0% used [0x0000000770b80000,0x0000000770b80000,0x0000000771a80000)
 ParOldGen       total 119296K, used 14879K [0x00000006c1c00000, 0x00000006c9080000, 0x000000076b400000)
  object space 119296K, 12% used [0x00000006c1c00000,0x00000006c2a87d98,0x00000006c9080000)
 Metaspace       used 28538K, capacity 29328K, committed 29696K, reserved 1075200K
  class space    used 3259K, capacity 3461K, committed 3584K, reserved 1048576K
Event: 7.963 GC heap after
Heap after GC invocations=8 (full 1):
 PSYoungGen      total 104960K, used 15353K [0x000000076b400000, 0x0000000775d80000, 0x00000007c0000000)
  eden space 89600K, 0% used [0x000000076b400000,0x000000076b400000,0x0000000770b80000)
  from space 15360K, 99% used [0x0000000770b80000,0x0000000771a7e478,0x0000000771a80000)
  to   space 21504K, 0% used [0x0000000774880000,0x0000000774880000,0x0000000775d80000)
 ParOldGen       total 119296K, used 23916K [0x00000006c1c00000, 0x00000006c9080000, 0x000000076b400000)
  object space 119296K, 20% used [0x00000006c1c00000,0x00000006c335b100,0x00000006c9080000)
 Metaspace       used 28538K, capacity 29328K, committed 29696K, reserved 1075200K
  class space    used 3259K, capacity 3461K, committed 3584K, reserved 1048576K
}
Event: 8.346 GC heap before
{Heap before GC invocations=9 (full 1):
 PSYoungGen      total 104960K, used 104953K [0x000000076b400000, 0x0000000775d80000, 0x00000007c0000000)
  eden space 89600K, 100% used [0x000000076b400000,0x0000000770b80000,0x0000000770b80000)
  from space 15360K, 99% used [0x0000000770b80000,0x0000000771a7e478,0x0000000771a80000)
  to   space 21504K, 0% used [0x0000000774880000,0x0000000774880000,0x0000000775d80000)
 ParOldGen       total 119296K, used 23916K [0x00000006c1c00000, 0x00000006c9080000, 0x000000076b400000)
  object space 119296K, 20% used [0x00000006c1c00000,0x00000006c335b3c0,0x00000006c9080000)
 Metaspace       used 28557K, capacity 29328K, committed 29696K, reserved 1075200K
  class space    used 3259K, capacity 3461K, committed 3584K, reserved 1048576K
Event: 8.391 GC heap after
Heap after GC invocations=9 (full 1):
 PSYoungGen      total 141312K, used 21493K [0x000000076b400000, 0x0000000778780000, 0x00000007c0000000)
  eden space 119808K, 0% used [0x000000076b400000,0x000000076b400000,0x0000000772900000)
  from space 21504K, 99% used [0x0000000774880000,0x0000000775d7d788,0x0000000775d80000)
  to   space 32256K, 0% used [0x0000000772900000,0x0000000772900000,0x0000000774880000)
 ParOldGen       total 119296K, used 43016K [0x00000006c1c00000, 0x00000006c9080000, 0x000000076b400000)
  object space 119296K, 36% used [0x00000006c1c00000,0x00000006c4602320,0x00000006c9080000)
 Metaspace       used 28557K, capacity 29328K, committed 29696K, reserved 1075200K
  class space    used 3259K, capacity 3461K, committed 3584K, reserved 1048576K
}
Event: 9.564 GC heap before
{Heap before GC invocations=10 (full 1):
 PSYoungGen      total 141312K, used 141301K [0x000000076b400000, 0x0000000778780000, 0x00000007c0000000)
  eden space 119808K, 100% used [0x000000076b400000,0x0000000772900000,0x0000000772900000)
  from space 21504K, 99% used [0x0000000774880000,0x0000000775d7d788,0x0000000775d80000)
  to   space 32256K, 0% used [0x0000000772900000,0x0000000772900000,0x0000000774880000)
 ParOldGen       total 119296K, used 43025K [0x00000006c1c00000, 0x00000006c9080000, 0x000000076b400000)
  object space 119296K, 36% used [0x00000006c1c00000,0x00000006c46047e0,0x00000006c9080000)
 Metaspace       used 32575K, capacity 33508K, committed 33792K, reserved 1079296K
  class space    used 3784K, capacity 4053K, committed 4096K, reserved 1048576K
Event: 9.612 GC heap after
Heap after GC invocations=10 (full 1):
 PSYoungGen      total 152064K, used 32244K [0x000000076b400000, 0x000000077ad80000, 0x00000007c0000000)
  eden space 119808K, 0% used [0x000000076b400000,0x000000076b400000,0x0000000772900000)
  from space 32256K, 99% used [0x0000000772900000,0x000000077487d398,0x0000000774880000)
  to   space 42496K, 0% used [0x0000000778400000,0x0000000778400000,0x000000077ad80000)
 ParOldGen       total 119296K, used 56471K [0x00000006c1c00000, 0x00000006c9080000, 0x000000076b400000)
  object space 119296K, 47% used [0x00000006c1c00000,0x00000006c5325d98,0x00000006c9080000)
 Metaspace       used 32575K, capacity 33508K, committed 33792K, reserved 1079296K
  class space    used 3784K, capacity 4053K, committed 4096K, reserved 1048576K
}
Event: 9.870 GC heap before
{Heap before GC invocations=11 (full 1):
 PSYoungGen      total 152064K, used 48391K [0x000000076b400000, 0x000000077ad80000, 0x00000007c0000000)
  eden space 119808K, 13% used [0x000000076b400000,0x000000076c3c4880,0x0000000772900000)
  from space 32256K, 99% used [0x0000000772900000,0x000000077487d398,0x0000000774880000)
  to   space 42496K, 0% used [0x0000000778400000,0x0000000778400000,0x000000077ad80000)
 ParOldGen       total 119296K, used 56471K [0x00000006c1c00000, 0x00000006c9080000, 0x000000076b400000)
  object space 119296K, 47% used [0x00000006c1c00000,0x00000006c5325d98,0x00000006c9080000)
 Metaspace       used 34154K, capacity 35288K, committed 35456K, reserved 1081344K
  class space    used 4039K, capacity 4357K, committed 4480K, reserved 1048576K
Event: 9.883 GC heap after
Heap after GC invocations=11 (full 1):
 PSYoungGen      total 213504K, used 7325K [0x000000076b400000, 0x000000077ad80000, 0x00000007c0000000)
  eden space 171008K, 0% used [0x000000076b400000,0x000000076b400000,0x0000000775b00000)
  from space 42496K, 17% used [0x0000000778400000,0x0000000778b274d0,0x000000077ad80000)
  to   space 41984K, 0% used [0x0000000775b00000,0x0000000775b00000,0x0000000778400000)
 ParOldGen       total 119296K, used 69185K [0x00000006c1c00000, 0x00000006c9080000, 0x000000076b400000)
  object space 119296K, 57% used [0x00000006c1c00000,0x00000006c5f904c8,0x00000006c9080000)
 Metaspace       used 34154K, capacity 35288K, committed 35456K, reserved 1081344K
  class space    used 4039K, capacity 4357K, committed 4480K, reserved 1048576K
}
Event: 9.883 GC heap before
{Heap before GC invocations=12 (full 2):
 PSYoungGen      total 213504K, used 7325K [0x000000076b400000, 0x000000077ad80000, 0x00000007c0000000)
  eden space 171008K, 0% used [0x000000076b400000,0x000000076b400000,0x0000000775b00000)
  from space 42496K, 17% used [0x0000000778400000,0x0000000778b274d0,0x000000077ad80000)
  to   space 41984K, 0% used [0x0000000775b00000,0x0000000775b00000,0x0000000778400000)
 ParOldGen       total 119296K, used 69185K [0x00000006c1c00000, 0x00000006c9080000, 0x000000076b400000)
  object space 119296K, 57% used [0x00000006c1c00000,0x00000006c5f904c8,0x00000006c9080000)
 Metaspace       used 34154K, capacity 35288K, committed 35456K, reserved 1081344K
  class space    used 4039K, capacity 4357K, committed 4480K, reserved 1048576K
Event: 9.938 GC heap after
Heap after GC invocations=12 (full 2):
 PSYoungGen      total 213504K, used 0K [0x000000076b400000, 0x000000077ad80000, 0x00000007c0000000)
  eden space 171008K, 0% used [0x000000076b400000,0x000000076b400000,0x0000000775b00000)
  from space 42496K, 0% used [0x0000000778400000,0x0000000778400000,0x000000077ad80000)
  to   space 41984K, 0% used [0x0000000775b00000,0x0000000775b00000,0x0000000778400000)
 ParOldGen       total 176128K, used 29165K [0x00000006c1c00000, 0x00000006cc800000, 0x000000076b400000)
  object space 176128K, 16% used [0x00000006c1c00000,0x00000006c387b470,0x00000006cc800000)
 Metaspace       used 34154K, capacity 35288K, committed 35456K, reserved 1081344K
  class space    used 4039K, capacity 4357K, committed 4480K, reserved 1048576K
}

