# JRE version: Java(TM) SE Runtime Environment (8.0_181-b13) (build 1.8.0_181-b13)
# Java VM: Java HotSpot(TM) 64-Bit Server VM (25.181-b13 mixed mode windows-amd64 compressed oops)
Heap:
 PSYoungGen      total 211456K, used 58165K [0x000000076b400000, 0x000000077ac80000, 0x00000007c0000000)
  eden space 169472K, 34% used [0x000000076b400000,0x000000076eccd590,0x0000000775980000)
  from space 41984K, 0% used [0x0000000778280000,0x0000000778280000,0x000000077ab80000)
  to   space 41984K, 0% used [0x0000000775980000,0x0000000775980000,0x0000000778280000)
 ParOldGen       total 176128K, used 28897K [0x00000006c1c00000, 0x00000006cc800000, 0x000000076b400000)
  object space 176128K, 16% used [0x00000006c1c00000,0x00000006c38385b0,0x00000006cc800000)
 Metaspace       used 42665K, capacity 44102K, committed 44416K, reserved 1087488K
  class space    used 5082K, capacity 5426K, committed 5504K, reserved 1048576K
GC Heap History (10 events):
Event: 8.500 GC heap before
{Heap before GC invocations=8 (full 1):
 PSYoungGen      total 102912K, used 102577K [0x000000076b400000, 0x0000000772980000, 0x00000007c0000000)
  eden space 88576K, 100% used [0x000000076b400000,0x0000000770a80000,0x0000000770a80000)
  from space 14336K, 97% used [0x0000000771980000,0x000000077272c690,0x0000000772780000)
  to   space 15360K, 0% used [0x0000000770a80000,0x0000000770a80000,0x0000000771980000)
 ParOldGen       total 120320K, used 14938K [0x00000006c1c00000, 0x00000006c9180000, 0x000000076b400000)
  object space 120320K, 12% used [0x00000006c1c00000,0x00000006c2a96bf8,0x00000006c9180000)
 Metaspace       used 28553K, capacity 29332K, committed 29696K, reserved 1075200K
  class space    used 3256K, capacity 3461K, committed 3584K, reserved 1048576K
Event: 8.533 GC heap after
Heap after GC invocations=8 (full 1):
 PSYoungGen      total 103936K, used 15351K [0x000000076b400000, 0x0000000775c00000, 0x00000007c0000000)
  eden space 88576K, 0% used [0x000000076b400000,0x000000076b400000,0x0000000770a80000)
  from space 15360K, 99% used [0x0000000770a80000,0x000000077197dc58,0x0000000771980000)
  to   space 21504K, 0% used [0x0000000774700000,0x0000000774700000,0x0000000775c00000)
 ParOldGen       total 120320K, used 24331K [0x00000006c1c00000, 0x00000006c9180000, 0x000000076b400000)
  object space 120320K, 20% used [0x00000006c1c00000,0x00000006c33c2ce8,0x00000006c9180000)
 Metaspace       used 28553K, capacity 29332K, committed 29696K, reserved 1075200K
  class space    used 3256K, capacity 3461K, committed 3584K, reserved 1048576K
}
Event: 9.032 GC heap before
{Heap before GC invocations=9 (full 1):
 PSYoungGen      total 103936K, used 103927K [0x000000076b400000, 0x0000000775c00000, 0x00000007c0000000)
  eden space 88576K, 100% used [0x000000076b400000,0x0000000770a80000,0x0000000770a80000)
  from space 15360K, 99% used [0x0000000770a80000,0x000000077197dc58,0x0000000771980000)
  to   space 21504K, 0% used [0x0000000774700000,0x0000000774700000,0x0000000775c00000)
 ParOldGen       total 120320K, used 24335K [0x00000006c1c00000, 0x00000006c9180000, 0x000000076b400000)
  object space 120320K, 20% used [0x00000006c1c00000,0x00000006c33c3f28,0x00000006c9180000)
 Metaspace       used 28569K, capacity 29332K, committed 29696K, reserved 1075200K
  class space    used 3256K, capacity 3461K, committed 3584K, reserved 1048576K
Event: 9.094 GC heap after
Heap after GC invocations=9 (full 1):
 PSYoungGen      total 139776K, used 21483K [0x000000076b400000, 0x0000000778700000, 0x00000007c0000000)
  eden space 118272K, 0% used [0x000000076b400000,0x000000076b400000,0x0000000772780000)
  from space 21504K, 99% used [0x0000000774700000,0x0000000775bfafc8,0x0000000775c00000)
  to   space 32256K, 0% used [0x0000000772780000,0x0000000772780000,0x0000000774700000)
 ParOldGen       total 120320K, used 43086K [0x00000006c1c00000, 0x00000006c9180000, 0x000000076b400000)
  object space 120320K, 35% used [0x00000006c1c00000,0x00000006c4613af8,0x00000006c9180000)
 Metaspace       used 28569K, capacity 29332K, committed 29696K, reserved 1075200K
  class space    used 3256K, capacity 3461K, committed 3584K, reserved 1048576K
}
Event: 10.469 GC heap before
{Heap before GC invocations=10 (full 1):
 PSYoungGen      total 139776K, used 139755K [0x000000076b400000, 0x0000000778700000, 0x00000007c0000000)
  eden space 118272K, 100% used [0x000000076b400000,0x0000000772780000,0x0000000772780000)
  from space 21504K, 99% used [0x0000000774700000,0x0000000775bfafc8,0x0000000775c00000)
  to   space 32256K, 0% used [0x0000000772780000,0x0000000772780000,0x0000000774700000)
 ParOldGen       total 120320K, used 43095K [0x00000006c1c00000, 0x00000006c9180000, 0x000000076b400000)
  object space 120320K, 35% used [0x00000006c1c00000,0x00000006c4615ee0,0x00000006c9180000)
 Metaspace       used 32707K, capacity 33742K, committed 33920K, reserved 1079296K
  class space    used 3809K, capacity 4102K, committed 4224K, reserved 1048576K
Event: 10.529 GC heap after
Heap after GC invocations=10 (full 1):
 PSYoungGen      total 150528K, used 32250K [0x000000076b400000, 0x000000077ab80000, 0x00000007c0000000)
  eden space 118272K, 0% used [0x000000076b400000,0x000000076b400000,0x0000000772780000)
  from space 32256K, 99% used [0x0000000772780000,0x00000007746febd0,0x0000000774700000)
  to   space 41984K, 0% used [0x0000000778280000,0x0000000778280000,0x000000077ab80000)
 ParOldGen       total 120320K, used 56315K [0x00000006c1c00000, 0x00000006c9180000, 0x000000076b400000)
  object space 120320K, 46% used [0x00000006c1c00000,0x00000006c52fede0,0x00000006c9180000)
 Metaspace       used 32707K, capacity 33742K, committed 33920K, reserved 1079296K
  class space    used 3809K, capacity 4102K, committed 4224K, reserved 1048576K
}
Event: 10.790 GC heap before
{Heap before GC invocations=11 (full 1):
 PSYoungGen      total 150528K, used 46857K [0x000000076b400000, 0x000000077ab80000, 0x00000007c0000000)
  eden space 118272K, 12% used [0x000000076b400000,0x000000076c2438e0,0x0000000772780000)
  from space 32256K, 99% used [0x0000000772780000,0x00000007746febd0,0x0000000774700000)
  to   space 41984K, 0% used [0x0000000778280000,0x0000000778280000,0x000000077ab80000)
 ParOldGen       total 120320K, used 56315K [0x00000006c1c00000, 0x00000006c9180000, 0x000000076b400000)
  object space 120320K, 46% used [0x00000006c1c00000,0x00000006c52fede0,0x00000006c9180000)
 Metaspace       used 34139K, capacity 35292K, committed 35456K, reserved 1081344K
  class space    used 4034K, capacity 4357K, committed 4480K, reserved 1048576K
Event: 10.805 GC heap after
Heap after GC invocations=11 (full 1):
 PSYoungGen      total 211456K, used 7217K [0x000000076b400000, 0x000000077ac80000, 0x00000007c0000000)
  eden space 169472K, 0% used [0x000000076b400000,0x000000076b400000,0x0000000775980000)
  from space 41984K, 17% used [0x0000000778280000,0x000000077898c710,0x000000077ab80000)
  to   space 41984K, 0% used [0x0000000775980000,0x0000000775980000,0x0000000778280000)
 ParOldGen       total 120320K, used 68886K [0x00000006c1c00000, 0x00000006c9180000, 0x000000076b400000)
  object space 120320K, 57% used [0x00000006c1c00000,0x00000006c5f459b8,0x00000006c9180000)
 Metaspace       used 34139K, capacity 35292K, committed 35456K, reserved 1081344K
  class space    used 4034K, capacity 4357K, committed 4480K, reserved 1048576K
}
Event: 10.805 GC heap before
{Heap before GC invocations=12 (full 2):
 PSYoungGen      total 211456K, used 7217K [0x000000076b400000, 0x000000077ac80000, 0x00000007c0000000)
  eden space 169472K, 0% used [0x000000076b400000,0x000000076b400000,0x0000000775980000)
  from space 41984K, 17% used [0x0000000778280000,0x000000077898c710,0x000000077ab80000)
  to   space 41984K, 0% used [0x0000000775980000,0x0000000775980000,0x0000000778280000)
 ParOldGen       total 120320K, used 68886K [0x00000006c1c00000, 0x00000006c9180000, 0x000000076b400000)
  object space 120320K, 57% used [0x00000006c1c00000,0x00000006c5f459b8,0x00000006c9180000)
 Metaspace       used 34139K, capacity 35292K, committed 35456K, reserved 1081344K
  class space    used 4034K, capacity 4357K, committed 4480K, reserved 1048576K
Event: 10.871 GC heap after
Heap after GC invocations=12 (full 2):
 PSYoungGen      total 211456K, used 0K [0x000000076b400000, 0x000000077ac80000, 0x00000007c0000000)
  eden space 169472K, 0% used [0x000000076b400000,0x000000076b400000,0x0000000775980000)
  from space 41984K, 0% used [0x0000000778280000,0x0000000778280000,0x000000077ab80000)
  to   space 41984K, 0% used [0x0000000775980000,0x0000000775980000,0x0000000778280000)
 ParOldGen       total 176128K, used 28897K [0x00000006c1c00000, 0x00000006cc800000, 0x000000076b400000)
  object space 176128K, 16% used [0x00000006c1c00000,0x00000006c38385b0,0x00000006cc800000)
 Metaspace       used 34139K, capacity 35292K, committed 35456K, reserved 1081344K
  class space    used 4034K, capacity 4357K, committed 4480K, reserved 1048576K
}

