# JRE version: Java(TM) SE Runtime Environment (8.0_181-b13) (build 1.8.0_181-b13)
# Java VM: Java HotSpot(TM) 64-Bit Server VM (25.181-b13 mixed mode windows-amd64 compressed oops)
Heap:
 PSYoungGen      total 190976K, used 59190K [0x000000076b400000, 0x0000000779300000, 0x00000007c0000000)
  eden space 155648K, 38% used [0x000000076b400000,0x000000076edcd988,0x0000000774c00000)
  from space 35328K, 0% used [0x0000000777080000,0x0000000777080000,0x0000000779300000)
  to   space 36352K, 0% used [0x0000000774c00000,0x0000000774c00000,0x0000000776f80000)
 ParOldGen       total 185856K, used 29902K [0x00000006c1c00000, 0x00000006cd180000, 0x000000076b400000)
  object space 185856K, 16% used [0x00000006c1c00000,0x00000006c3933af8,0x00000006cd180000)
 Metaspace       used 42871K, capacity 44358K, committed 44416K, reserved 1087488K
  class space    used 5134K, capacity 5493K, committed 5504K, reserved 1048576K
GC Heap History (10 events):
Event: 7.787 GC heap before
{Heap before GC invocations=8 (full 1):
 PSYoungGen      total 98816K, used 98787K [0x000000076b400000, 0x0000000772900000, 0x00000007c0000000)
  eden space 84480K, 100% used [0x000000076b400000,0x0000000770680000,0x0000000770680000)
  from space 14336K, 99% used [0x0000000771600000,0x00000007723f8f70,0x0000000772400000)
  to   space 15872K, 0% used [0x0000000770680000,0x0000000770680000,0x0000000771600000)
 ParOldGen       total 124416K, used 15293K [0x00000006c1c00000, 0x00000006c9580000, 0x000000076b400000)
  object space 124416K, 12% used [0x00000006c1c00000,0x00000006c2aef410,0x00000006c9580000)
 Metaspace       used 28388K, capacity 29136K, committed 29440K, reserved 1075200K
  class space    used 3246K, capacity 3461K, committed 3584K, reserved 1048576K
Event: 7.811 GC heap after
Heap after GC invocations=8 (full 1):
 PSYoungGen      total 100352K, used 15857K [0x000000076b400000, 0x0000000775480000, 0x00000007c0000000)
  eden space 84480K, 0% used [0x000000076b400000,0x000000076b400000,0x0000000770680000)
  from space 15872K, 99% used [0x0000000770680000,0x00000007715fc728,0x0000000771600000)
  to   space 21504K, 0% used [0x0000000773f80000,0x0000000773f80000,0x0000000775480000)
 ParOldGen       total 124416K, used 24198K [0x00000006c1c00000, 0x00000006c9580000, 0x000000076b400000)
  object space 124416K, 19% used [0x00000006c1c00000,0x00000006c33a1bb8,0x00000006c9580000)
 Metaspace       used 28388K, capacity 29136K, committed 29440K, reserved 1075200K
  class space    used 3246K, capacity 3461K, committed 3584K, reserved 1048576K
}
Event: 8.213 GC heap before
{Heap before GC invocations=9 (full 1):
 PSYoungGen      total 100352K, used 100337K [0x000000076b400000, 0x0000000775480000, 0x00000007c0000000)
  eden space 84480K, 100% used [0x000000076b400000,0x0000000770680000,0x0000000770680000)
  from space 15872K, 99% used [0x0000000770680000,0x00000007715fc728,0x0000000771600000)
  to   space 21504K, 0% used [0x0000000773f80000,0x0000000773f80000,0x0000000775480000)
 ParOldGen       total 124416K, used 24215K [0x00000006c1c00000, 0x00000006c9580000, 0x000000076b400000)
  object space 124416K, 19% used [0x00000006c1c00000,0x00000006c33a5e10,0x00000006c9580000)
 Metaspace       used 28402K, capacity 29200K, committed 29440K, reserved 1075200K
  class space    used 3246K, capacity 3461K, committed 3584K, reserved 1048576K
Event: 8.267 GC heap after
Heap after GC invocations=9 (full 1):
 PSYoungGen      total 132608K, used 21475K [0x000000076b400000, 0x0000000777d80000, 0x00000007c0000000)
  eden space 111104K, 0% used [0x000000076b400000,0x000000076b400000,0x0000000772080000)
  from space 21504K, 99% used [0x0000000773f80000,0x0000000775478ef0,0x0000000775480000)
  to   space 31744K, 0% used [0x0000000772080000,0x0000000772080000,0x0000000773f80000)
 ParOldGen       total 124416K, used 41237K [0x00000006c1c00000, 0x00000006c9580000, 0x000000076b400000)
  object space 124416K, 33% used [0x00000006c1c00000,0x00000006c4445758,0x00000006c9580000)
 Metaspace       used 28402K, capacity 29200K, committed 29440K, reserved 1075200K
  class space    used 3246K, capacity 3461K, committed 3584K, reserved 1048576K
}
Event: 9.356 GC heap before
{Heap before GC invocations=10 (full 1):
 PSYoungGen      total 132608K, used 132579K [0x000000076b400000, 0x0000000777d80000, 0x00000007c0000000)
  eden space 111104K, 100% used [0x000000076b400000,0x0000000772080000,0x0000000772080000)
  from space 21504K, 99% used [0x0000000773f80000,0x0000000775478ef0,0x0000000775480000)
  to   space 31744K, 0% used [0x0000000772080000,0x0000000772080000,0x0000000773f80000)
 ParOldGen       total 124416K, used 41245K [0x00000006c1c00000, 0x00000006c9580000, 0x000000076b400000)
  object space 124416K, 33% used [0x00000006c1c00000,0x00000006c4447468,0x00000006c9580000)
 Metaspace       used 31296K, capacity 32250K, committed 32384K, reserved 1077248K
  class space    used 3610K, capacity 3876K, committed 3968K, reserved 1048576K
Event: 9.402 GC heap after
Heap after GC invocations=10 (full 1):
 PSYoungGen      total 142848K, used 30996K [0x000000076b400000, 0x0000000779380000, 0x00000007c0000000)
  eden space 111104K, 0% used [0x000000076b400000,0x000000076b400000,0x0000000772080000)
  from space 31744K, 97% used [0x0000000772080000,0x0000000773ec5118,0x0000000773f80000)
  to   space 35840K, 0% used [0x0000000777080000,0x0000000777080000,0x0000000779380000)
 ParOldGen       total 124416K, used 53797K [0x00000006c1c00000, 0x00000006c9580000, 0x000000076b400000)
  object space 124416K, 43% used [0x00000006c1c00000,0x00000006c50895f8,0x00000006c9580000)
 Metaspace       used 31296K, capacity 32250K, committed 32384K, reserved 1077248K
  class space    used 3610K, capacity 3876K, committed 3968K, reserved 1048576K
}
Event: 9.784 GC heap before
{Heap before GC invocations=11 (full 1):
 PSYoungGen      total 142848K, used 56060K [0x000000076b400000, 0x0000000779380000, 0x00000007c0000000)
  eden space 111104K, 22% used [0x000000076b400000,0x000000076cc7a148,0x0000000772080000)
  from space 31744K, 97% used [0x0000000772080000,0x0000000773ec5118,0x0000000773f80000)
  to   space 35840K, 0% used [0x0000000777080000,0x0000000777080000,0x0000000779380000)
 ParOldGen       total 124416K, used 53797K [0x00000006c1c00000, 0x00000006c9580000, 0x000000076b400000)
  object space 124416K, 43% used [0x00000006c1c00000,0x00000006c50895f8,0x00000006c9580000)
 Metaspace       used 34145K, capacity 35290K, committed 35456K, reserved 1081344K
  class space    used 4044K, capacity 4358K, committed 4480K, reserved 1048576K
Event: 9.792 GC heap after
Heap after GC invocations=11 (full 1):
 PSYoungGen      total 190976K, used 5599K [0x000000076b400000, 0x0000000779300000, 0x00000007c0000000)
  eden space 155648K, 0% used [0x000000076b400000,0x000000076b400000,0x0000000774c00000)
  from space 35328K, 15% used [0x0000000777080000,0x00000007775f7d38,0x0000000779300000)
  to   space 36352K, 0% used [0x0000000774c00000,0x0000000774c00000,0x0000000776f80000)
 ParOldGen       total 124416K, used 56218K [0x00000006c1c00000, 0x00000006c9580000, 0x000000076b400000)
  object space 124416K, 45% used [0x00000006c1c00000,0x00000006c52e6848,0x00000006c9580000)
 Metaspace       used 34145K, capacity 35290K, committed 35456K, reserved 1081344K
  class space    used 4044K, capacity 4358K, committed 4480K, reserved 1048576K
}
Event: 9.792 GC heap before
{Heap before GC invocations=12 (full 2):
 PSYoungGen      total 190976K, used 5599K [0x000000076b400000, 0x0000000779300000, 0x00000007c0000000)
  eden space 155648K, 0% used [0x000000076b400000,0x000000076b400000,0x0000000774c00000)
  from space 35328K, 15% used [0x0000000777080000,0x00000007775f7d38,0x0000000779300000)
  to   space 36352K, 0% used [0x0000000774c00000,0x0000000774c00000,0x0000000776f80000)
 ParOldGen       total 124416K, used 56218K [0x00000006c1c00000, 0x00000006c9580000, 0x000000076b400000)
  object space 124416K, 45% used [0x00000006c1c00000,0x00000006c52e6848,0x00000006c9580000)
 Metaspace       used 34145K, capacity 35290K, committed 35456K, reserved 1081344K
  class space    used 4044K, capacity 4358K, committed 4480K, reserved 1048576K
Event: 9.857 GC heap after
Heap after GC invocations=12 (full 2):
 PSYoungGen      total 190976K, used 0K [0x000000076b400000, 0x0000000779300000, 0x00000007c0000000)
  eden space 155648K, 0% used [0x000000076b400000,0x000000076b400000,0x0000000774c00000)
  from space 35328K, 0% used [0x0000000777080000,0x0000000777080000,0x0000000779300000)
  to   space 36352K, 0% used [0x0000000774c00000,0x0000000774c00000,0x0000000776f80000)
 ParOldGen       total 185856K, used 29902K [0x00000006c1c00000, 0x00000006cd180000, 0x000000076b400000)
  object space 185856K, 16% used [0x00000006c1c00000,0x00000006c3933af8,0x00000006cd180000)
 Metaspace       used 34145K, capacity 35290K, committed 35456K, reserved 1081344K
  class space    used 4044K, capacity 4358K, committed 4480K, reserved 1048576K
}

