# JRE version: Java(TM) SE Runtime Environment (8.0_181-b13) (build 1.8.0_181-b13)
# Java VM: Java HotSpot(TM) 64-Bit Server VM (25.181-b13 mixed mode windows-amd64 compressed oops)
Heap:
 PSYoungGen      total 209920K, used 60115K [0x000000076b400000, 0x000000077ac80000, 0x00000007c0000000)
  eden space 173056K, 34% used [0x000000076b400000,0x000000076eeb4ea0,0x0000000775d00000)
  from space 36864K, 0% used [0x0000000778200000,0x0000000778200000,0x000000077a600000)
  to   space 37888K, 0% used [0x0000000775d00000,0x0000000775d00000,0x0000000778200000)
 ParOldGen       total 172544K, used 28276K [0x00000006c1c00000, 0x00000006cc480000, 0x000000076b400000)
  object space 172544K, 16% used [0x00000006c1c00000,0x00000006c379d100,0x00000006cc480000)
 Metaspace       used 42822K, capacity 44294K, committed 44416K, reserved 1087488K
  class space    used 5123K, capacity 5493K, committed 5504K, reserved 1048576K
GC Heap History (10 events):
Event: 7.420 GC heap before
{Heap before GC invocations=8 (full 1):
 PSYoungGen      total 103936K, used 103904K [0x000000076b400000, 0x0000000772b00000, 0x00000007c0000000)
  eden space 89600K, 100% used [0x000000076b400000,0x0000000770b80000,0x0000000770b80000)
  from space 14336K, 99% used [0x0000000771a80000,0x0000000772878208,0x0000000772880000)
  to   space 15360K, 0% used [0x0000000770b80000,0x0000000770b80000,0x0000000771a80000)
 ParOldGen       total 120320K, used 14847K [0x00000006c1c00000, 0x00000006c9180000, 0x000000076b400000)
  object space 120320K, 12% used [0x00000006c1c00000,0x00000006c2a7fcf8,0x00000006c9180000)
 Metaspace       used 28390K, capacity 29136K, committed 29440K, reserved 1075200K
  class space    used 3245K, capacity 3461K, committed 3584K, reserved 1048576K
Event: 7.446 GC heap after
Heap after GC invocations=8 (full 1):
 PSYoungGen      total 104960K, used 15355K [0x000000076b400000, 0x0000000776200000, 0x00000007c0000000)
  eden space 89600K, 0% used [0x000000076b400000,0x000000076b400000,0x0000000770b80000)
  from space 15360K, 99% used [0x0000000770b80000,0x0000000771a7ec08,0x0000000771a80000)
  to   space 22528K, 0% used [0x0000000774c00000,0x0000000774c00000,0x0000000776200000)
 ParOldGen       total 120320K, used 25769K [0x00000006c1c00000, 0x00000006c9180000, 0x000000076b400000)
  object space 120320K, 21% used [0x00000006c1c00000,0x00000006c352a510,0x00000006c9180000)
 Metaspace       used 28390K, capacity 29136K, committed 29440K, reserved 1075200K
  class space    used 3245K, capacity 3461K, committed 3584K, reserved 1048576K
}
Event: 7.837 GC heap before
{Heap before GC invocations=9 (full 1):
 PSYoungGen      total 104960K, used 104955K [0x000000076b400000, 0x0000000776200000, 0x00000007c0000000)
  eden space 89600K, 100% used [0x000000076b400000,0x0000000770b80000,0x0000000770b80000)
  from space 15360K, 99% used [0x0000000770b80000,0x0000000771a7ec08,0x0000000771a80000)
  to   space 22528K, 0% used [0x0000000774c00000,0x0000000774c00000,0x0000000776200000)
 ParOldGen       total 120320K, used 25772K [0x00000006c1c00000, 0x00000006c9180000, 0x000000076b400000)
  object space 120320K, 21% used [0x00000006c1c00000,0x00000006c352b250,0x00000006c9180000)
 Metaspace       used 28400K, capacity 29136K, committed 29440K, reserved 1075200K
  class space    used 3245K, capacity 3461K, committed 3584K, reserved 1048576K
Event: 7.878 GC heap after
Heap after GC invocations=9 (full 1):
 PSYoungGen      total 145408K, used 22511K [0x000000076b400000, 0x0000000778880000, 0x00000007c0000000)
  eden space 122880K, 0% used [0x000000076b400000,0x000000076b400000,0x0000000772c00000)
  from space 22528K, 99% used [0x0000000774c00000,0x00000007761fbf40,0x0000000776200000)
  to   space 32768K, 0% used [0x0000000772c00000,0x0000000772c00000,0x0000000774c00000)
 ParOldGen       total 120320K, used 43162K [0x00000006c1c00000, 0x00000006c9180000, 0x000000076b400000)
  object space 120320K, 35% used [0x00000006c1c00000,0x00000006c4626b00,0x00000006c9180000)
 Metaspace       used 28400K, capacity 29136K, committed 29440K, reserved 1075200K
  class space    used 3245K, capacity 3461K, committed 3584K, reserved 1048576K
}
Event: 9.239 GC heap before
{Heap before GC invocations=10 (full 1):
 PSYoungGen      total 145408K, used 145391K [0x000000076b400000, 0x0000000778880000, 0x00000007c0000000)
  eden space 122880K, 100% used [0x000000076b400000,0x0000000772c00000,0x0000000772c00000)
  from space 22528K, 99% used [0x0000000774c00000,0x00000007761fbf40,0x0000000776200000)
  to   space 32768K, 0% used [0x0000000772c00000,0x0000000772c00000,0x0000000774c00000)
 ParOldGen       total 120320K, used 43162K [0x00000006c1c00000, 0x00000006c9180000, 0x000000076b400000)
  object space 120320K, 35% used [0x00000006c1c00000,0x00000006c4626b00,0x00000006c9180000)
 Metaspace       used 33754K, capacity 34994K, committed 35072K, reserved 1079296K
  class space    used 3986K, capacity 4324K, committed 4352K, reserved 1048576K
Event: 9.284 GC heap after
Heap after GC invocations=10 (full 1):
 PSYoungGen      total 155648K, used 31614K [0x000000076b400000, 0x000000077a600000, 0x00000007c0000000)
  eden space 122880K, 0% used [0x000000076b400000,0x000000076b400000,0x0000000772c00000)
  from space 32768K, 96% used [0x0000000772c00000,0x0000000774adfa10,0x0000000774c00000)
  to   space 36864K, 0% used [0x0000000778200000,0x0000000778200000,0x000000077a600000)
 ParOldGen       total 120320K, used 55656K [0x00000006c1c00000, 0x00000006c9180000, 0x000000076b400000)
  object space 120320K, 46% used [0x00000006c1c00000,0x00000006c525a2d0,0x00000006c9180000)
 Metaspace       used 33754K, capacity 34994K, committed 35072K, reserved 1079296K
  class space    used 3986K, capacity 4324K, committed 4352K, reserved 1048576K
}
Event: 9.353 GC heap before
{Heap before GC invocations=11 (full 1):
 PSYoungGen      total 155648K, used 35399K [0x000000076b400000, 0x000000077a600000, 0x00000007c0000000)
  eden space 122880K, 3% used [0x000000076b400000,0x000000076b7b2390,0x0000000772c00000)
  from space 32768K, 96% used [0x0000000772c00000,0x0000000774adfa10,0x0000000774c00000)
  to   space 36864K, 0% used [0x0000000778200000,0x0000000778200000,0x000000077a600000)
 ParOldGen       total 120320K, used 55656K [0x00000006c1c00000, 0x00000006c9180000, 0x000000076b400000)
  object space 120320K, 46% used [0x00000006c1c00000,0x00000006c525a2d0,0x00000006c9180000)
 Metaspace       used 34142K, capacity 35290K, committed 35456K, reserved 1081344K
  class space    used 4038K, capacity 4358K, committed 4480K, reserved 1048576K
Event: 9.360 GC heap after
Heap after GC invocations=11 (full 1):
 PSYoungGen      total 209920K, used 3776K [0x000000076b400000, 0x000000077ac80000, 0x00000007c0000000)
  eden space 173056K, 0% used [0x000000076b400000,0x000000076b400000,0x0000000775d00000)
  from space 36864K, 10% used [0x0000000778200000,0x00000007785b0010,0x000000077a600000)
  to   space 37888K, 0% used [0x0000000775d00000,0x0000000775d00000,0x0000000778200000)
 ParOldGen       total 120320K, used 58293K [0x00000006c1c00000, 0x00000006c9180000, 0x000000076b400000)
  object space 120320K, 48% used [0x00000006c1c00000,0x00000006c54ed520,0x00000006c9180000)
 Metaspace       used 34142K, capacity 35290K, committed 35456K, reserved 1081344K
  class space    used 4038K, capacity 4358K, committed 4480K, reserved 1048576K
}
Event: 9.360 GC heap before
{Heap before GC invocations=12 (full 2):
 PSYoungGen      total 209920K, used 3776K [0x000000076b400000, 0x000000077ac80000, 0x00000007c0000000)
  eden space 173056K, 0% used [0x000000076b400000,0x000000076b400000,0x0000000775d00000)
  from space 36864K, 10% used [0x0000000778200000,0x00000007785b0010,0x000000077a600000)
  to   space 37888K, 0% used [0x0000000775d00000,0x0000000775d00000,0x0000000778200000)
 ParOldGen       total 120320K, used 58293K [0x00000006c1c00000, 0x00000006c9180000, 0x000000076b400000)
  object space 120320K, 48% used [0x00000006c1c00000,0x00000006c54ed520,0x00000006c9180000)
 Metaspace       used 34142K, capacity 35290K, committed 35456K, reserved 1081344K
  class space    used 4038K, capacity 4358K, committed 4480K, reserved 1048576K
Event: 9.429 GC heap after
Heap after GC invocations=12 (full 2):
 PSYoungGen      total 209920K, used 0K [0x000000076b400000, 0x000000077ac80000, 0x00000007c0000000)
  eden space 173056K, 0% used [0x000000076b400000,0x000000076b400000,0x0000000775d00000)
  from space 36864K, 0% used [0x0000000778200000,0x0000000778200000,0x000000077a600000)
  to   space 37888K, 0% used [0x0000000775d00000,0x0000000775d00000,0x0000000778200000)
 ParOldGen       total 172544K, used 28276K [0x00000006c1c00000, 0x00000006cc480000, 0x000000076b400000)
  object space 172544K, 16% used [0x00000006c1c00000,0x00000006c379d100,0x00000006cc480000)
 Metaspace       used 34142K, capacity 35290K, committed 35456K, reserved 1081344K
  class space    used 4038K, capacity 4358K, committed 4480K, reserved 1048576K
}

