# JRE version: Java(TM) SE Runtime Environment (8.0_181-b13) (build 1.8.0_181-b13)
# Java VM: Java HotSpot(TM) 64-Bit Server VM (25.181-b13 mixed mode windows-amd64 compressed oops)
Heap:
 PSYoungGen      total 208384K, used 135449K [0x000000076b400000, 0x000000077a780000, 0x00000007c0000000)
  eden space 171520K, 78% used [0x000000076b400000,0x00000007738466f0,0x0000000775b80000)
  from space 36864K, 0% used [0x0000000778080000,0x0000000778080000,0x000000077a480000)
  to   space 37888K, 0% used [0x0000000775b80000,0x0000000775b80000,0x0000000778080000)
 ParOldGen       total 174592K, used 28137K [0x00000006c1c00000, 0x00000006cc680000, 0x000000076b400000)
  object space 174592K, 16% used [0x00000006c1c00000,0x00000006c377a5b0,0x00000006cc680000)
 Metaspace       used 42985K, capacity 44486K, committed 44672K, reserved 1089536K
  class space    used 5123K, capacity 5493K, committed 5504K, reserved 1048576K
GC Heap History (10 events):
Event: 7.870 GC heap before
{Heap before GC invocations=8 (full 1):
 PSYoungGen      total 103424K, used 103408K [0x000000076b400000, 0x0000000772a80000, 0x00000007c0000000)
  eden space 89088K, 100% used [0x000000076b400000,0x0000000770b00000,0x0000000770b00000)
  from space 14336K, 99% used [0x0000000771a00000,0x00000007727fc048,0x0000000772800000)
  to   space 15360K, 0% used [0x0000000770b00000,0x0000000770b00000,0x0000000771a00000)
 ParOldGen       total 120832K, used 14950K [0x00000006c1c00000, 0x00000006c9200000, 0x000000076b400000)
  object space 120832K, 12% used [0x00000006c1c00000,0x00000006c2a99870,0x00000006c9200000)
 Metaspace       used 28458K, capacity 29200K, committed 29440K, reserved 1075200K
  class space    used 3245K, capacity 3461K, committed 3584K, reserved 1048576K
Event: 7.897 GC heap after
Heap after GC invocations=8 (full 1):
 PSYoungGen      total 104448K, used 15330K [0x000000076b400000, 0x0000000775f80000, 0x00000007c0000000)
  eden space 89088K, 0% used [0x000000076b400000,0x000000076b400000,0x0000000770b00000)
  from space 15360K, 99% used [0x0000000770b00000,0x00000007719f8810,0x0000000771a00000)
  to   space 22016K, 0% used [0x0000000774a00000,0x0000000774a00000,0x0000000775f80000)
 ParOldGen       total 120832K, used 25383K [0x00000006c1c00000, 0x00000006c9200000, 0x000000076b400000)
  object space 120832K, 21% used [0x00000006c1c00000,0x00000006c34c9c28,0x00000006c9200000)
 Metaspace       used 28458K, capacity 29200K, committed 29440K, reserved 1075200K
  class space    used 3245K, capacity 3461K, committed 3584K, reserved 1048576K
}
Event: 8.280 GC heap before
{Heap before GC invocations=9 (full 1):
 PSYoungGen      total 104448K, used 104418K [0x000000076b400000, 0x0000000775f80000, 0x00000007c0000000)
  eden space 89088K, 100% used [0x000000076b400000,0x0000000770b00000,0x0000000770b00000)
  from space 15360K, 99% used [0x0000000770b00000,0x00000007719f8810,0x0000000771a00000)
  to   space 22016K, 0% used [0x0000000774a00000,0x0000000774a00000,0x0000000775f80000)
 ParOldGen       total 120832K, used 25391K [0x00000006c1c00000, 0x00000006c9200000, 0x000000076b400000)
  object space 120832K, 21% used [0x00000006c1c00000,0x00000006c34cbfb0,0x00000006c9200000)
 Metaspace       used 28474K, capacity 29264K, committed 29440K, reserved 1075200K
  class space    used 3245K, capacity 3461K, committed 3584K, reserved 1048576K
Event: 8.329 GC heap after
Heap after GC invocations=9 (full 1):
 PSYoungGen      total 142848K, used 21995K [0x000000076b400000, 0x0000000778980000, 0x00000007c0000000)
  eden space 120832K, 0% used [0x000000076b400000,0x000000076b400000,0x0000000772a00000)
  from space 22016K, 99% used [0x0000000774a00000,0x0000000775f7afe0,0x0000000775f80000)
  to   space 32768K, 0% used [0x0000000772a00000,0x0000000772a00000,0x0000000774a00000)
 ParOldGen       total 120832K, used 43450K [0x00000006c1c00000, 0x00000006c9200000, 0x000000076b400000)
  object space 120832K, 35% used [0x00000006c1c00000,0x00000006c466e8b8,0x00000006c9200000)
 Metaspace       used 28474K, capacity 29264K, committed 29440K, reserved 1075200K
  class space    used 3245K, capacity 3461K, committed 3584K, reserved 1048576K
}
Event: 9.536 GC heap before
{Heap before GC invocations=10 (full 1):
 PSYoungGen      total 142848K, used 142827K [0x000000076b400000, 0x0000000778980000, 0x00000007c0000000)
  eden space 120832K, 100% used [0x000000076b400000,0x0000000772a00000,0x0000000772a00000)
  from space 22016K, 99% used [0x0000000774a00000,0x0000000775f7afe0,0x0000000775f80000)
  to   space 32768K, 0% used [0x0000000772a00000,0x0000000772a00000,0x0000000774a00000)
 ParOldGen       total 120832K, used 43467K [0x00000006c1c00000, 0x00000006c9200000, 0x000000076b400000)
  object space 120832K, 35% used [0x00000006c1c00000,0x00000006c4672e78,0x00000006c9200000)
 Metaspace       used 33522K, capacity 34676K, committed 34816K, reserved 1079296K
  class space    used 3937K, capacity 4249K, committed 4352K, reserved 1048576K
Event: 9.581 GC heap after
Heap after GC invocations=10 (full 1):
 PSYoungGen      total 153600K, used 31617K [0x000000076b400000, 0x000000077a480000, 0x00000007c0000000)
  eden space 120832K, 0% used [0x000000076b400000,0x000000076b400000,0x0000000772a00000)
  from space 32768K, 96% used [0x0000000772a00000,0x00000007748e0600,0x0000000774a00000)
  to   space 36864K, 0% used [0x0000000778080000,0x0000000778080000,0x000000077a480000)
 ParOldGen       total 120832K, used 56101K [0x00000006c1c00000, 0x00000006c9200000, 0x000000076b400000)
  object space 120832K, 46% used [0x00000006c1c00000,0x00000006c52c9550,0x00000006c9200000)
 Metaspace       used 33522K, capacity 34676K, committed 34816K, reserved 1079296K
  class space    used 3937K, capacity 4249K, committed 4352K, reserved 1048576K
}
Event: 9.672 GC heap before
{Heap before GC invocations=11 (full 1):
 PSYoungGen      total 153600K, used 38521K [0x000000076b400000, 0x000000077a480000, 0x00000007c0000000)
  eden space 120832K, 5% used [0x000000076b400000,0x000000076babdf70,0x0000000772a00000)
  from space 32768K, 96% used [0x0000000772a00000,0x00000007748e0600,0x0000000774a00000)
  to   space 36864K, 0% used [0x0000000778080000,0x0000000778080000,0x000000077a480000)
 ParOldGen       total 120832K, used 56101K [0x00000006c1c00000, 0x00000006c9200000, 0x000000076b400000)
  object space 120832K, 46% used [0x00000006c1c00000,0x00000006c52c9550,0x00000006c9200000)
 Metaspace       used 34119K, capacity 35288K, committed 35456K, reserved 1081344K
  class space    used 4034K, capacity 4357K, committed 4480K, reserved 1048576K
Event: 9.676 GC heap after
Heap after GC invocations=11 (full 1):
 PSYoungGen      total 208384K, used 3680K [0x000000076b400000, 0x000000077a780000, 0x00000007c0000000)
  eden space 171520K, 0% used [0x000000076b400000,0x000000076b400000,0x0000000775b80000)
  from space 36864K, 9% used [0x0000000778080000,0x0000000778418108,0x000000077a480000)
  to   space 37888K, 0% used [0x0000000775b80000,0x0000000775b80000,0x0000000778080000)
 ParOldGen       total 120832K, used 58681K [0x00000006c1c00000, 0x00000006c9200000, 0x000000076b400000)
  object space 120832K, 48% used [0x00000006c1c00000,0x00000006c554e7a0,0x00000006c9200000)
 Metaspace       used 34119K, capacity 35288K, committed 35456K, reserved 1081344K
  class space    used 4034K, capacity 4357K, committed 4480K, reserved 1048576K
}
Event: 9.676 GC heap before
{Heap before GC invocations=12 (full 2):
 PSYoungGen      total 208384K, used 3680K [0x000000076b400000, 0x000000077a780000, 0x00000007c0000000)
  eden space 171520K, 0% used [0x000000076b400000,0x000000076b400000,0x0000000775b80000)
  from space 36864K, 9% used [0x0000000778080000,0x0000000778418108,0x000000077a480000)
  to   space 37888K, 0% used [0x0000000775b80000,0x0000000775b80000,0x0000000778080000)
 ParOldGen       total 120832K, used 58681K [0x00000006c1c00000, 0x00000006c9200000, 0x000000076b400000)
  object space 120832K, 48% used [0x00000006c1c00000,0x00000006c554e7a0,0x00000006c9200000)
 Metaspace       used 34119K, capacity 35288K, committed 35456K, reserved 1081344K
  class space    used 4034K, capacity 4357K, committed 4480K, reserved 1048576K
Event: 9.731 GC heap after
Heap after GC invocations=12 (full 2):
 PSYoungGen      total 208384K, used 0K [0x000000076b400000, 0x000000077a780000, 0x00000007c0000000)
  eden space 171520K, 0% used [0x000000076b400000,0x000000076b400000,0x0000000775b80000)
  from space 36864K, 0% used [0x0000000778080000,0x0000000778080000,0x000000077a480000)
  to   space 37888K, 0% used [0x0000000775b80000,0x0000000775b80000,0x0000000778080000)
 ParOldGen       total 174592K, used 28137K [0x00000006c1c00000, 0x00000006cc680000, 0x000000076b400000)
  object space 174592K, 16% used [0x00000006c1c00000,0x00000006c377a5b0,0x00000006cc680000)
 Metaspace       used 34119K, capacity 35288K, committed 35456K, reserved 1081344K
  class space    used 4034K, capacity 4357K, committed 4480K, reserved 1048576K
}

