# JRE version: Java(TM) SE Runtime Environment (8.0_181-b13) (build 1.8.0_181-b13)
# Java VM: Java HotSpot(TM) 64-Bit Server VM (25.181-b13 mixed mode windows-amd64 compressed oops)
Heap:
 PSYoungGen      total 203776K, used 65320K [0x000000076b400000, 0x000000077de80000, 0x00000007c0000000)
  eden space 161792K, 30% used [0x000000076b400000,0x000000076e3854a0,0x0000000775200000)
  from space 41984K, 39% used [0x0000000775200000,0x0000000776244b90,0x0000000777b00000)
  to   space 39936K, 0% used [0x000000077b780000,0x000000077b780000,0x000000077de80000)
 ParOldGen       total 182272K, used 29333K [0x00000006c1c00000, 0x00000006cce00000, 0x000000076b400000)
  object space 182272K, 16% used [0x00000006c1c00000,0x00000006c38a5578,0x00000006cce00000)
 Metaspace       used 43006K, capacity 44556K, committed 44672K, reserved 1089536K
  class space    used 5120K, capacity 5494K, committed 5504K, reserved 1048576K
GC Heap History (10 events):
Event: 8.890 GC heap before
{Heap before GC invocations=9 (full 1):
 PSYoungGen      total 101888K, used 101862K [0x000000076b400000, 0x0000000775980000, 0x00000007c0000000)
  eden space 86528K, 100% used [0x000000076b400000,0x0000000770880000,0x0000000770880000)
  from space 15360K, 99% used [0x0000000770880000,0x0000000771779b48,0x0000000771780000)
  to   space 21504K, 0% used [0x0000000774480000,0x0000000774480000,0x0000000775980000)
 ParOldGen       total 122368K, used 24228K [0x00000006c1c00000, 0x00000006c9380000, 0x000000076b400000)
  object space 122368K, 19% used [0x00000006c1c00000,0x00000006c33a92f8,0x00000006c9380000)
 Metaspace       used 28456K, capacity 29264K, committed 29440K, reserved 1075200K
  class space    used 3242K, capacity 3461K, committed 3584K, reserved 1048576K
Event: 8.940 GC heap after
Heap after GC invocations=9 (full 1):
 PSYoungGen      total 137728K, used 21494K [0x000000076b400000, 0x0000000778100000, 0x00000007c0000000)
  eden space 116224K, 0% used [0x000000076b400000,0x000000076b400000,0x0000000772580000)
  from space 21504K, 99% used [0x0000000774480000,0x000000077597d958,0x0000000775980000)
  to   space 31744K, 0% used [0x0000000772580000,0x0000000772580000,0x0000000774480000)
 ParOldGen       total 122368K, used 42148K [0x00000006c1c00000, 0x00000006c9380000, 0x000000076b400000)
  object space 122368K, 34% used [0x00000006c1c00000,0x00000006c4529230,0x00000006c9380000)
 Metaspace       used 28456K, capacity 29264K, committed 29440K, reserved 1075200K
  class space    used 3242K, capacity 3461K, committed 3584K, reserved 1048576K
}
Event: 10.285 GC heap before
{Heap before GC invocations=10 (full 1):
 PSYoungGen      total 137728K, used 137718K [0x000000076b400000, 0x0000000778100000, 0x00000007c0000000)
  eden space 116224K, 100% used [0x000000076b400000,0x0000000772580000,0x0000000772580000)
  from space 21504K, 99% used [0x0000000774480000,0x000000077597d958,0x0000000775980000)
  to   space 31744K, 0% used [0x0000000772580000,0x0000000772580000,0x0000000774480000)
 ParOldGen       total 122368K, used 42230K [0x00000006c1c00000, 0x00000006c9380000, 0x000000076b400000)
  object space 122368K, 34% used [0x00000006c1c00000,0x00000006c453da48,0x00000006c9380000)
 Metaspace       used 32327K, capacity 33308K, committed 33536K, reserved 1079296K
  class space    used 3734K, capacity 4011K, committed 4096K, reserved 1048576K
Event: 10.329 GC heap after
Heap after GC invocations=10 (full 1):
 PSYoungGen      total 147968K, used 31717K [0x000000076b400000, 0x000000077a500000, 0x00000007c0000000)
  eden space 116224K, 0% used [0x000000076b400000,0x000000076b400000,0x0000000772580000)
  from space 31744K, 99% used [0x0000000772580000,0x0000000774479530,0x0000000774480000)
  to   space 41472K, 0% used [0x0000000777c80000,0x0000000777c80000,0x000000077a500000)
 ParOldGen       total 122368K, used 55411K [0x00000006c1c00000, 0x00000006c9380000, 0x000000076b400000)
  object space 122368K, 45% used [0x00000006c1c00000,0x00000006c521cc70,0x00000006c9380000)
 Metaspace       used 32327K, capacity 33308K, committed 33536K, reserved 1079296K
  class space    used 3734K, capacity 4011K, committed 4096K, reserved 1048576K
}
Event: 10.591 GC heap before
{Heap before GC invocations=11 (full 1):
 PSYoungGen      total 147968K, used 49990K [0x000000076b400000, 0x000000077a500000, 0x00000007c0000000)
  eden space 116224K, 15% used [0x000000076b400000,0x000000076c5d8548,0x0000000772580000)
  from space 31744K, 99% used [0x0000000772580000,0x0000000774479530,0x0000000774480000)
  to   space 41472K, 0% used [0x0000000777c80000,0x0000000777c80000,0x000000077a500000)
 ParOldGen       total 122368K, used 55411K [0x00000006c1c00000, 0x00000006c9380000, 0x000000076b400000)
  object space 122368K, 45% used [0x00000006c1c00000,0x00000006c521cc70,0x00000006c9380000)
 Metaspace       used 34158K, capacity 35348K, committed 35496K, reserved 1081344K
  class space    used 4040K, capacity 4367K, committed 4480K, reserved 1048576K
Event: 10.597 GC heap after
Heap after GC invocations=11 (full 1):
 PSYoungGen      total 202240K, used 4822K [0x000000076b400000, 0x000000077a400000, 0x00000007c0000000)
  eden space 161792K, 0% used [0x000000076b400000,0x000000076b400000,0x0000000775200000)
  from space 40448K, 11% used [0x0000000777c80000,0x00000007781358b8,0x000000077a400000)
  to   space 41984K, 0% used [0x0000000775200000,0x0000000775200000,0x0000000777b00000)
 ParOldGen       total 122368K, used 58015K [0x00000006c1c00000, 0x00000006c9380000, 0x000000076b400000)
  object space 122368K, 47% used [0x00000006c1c00000,0x00000006c54a7ec0,0x00000006c9380000)
 Metaspace       used 34158K, capacity 35348K, committed 35496K, reserved 1081344K
  class space    used 4040K, capacity 4367K, committed 4480K, reserved 1048576K
}
Event: 10.597 GC heap before
{Heap before GC invocations=12 (full 2):
 PSYoungGen      total 202240K, used 4822K [0x000000076b400000, 0x000000077a400000, 0x00000007c0000000)
  eden space 161792K, 0% used [0x000000076b400000,0x000000076b400000,0x0000000775200000)
  from space 40448K, 11% used [0x0000000777c80000,0x00000007781358b8,0x000000077a400000)
  to   space 41984K, 0% used [0x0000000775200000,0x0000000775200000,0x0000000777b00000)
 ParOldGen       total 122368K, used 58015K [0x00000006c1c00000, 0x00000006c9380000, 0x000000076b400000)
  object space 122368K, 47% used [0x00000006c1c00000,0x00000006c54a7ec0,0x00000006c9380000)
 Metaspace       used 34158K, capacity 35348K, committed 35496K, reserved 1081344K
  class space    used 4040K, capacity 4367K, committed 4480K, reserved 1048576K
Event: 10.650 GC heap after
Heap after GC invocations=12 (full 2):
 PSYoungGen      total 202240K, used 0K [0x000000076b400000, 0x000000077a400000, 0x00000007c0000000)
  eden space 161792K, 0% used [0x000000076b400000,0x000000076b400000,0x0000000775200000)
  from space 40448K, 0% used [0x0000000777c80000,0x0000000777c80000,0x000000077a400000)
  to   space 41984K, 0% used [0x0000000775200000,0x0000000775200000,0x0000000777b00000)
 ParOldGen       total 182272K, used 29325K [0x00000006c1c00000, 0x00000006cce00000, 0x000000076b400000)
  object space 182272K, 16% used [0x00000006c1c00000,0x00000006c38a3578,0x00000006cce00000)
 Metaspace       used 34158K, capacity 35348K, committed 35496K, reserved 1081344K
  class space    used 4040K, capacity 4367K, committed 4480K, reserved 1048576K
}
Event: 137.718 GC heap before
{Heap before GC invocations=13 (full 2):
 PSYoungGen      total 202240K, used 161037K [0x000000076b400000, 0x000000077a400000, 0x00000007c0000000)
  eden space 161792K, 99% used [0x000000076b400000,0x00000007751437a8,0x0000000775200000)
  from space 40448K, 0% used [0x0000000777c80000,0x0000000777c80000,0x000000077a400000)
  to   space 41984K, 0% used [0x0000000775200000,0x0000000775200000,0x0000000777b00000)
 ParOldGen       total 182272K, used 29325K [0x00000006c1c00000, 0x00000006cce00000, 0x000000076b400000)
  object space 182272K, 16% used [0x00000006c1c00000,0x00000006c38a3578,0x00000006cce00000)
 Metaspace       used 42982K, capacity 44550K, committed 44672K, reserved 1089536K
  class space    used 5120K, capacity 5493K, committed 5504K, reserved 1048576K
Event: 137.733 GC heap after
Heap after GC invocations=13 (full 2):
 PSYoungGen      total 203776K, used 16658K [0x000000076b400000, 0x000000077de80000, 0x00000007c0000000)
  eden space 161792K, 0% used [0x000000076b400000,0x000000076b400000,0x0000000775200000)
  from space 41984K, 39% used [0x0000000775200000,0x0000000776244b90,0x0000000777b00000)
  to   space 39936K, 0% used [0x000000077b780000,0x000000077b780000,0x000000077de80000)
 ParOldGen       total 182272K, used 29333K [0x00000006c1c00000, 0x00000006cce00000, 0x000000076b400000)
  object space 182272K, 16% used [0x00000006c1c00000,0x00000006c38a5578,0x00000006cce00000)
 Metaspace       used 42982K, capacity 44550K, committed 44672K, reserved 1089536K
  class space    used 5120K, capacity 5493K, committed 5504K, reserved 1048576K
}

