# JRE version: Java(TM) SE Runtime Environment (8.0_181-b13) (build 1.8.0_181-b13)
# Java VM: Java HotSpot(TM) 64-Bit Server VM (25.181-b13 mixed mode windows-amd64 compressed oops)
Heap:
 PSYoungGen      total 159744K, used 125248K [0x000000076b400000, 0x000000077b000000, 0x00000007c0000000)
  eden space 126976K, 98% used [0x000000076b400000,0x0000000772e50168,0x0000000773000000)
  from space 32768K, 0% used [0x0000000773000000,0x0000000773000000,0x0000000775000000)
  to   space 37376K, 0% used [0x0000000778b80000,0x0000000778b80000,0x000000077b000000)
 ParOldGen       total 202240K, used 63645K [0x00000006c1c00000, 0x00000006ce180000, 0x000000076b400000)
  object space 202240K, 31% used [0x00000006c1c00000,0x00000006c5a27630,0x00000006ce180000)
 Metaspace       used 42975K, capacity 44422K, committed 44672K, reserved 1089536K
  class space    used 5123K, capacity 5493K, committed 5504K, reserved 1048576K
GC Heap History (10 events):
Event: 7.265 GC heap before
{Heap before GC invocations=7 (full 1):
 PSYoungGen      total 76288K, used 76287K [0x000000076b400000, 0x0000000772900000, 0x00000007c0000000)
  eden space 65536K, 100% used [0x000000076b400000,0x000000076f400000,0x000000076f400000)
  from space 10752K, 99% used [0x000000076f400000,0x000000076fe7fd28,0x000000076fe80000)
  to   space 13824K, 0% used [0x0000000771b80000,0x0000000771b80000,0x0000000772900000)
 ParOldGen       total 119808K, used 14780K [0x00000006c1c00000, 0x00000006c9100000, 0x000000076b400000)
  object space 119808K, 12% used [0x00000006c1c00000,0x00000006c2a6f0e0,0x00000006c9100000)
 Metaspace       used 24563K, capacity 25392K, committed 25600K, reserved 1071104K
  class space    used 2824K, capacity 3045K, committed 3072K, reserved 1048576K
Event: 7.278 GC heap after
Heap after GC invocations=7 (full 1):
 PSYoungGen      total 104448K, used 13811K [0x000000076b400000, 0x0000000772c80000, 0x00000007c0000000)
  eden space 90624K, 0% used [0x000000076b400000,0x000000076b400000,0x0000000770c80000)
  from space 13824K, 99% used [0x0000000771b80000,0x00000007728fccb0,0x0000000772900000)
  to   space 15360K, 0% used [0x0000000770c80000,0x0000000770c80000,0x0000000771b80000)
 ParOldGen       total 119808K, used 15104K [0x00000006c1c00000, 0x00000006c9100000, 0x000000076b400000)
  object space 119808K, 12% used [0x00000006c1c00000,0x00000006c2ac02b0,0x00000006c9100000)
 Metaspace       used 24563K, capacity 25392K, committed 25600K, reserved 1071104K
  class space    used 2824K, capacity 3045K, committed 3072K, reserved 1048576K
}
Event: 8.166 GC heap before
{Heap before GC invocations=8 (full 1):
 PSYoungGen      total 104448K, used 104435K [0x000000076b400000, 0x0000000772c80000, 0x00000007c0000000)
  eden space 90624K, 100% used [0x000000076b400000,0x0000000770c80000,0x0000000770c80000)
  from space 13824K, 99% used [0x0000000771b80000,0x00000007728fccb0,0x0000000772900000)
  to   space 15360K, 0% used [0x0000000770c80000,0x0000000770c80000,0x0000000771b80000)
 ParOldGen       total 119808K, used 15104K [0x00000006c1c00000, 0x00000006c9100000, 0x000000076b400000)
  object space 119808K, 12% used [0x00000006c1c00000,0x00000006c2ac02b0,0x00000006c9100000)
 Metaspace       used 28427K, capacity 29200K, committed 29440K, reserved 1075200K
  class space    used 3244K, capacity 3461K, committed 3584K, reserved 1048576K
Event: 8.194 GC heap after
Heap after GC invocations=8 (full 1):
 PSYoungGen      total 105984K, used 15359K [0x000000076b400000, 0x0000000776580000, 0x00000007c0000000)
  eden space 90624K, 0% used [0x000000076b400000,0x000000076b400000,0x0000000770c80000)
  from space 15360K, 99% used [0x0000000770c80000,0x0000000771b7fd78,0x0000000771b80000)
  to   space 22016K, 0% used [0x0000000775000000,0x0000000775000000,0x0000000776580000)
 ParOldGen       total 119808K, used 25524K [0x00000006c1c00000, 0x00000006c9100000, 0x000000076b400000)
  object space 119808K, 21% used [0x00000006c1c00000,0x00000006c34ed350,0x00000006c9100000)
 Metaspace       used 28427K, capacity 29200K, committed 29440K, reserved 1075200K
  class space    used 3244K, capacity 3461K, committed 3584K, reserved 1048576K
}
Event: 8.643 GC heap before
{Heap before GC invocations=9 (full 1):
 PSYoungGen      total 105984K, used 105983K [0x000000076b400000, 0x0000000776580000, 0x00000007c0000000)
  eden space 90624K, 100% used [0x000000076b400000,0x0000000770c80000,0x0000000770c80000)
  from space 15360K, 99% used [0x0000000770c80000,0x0000000771b7fd78,0x0000000771b80000)
  to   space 22016K, 0% used [0x0000000775000000,0x0000000775000000,0x0000000776580000)
 ParOldGen       total 119808K, used 25530K [0x00000006c1c00000, 0x00000006c9100000, 0x000000076b400000)
  object space 119808K, 21% used [0x00000006c1c00000,0x00000006c34eeaf8,0x00000006c9100000)
 Metaspace       used 28456K, capacity 29200K, committed 29440K, reserved 1075200K
  class space    used 3245K, capacity 3461K, committed 3584K, reserved 1048576K
Event: 8.700 GC heap after
Heap after GC invocations=9 (full 1):
 PSYoungGen      total 148992K, used 21989K [0x000000076b400000, 0x0000000778e80000, 0x00000007c0000000)
  eden space 126976K, 0% used [0x000000076b400000,0x000000076b400000,0x0000000773000000)
  from space 22016K, 99% used [0x0000000775000000,0x0000000776579410,0x0000000776580000)
  to   space 32768K, 0% used [0x0000000773000000,0x0000000773000000,0x0000000775000000)
 ParOldGen       total 119808K, used 43921K [0x00000006c1c00000, 0x00000006c9100000, 0x000000076b400000)
  object space 119808K, 36% used [0x00000006c1c00000,0x00000006c46e47e8,0x00000006c9100000)
 Metaspace       used 28456K, capacity 29200K, committed 29440K, reserved 1075200K
  class space    used 3245K, capacity 3461K, committed 3584K, reserved 1048576K
}
Event: 10.155 GC heap before
{Heap before GC invocations=10 (full 1):
 PSYoungGen      total 148992K, used 147990K [0x000000076b400000, 0x0000000778e80000, 0x00000007c0000000)
  eden space 126976K, 99% used [0x000000076b400000,0x0000000772f0c6b0,0x0000000773000000)
  from space 22016K, 99% used [0x0000000775000000,0x0000000776579410,0x0000000776580000)
  to   space 32768K, 0% used [0x0000000773000000,0x0000000773000000,0x0000000775000000)
 ParOldGen       total 119808K, used 43921K [0x00000006c1c00000, 0x00000006c9100000, 0x000000076b400000)
  object space 119808K, 36% used [0x00000006c1c00000,0x00000006c46e47e8,0x00000006c9100000)
 Metaspace       used 34110K, capacity 35288K, committed 35456K, reserved 1081344K
  class space    used 4036K, capacity 4357K, committed 4480K, reserved 1048576K
Event: 10.202 GC heap after
Heap after GC invocations=10 (full 1):
 PSYoungGen      total 159744K, used 32290K [0x000000076b400000, 0x000000077b000000, 0x00000007c0000000)
  eden space 126976K, 0% used [0x000000076b400000,0x000000076b400000,0x0000000773000000)
  from space 32768K, 98% used [0x0000000773000000,0x0000000774f88920,0x0000000775000000)
  to   space 37376K, 0% used [0x0000000778b80000,0x0000000778b80000,0x000000077b000000)
 ParOldGen       total 119808K, used 56422K [0x00000006c1c00000, 0x00000006c9100000, 0x000000076b400000)
  object space 119808K, 47% used [0x00000006c1c00000,0x00000006c53199d8,0x00000006c9100000)
 Metaspace       used 34110K, capacity 35288K, committed 35456K, reserved 1081344K
  class space    used 4036K, capacity 4357K, committed 4480K, reserved 1048576K
}
Event: 10.202 GC heap before
{Heap before GC invocations=11 (full 2):
 PSYoungGen      total 159744K, used 32290K [0x000000076b400000, 0x000000077b000000, 0x00000007c0000000)
  eden space 126976K, 0% used [0x000000076b400000,0x000000076b400000,0x0000000773000000)
  from space 32768K, 98% used [0x0000000773000000,0x0000000774f88920,0x0000000775000000)
  to   space 37376K, 0% used [0x0000000778b80000,0x0000000778b80000,0x000000077b000000)
 ParOldGen       total 119808K, used 56422K [0x00000006c1c00000, 0x00000006c9100000, 0x000000076b400000)
  object space 119808K, 47% used [0x00000006c1c00000,0x00000006c53199d8,0x00000006c9100000)
 Metaspace       used 34110K, capacity 35288K, committed 35456K, reserved 1081344K
  class space    used 4036K, capacity 4357K, committed 4480K, reserved 1048576K
Event: 10.282 GC heap after
Heap after GC invocations=11 (full 2):
 PSYoungGen      total 159744K, used 0K [0x000000076b400000, 0x000000077b000000, 0x00000007c0000000)
  eden space 126976K, 0% used [0x000000076b400000,0x000000076b400000,0x0000000773000000)
  from space 32768K, 0% used [0x0000000773000000,0x0000000773000000,0x0000000775000000)
  to   space 37376K, 0% used [0x0000000778b80000,0x0000000778b80000,0x000000077b000000)
 ParOldGen       total 202240K, used 53281K [0x00000006c1c00000, 0x00000006ce180000, 0x000000076b400000)
  object space 202240K, 26% used [0x00000006c1c00000,0x00000006c5008690,0x00000006ce180000)
 Metaspace       used 34110K, capacity 35288K, committed 35456K, reserved 1081344K
  class space    used 4036K, capacity 4357K, committed 4480K, reserved 1048576K
}

