# JRE version: Java(TM) SE Runtime Environment (8.0_181-b13) (build 1.8.0_181-b13)
# Java VM: Java HotSpot(TM) 64-Bit Server VM (25.181-b13 mixed mode windows-amd64 compressed oops)
Heap:
 PSYoungGen      total 211456K, used 62336K [0x000000076b400000, 0x000000077b000000, 0x00000007c0000000)
  eden space 169472K, 36% used [0x000000076b400000,0x000000076f0e00a8,0x0000000775980000)
  from space 41984K, 0% used [0x0000000778280000,0x0000000778280000,0x000000077ab80000)
  to   space 41984K, 0% used [0x0000000775980000,0x0000000775980000,0x0000000778280000)
 ParOldGen       total 172544K, used 28020K [0x00000006c1c00000, 0x00000006cc480000, 0x000000076b400000)
  object space 172544K, 16% used [0x00000006c1c00000,0x00000006c375d2c8,0x00000006cc480000)
 Metaspace       used 42979K, capacity 44554K, committed 44672K, reserved 1089536K
  class space    used 5128K, capacity 5493K, committed 5504K, reserved 1048576K
GC Heap History (10 events):
Event: 8.407 GC heap before
{Heap before GC invocations=8 (full 1):
 PSYoungGen      total 103424K, used 103160K [0x000000076b400000, 0x0000000772a80000, 0x00000007c0000000)
  eden space 89088K, 100% used [0x000000076b400000,0x0000000770b00000,0x0000000770b00000)
  from space 14336K, 98% used [0x0000000771a00000,0x00000007727be130,0x0000000772800000)
  to   space 15360K, 0% used [0x0000000770b00000,0x0000000770b00000,0x0000000771a00000)
 ParOldGen       total 120320K, used 15035K [0x00000006c1c00000, 0x00000006c9180000, 0x000000076b400000)
  object space 120320K, 12% used [0x00000006c1c00000,0x00000006c2aaec58,0x00000006c9180000)
 Metaspace       used 28480K, capacity 29264K, committed 29440K, reserved 1075200K
  class space    used 3245K, capacity 3461K, committed 3584K, reserved 1048576K
Event: 8.432 GC heap after
Heap after GC invocations=8 (full 1):
 PSYoungGen      total 104448K, used 15359K [0x000000076b400000, 0x0000000775e80000, 0x00000007c0000000)
  eden space 89088K, 0% used [0x000000076b400000,0x000000076b400000,0x0000000770b00000)
  from space 15360K, 99% used [0x0000000770b00000,0x00000007719ffe80,0x0000000771a00000)
  to   space 22016K, 0% used [0x0000000774900000,0x0000000774900000,0x0000000775e80000)
 ParOldGen       total 120320K, used 25740K [0x00000006c1c00000, 0x00000006c9180000, 0x000000076b400000)
  object space 120320K, 21% used [0x00000006c1c00000,0x00000006c35231c8,0x00000006c9180000)
 Metaspace       used 28480K, capacity 29264K, committed 29440K, reserved 1075200K
  class space    used 3245K, capacity 3461K, committed 3584K, reserved 1048576K
}
Event: 8.824 GC heap before
{Heap before GC invocations=9 (full 1):
 PSYoungGen      total 104448K, used 104447K [0x000000076b400000, 0x0000000775e80000, 0x00000007c0000000)
  eden space 89088K, 100% used [0x000000076b400000,0x0000000770b00000,0x0000000770b00000)
  from space 15360K, 99% used [0x0000000770b00000,0x00000007719ffe80,0x0000000771a00000)
  to   space 22016K, 0% used [0x0000000774900000,0x0000000774900000,0x0000000775e80000)
 ParOldGen       total 120320K, used 25749K [0x00000006c1c00000, 0x00000006c9180000, 0x000000076b400000)
  object space 120320K, 21% used [0x00000006c1c00000,0x00000006c35255f0,0x00000006c9180000)
 Metaspace       used 28512K, capacity 29328K, committed 29696K, reserved 1075200K
  class space    used 3246K, capacity 3461K, committed 3584K, reserved 1048576K
Event: 8.869 GC heap after
Heap after GC invocations=9 (full 1):
 PSYoungGen      total 141824K, used 22011K [0x000000076b400000, 0x0000000778700000, 0x00000007c0000000)
  eden space 119808K, 0% used [0x000000076b400000,0x000000076b400000,0x0000000772900000)
  from space 22016K, 99% used [0x0000000774900000,0x0000000775e7ed68,0x0000000775e80000)
  to   space 32768K, 0% used [0x0000000772900000,0x0000000772900000,0x0000000774900000)
 ParOldGen       total 120320K, used 43953K [0x00000006c1c00000, 0x00000006c9180000, 0x000000076b400000)
  object space 120320K, 36% used [0x00000006c1c00000,0x00000006c46ec6f8,0x00000006c9180000)
 Metaspace       used 28512K, capacity 29328K, committed 29696K, reserved 1075200K
  class space    used 3246K, capacity 3461K, committed 3584K, reserved 1048576K
}
Event: 10.209 GC heap before
{Heap before GC invocations=10 (full 1):
 PSYoungGen      total 141824K, used 141819K [0x000000076b400000, 0x0000000778700000, 0x00000007c0000000)
  eden space 119808K, 100% used [0x000000076b400000,0x0000000772900000,0x0000000772900000)
  from space 22016K, 99% used [0x0000000774900000,0x0000000775e7ed68,0x0000000775e80000)
  to   space 32768K, 0% used [0x0000000772900000,0x0000000772900000,0x0000000774900000)
 ParOldGen       total 120320K, used 43958K [0x00000006c1c00000, 0x00000006c9180000, 0x000000076b400000)
  object space 120320K, 36% used [0x00000006c1c00000,0x00000006c46ed8d8,0x00000006c9180000)
 Metaspace       used 33472K, capacity 34602K, committed 34688K, reserved 1079296K
  class space    used 3914K, capacity 4224K, committed 4224K, reserved 1048576K
Event: 10.254 GC heap after
Heap after GC invocations=10 (full 1):
 PSYoungGen      total 152576K, used 32750K [0x000000076b400000, 0x000000077ab80000, 0x00000007c0000000)
  eden space 119808K, 0% used [0x000000076b400000,0x000000076b400000,0x0000000772900000)
  from space 32768K, 99% used [0x0000000772900000,0x00000007748fb9b0,0x0000000774900000)
  to   space 41984K, 0% used [0x0000000778280000,0x0000000778280000,0x000000077ab80000)
 ParOldGen       total 120320K, used 54932K [0x00000006c1c00000, 0x00000006c9180000, 0x000000076b400000)
  object space 120320K, 45% used [0x00000006c1c00000,0x00000006c51a5040,0x00000006c9180000)
 Metaspace       used 33472K, capacity 34602K, committed 34688K, reserved 1079296K
  class space    used 3914K, capacity 4224K, committed 4224K, reserved 1048576K
}
Event: 10.383 GC heap before
{Heap before GC invocations=11 (full 1):
 PSYoungGen      total 152576K, used 39767K [0x000000076b400000, 0x000000077ab80000, 0x00000007c0000000)
  eden space 119808K, 5% used [0x000000076b400000,0x000000076bada5d0,0x0000000772900000)
  from space 32768K, 99% used [0x0000000772900000,0x00000007748fb9b0,0x0000000774900000)
  to   space 41984K, 0% used [0x0000000778280000,0x0000000778280000,0x000000077ab80000)
 ParOldGen       total 120320K, used 54932K [0x00000006c1c00000, 0x00000006c9180000, 0x000000076b400000)
  object space 120320K, 45% used [0x00000006c1c00000,0x00000006c51a5040,0x00000006c9180000)
 Metaspace       used 34086K, capacity 35288K, committed 35456K, reserved 1081344K
  class space    used 4026K, capacity 4357K, committed 4480K, reserved 1048576K
Event: 10.396 GC heap after
Heap after GC invocations=11 (full 1):
 PSYoungGen      total 211456K, used 6192K [0x000000076b400000, 0x000000077b000000, 0x00000007c0000000)
  eden space 169472K, 0% used [0x000000076b400000,0x000000076b400000,0x0000000775980000)
  from space 41984K, 14% used [0x0000000778280000,0x000000077888c050,0x000000077ab80000)
  to   space 41984K, 0% used [0x0000000775980000,0x0000000775980000,0x0000000778280000)
 ParOldGen       total 120320K, used 67411K [0x00000006c1c00000, 0x00000006c9180000, 0x000000076b400000)
  object space 120320K, 56% used [0x00000006c1c00000,0x00000006c5dd4fc8,0x00000006c9180000)
 Metaspace       used 34086K, capacity 35288K, committed 35456K, reserved 1081344K
  class space    used 4026K, capacity 4357K, committed 4480K, reserved 1048576K
}
Event: 10.396 GC heap before
{Heap before GC invocations=12 (full 2):
 PSYoungGen      total 211456K, used 6192K [0x000000076b400000, 0x000000077b000000, 0x00000007c0000000)
  eden space 169472K, 0% used [0x000000076b400000,0x000000076b400000,0x0000000775980000)
  from space 41984K, 14% used [0x0000000778280000,0x000000077888c050,0x000000077ab80000)
  to   space 41984K, 0% used [0x0000000775980000,0x0000000775980000,0x0000000778280000)
 ParOldGen       total 120320K, used 67411K [0x00000006c1c00000, 0x00000006c9180000, 0x000000076b400000)
  object space 120320K, 56% used [0x00000006c1c00000,0x00000006c5dd4fc8,0x00000006c9180000)
 Metaspace       used 34086K, capacity 35288K, committed 35456K, reserved 1081344K
  class space    used 4026K, capacity 4357K, committed 4480K, reserved 1048576K
Event: 10.450 GC heap after
Heap after GC invocations=12 (full 2):
 PSYoungGen      total 211456K, used 0K [0x000000076b400000, 0x000000077b000000, 0x00000007c0000000)
  eden space 169472K, 0% used [0x000000076b400000,0x000000076b400000,0x0000000775980000)
  from space 41984K, 0% used [0x0000000778280000,0x0000000778280000,0x000000077ab80000)
  to   space 41984K, 0% used [0x0000000775980000,0x0000000775980000,0x0000000778280000)
 ParOldGen       total 172544K, used 28020K [0x00000006c1c00000, 0x00000006cc480000, 0x000000076b400000)
  object space 172544K, 16% used [0x00000006c1c00000,0x00000006c375d2c8,0x00000006cc480000)
 Metaspace       used 34086K, capacity 35288K, committed 35456K, reserved 1081344K
  class space    used 4026K, capacity 4357K, committed 4480K, reserved 1048576K
}

