# JRE version: Java(TM) SE Runtime Environment (8.0_181-b13) (build 1.8.0_181-b13)
# Java VM: Java HotSpot(TM) 64-Bit Server VM (25.181-b13 mixed mode windows-amd64 compressed oops)
Heap:
 PSYoungGen      total 207360K, used 16236K [0x000000076b400000, 0x000000077a880000, 0x00000007c0000000)
  eden space 178688K, 0% used [0x000000076b400000,0x000000076b4ea830,0x0000000776280000)
  from space 28672K, 53% used [0x0000000778c80000,0x0000000779b70ab0,0x000000077a880000)
  to   space 35840K, 0% used [0x0000000776280000,0x0000000776280000,0x0000000778580000)
 ParOldGen       total 200704K, used 60449K [0x00000006c1c00000, 0x00000006ce000000, 0x000000076b400000)
  object space 200704K, 30% used [0x00000006c1c00000,0x00000006c5708640,0x00000006ce000000)
 Metaspace       used 42983K, capacity 44486K, committed 44672K, reserved 1089536K
  class space    used 5121K, capacity 5493K, committed 5504K, reserved 1048576K
GC Heap History (10 events):
Event: 7.756 GC heap before
{Heap before GC invocations=8 (full 1):
 PSYoungGen      total 104448K, used 104437K [0x000000076b400000, 0x0000000772c80000, 0x00000007c0000000)
  eden space 90624K, 100% used [0x000000076b400000,0x0000000770c80000,0x0000000770c80000)
  from space 13824K, 99% used [0x0000000771b80000,0x00000007728fd5b8,0x0000000772900000)
  to   space 15360K, 0% used [0x0000000770c80000,0x0000000770c80000,0x0000000771b80000)
 ParOldGen       total 119296K, used 15395K [0x00000006c1c00000, 0x00000006c9080000, 0x000000076b400000)
  object space 119296K, 12% used [0x00000006c1c00000,0x00000006c2b08d68,0x00000006c9080000)
 Metaspace       used 28449K, capacity 29264K, committed 29440K, reserved 1075200K
  class space    used 3242K, capacity 3461K, committed 3584K, reserved 1048576K
Event: 7.783 GC heap after
Heap after GC invocations=8 (full 1):
 PSYoungGen      total 105984K, used 15344K [0x000000076b400000, 0x0000000776680000, 0x00000007c0000000)
  eden space 90624K, 0% used [0x000000076b400000,0x000000076b400000,0x0000000770c80000)
  from space 15360K, 99% used [0x0000000770c80000,0x0000000771b7c0f8,0x0000000771b80000)
  to   space 22528K, 0% used [0x0000000775080000,0x0000000775080000,0x0000000776680000)
 ParOldGen       total 119296K, used 26375K [0x00000006c1c00000, 0x00000006c9080000, 0x000000076b400000)
  object space 119296K, 22% used [0x00000006c1c00000,0x00000006c35c1d38,0x00000006c9080000)
 Metaspace       used 28449K, capacity 29264K, committed 29440K, reserved 1075200K
  class space    used 3242K, capacity 3461K, committed 3584K, reserved 1048576K
}
Event: 8.177 GC heap before
{Heap before GC invocations=9 (full 1):
 PSYoungGen      total 105984K, used 105968K [0x000000076b400000, 0x0000000776680000, 0x00000007c0000000)
  eden space 90624K, 100% used [0x000000076b400000,0x0000000770c80000,0x0000000770c80000)
  from space 15360K, 99% used [0x0000000770c80000,0x0000000771b7c0f8,0x0000000771b80000)
  to   space 22528K, 0% used [0x0000000775080000,0x0000000775080000,0x0000000776680000)
 ParOldGen       total 119296K, used 26438K [0x00000006c1c00000, 0x00000006c9080000, 0x000000076b400000)
  object space 119296K, 22% used [0x00000006c1c00000,0x00000006c35d1960,0x00000006c9080000)
 Metaspace       used 28461K, capacity 29264K, committed 29440K, reserved 1075200K
  class space    used 3242K, capacity 3461K, committed 3584K, reserved 1048576K
Event: 8.227 GC heap after
Heap after GC invocations=9 (full 1):
 PSYoungGen      total 149504K, used 22517K [0x000000076b400000, 0x0000000778f80000, 0x00000007c0000000)
  eden space 126976K, 0% used [0x000000076b400000,0x000000076b400000,0x0000000773000000)
  from space 22528K, 99% used [0x0000000775080000,0x000000077667d690,0x0000000776680000)
  to   space 33280K, 0% used [0x0000000773000000,0x0000000773000000,0x0000000775080000)
 ParOldGen       total 119296K, used 44458K [0x00000006c1c00000, 0x00000006c9080000, 0x000000076b400000)
  object space 119296K, 37% used [0x00000006c1c00000,0x00000006c476abc8,0x00000006c9080000)
 Metaspace       used 28461K, capacity 29264K, committed 29440K, reserved 1075200K
  class space    used 3242K, capacity 3461K, committed 3584K, reserved 1048576K
}
Event: 9.529 GC heap before
{Heap before GC invocations=10 (full 1):
 PSYoungGen      total 149504K, used 147201K [0x000000076b400000, 0x0000000778f80000, 0x00000007c0000000)
  eden space 126976K, 98% used [0x000000076b400000,0x0000000772dc2ff0,0x0000000773000000)
  from space 22528K, 99% used [0x0000000775080000,0x000000077667d690,0x0000000776680000)
  to   space 33280K, 0% used [0x0000000773000000,0x0000000773000000,0x0000000775080000)
 ParOldGen       total 119296K, used 44458K [0x00000006c1c00000, 0x00000006c9080000, 0x000000076b400000)
  object space 119296K, 37% used [0x00000006c1c00000,0x00000006c476abc8,0x00000006c9080000)
 Metaspace       used 34127K, capacity 35288K, committed 35456K, reserved 1081344K
  class space    used 4033K, capacity 4357K, committed 4480K, reserved 1048576K
Event: 9.585 GC heap after
Heap after GC invocations=10 (full 1):
 PSYoungGen      total 160256K, used 31545K [0x000000076b400000, 0x000000077b100000, 0x00000007c0000000)
  eden space 126976K, 0% used [0x000000076b400000,0x000000076b400000,0x0000000773000000)
  from space 33280K, 94% used [0x0000000773000000,0x0000000774ece4c8,0x0000000775080000)
  to   space 37376K, 0% used [0x0000000778c80000,0x0000000778c80000,0x000000077b100000)
 ParOldGen       total 119296K, used 56980K [0x00000006c1c00000, 0x00000006c9080000, 0x000000076b400000)
  object space 119296K, 47% used [0x00000006c1c00000,0x00000006c53a53d8,0x00000006c9080000)
 Metaspace       used 34127K, capacity 35288K, committed 35456K, reserved 1081344K
  class space    used 4033K, capacity 4357K, committed 4480K, reserved 1048576K
}
Event: 9.585 GC heap before
{Heap before GC invocations=11 (full 2):
 PSYoungGen      total 160256K, used 31545K [0x000000076b400000, 0x000000077b100000, 0x00000007c0000000)
  eden space 126976K, 0% used [0x000000076b400000,0x000000076b400000,0x0000000773000000)
  from space 33280K, 94% used [0x0000000773000000,0x0000000774ece4c8,0x0000000775080000)
  to   space 37376K, 0% used [0x0000000778c80000,0x0000000778c80000,0x000000077b100000)
 ParOldGen       total 119296K, used 56980K [0x00000006c1c00000, 0x00000006c9080000, 0x000000076b400000)
  object space 119296K, 47% used [0x00000006c1c00000,0x00000006c53a53d8,0x00000006c9080000)
 Metaspace       used 34127K, capacity 35288K, committed 35456K, reserved 1081344K
  class space    used 4033K, capacity 4357K, committed 4480K, reserved 1048576K
Event: 9.670 GC heap after
Heap after GC invocations=11 (full 2):
 PSYoungGen      total 160256K, used 0K [0x000000076b400000, 0x000000077b100000, 0x00000007c0000000)
  eden space 126976K, 0% used [0x000000076b400000,0x000000076b400000,0x0000000773000000)
  from space 33280K, 0% used [0x0000000773000000,0x0000000773000000,0x0000000775080000)
  to   space 37376K, 0% used [0x0000000778c80000,0x0000000778c80000,0x000000077b100000)
 ParOldGen       total 200704K, used 52668K [0x00000006c1c00000, 0x00000006ce000000, 0x000000076b400000)
  object space 200704K, 26% used [0x00000006c1c00000,0x00000006c4f6f0b0,0x00000006ce000000)
 Metaspace       used 34127K, capacity 35288K, committed 35456K, reserved 1081344K
  class space    used 4033K, capacity 4357K, committed 4480K, reserved 1048576K
}
Event: 17.325 GC heap before
{Heap before GC invocations=12 (full 2):
 PSYoungGen      total 160256K, used 126976K [0x000000076b400000, 0x000000077b100000, 0x00000007c0000000)
  eden space 126976K, 100% used [0x000000076b400000,0x0000000773000000,0x0000000773000000)
  from space 33280K, 0% used [0x0000000773000000,0x0000000773000000,0x0000000775080000)
  to   space 37376K, 0% used [0x0000000778c80000,0x0000000778c80000,0x000000077b100000)
 ParOldGen       total 200704K, used 60441K [0x00000006c1c00000, 0x00000006ce000000, 0x000000076b400000)
  object space 200704K, 30% used [0x00000006c1c00000,0x00000006c5706640,0x00000006ce000000)
 Metaspace       used 42983K, capacity 44486K, committed 44672K, reserved 1089536K
  class space    used 5121K, capacity 5493K, committed 5504K, reserved 1048576K
Event: 17.344 GC heap after
Heap after GC invocations=12 (full 2):
 PSYoungGen      total 207360K, used 15298K [0x000000076b400000, 0x000000077a880000, 0x00000007c0000000)
  eden space 178688K, 0% used [0x000000076b400000,0x000000076b400000,0x0000000776280000)
  from space 28672K, 53% used [0x0000000778c80000,0x0000000779b70ab0,0x000000077a880000)
  to   space 35840K, 0% used [0x0000000776280000,0x0000000776280000,0x0000000778580000)
 ParOldGen       total 200704K, used 60449K [0x00000006c1c00000, 0x00000006ce000000, 0x000000076b400000)
  object space 200704K, 30% used [0x00000006c1c00000,0x00000006c5708640,0x00000006ce000000)
 Metaspace       used 42983K, capacity 44486K, committed 44672K, reserved 1089536K
  class space    used 5121K, capacity 5493K, committed 5504K, reserved 1048576K
}

