# JRE version: Java(TM) SE Runtime Environment (8.0_181-b13) (build 1.8.0_181-b13)
# Java VM: Java HotSpot(TM) 64-Bit Server VM (25.181-b13 mixed mode windows-amd64 compressed oops)
Heap:
 PSYoungGen      total 161280K, used 58685K [0x000000076b400000, 0x000000077b200000, 0x00000007c0000000)
  eden space 128000K, 45% used [0x000000076b400000,0x000000076ed4f748,0x0000000773100000)
  from space 33280K, 0% used [0x0000000773100000,0x0000000773100000,0x0000000775180000)
  to   space 37376K, 0% used [0x0000000778d80000,0x0000000778d80000,0x000000077b200000)
 ParOldGen       total 199168K, used 52057K [0x00000006c1c00000, 0x00000006cde80000, 0x000000076b400000)
  object space 199168K, 26% used [0x00000006c1c00000,0x00000006c4ed6628,0x00000006cde80000)
 Metaspace       used 42892K, capacity 44358K, committed 44416K, reserved 1087488K
  class space    used 5130K, capacity 5493K, committed 5504K, reserved 1048576K
GC Heap History (10 events):
Event: 6.882 GC heap before
{Heap before GC invocations=7 (full 1):
 PSYoungGen      total 76288K, used 76287K [0x000000076b400000, 0x0000000772a80000, 0x00000007c0000000)
  eden space 65536K, 100% used [0x000000076b400000,0x000000076f400000,0x000000076f400000)
  from space 10752K, 99% used [0x000000076f400000,0x000000076fe7fe20,0x000000076fe80000)
  to   space 14336K, 0% used [0x0000000771c80000,0x0000000771c80000,0x0000000772a80000)
 ParOldGen       total 118784K, used 14832K [0x00000006c1c00000, 0x00000006c9000000, 0x000000076b400000)
  object space 118784K, 12% used [0x00000006c1c00000,0x00000006c2a7c0f8,0x00000006c9000000)
 Metaspace       used 24761K, capacity 25488K, committed 25728K, reserved 1071104K
  class space    used 2859K, capacity 3077K, committed 3200K, reserved 1048576K
Event: 6.893 GC heap after
Heap after GC invocations=7 (full 1):
 PSYoungGen      total 105984K, used 14333K [0x000000076b400000, 0x0000000772c00000, 0x00000007c0000000)
  eden space 91648K, 0% used [0x000000076b400000,0x000000076b400000,0x0000000770d80000)
  from space 14336K, 99% used [0x0000000771c80000,0x0000000772a7f460,0x0000000772a80000)
  to   space 15360K, 0% used [0x0000000770d80000,0x0000000770d80000,0x0000000771c80000)
 ParOldGen       total 118784K, used 14901K [0x00000006c1c00000, 0x00000006c9000000, 0x000000076b400000)
  object space 118784K, 12% used [0x00000006c1c00000,0x00000006c2a8d428,0x00000006c9000000)
 Metaspace       used 24761K, capacity 25488K, committed 25728K, reserved 1071104K
  class space    used 2859K, capacity 3077K, committed 3200K, reserved 1048576K
}
Event: 7.832 GC heap before
{Heap before GC invocations=8 (full 1):
 PSYoungGen      total 105984K, used 105981K [0x000000076b400000, 0x0000000772c00000, 0x00000007c0000000)
  eden space 91648K, 100% used [0x000000076b400000,0x0000000770d80000,0x0000000770d80000)
  from space 14336K, 99% used [0x0000000771c80000,0x0000000772a7f460,0x0000000772a80000)
  to   space 15360K, 0% used [0x0000000770d80000,0x0000000770d80000,0x0000000771c80000)
 ParOldGen       total 118784K, used 14902K [0x00000006c1c00000, 0x00000006c9000000, 0x000000076b400000)
  object space 118784K, 12% used [0x00000006c1c00000,0x00000006c2a8da28,0x00000006c9000000)
 Metaspace       used 28409K, capacity 29200K, committed 29440K, reserved 1075200K
  class space    used 3246K, capacity 3461K, committed 3584K, reserved 1048576K
Event: 7.861 GC heap after
Heap after GC invocations=8 (full 1):
 PSYoungGen      total 107008K, used 15354K [0x000000076b400000, 0x0000000776780000, 0x00000007c0000000)
  eden space 91648K, 0% used [0x000000076b400000,0x000000076b400000,0x0000000770d80000)
  from space 15360K, 99% used [0x0000000770d80000,0x0000000771c7eb30,0x0000000771c80000)
  to   space 22528K, 0% used [0x0000000775180000,0x0000000775180000,0x0000000776780000)
 ParOldGen       total 118784K, used 26117K [0x00000006c1c00000, 0x00000006c9000000, 0x000000076b400000)
  object space 118784K, 21% used [0x00000006c1c00000,0x00000006c3581718,0x00000006c9000000)
 Metaspace       used 28409K, capacity 29200K, committed 29440K, reserved 1075200K
  class space    used 3246K, capacity 3461K, committed 3584K, reserved 1048576K
}
Event: 8.264 GC heap before
{Heap before GC invocations=9 (full 1):
 PSYoungGen      total 107008K, used 107002K [0x000000076b400000, 0x0000000776780000, 0x00000007c0000000)
  eden space 91648K, 100% used [0x000000076b400000,0x0000000770d80000,0x0000000770d80000)
  from space 15360K, 99% used [0x0000000770d80000,0x0000000771c7eb30,0x0000000771c80000)
  to   space 22528K, 0% used [0x0000000775180000,0x0000000775180000,0x0000000776780000)
 ParOldGen       total 118784K, used 26121K [0x00000006c1c00000, 0x00000006c9000000, 0x000000076b400000)
  object space 118784K, 21% used [0x00000006c1c00000,0x00000006c3582730,0x00000006c9000000)
 Metaspace       used 28425K, capacity 29264K, committed 29440K, reserved 1075200K
  class space    used 3246K, capacity 3461K, committed 3584K, reserved 1048576K
Event: 8.320 GC heap after
Heap after GC invocations=9 (full 1):
 PSYoungGen      total 150528K, used 22507K [0x000000076b400000, 0x0000000779200000, 0x00000007c0000000)
  eden space 128000K, 0% used [0x000000076b400000,0x000000076b400000,0x0000000773100000)
  from space 22528K, 99% used [0x0000000775180000,0x000000077677af18,0x0000000776780000)
  to   space 33280K, 0% used [0x0000000773100000,0x0000000773100000,0x0000000775180000)
 ParOldGen       total 118784K, used 44451K [0x00000006c1c00000, 0x00000006c9000000, 0x000000076b400000)
  object space 118784K, 37% used [0x00000006c1c00000,0x00000006c4768d20,0x00000006c9000000)
 Metaspace       used 28425K, capacity 29264K, committed 29440K, reserved 1075200K
  class space    used 3246K, capacity 3461K, committed 3584K, reserved 1048576K
}
Event: 9.705 GC heap before
{Heap before GC invocations=10 (full 1):
 PSYoungGen      total 150528K, used 144318K [0x000000076b400000, 0x0000000779200000, 0x00000007c0000000)
  eden space 128000K, 95% used [0x000000076b400000,0x0000000772af4a88,0x0000000773100000)
  from space 22528K, 99% used [0x0000000775180000,0x000000077677af18,0x0000000776780000)
  to   space 33280K, 0% used [0x0000000773100000,0x0000000773100000,0x0000000775180000)
 ParOldGen       total 118784K, used 44451K [0x00000006c1c00000, 0x00000006c9000000, 0x000000076b400000)
  object space 118784K, 37% used [0x00000006c1c00000,0x00000006c4768d20,0x00000006c9000000)
 Metaspace       used 34076K, capacity 35284K, committed 35456K, reserved 1081344K
  class space    used 4031K, capacity 4357K, committed 4480K, reserved 1048576K
Event: 9.753 GC heap after
Heap after GC invocations=10 (full 1):
 PSYoungGen      total 161280K, used 30922K [0x000000076b400000, 0x000000077b200000, 0x00000007c0000000)
  eden space 128000K, 0% used [0x000000076b400000,0x000000076b400000,0x0000000773100000)
  from space 33280K, 92% used [0x0000000773100000,0x0000000774f329a8,0x0000000775180000)
  to   space 37376K, 0% used [0x0000000778d80000,0x0000000778d80000,0x000000077b200000)
 ParOldGen       total 118784K, used 56994K [0x00000006c1c00000, 0x00000006c9000000, 0x000000076b400000)
  object space 118784K, 47% used [0x00000006c1c00000,0x00000006c53a89f8,0x00000006c9000000)
 Metaspace       used 34076K, capacity 35284K, committed 35456K, reserved 1081344K
  class space    used 4031K, capacity 4357K, committed 4480K, reserved 1048576K
}
Event: 9.753 GC heap before
{Heap before GC invocations=11 (full 2):
 PSYoungGen      total 161280K, used 30922K [0x000000076b400000, 0x000000077b200000, 0x00000007c0000000)
  eden space 128000K, 0% used [0x000000076b400000,0x000000076b400000,0x0000000773100000)
  from space 33280K, 92% used [0x0000000773100000,0x0000000774f329a8,0x0000000775180000)
  to   space 37376K, 0% used [0x0000000778d80000,0x0000000778d80000,0x000000077b200000)
 ParOldGen       total 118784K, used 56994K [0x00000006c1c00000, 0x00000006c9000000, 0x000000076b400000)
  object space 118784K, 47% used [0x00000006c1c00000,0x00000006c53a89f8,0x00000006c9000000)
 Metaspace       used 34076K, capacity 35284K, committed 35456K, reserved 1081344K
  class space    used 4031K, capacity 4357K, committed 4480K, reserved 1048576K
Event: 9.835 GC heap after
Heap after GC invocations=11 (full 2):
 PSYoungGen      total 161280K, used 0K [0x000000076b400000, 0x000000077b200000, 0x00000007c0000000)
  eden space 128000K, 0% used [0x000000076b400000,0x000000076b400000,0x0000000773100000)
  from space 33280K, 0% used [0x0000000773100000,0x0000000773100000,0x0000000775180000)
  to   space 37376K, 0% used [0x0000000778d80000,0x0000000778d80000,0x000000077b200000)
 ParOldGen       total 199168K, used 52057K [0x00000006c1c00000, 0x00000006cde80000, 0x000000076b400000)
  object space 199168K, 26% used [0x00000006c1c00000,0x00000006c4ed6628,0x00000006cde80000)
 Metaspace       used 34076K, capacity 35284K, committed 35456K, reserved 1081344K
  class space    used 4031K, capacity 4357K, committed 4480K, reserved 1048576K
}

