# JRE version: Java(TM) SE Runtime Environment (8.0_181-b13) (build 1.8.0_181-b13)
# Java VM: Java HotSpot(TM) 64-Bit Server VM (25.181-b13 mixed mode windows-amd64 compressed oops)
Heap:
 PSYoungGen      total 199168K, used 60068K [0x000000076b400000, 0x000000077a000000, 0x00000007c0000000)
  eden space 159744K, 37% used [0x000000076b400000,0x000000076eea9100,0x0000000775000000)
  from space 39424K, 0% used [0x0000000777980000,0x0000000777980000,0x000000077a000000)
  to   space 40960K, 0% used [0x0000000775000000,0x0000000775000000,0x0000000777800000)
 ParOldGen       total 181760K, used 30249K [0x00000006c1c00000, 0x00000006ccd80000, 0x000000076b400000)
  object space 181760K, 16% used [0x00000006c1c00000,0x00000006c398a688,0x00000006ccd80000)
 Metaspace       used 42704K, capacity 44286K, committed 44416K, reserved 1087488K
  class space    used 5080K, capacity 5426K, committed 5504K, reserved 1048576K
GC Heap History (10 events):
Event: 8.646 GC heap before
{Heap before GC invocations=8 (full 1):
 PSYoungGen      total 100864K, used 100618K [0x000000076b400000, 0x0000000772880000, 0x00000007c0000000)
  eden space 86528K, 100% used [0x000000076b400000,0x0000000770880000,0x0000000770880000)
  from space 14336K, 98% used [0x0000000771780000,0x0000000772542a80,0x0000000772580000)
  to   space 15360K, 0% used [0x0000000770880000,0x0000000770880000,0x0000000771780000)
 ParOldGen       total 122368K, used 15036K [0x00000006c1c00000, 0x00000006c9380000, 0x000000076b400000)
  object space 122368K, 12% used [0x00000006c1c00000,0x00000006c2aaf038,0x00000006c9380000)
 Metaspace       used 28581K, capacity 29456K, committed 29696K, reserved 1075200K
  class space    used 3255K, capacity 3461K, committed 3584K, reserved 1048576K
Event: 8.679 GC heap after
Heap after GC invocations=8 (full 1):
 PSYoungGen      total 101888K, used 15359K [0x000000076b400000, 0x0000000775500000, 0x00000007c0000000)
  eden space 86528K, 0% used [0x000000076b400000,0x000000076b400000,0x0000000770880000)
  from space 15360K, 99% used [0x0000000770880000,0x000000077177fe08,0x0000000771780000)
  to   space 20992K, 0% used [0x0000000774080000,0x0000000774080000,0x0000000775500000)
 ParOldGen       total 122368K, used 23190K [0x00000006c1c00000, 0x00000006c9380000, 0x000000076b400000)
  object space 122368K, 18% used [0x00000006c1c00000,0x00000006c32a5888,0x00000006c9380000)
 Metaspace       used 28581K, capacity 29456K, committed 29696K, reserved 1075200K
  class space    used 3255K, capacity 3461K, committed 3584K, reserved 1048576K
}
Event: 9.145 GC heap before
{Heap before GC invocations=9 (full 1):
 PSYoungGen      total 101888K, used 101887K [0x000000076b400000, 0x0000000775500000, 0x00000007c0000000)
  eden space 86528K, 100% used [0x000000076b400000,0x0000000770880000,0x0000000770880000)
  from space 15360K, 99% used [0x0000000770880000,0x000000077177fe08,0x0000000771780000)
  to   space 20992K, 0% used [0x0000000774080000,0x0000000774080000,0x0000000775500000)
 ParOldGen       total 122368K, used 23207K [0x00000006c1c00000, 0x00000006c9380000, 0x000000076b400000)
  object space 122368K, 18% used [0x00000006c1c00000,0x00000006c32a9d10,0x00000006c9380000)
 Metaspace       used 28594K, capacity 29456K, committed 29696K, reserved 1075200K
  class space    used 3255K, capacity 3461K, committed 3584K, reserved 1048576K
Event: 9.229 GC heap after
Heap after GC invocations=9 (full 1):
 PSYoungGen      total 133632K, used 20967K [0x000000076b400000, 0x0000000778200000, 0x00000007c0000000)
  eden space 112640K, 0% used [0x000000076b400000,0x000000076b400000,0x0000000772200000)
  from space 20992K, 99% used [0x0000000774080000,0x00000007754f9d48,0x0000000775500000)
  to   space 31232K, 0% used [0x0000000772200000,0x0000000772200000,0x0000000774080000)
 ParOldGen       total 122368K, used 41531K [0x00000006c1c00000, 0x00000006c9380000, 0x000000076b400000)
  object space 122368K, 33% used [0x00000006c1c00000,0x00000006c448edd8,0x00000006c9380000)
 Metaspace       used 28594K, capacity 29456K, committed 29696K, reserved 1075200K
  class space    used 3255K, capacity 3461K, committed 3584K, reserved 1048576K
}
Event: 10.306 GC heap before
{Heap before GC invocations=10 (full 1):
 PSYoungGen      total 133632K, used 133607K [0x000000076b400000, 0x0000000778200000, 0x00000007c0000000)
  eden space 112640K, 100% used [0x000000076b400000,0x0000000772200000,0x0000000772200000)
  from space 20992K, 99% used [0x0000000774080000,0x00000007754f9d48,0x0000000775500000)
  to   space 31232K, 0% used [0x0000000772200000,0x0000000772200000,0x0000000774080000)
 ParOldGen       total 122368K, used 41537K [0x00000006c1c00000, 0x00000006c9380000, 0x000000076b400000)
  object space 122368K, 33% used [0x00000006c1c00000,0x00000006c4490710,0x00000006c9380000)
 Metaspace       used 30759K, capacity 31712K, committed 32000K, reserved 1077248K
  class space    used 3510K, capacity 3761K, committed 3840K, reserved 1048576K
Event: 10.355 GC heap after
Heap after GC invocations=10 (full 1):
 PSYoungGen      total 143872K, used 31203K [0x000000076b400000, 0x000000077a200000, 0x00000007c0000000)
  eden space 112640K, 0% used [0x000000076b400000,0x000000076b400000,0x0000000772200000)
  from space 31232K, 99% used [0x0000000772200000,0x0000000774078d38,0x0000000774080000)
  to   space 41472K, 0% used [0x0000000777980000,0x0000000777980000,0x000000077a200000)
 ParOldGen       total 122368K, used 55798K [0x00000006c1c00000, 0x00000006c9380000, 0x000000076b400000)
  object space 122368K, 45% used [0x00000006c1c00000,0x00000006c527db10,0x00000006c9380000)
 Metaspace       used 30759K, capacity 31712K, committed 32000K, reserved 1077248K
  class space    used 3510K, capacity 3761K, committed 3840K, reserved 1048576K
}
Event: 10.807 GC heap before
{Heap before GC invocations=11 (full 1):
 PSYoungGen      total 143872K, used 59632K [0x000000076b400000, 0x000000077a200000, 0x00000007c0000000)
  eden space 112640K, 25% used [0x000000076b400000,0x000000076cfc34a0,0x0000000772200000)
  from space 31232K, 99% used [0x0000000772200000,0x0000000774078d38,0x0000000774080000)
  to   space 41472K, 0% used [0x0000000777980000,0x0000000777980000,0x000000077a200000)
 ParOldGen       total 122368K, used 55798K [0x00000006c1c00000, 0x00000006c9380000, 0x000000076b400000)
  object space 122368K, 45% used [0x00000006c1c00000,0x00000006c527db10,0x00000006c9380000)
 Metaspace       used 34128K, capacity 35384K, committed 35496K, reserved 1081344K
  class space    used 4025K, capacity 4325K, committed 4352K, reserved 1048576K
Event: 10.823 GC heap after
Heap after GC invocations=11 (full 1):
 PSYoungGen      total 199168K, used 8653K [0x000000076b400000, 0x000000077a000000, 0x00000007c0000000)
  eden space 159744K, 0% used [0x000000076b400000,0x000000076b400000,0x0000000775000000)
  from space 39424K, 21% used [0x0000000777980000,0x00000007781f37d8,0x000000077a000000)
  to   space 40960K, 0% used [0x0000000775000000,0x0000000775000000,0x0000000777800000)
 ParOldGen       total 122368K, used 68388K [0x00000006c1c00000, 0x00000006c9380000, 0x000000076b400000)
  object space 122368K, 55% used [0x00000006c1c00000,0x00000006c5ec90c0,0x00000006c9380000)
 Metaspace       used 34128K, capacity 35384K, committed 35496K, reserved 1081344K
  class space    used 4025K, capacity 4325K, committed 4352K, reserved 1048576K
}
Event: 10.823 GC heap before
{Heap before GC invocations=12 (full 2):
 PSYoungGen      total 199168K, used 8653K [0x000000076b400000, 0x000000077a000000, 0x00000007c0000000)
  eden space 159744K, 0% used [0x000000076b400000,0x000000076b400000,0x0000000775000000)
  from space 39424K, 21% used [0x0000000777980000,0x00000007781f37d8,0x000000077a000000)
  to   space 40960K, 0% used [0x0000000775000000,0x0000000775000000,0x0000000777800000)
 ParOldGen       total 122368K, used 68388K [0x00000006c1c00000, 0x00000006c9380000, 0x000000076b400000)
  object space 122368K, 55% used [0x00000006c1c00000,0x00000006c5ec90c0,0x00000006c9380000)
 Metaspace       used 34128K, capacity 35384K, committed 35496K, reserved 1081344K
  class space    used 4025K, capacity 4325K, committed 4352K, reserved 1048576K
Event: 10.882 GC heap after
Heap after GC invocations=12 (full 2):
 PSYoungGen      total 199168K, used 0K [0x000000076b400000, 0x000000077a000000, 0x00000007c0000000)
  eden space 159744K, 0% used [0x000000076b400000,0x000000076b400000,0x0000000775000000)
  from space 39424K, 0% used [0x0000000777980000,0x0000000777980000,0x000000077a000000)
  to   space 40960K, 0% used [0x0000000775000000,0x0000000775000000,0x0000000777800000)
 ParOldGen       total 181760K, used 30249K [0x00000006c1c00000, 0x00000006ccd80000, 0x000000076b400000)
  object space 181760K, 16% used [0x00000006c1c00000,0x00000006c398a688,0x00000006ccd80000)
 Metaspace       used 34128K, capacity 35384K, committed 35496K, reserved 1081344K
  class space    used 4025K, capacity 4325K, committed 4352K, reserved 1048576K
}

