# JRE version: Java(TM) SE Runtime Environment (8.0_181-b13) (build 1.8.0_181-b13)
# Java VM: Java HotSpot(TM) 64-Bit Server VM (25.181-b13 mixed mode windows-amd64 compressed oops)
Heap:
 PSYoungGen      total 208384K, used 59445K [0x000000076b400000, 0x000000077a880000, 0x00000007c0000000)
  eden space 167424K, 35% used [0x000000076b400000,0x000000076ee0d448,0x0000000775780000)
  from space 40960K, 0% used [0x0000000778080000,0x0000000778080000,0x000000077a880000)
  to   space 41472K, 0% used [0x0000000775780000,0x0000000775780000,0x0000000778000000)
 ParOldGen       total 177152K, used 29855K [0x00000006c1c00000, 0x00000006cc900000, 0x000000076b400000)
  object space 177152K, 16% used [0x00000006c1c00000,0x00000006c3927da8,0x00000006cc900000)
 Metaspace       used 42692K, capacity 44098K, committed 44416K, reserved 1087488K
  class space    used 5091K, capacity 5426K, committed 5504K, reserved 1048576K
GC Heap History (10 events):
Event: 8.666 GC heap before
{Heap before GC invocations=8 (full 1):
 PSYoungGen      total 102400K, used 102237K [0x000000076b400000, 0x0000000772a80000, 0x00000007c0000000)
  eden space 88064K, 100% used [0x000000076b400000,0x0000000770a00000,0x0000000770a00000)
  from space 14336K, 98% used [0x0000000771900000,0x00000007726d75d0,0x0000000772700000)
  to   space 15360K, 0% used [0x0000000770a00000,0x0000000770a00000,0x0000000771900000)
 ParOldGen       total 120832K, used 14719K [0x00000006c1c00000, 0x00000006c9200000, 0x000000076b400000)
  object space 120832K, 12% used [0x00000006c1c00000,0x00000006c2a5fed0,0x00000006c9200000)
 Metaspace       used 28549K, capacity 29328K, committed 29696K, reserved 1075200K
  class space    used 3260K, capacity 3461K, committed 3584K, reserved 1048576K
Event: 8.698 GC heap after
Heap after GC invocations=8 (full 1):
 PSYoungGen      total 103424K, used 15339K [0x000000076b400000, 0x0000000775900000, 0x00000007c0000000)
  eden space 88064K, 0% used [0x000000076b400000,0x000000076b400000,0x0000000770a00000)
  from space 15360K, 99% used [0x0000000770a00000,0x00000007718fafb0,0x0000000771900000)
  to   space 20992K, 0% used [0x0000000774480000,0x0000000774480000,0x0000000775900000)
 ParOldGen       total 120832K, used 23605K [0x00000006c1c00000, 0x00000006c9200000, 0x000000076b400000)
  object space 120832K, 19% used [0x00000006c1c00000,0x00000006c330d6e0,0x00000006c9200000)
 Metaspace       used 28549K, capacity 29328K, committed 29696K, reserved 1075200K
  class space    used 3260K, capacity 3461K, committed 3584K, reserved 1048576K
}
Event: 9.196 GC heap before
{Heap before GC invocations=9 (full 1):
 PSYoungGen      total 103424K, used 103403K [0x000000076b400000, 0x0000000775900000, 0x00000007c0000000)
  eden space 88064K, 100% used [0x000000076b400000,0x0000000770a00000,0x0000000770a00000)
  from space 15360K, 99% used [0x0000000770a00000,0x00000007718fafb0,0x0000000771900000)
  to   space 20992K, 0% used [0x0000000774480000,0x0000000774480000,0x0000000775900000)
 ParOldGen       total 120832K, used 23626K [0x00000006c1c00000, 0x00000006c9200000, 0x000000076b400000)
  object space 120832K, 19% used [0x00000006c1c00000,0x00000006c3312bc8,0x00000006c9200000)
 Metaspace       used 28560K, capacity 29328K, committed 29696K, reserved 1075200K
  class space    used 3260K, capacity 3461K, committed 3584K, reserved 1048576K
Event: 9.276 GC heap after
Heap after GC invocations=9 (full 1):
 PSYoungGen      total 137216K, used 20965K [0x000000076b400000, 0x0000000778780000, 0x00000007c0000000)
  eden space 116224K, 0% used [0x000000076b400000,0x000000076b400000,0x0000000772580000)
  from space 20992K, 99% used [0x0000000774480000,0x00000007758f9478,0x0000000775900000)
  to   space 31744K, 0% used [0x0000000772580000,0x0000000772580000,0x0000000774480000)
 ParOldGen       total 120832K, used 42702K [0x00000006c1c00000, 0x00000006c9200000, 0x000000076b400000)
  object space 120832K, 35% used [0x00000006c1c00000,0x00000006c45b3808,0x00000006c9200000)
 Metaspace       used 28560K, capacity 29328K, committed 29696K, reserved 1075200K
  class space    used 3260K, capacity 3461K, committed 3584K, reserved 1048576K
}
Event: 10.527 GC heap before
{Heap before GC invocations=10 (full 1):
 PSYoungGen      total 137216K, used 137189K [0x000000076b400000, 0x0000000778780000, 0x00000007c0000000)
  eden space 116224K, 100% used [0x000000076b400000,0x0000000772580000,0x0000000772580000)
  from space 20992K, 99% used [0x0000000774480000,0x00000007758f9478,0x0000000775900000)
  to   space 31744K, 0% used [0x0000000772580000,0x0000000772580000,0x0000000774480000)
 ParOldGen       total 120832K, used 42787K [0x00000006c1c00000, 0x00000006c9200000, 0x000000076b400000)
  object space 120832K, 35% used [0x00000006c1c00000,0x00000006c45c8e80,0x00000006c9200000)
 Metaspace       used 31723K, capacity 32602K, committed 32896K, reserved 1079296K
  class space    used 3650K, capacity 3908K, committed 3968K, reserved 1048576K
Event: 10.578 GC heap after
Heap after GC invocations=10 (full 1):
 PSYoungGen      total 147968K, used 31713K [0x000000076b400000, 0x000000077a980000, 0x00000007c0000000)
  eden space 116224K, 0% used [0x000000076b400000,0x000000076b400000,0x0000000772580000)
  from space 31744K, 99% used [0x0000000772580000,0x0000000774478578,0x0000000774480000)
  to   space 41984K, 0% used [0x0000000778080000,0x0000000778080000,0x000000077a980000)
 ParOldGen       total 120832K, used 56450K [0x00000006c1c00000, 0x00000006c9200000, 0x000000076b400000)
  object space 120832K, 46% used [0x00000006c1c00000,0x00000006c5320a68,0x00000006c9200000)
 Metaspace       used 31723K, capacity 32602K, committed 32896K, reserved 1079296K
  class space    used 3650K, capacity 3908K, committed 3968K, reserved 1048576K
}
Event: 11.010 GC heap before
{Heap before GC invocations=11 (full 1):
 PSYoungGen      total 147968K, used 53566K [0x000000076b400000, 0x000000077a980000, 0x00000007c0000000)
  eden space 116224K, 18% used [0x000000076b400000,0x000000076c957378,0x0000000772580000)
  from space 31744K, 99% used [0x0000000772580000,0x0000000774478578,0x0000000774480000)
  to   space 41984K, 0% used [0x0000000778080000,0x0000000778080000,0x000000077a980000)
 ParOldGen       total 120832K, used 56450K [0x00000006c1c00000, 0x00000006c9200000, 0x000000076b400000)
  object space 120832K, 46% used [0x00000006c1c00000,0x00000006c5320a68,0x00000006c9200000)
 Metaspace       used 34139K, capacity 35320K, committed 35496K, reserved 1081344K
  class space    used 4033K, capacity 4325K, committed 4352K, reserved 1048576K
Event: 11.030 GC heap after
Heap after GC invocations=11 (full 1):
 PSYoungGen      total 208384K, used 8004K [0x000000076b400000, 0x000000077a880000, 0x00000007c0000000)
  eden space 167424K, 0% used [0x000000076b400000,0x000000076b400000,0x0000000775780000)
  from space 40960K, 19% used [0x0000000778080000,0x00000007788513f8,0x000000077a880000)
  to   space 41472K, 0% used [0x0000000775780000,0x0000000775780000,0x0000000778000000)
 ParOldGen       total 120832K, used 69216K [0x00000006c1c00000, 0x00000006c9200000, 0x000000076b400000)
  object space 120832K, 57% used [0x00000006c1c00000,0x00000006c5f98070,0x00000006c9200000)
 Metaspace       used 34139K, capacity 35320K, committed 35496K, reserved 1081344K
  class space    used 4033K, capacity 4325K, committed 4352K, reserved 1048576K
}
Event: 11.030 GC heap before
{Heap before GC invocations=12 (full 2):
 PSYoungGen      total 208384K, used 8004K [0x000000076b400000, 0x000000077a880000, 0x00000007c0000000)
  eden space 167424K, 0% used [0x000000076b400000,0x000000076b400000,0x0000000775780000)
  from space 40960K, 19% used [0x0000000778080000,0x00000007788513f8,0x000000077a880000)
  to   space 41472K, 0% used [0x0000000775780000,0x0000000775780000,0x0000000778000000)
 ParOldGen       total 120832K, used 69216K [0x00000006c1c00000, 0x00000006c9200000, 0x000000076b400000)
  object space 120832K, 57% used [0x00000006c1c00000,0x00000006c5f98070,0x00000006c9200000)
 Metaspace       used 34139K, capacity 35320K, committed 35496K, reserved 1081344K
  class space    used 4033K, capacity 4325K, committed 4352K, reserved 1048576K
Event: 11.089 GC heap after
Heap after GC invocations=12 (full 2):
 PSYoungGen      total 208384K, used 0K [0x000000076b400000, 0x000000077a880000, 0x00000007c0000000)
  eden space 167424K, 0% used [0x000000076b400000,0x000000076b400000,0x0000000775780000)
  from space 40960K, 0% used [0x0000000778080000,0x0000000778080000,0x000000077a880000)
  to   space 41472K, 0% used [0x0000000775780000,0x0000000775780000,0x0000000778000000)
 ParOldGen       total 177152K, used 29855K [0x00000006c1c00000, 0x00000006cc900000, 0x000000076b400000)
  object space 177152K, 16% used [0x00000006c1c00000,0x00000006c3927da8,0x00000006cc900000)
 Metaspace       used 34139K, capacity 35320K, committed 35496K, reserved 1081344K
  class space    used 4033K, capacity 4325K, committed 4352K, reserved 1048576K
}

