# JRE version: Java(TM) SE Runtime Environment (8.0_181-b13) (build 1.8.0_181-b13)
# Java VM: Java HotSpot(TM) 64-Bit Server VM (25.181-b13 mixed mode windows-amd64 compressed oops)
Heap:
 PSYoungGen      total 216064K, used 60079K [0x000000076b400000, 0x000000077b100000, 0x00000007c0000000)
  eden space 174080K, 34% used [0x000000076b400000,0x000000076eeabdb0,0x0000000775e00000)
  from space 41984K, 0% used [0x0000000778780000,0x0000000778780000,0x000000077b080000)
  to   space 42496K, 0% used [0x0000000775e00000,0x0000000775e00000,0x0000000778780000)
 ParOldGen       total 179712K, used 28240K [0x00000006c1c00000, 0x00000006ccb80000, 0x000000076b400000)
  object space 179712K, 15% used [0x00000006c1c00000,0x00000006c37941d8,0x00000006ccb80000)
 Metaspace       used 42854K, capacity 44358K, committed 44416K, reserved 1087488K
  class space    used 5128K, capacity 5493K, committed 5504K, reserved 1048576K
GC Heap History (10 events):
Event: 7.526 GC heap before
{Heap before GC invocations=8 (full 1):
 PSYoungGen      total 101376K, used 101344K [0x000000076b400000, 0x0000000772800000, 0x00000007c0000000)
  eden space 87040K, 100% used [0x000000076b400000,0x0000000770900000,0x0000000770900000)
  from space 14336K, 99% used [0x0000000771800000,0x00000007725f8310,0x0000000772600000)
  to   space 15360K, 0% used [0x0000000770900000,0x0000000770900000,0x0000000771800000)
 ParOldGen       total 122880K, used 15213K [0x00000006c1c00000, 0x00000006c9400000, 0x000000076b400000)
  object space 122880K, 12% used [0x00000006c1c00000,0x00000006c2adb590,0x00000006c9400000)
 Metaspace       used 28383K, capacity 29136K, committed 29440K, reserved 1075200K
  class space    used 3242K, capacity 3461K, committed 3584K, reserved 1048576K
Event: 7.571 GC heap after
Heap after GC invocations=8 (full 1):
 PSYoungGen      total 102400K, used 15351K [0x000000076b400000, 0x0000000776100000, 0x00000007c0000000)
  eden space 87040K, 0% used [0x000000076b400000,0x000000076b400000,0x0000000770900000)
  from space 15360K, 99% used [0x0000000770900000,0x00000007717fdf78,0x0000000771800000)
  to   space 22016K, 0% used [0x0000000774b80000,0x0000000774b80000,0x0000000776100000)
 ParOldGen       total 122880K, used 24844K [0x00000006c1c00000, 0x00000006c9400000, 0x000000076b400000)
  object space 122880K, 20% used [0x00000006c1c00000,0x00000006c34430c0,0x00000006c9400000)
 Metaspace       used 28383K, capacity 29136K, committed 29440K, reserved 1075200K
  class space    used 3242K, capacity 3461K, committed 3584K, reserved 1048576K
}
Event: 8.024 GC heap before
{Heap before GC invocations=9 (full 1):
 PSYoungGen      total 102400K, used 102391K [0x000000076b400000, 0x0000000776100000, 0x00000007c0000000)
  eden space 87040K, 100% used [0x000000076b400000,0x0000000770900000,0x0000000770900000)
  from space 15360K, 99% used [0x0000000770900000,0x00000007717fdf78,0x0000000771800000)
  to   space 22016K, 0% used [0x0000000774b80000,0x0000000774b80000,0x0000000776100000)
 ParOldGen       total 122880K, used 24844K [0x00000006c1c00000, 0x00000006c9400000, 0x000000076b400000)
  object space 122880K, 20% used [0x00000006c1c00000,0x00000006c34430c0,0x00000006c9400000)
 Metaspace       used 28403K, capacity 29200K, committed 29440K, reserved 1075200K
  class space    used 3242K, capacity 3461K, committed 3584K, reserved 1048576K
Event: 8.079 GC heap after
Heap after GC invocations=9 (full 1):
 PSYoungGen      total 144896K, used 21991K [0x000000076b400000, 0x0000000778400000, 0x00000007c0000000)
  eden space 122880K, 0% used [0x000000076b400000,0x000000076b400000,0x0000000772c00000)
  from space 22016K, 99% used [0x0000000774b80000,0x00000007760f9ef8,0x0000000776100000)
  to   space 32256K, 0% used [0x0000000772c00000,0x0000000772c00000,0x0000000774b80000)
 ParOldGen       total 122880K, used 42382K [0x00000006c1c00000, 0x00000006c9400000, 0x000000076b400000)
  object space 122880K, 34% used [0x00000006c1c00000,0x00000006c4563920,0x00000006c9400000)
 Metaspace       used 28403K, capacity 29200K, committed 29440K, reserved 1075200K
  class space    used 3242K, capacity 3461K, committed 3584K, reserved 1048576K
}
Event: 9.462 GC heap before
{Heap before GC invocations=10 (full 1):
 PSYoungGen      total 144896K, used 144871K [0x000000076b400000, 0x0000000778400000, 0x00000007c0000000)
  eden space 122880K, 100% used [0x000000076b400000,0x0000000772c00000,0x0000000772c00000)
  from space 22016K, 99% used [0x0000000774b80000,0x00000007760f9ef8,0x0000000776100000)
  to   space 32256K, 0% used [0x0000000772c00000,0x0000000772c00000,0x0000000774b80000)
 ParOldGen       total 122880K, used 42382K [0x00000006c1c00000, 0x00000006c9400000, 0x000000076b400000)
  object space 122880K, 34% used [0x00000006c1c00000,0x00000006c4563920,0x00000006c9400000)
 Metaspace       used 33318K, capacity 34462K, committed 34688K, reserved 1079296K
  class space    used 3904K, capacity 4222K, committed 4224K, reserved 1048576K
Event: 9.511 GC heap after
Heap after GC invocations=10 (full 1):
 PSYoungGen      total 155136K, used 32245K [0x000000076b400000, 0x000000077b080000, 0x00000007c0000000)
  eden space 122880K, 0% used [0x000000076b400000,0x000000076b400000,0x0000000772c00000)
  from space 32256K, 99% used [0x0000000772c00000,0x0000000774b7d6a0,0x0000000774b80000)
  to   space 41984K, 0% used [0x0000000778780000,0x0000000778780000,0x000000077b080000)
 ParOldGen       total 122880K, used 55063K [0x00000006c1c00000, 0x00000006c9400000, 0x000000076b400000)
  object space 122880K, 44% used [0x00000006c1c00000,0x00000006c51c5f80,0x00000006c9400000)
 Metaspace       used 33318K, capacity 34462K, committed 34688K, reserved 1079296K
  class space    used 3904K, capacity 4222K, committed 4224K, reserved 1048576K
}
Event: 9.649 GC heap before
{Heap before GC invocations=11 (full 1):
 PSYoungGen      total 155136K, used 41280K [0x000000076b400000, 0x000000077b080000, 0x00000007c0000000)
  eden space 122880K, 7% used [0x000000076b400000,0x000000076bcd2cf8,0x0000000772c00000)
  from space 32256K, 99% used [0x0000000772c00000,0x0000000774b7d6a0,0x0000000774b80000)
  to   space 41984K, 0% used [0x0000000778780000,0x0000000778780000,0x000000077b080000)
 ParOldGen       total 122880K, used 55063K [0x00000006c1c00000, 0x00000006c9400000, 0x000000076b400000)
  object space 122880K, 44% used [0x00000006c1c00000,0x00000006c51c5f80,0x00000006c9400000)
 Metaspace       used 34131K, capacity 35290K, committed 35456K, reserved 1081344K
  class space    used 4037K, capacity 4358K, committed 4480K, reserved 1048576K
Event: 9.655 GC heap after
Heap after GC invocations=11 (full 1):
 PSYoungGen      total 216064K, used 3686K [0x000000076b400000, 0x000000077b100000, 0x00000007c0000000)
  eden space 174080K, 0% used [0x000000076b400000,0x000000076b400000,0x0000000775e00000)
  from space 41984K, 8% used [0x0000000778780000,0x0000000778b19b30,0x000000077b080000)
  to   space 42496K, 0% used [0x0000000775e00000,0x0000000775e00000,0x0000000778780000)
 ParOldGen       total 122880K, used 57540K [0x00000006c1c00000, 0x00000006c9400000, 0x000000076b400000)
  object space 122880K, 46% used [0x00000006c1c00000,0x00000006c54311d0,0x00000006c9400000)
 Metaspace       used 34131K, capacity 35290K, committed 35456K, reserved 1081344K
  class space    used 4037K, capacity 4358K, committed 4480K, reserved 1048576K
}
Event: 9.655 GC heap before
{Heap before GC invocations=12 (full 2):
 PSYoungGen      total 216064K, used 3686K [0x000000076b400000, 0x000000077b100000, 0x00000007c0000000)
  eden space 174080K, 0% used [0x000000076b400000,0x000000076b400000,0x0000000775e00000)
  from space 41984K, 8% used [0x0000000778780000,0x0000000778b19b30,0x000000077b080000)
  to   space 42496K, 0% used [0x0000000775e00000,0x0000000775e00000,0x0000000778780000)
 ParOldGen       total 122880K, used 57540K [0x00000006c1c00000, 0x00000006c9400000, 0x000000076b400000)
  object space 122880K, 46% used [0x00000006c1c00000,0x00000006c54311d0,0x00000006c9400000)
 Metaspace       used 34131K, capacity 35290K, committed 35456K, reserved 1081344K
  class space    used 4037K, capacity 4358K, committed 4480K, reserved 1048576K
Event: 9.720 GC heap after
Heap after GC invocations=12 (full 2):
 PSYoungGen      total 216064K, used 0K [0x000000076b400000, 0x000000077b100000, 0x00000007c0000000)
  eden space 174080K, 0% used [0x000000076b400000,0x000000076b400000,0x0000000775e00000)
  from space 41984K, 0% used [0x0000000778780000,0x0000000778780000,0x000000077b080000)
  to   space 42496K, 0% used [0x0000000775e00000,0x0000000775e00000,0x0000000778780000)
 ParOldGen       total 179712K, used 28240K [0x00000006c1c00000, 0x00000006ccb80000, 0x000000076b400000)
  object space 179712K, 15% used [0x00000006c1c00000,0x00000006c37941d8,0x00000006ccb80000)
 Metaspace       used 34131K, capacity 35290K, committed 35456K, reserved 1081344K
  class space    used 4037K, capacity 4358K, committed 4480K, reserved 1048576K
}

