# JRE version: Java(TM) SE Runtime Environment (8.0_181-b13) (build 1.8.0_181-b13)
# Java VM: Java HotSpot(TM) 64-Bit Server VM (25.181-b13 mixed mode windows-amd64 compressed oops)
Heap:
 PSYoungGen      total 203776K, used 137537K [0x000000076b400000, 0x0000000782700000, 0x00000007c0000000)
  eden space 174592K, 78% used [0x000000076b400000,0x0000000773a504f8,0x0000000775e80000)
  from space 29184K, 0% used [0x0000000775e80000,0x0000000775e80000,0x0000000777b00000)
  to   space 47616K, 0% used [0x000000077f880000,0x000000077f880000,0x0000000782700000)
 ParOldGen       total 230400K, used 63566K [0x00000006c1c00000, 0x00000006cfd00000, 0x000000076b400000)
  object space 230400K, 27% used [0x00000006c1c00000,0x00000006c5a13930,0x00000006cfd00000)
 Metaspace       used 42978K, capacity 44486K, committed 44672K, reserved 1089536K
  class space    used 5125K, capacity 5493K, committed 5504K, reserved 1048576K
GC Heap History (10 events):
Event: 3.945 GC heap before
{Heap before GC invocations=5 (full 1):
 PSYoungGen      total 141824K, used 10720K [0x000000076b400000, 0x0000000774900000, 0x00000007c0000000)
  eden space 131072K, 0% used [0x000000076b400000,0x000000076b400000,0x0000000773400000)
  from space 10752K, 99% used [0x0000000773e80000,0x00000007748f8060,0x0000000774900000)
  to   space 10752K, 0% used [0x0000000773400000,0x0000000773400000,0x0000000773e80000)
 ParOldGen       total 175104K, used 2392K [0x00000006c1c00000, 0x00000006cc700000, 0x000000076b400000)
  object space 175104K, 1% used [0x00000006c1c00000,0x00000006c1e56110,0x00000006cc700000)
 Metaspace       used 20627K, capacity 21168K, committed 21296K, reserved 1069056K
  class space    used 2487K, capacity 2664K, committed 2688K, reserved 1048576K
Event: 3.998 GC heap after
Heap after GC invocations=5 (full 1):
 PSYoungGen      total 141824K, used 0K [0x000000076b400000, 0x0000000774900000, 0x00000007c0000000)
  eden space 131072K, 0% used [0x000000076b400000,0x000000076b400000,0x0000000773400000)
  from space 10752K, 0% used [0x0000000773e80000,0x0000000773e80000,0x0000000774900000)
  to   space 10752K, 0% used [0x0000000773400000,0x0000000773400000,0x0000000773e80000)
 ParOldGen       total 116224K, used 12970K [0x00000006c1c00000, 0x00000006c8d80000, 0x000000076b400000)
  object space 116224K, 11% used [0x00000006c1c00000,0x00000006c28aa950,0x00000006c8d80000)
 Metaspace       used 20627K, capacity 21168K, committed 21296K, reserved 1069056K
  class space    used 2487K, capacity 2664K, committed 2688K, reserved 1048576K
}
Event: 6.944 GC heap before
{Heap before GC invocations=6 (full 1):
 PSYoungGen      total 141824K, used 131072K [0x000000076b400000, 0x0000000774900000, 0x00000007c0000000)
  eden space 131072K, 100% used [0x000000076b400000,0x0000000773400000,0x0000000773400000)
  from space 10752K, 0% used [0x0000000773e80000,0x0000000773e80000,0x0000000774900000)
  to   space 10752K, 0% used [0x0000000773400000,0x0000000773400000,0x0000000773e80000)
 ParOldGen       total 116224K, used 12970K [0x00000006c1c00000, 0x00000006c8d80000, 0x000000076b400000)
  object space 116224K, 11% used [0x00000006c1c00000,0x00000006c28aa950,0x00000006c8d80000)
 Metaspace       used 24569K, capacity 25392K, committed 25600K, reserved 1071104K
  class space    used 2824K, capacity 3045K, committed 3072K, reserved 1048576K
Event: 6.959 GC heap after
Heap after GC invocations=6 (full 1):
 PSYoungGen      total 141824K, used 10738K [0x000000076b400000, 0x0000000778b00000, 0x00000007c0000000)
  eden space 131072K, 0% used [0x000000076b400000,0x000000076b400000,0x0000000773400000)
  from space 10752K, 99% used [0x0000000773400000,0x0000000773e7c8e8,0x0000000773e80000)
  to   space 16384K, 0% used [0x0000000777b00000,0x0000000777b00000,0x0000000778b00000)
 ParOldGen       total 116224K, used 18028K [0x00000006c1c00000, 0x00000006c8d80000, 0x000000076b400000)
  object space 116224K, 15% used [0x00000006c1c00000,0x00000006c2d9b230,0x00000006c8d80000)
 Metaspace       used 24569K, capacity 25392K, committed 25600K, reserved 1071104K
  class space    used 2824K, capacity 3045K, committed 3072K, reserved 1048576K
}
Event: 8.074 GC heap before
{Heap before GC invocations=7 (full 1):
 PSYoungGen      total 141824K, used 141810K [0x000000076b400000, 0x0000000778b00000, 0x00000007c0000000)
  eden space 131072K, 100% used [0x000000076b400000,0x0000000773400000,0x0000000773400000)
  from space 10752K, 99% used [0x0000000773400000,0x0000000773e7c8e8,0x0000000773e80000)
  to   space 16384K, 0% used [0x0000000777b00000,0x0000000777b00000,0x0000000778b00000)
 ParOldGen       total 116224K, used 18031K [0x00000006c1c00000, 0x00000006c8d80000, 0x000000076b400000)
  object space 116224K, 15% used [0x00000006c1c00000,0x00000006c2d9bc20,0x00000006c8d80000)
 Metaspace       used 28440K, capacity 29328K, committed 29696K, reserved 1075200K
  class space    used 3246K, capacity 3461K, committed 3584K, reserved 1048576K
Event: 8.115 GC heap after
Heap after GC invocations=7 (full 1):
 PSYoungGen      total 190976K, used 16374K [0x000000076b400000, 0x000000077b400000, 0x00000007c0000000)
  eden space 174592K, 0% used [0x000000076b400000,0x000000076b400000,0x0000000775e80000)
  from space 16384K, 99% used [0x0000000777b00000,0x0000000778afd928,0x0000000778b00000)
  to   space 29184K, 0% used [0x0000000775e80000,0x0000000775e80000,0x0000000777b00000)
 ParOldGen       total 116224K, used 37914K [0x00000006c1c00000, 0x00000006c8d80000, 0x000000076b400000)
  object space 116224K, 32% used [0x00000006c1c00000,0x00000006c4106b08,0x00000006c8d80000)
 Metaspace       used 28440K, capacity 29328K, committed 29696K, reserved 1075200K
  class space    used 3246K, capacity 3461K, committed 3584K, reserved 1048576K
}
Event: 9.589 GC heap before
{Heap before GC invocations=8 (full 1):
 PSYoungGen      total 190976K, used 190966K [0x000000076b400000, 0x000000077b400000, 0x00000007c0000000)
  eden space 174592K, 100% used [0x000000076b400000,0x0000000775e80000,0x0000000775e80000)
  from space 16384K, 99% used [0x0000000777b00000,0x0000000778afd928,0x0000000778b00000)
  to   space 29184K, 0% used [0x0000000775e80000,0x0000000775e80000,0x0000000777b00000)
 ParOldGen       total 116224K, used 37914K [0x00000006c1c00000, 0x00000006c8d80000, 0x000000076b400000)
  object space 116224K, 32% used [0x00000006c1c00000,0x00000006c4106b08,0x00000006c8d80000)
 Metaspace       used 34038K, capacity 35288K, committed 35456K, reserved 1081344K
  class space    used 4028K, capacity 4357K, committed 4480K, reserved 1048576K
Event: 9.653 GC heap after
Heap after GC invocations=8 (full 1):
 PSYoungGen      total 203776K, used 29153K [0x000000076b400000, 0x0000000782700000, 0x00000007c0000000)
  eden space 174592K, 0% used [0x000000076b400000,0x000000076b400000,0x0000000775e80000)
  from space 29184K, 99% used [0x0000000775e80000,0x0000000777af86d0,0x0000000777b00000)
  to   space 47616K, 0% used [0x000000077f880000,0x000000077f880000,0x0000000782700000)
 ParOldGen       total 116224K, used 64826K [0x00000006c1c00000, 0x00000006c8d80000, 0x000000076b400000)
  object space 116224K, 55% used [0x00000006c1c00000,0x00000006c5b4e9c8,0x00000006c8d80000)
 Metaspace       used 34038K, capacity 35288K, committed 35456K, reserved 1081344K
  class space    used 4028K, capacity 4357K, committed 4480K, reserved 1048576K
}
Event: 9.653 GC heap before
{Heap before GC invocations=9 (full 2):
 PSYoungGen      total 203776K, used 29153K [0x000000076b400000, 0x0000000782700000, 0x00000007c0000000)
  eden space 174592K, 0% used [0x000000076b400000,0x000000076b400000,0x0000000775e80000)
  from space 29184K, 99% used [0x0000000775e80000,0x0000000777af86d0,0x0000000777b00000)
  to   space 47616K, 0% used [0x000000077f880000,0x000000077f880000,0x0000000782700000)
 ParOldGen       total 116224K, used 64826K [0x00000006c1c00000, 0x00000006c8d80000, 0x000000076b400000)
  object space 116224K, 55% used [0x00000006c1c00000,0x00000006c5b4e9c8,0x00000006c8d80000)
 Metaspace       used 34038K, capacity 35288K, committed 35456K, reserved 1081344K
  class space    used 4028K, capacity 4357K, committed 4480K, reserved 1048576K
Event: 9.756 GC heap after
Heap after GC invocations=9 (full 2):
 PSYoungGen      total 203776K, used 0K [0x000000076b400000, 0x0000000782700000, 0x00000007c0000000)
  eden space 174592K, 0% used [0x000000076b400000,0x000000076b400000,0x0000000775e80000)
  from space 29184K, 0% used [0x0000000775e80000,0x0000000775e80000,0x0000000777b00000)
  to   space 47616K, 0% used [0x000000077f880000,0x000000077f880000,0x0000000782700000)
 ParOldGen       total 230400K, used 63566K [0x00000006c1c00000, 0x00000006cfd00000, 0x000000076b400000)
  object space 230400K, 27% used [0x00000006c1c00000,0x00000006c5a13930,0x00000006cfd00000)
 Metaspace       used 34038K, capacity 35288K, committed 35456K, reserved 1081344K
  class space    used 4028K, capacity 4357K, committed 4480K, reserved 1048576K
}

