# JRE version: Java(TM) SE Runtime Environment (8.0_181-b13) (build 1.8.0_181-b13)
# Java VM: Java HotSpot(TM) 64-Bit Server VM (25.181-b13 mixed mode windows-amd64 compressed oops)
Heap:
 PSYoungGen      total 213504K, used 118441K [0x000000076b400000, 0x000000077af00000, 0x00000007c0000000)
  eden space 178176K, 49% used [0x000000076b400000,0x0000000770a51968,0x0000000776200000)
  from space 35328K, 85% used [0x0000000778c80000,0x000000077a9d8e30,0x000000077af00000)
  to   space 39424K, 0% used [0x0000000776200000,0x0000000776200000,0x0000000778880000)
 ParOldGen       total 199168K, used 52447K [0x00000006c1c00000, 0x00000006cde80000, 0x000000076b400000)
  object space 199168K, 26% used [0x00000006c1c00000,0x00000006c4f37d30,0x00000006cde80000)
 Metaspace       used 43018K, capacity 44492K, committed 44672K, reserved 1089536K
  class space    used 5126K, capacity 5494K, committed 5504K, reserved 1048576K
GC Heap History (10 events):
Event: 8.904 GC heap before
{Heap before GC invocations=8 (full 1):
 PSYoungGen      total 104960K, used 104955K [0x000000076b400000, 0x0000000772d00000, 0x00000007c0000000)
  eden space 91136K, 100% used [0x000000076b400000,0x0000000770d00000,0x0000000770d00000)
  from space 13824K, 99% used [0x0000000771c00000,0x000000077297ee40,0x0000000772980000)
  to   space 15360K, 0% used [0x0000000770d00000,0x0000000770d00000,0x0000000771c00000)
 ParOldGen       total 117760K, used 15108K [0x00000006c1c00000, 0x00000006c8f00000, 0x000000076b400000)
  object space 117760K, 12% used [0x00000006c1c00000,0x00000006c2ac13f8,0x00000006c8f00000)
 Metaspace       used 28428K, capacity 29200K, committed 29440K, reserved 1075200K
  class space    used 3246K, capacity 3461K, committed 3584K, reserved 1048576K
Event: 8.929 GC heap after
Heap after GC invocations=8 (full 1):
 PSYoungGen      total 106496K, used 15359K [0x000000076b400000, 0x0000000776580000, 0x00000007c0000000)
  eden space 91136K, 0% used [0x000000076b400000,0x000000076b400000,0x0000000770d00000)
  from space 15360K, 99% used [0x0000000770d00000,0x0000000771bffc48,0x0000000771c00000)
  to   space 22016K, 0% used [0x0000000775000000,0x0000000775000000,0x0000000776580000)
 ParOldGen       total 117760K, used 25715K [0x00000006c1c00000, 0x00000006c8f00000, 0x000000076b400000)
  object space 117760K, 21% used [0x00000006c1c00000,0x00000006c351cfe0,0x00000006c8f00000)
 Metaspace       used 28428K, capacity 29200K, committed 29440K, reserved 1075200K
  class space    used 3246K, capacity 3461K, committed 3584K, reserved 1048576K
}
Event: 9.353 GC heap before
{Heap before GC invocations=9 (full 1):
 PSYoungGen      total 106496K, used 106495K [0x000000076b400000, 0x0000000776580000, 0x00000007c0000000)
  eden space 91136K, 100% used [0x000000076b400000,0x0000000770d00000,0x0000000770d00000)
  from space 15360K, 99% used [0x0000000770d00000,0x0000000771bffc48,0x0000000771c00000)
  to   space 22016K, 0% used [0x0000000775000000,0x0000000775000000,0x0000000776580000)
 ParOldGen       total 117760K, used 25723K [0x00000006c1c00000, 0x00000006c8f00000, 0x000000076b400000)
  object space 117760K, 21% used [0x00000006c1c00000,0x00000006c351ec50,0x00000006c8f00000)
 Metaspace       used 28438K, capacity 29200K, committed 29440K, reserved 1075200K
  class space    used 3246K, capacity 3461K, committed 3584K, reserved 1048576K
Event: 9.407 GC heap after
Heap after GC invocations=9 (full 1):
 PSYoungGen      total 148992K, used 22004K [0x000000076b400000, 0x0000000779000000, 0x00000007c0000000)
  eden space 126976K, 0% used [0x000000076b400000,0x000000076b400000,0x0000000773000000)
  from space 22016K, 99% used [0x0000000775000000,0x000000077657d3a0,0x0000000776580000)
  to   space 32768K, 0% used [0x0000000773000000,0x0000000773000000,0x0000000775000000)
 ParOldGen       total 117760K, used 44560K [0x00000006c1c00000, 0x00000006c8f00000, 0x000000076b400000)
  object space 117760K, 37% used [0x00000006c1c00000,0x00000006c4784340,0x00000006c8f00000)
 Metaspace       used 28438K, capacity 29200K, committed 29440K, reserved 1075200K
  class space    used 3246K, capacity 3461K, committed 3584K, reserved 1048576K
}
Event: 10.798 GC heap before
{Heap before GC invocations=10 (full 1):
 PSYoungGen      total 148992K, used 146178K [0x000000076b400000, 0x0000000779000000, 0x00000007c0000000)
  eden space 126976K, 97% used [0x000000076b400000,0x0000000772d437d8,0x0000000773000000)
  from space 22016K, 99% used [0x0000000775000000,0x000000077657d3a0,0x0000000776580000)
  to   space 32768K, 0% used [0x0000000773000000,0x0000000773000000,0x0000000775000000)
 ParOldGen       total 117760K, used 44560K [0x00000006c1c00000, 0x00000006c8f00000, 0x000000076b400000)
  object space 117760K, 37% used [0x00000006c1c00000,0x00000006c4784340,0x00000006c8f00000)
 Metaspace       used 34028K, capacity 35288K, committed 35456K, reserved 1081344K
  class space    used 4028K, capacity 4357K, committed 4480K, reserved 1048576K
Event: 10.847 GC heap after
Heap after GC invocations=10 (full 1):
 PSYoungGen      total 159744K, used 31621K [0x000000076b400000, 0x000000077b100000, 0x00000007c0000000)
  eden space 126976K, 0% used [0x000000076b400000,0x000000076b400000,0x0000000773000000)
  from space 32768K, 96% used [0x0000000773000000,0x0000000774ee1608,0x0000000775000000)
  to   space 37376K, 0% used [0x0000000778c80000,0x0000000778c80000,0x000000077b100000)
 ParOldGen       total 117760K, used 57107K [0x00000006c1c00000, 0x00000006c8f00000, 0x000000076b400000)
  object space 117760K, 48% used [0x00000006c1c00000,0x00000006c53c4e00,0x00000006c8f00000)
 Metaspace       used 34028K, capacity 35288K, committed 35456K, reserved 1081344K
  class space    used 4028K, capacity 4357K, committed 4480K, reserved 1048576K
}
Event: 10.847 GC heap before
{Heap before GC invocations=11 (full 2):
 PSYoungGen      total 159744K, used 31621K [0x000000076b400000, 0x000000077b100000, 0x00000007c0000000)
  eden space 126976K, 0% used [0x000000076b400000,0x000000076b400000,0x0000000773000000)
  from space 32768K, 96% used [0x0000000773000000,0x0000000774ee1608,0x0000000775000000)
  to   space 37376K, 0% used [0x0000000778c80000,0x0000000778c80000,0x000000077b100000)
 ParOldGen       total 117760K, used 57107K [0x00000006c1c00000, 0x00000006c8f00000, 0x000000076b400000)
  object space 117760K, 48% used [0x00000006c1c00000,0x00000006c53c4e00,0x00000006c8f00000)
 Metaspace       used 34028K, capacity 35288K, committed 35456K, reserved 1081344K
  class space    used 4028K, capacity 4357K, committed 4480K, reserved 1048576K
Event: 10.943 GC heap after
Heap after GC invocations=11 (full 2):
 PSYoungGen      total 159744K, used 0K [0x000000076b400000, 0x000000077b100000, 0x00000007c0000000)
  eden space 126976K, 0% used [0x000000076b400000,0x000000076b400000,0x0000000773000000)
  from space 32768K, 0% used [0x0000000773000000,0x0000000773000000,0x0000000775000000)
  to   space 37376K, 0% used [0x0000000778c80000,0x0000000778c80000,0x000000077b100000)
 ParOldGen       total 199168K, used 52439K [0x00000006c1c00000, 0x00000006cde80000, 0x000000076b400000)
  object space 199168K, 26% used [0x00000006c1c00000,0x00000006c4f35d30,0x00000006cde80000)
 Metaspace       used 34028K, capacity 35288K, committed 35456K, reserved 1081344K
  class space    used 4028K, capacity 4357K, committed 4480K, reserved 1048576K
}
Event: 80.800 GC heap before
{Heap before GC invocations=12 (full 2):
 PSYoungGen      total 159744K, used 125058K [0x000000076b400000, 0x000000077b100000, 0x00000007c0000000)
  eden space 126976K, 98% used [0x000000076b400000,0x0000000772e20920,0x0000000773000000)
  from space 32768K, 0% used [0x0000000773000000,0x0000000773000000,0x0000000775000000)
  to   space 37376K, 0% used [0x0000000778c80000,0x0000000778c80000,0x000000077b100000)
 ParOldGen       total 199168K, used 52439K [0x00000006c1c00000, 0x00000006cde80000, 0x000000076b400000)
  object space 199168K, 26% used [0x00000006c1c00000,0x00000006c4f35d30,0x00000006cde80000)
 Metaspace       used 41987K, capacity 43520K, committed 43904K, reserved 1087488K
  class space    used 5006K, capacity 5388K, committed 5504K, reserved 1048576K
Event: 80.814 GC heap after
Heap after GC invocations=12 (full 2):
 PSYoungGen      total 213504K, used 30051K [0x000000076b400000, 0x000000077af00000, 0x00000007c0000000)
  eden space 178176K, 0% used [0x000000076b400000,0x000000076b400000,0x0000000776200000)
  from space 35328K, 85% used [0x0000000778c80000,0x000000077a9d8e30,0x000000077af00000)
  to   space 39424K, 0% used [0x0000000776200000,0x0000000776200000,0x0000000778880000)
 ParOldGen       total 199168K, used 52447K [0x00000006c1c00000, 0x00000006cde80000, 0x000000076b400000)
  object space 199168K, 26% used [0x00000006c1c00000,0x00000006c4f37d30,0x00000006cde80000)
 Metaspace       used 41987K, capacity 43520K, committed 43904K, reserved 1087488K
  class space    used 5006K, capacity 5388K, committed 5504K, reserved 1048576K
}

