# JRE version: Java(TM) SE Runtime Environment (8.0_181-b13) (build 1.8.0_181-b13)
# Java VM: Java HotSpot(TM) 64-Bit Server VM (25.181-b13 mixed mode windows-amd64 compressed oops)
Heap:
 PSYoungGen      total 209408K, used 59013K [0x000000076b400000, 0x000000077ab80000, 0x00000007c0000000)
  eden space 168448K, 35% used [0x000000076b400000,0x000000076eda1790,0x0000000775880000)
  from space 40960K, 0% used [0x0000000778380000,0x0000000778380000,0x000000077ab80000)
  to   space 42496K, 0% used [0x0000000775880000,0x0000000775880000,0x0000000778200000)
 ParOldGen       total 178176K, used 28947K [0x00000006c1c00000, 0x00000006cca00000, 0x000000076b400000)
  object space 178176K, 16% used [0x00000006c1c00000,0x00000006c3844f50,0x00000006cca00000)
 Metaspace       used 42625K, capacity 44098K, committed 44416K, reserved 1087488K
  class space    used 5081K, capacity 5426K, committed 5504K, reserved 1048576K
GC Heap History (10 events):
Event: 8.206 GC heap before
{Heap before GC invocations=8 (full 1):
 PSYoungGen      total 101888K, used 101886K [0x000000076b400000, 0x0000000772b00000, 0x00000007c0000000)
  eden space 88064K, 100% used [0x000000076b400000,0x0000000770a00000,0x0000000770a00000)
  from space 13824K, 99% used [0x0000000771900000,0x000000077267fab8,0x0000000772680000)
  to   space 15360K, 0% used [0x0000000770a00000,0x0000000770a00000,0x0000000771900000)
 ParOldGen       total 120320K, used 14929K [0x00000006c1c00000, 0x00000006c9180000, 0x000000076b400000)
  object space 120320K, 12% used [0x00000006c1c00000,0x00000006c2a947d8,0x00000006c9180000)
 Metaspace       used 28520K, capacity 29328K, committed 29696K, reserved 1075200K
  class space    used 3256K, capacity 3461K, committed 3584K, reserved 1048576K
Event: 8.230 GC heap after
Heap after GC invocations=8 (full 1):
 PSYoungGen      total 103424K, used 15329K [0x000000076b400000, 0x0000000775b00000, 0x00000007c0000000)
  eden space 88064K, 0% used [0x000000076b400000,0x000000076b400000,0x0000000770a00000)
  from space 15360K, 99% used [0x0000000770a00000,0x00000007718f8438,0x0000000771900000)
  to   space 20992K, 0% used [0x0000000774680000,0x0000000774680000,0x0000000775b00000)
 ParOldGen       total 120320K, used 23615K [0x00000006c1c00000, 0x00000006c9180000, 0x000000076b400000)
  object space 120320K, 19% used [0x00000006c1c00000,0x00000006c330fd10,0x00000006c9180000)
 Metaspace       used 28520K, capacity 29328K, committed 29696K, reserved 1075200K
  class space    used 3256K, capacity 3461K, committed 3584K, reserved 1048576K
}
Event: 8.629 GC heap before
{Heap before GC invocations=9 (full 1):
 PSYoungGen      total 103424K, used 103393K [0x000000076b400000, 0x0000000775b00000, 0x00000007c0000000)
  eden space 88064K, 100% used [0x000000076b400000,0x0000000770a00000,0x0000000770a00000)
  from space 15360K, 99% used [0x0000000770a00000,0x00000007718f8438,0x0000000771900000)
  to   space 20992K, 0% used [0x0000000774680000,0x0000000774680000,0x0000000775b00000)
 ParOldGen       total 120320K, used 23619K [0x00000006c1c00000, 0x00000006c9180000, 0x000000076b400000)
  object space 120320K, 19% used [0x00000006c1c00000,0x00000006c3310d90,0x00000006c9180000)
 Metaspace       used 28537K, capacity 29328K, committed 29696K, reserved 1075200K
  class space    used 3256K, capacity 3461K, committed 3584K, reserved 1048576K
Event: 8.684 GC heap after
Heap after GC invocations=9 (full 1):
 PSYoungGen      total 139264K, used 20976K [0x000000076b400000, 0x0000000778680000, 0x00000007c0000000)
  eden space 118272K, 0% used [0x000000076b400000,0x000000076b400000,0x0000000772780000)
  from space 20992K, 99% used [0x0000000774680000,0x0000000775afc068,0x0000000775b00000)
  to   space 31744K, 0% used [0x0000000772780000,0x0000000772780000,0x0000000774680000)
 ParOldGen       total 120320K, used 42614K [0x00000006c1c00000, 0x00000006c9180000, 0x000000076b400000)
  object space 120320K, 35% used [0x00000006c1c00000,0x00000006c459db70,0x00000006c9180000)
 Metaspace       used 28537K, capacity 29328K, committed 29696K, reserved 1075200K
  class space    used 3256K, capacity 3461K, committed 3584K, reserved 1048576K
}
Event: 9.880 GC heap before
{Heap before GC invocations=10 (full 1):
 PSYoungGen      total 139264K, used 139248K [0x000000076b400000, 0x0000000778680000, 0x00000007c0000000)
  eden space 118272K, 100% used [0x000000076b400000,0x0000000772780000,0x0000000772780000)
  from space 20992K, 99% used [0x0000000774680000,0x0000000775afc068,0x0000000775b00000)
  to   space 31744K, 0% used [0x0000000772780000,0x0000000772780000,0x0000000774680000)
 ParOldGen       total 120320K, used 42624K [0x00000006c1c00000, 0x00000006c9180000, 0x000000076b400000)
  object space 120320K, 35% used [0x00000006c1c00000,0x00000006c45a03f8,0x00000006c9180000)
 Metaspace       used 32220K, capacity 33164K, committed 33536K, reserved 1079296K
  class space    used 3730K, capacity 4007K, committed 4096K, reserved 1048576K
Event: 9.932 GC heap after
Heap after GC invocations=10 (full 1):
 PSYoungGen      total 150016K, used 31742K [0x000000076b400000, 0x000000077ac80000, 0x00000007c0000000)
  eden space 118272K, 0% used [0x000000076b400000,0x000000076b400000,0x0000000772780000)
  from space 31744K, 99% used [0x0000000772780000,0x000000077467f8e0,0x0000000774680000)
  to   space 41984K, 0% used [0x0000000778380000,0x0000000778380000,0x000000077ac80000)
 ParOldGen       total 120320K, used 57078K [0x00000006c1c00000, 0x00000006c9180000, 0x000000076b400000)
  object space 120320K, 47% used [0x00000006c1c00000,0x00000006c53bdbe8,0x00000006c9180000)
 Metaspace       used 32220K, capacity 33164K, committed 33536K, reserved 1079296K
  class space    used 3730K, capacity 4007K, committed 4096K, reserved 1048576K
}
Event: 10.275 GC heap before
{Heap before GC invocations=11 (full 1):
 PSYoungGen      total 150016K, used 50593K [0x000000076b400000, 0x000000077ac80000, 0x00000007c0000000)
  eden space 118272K, 15% used [0x000000076b400000,0x000000076c668c68,0x0000000772780000)
  from space 31744K, 99% used [0x0000000772780000,0x000000077467f8e0,0x0000000774680000)
  to   space 41984K, 0% used [0x0000000778380000,0x0000000778380000,0x000000077ac80000)
 ParOldGen       total 120320K, used 57078K [0x00000006c1c00000, 0x00000006c9180000, 0x000000076b400000)
  object space 120320K, 47% used [0x00000006c1c00000,0x00000006c53bdbe8,0x00000006c9180000)
 Metaspace       used 34101K, capacity 35288K, committed 35456K, reserved 1081344K
  class space    used 4037K, capacity 4357K, committed 4480K, reserved 1048576K
Event: 10.283 GC heap after
Heap after GC invocations=11 (full 1):
 PSYoungGen      total 209408K, used 4714K [0x000000076b400000, 0x000000077ab80000, 0x00000007c0000000)
  eden space 168448K, 0% used [0x000000076b400000,0x000000076b400000,0x0000000775880000)
  from space 40960K, 11% used [0x0000000778380000,0x000000077881a930,0x000000077ab80000)
  to   space 42496K, 0% used [0x0000000775880000,0x0000000775880000,0x0000000778200000)
 ParOldGen       total 120320K, used 59807K [0x00000006c1c00000, 0x00000006c9180000, 0x000000076b400000)
  object space 120320K, 49% used [0x00000006c1c00000,0x00000006c5667e28,0x00000006c9180000)
 Metaspace       used 34101K, capacity 35288K, committed 35456K, reserved 1081344K
  class space    used 4037K, capacity 4357K, committed 4480K, reserved 1048576K
}
Event: 10.283 GC heap before
{Heap before GC invocations=12 (full 2):
 PSYoungGen      total 209408K, used 4714K [0x000000076b400000, 0x000000077ab80000, 0x00000007c0000000)
  eden space 168448K, 0% used [0x000000076b400000,0x000000076b400000,0x0000000775880000)
  from space 40960K, 11% used [0x0000000778380000,0x000000077881a930,0x000000077ab80000)
  to   space 42496K, 0% used [0x0000000775880000,0x0000000775880000,0x0000000778200000)
 ParOldGen       total 120320K, used 59807K [0x00000006c1c00000, 0x00000006c9180000, 0x000000076b400000)
  object space 120320K, 49% used [0x00000006c1c00000,0x00000006c5667e28,0x00000006c9180000)
 Metaspace       used 34101K, capacity 35288K, committed 35456K, reserved 1081344K
  class space    used 4037K, capacity 4357K, committed 4480K, reserved 1048576K
Event: 10.349 GC heap after
Heap after GC invocations=12 (full 2):
 PSYoungGen      total 209408K, used 0K [0x000000076b400000, 0x000000077ab80000, 0x00000007c0000000)
  eden space 168448K, 0% used [0x000000076b400000,0x000000076b400000,0x0000000775880000)
  from space 40960K, 0% used [0x0000000778380000,0x0000000778380000,0x000000077ab80000)
  to   space 42496K, 0% used [0x0000000775880000,0x0000000775880000,0x0000000778200000)
 ParOldGen       total 178176K, used 28947K [0x00000006c1c00000, 0x00000006cca00000, 0x000000076b400000)
  object space 178176K, 16% used [0x00000006c1c00000,0x00000006c3844f50,0x00000006cca00000)
 Metaspace       used 34101K, capacity 35288K, committed 35456K, reserved 1081344K
  class space    used 4037K, capacity 4357K, committed 4480K, reserved 1048576K
}

