# JRE version: Java(TM) SE Runtime Environment (8.0_181-b13) (build 1.8.0_181-b13)
# Java VM: Java HotSpot(TM) 64-Bit Server VM (25.181-b13 mixed mode windows-amd64 compressed oops)
Heap:
 PSYoungGen      total 270848K, used 63833K [0x000000076b400000, 0x0000000786e80000, 0x00000007c0000000)
  eden space 228864K, 27% used [0x000000076b400000,0x000000076f2567f0,0x0000000779380000)
  from space 41984K, 0% used [0x000000077c700000,0x000000077c700000,0x000000077f000000)
  to   space 52736K, 0% used [0x0000000779380000,0x0000000779380000,0x000000077c700000)
 ParOldGen       total 284672K, used 86662K [0x00000006c1c00000, 0x00000006d3200000, 0x000000076b400000)
  object space 284672K, 30% used [0x00000006c1c00000,0x00000006c70a1940,0x00000006d3200000)
 Metaspace       used 42696K, capacity 44098K, committed 44416K, reserved 1087488K
  class space    used 5082K, capacity 5426K, committed 5504K, reserved 1048576K
GC Heap History (10 events):
Event: 3.928 GC heap before
{Heap before GC invocations=4 (full 1):
 PSYoungGen      total 141824K, used 10720K [0x000000076b400000, 0x000000077c900000, 0x00000007c0000000)
  eden space 131072K, 0% used [0x000000076b400000,0x000000076b400000,0x0000000773400000)
  from space 10752K, 99% used [0x0000000773400000,0x0000000773e78020,0x0000000773e80000)
  to   space 10752K, 0% used [0x000000077be80000,0x000000077be80000,0x000000077c900000)
 ParOldGen       total 175104K, used 3355K [0x00000006c1c00000, 0x00000006cc700000, 0x000000076b400000)
  object space 175104K, 1% used [0x00000006c1c00000,0x00000006c1f46dc0,0x00000006cc700000)
 Metaspace       used 20584K, capacity 21168K, committed 21296K, reserved 1069056K
  class space    used 2479K, capacity 2664K, committed 2688K, reserved 1048576K
Event: 4.015 GC heap after
Heap after GC invocations=4 (full 1):
 PSYoungGen      total 141824K, used 0K [0x000000076b400000, 0x000000077c900000, 0x00000007c0000000)
  eden space 131072K, 0% used [0x000000076b400000,0x000000076b400000,0x0000000773400000)
  from space 10752K, 0% used [0x0000000773400000,0x0000000773400000,0x0000000773e80000)
  to   space 10752K, 0% used [0x000000077be80000,0x000000077be80000,0x000000077c900000)
 ParOldGen       total 124416K, used 13894K [0x00000006c1c00000, 0x00000006c9580000, 0x000000076b400000)
  object space 124416K, 11% used [0x00000006c1c00000,0x00000006c2991bd0,0x00000006c9580000)
 Metaspace       used 20584K, capacity 21168K, committed 21296K, reserved 1069056K
  class space    used 2479K, capacity 2664K, committed 2688K, reserved 1048576K
}
Event: 7.379 GC heap before
{Heap before GC invocations=5 (full 1):
 PSYoungGen      total 141824K, used 131072K [0x000000076b400000, 0x000000077c900000, 0x00000007c0000000)
  eden space 131072K, 100% used [0x000000076b400000,0x0000000773400000,0x0000000773400000)
  from space 10752K, 0% used [0x0000000773400000,0x0000000773400000,0x0000000773e80000)
  to   space 10752K, 0% used [0x000000077be80000,0x000000077be80000,0x000000077c900000)
 ParOldGen       total 124416K, used 13894K [0x00000006c1c00000, 0x00000006c9580000, 0x000000076b400000)
  object space 124416K, 11% used [0x00000006c1c00000,0x00000006c2991bd0,0x00000006c9580000)
 Metaspace       used 24583K, capacity 25348K, committed 25600K, reserved 1071104K
  class space    used 2822K, capacity 3005K, committed 3072K, reserved 1048576K
Event: 7.394 GC heap after
Heap after GC invocations=5 (full 1):
 PSYoungGen      total 185344K, used 10733K [0x000000076b400000, 0x000000077c900000, 0x00000007c0000000)
  eden space 174592K, 0% used [0x000000076b400000,0x000000076b400000,0x0000000775e80000)
  from space 10752K, 99% used [0x000000077be80000,0x000000077c8fb768,0x000000077c900000)
  to   space 10752K, 0% used [0x000000077b400000,0x000000077b400000,0x000000077be80000)
 ParOldGen       total 124416K, used 19189K [0x00000006c1c00000, 0x00000006c9580000, 0x000000076b400000)
  object space 124416K, 15% used [0x00000006c1c00000,0x00000006c2ebd590,0x00000006c9580000)
 Metaspace       used 24583K, capacity 25348K, committed 25600K, reserved 1071104K
  class space    used 2822K, capacity 3005K, committed 3072K, reserved 1048576K
}
Event: 9.210 GC heap before
{Heap before GC invocations=6 (full 1):
 PSYoungGen      total 185344K, used 185325K [0x000000076b400000, 0x000000077c900000, 0x00000007c0000000)
  eden space 174592K, 100% used [0x000000076b400000,0x0000000775e80000,0x0000000775e80000)
  from space 10752K, 99% used [0x000000077be80000,0x000000077c8fb768,0x000000077c900000)
  to   space 10752K, 0% used [0x000000077b400000,0x000000077b400000,0x000000077be80000)
 ParOldGen       total 124416K, used 19202K [0x00000006c1c00000, 0x00000006c9580000, 0x000000076b400000)
  object space 124416K, 15% used [0x00000006c1c00000,0x00000006c2ec0ad8,0x00000006c9580000)
 Metaspace       used 28587K, capacity 29328K, committed 29696K, reserved 1075200K
  class space    used 3254K, capacity 3461K, committed 3584K, reserved 1048576K
Event: 9.247 GC heap after
Heap after GC invocations=6 (full 1):
 PSYoungGen      total 250368K, used 10735K [0x000000076b400000, 0x000000077f000000, 0x00000007c0000000)
  eden space 239616K, 0% used [0x000000076b400000,0x000000076b400000,0x0000000779e00000)
  from space 10752K, 99% used [0x000000077b400000,0x000000077be7bd20,0x000000077be80000)
  to   space 41984K, 0% used [0x000000077c700000,0x000000077c700000,0x000000077f000000)
 ParOldGen       total 124416K, used 57926K [0x00000006c1c00000, 0x00000006c9580000, 0x000000076b400000)
  object space 124416K, 46% used [0x00000006c1c00000,0x00000006c5491bc0,0x00000006c9580000)
 Metaspace       used 28587K, capacity 29328K, committed 29696K, reserved 1075200K
  class space    used 3254K, capacity 3461K, committed 3584K, reserved 1048576K
}
Event: 10.737 GC heap before
{Heap before GC invocations=7 (full 1):
 PSYoungGen      total 250368K, used 156042K [0x000000076b400000, 0x000000077f000000, 0x00000007c0000000)
  eden space 239616K, 60% used [0x000000076b400000,0x00000007741e6cf8,0x0000000779e00000)
  from space 10752K, 99% used [0x000000077b400000,0x000000077be7bd20,0x000000077be80000)
  to   space 41984K, 0% used [0x000000077c700000,0x000000077c700000,0x000000077f000000)
 ParOldGen       total 124416K, used 57926K [0x00000006c1c00000, 0x00000006c9580000, 0x000000076b400000)
  object space 124416K, 46% used [0x00000006c1c00000,0x00000006c5491bc0,0x00000006c9580000)
 Metaspace       used 34172K, capacity 35288K, committed 35456K, reserved 1081344K
  class space    used 4037K, capacity 4357K, committed 4480K, reserved 1048576K
Event: 10.787 GC heap after
Heap after GC invocations=7 (full 1):
 PSYoungGen      total 270848K, used 41966K [0x000000076b400000, 0x0000000786e80000, 0x00000007c0000000)
  eden space 228864K, 0% used [0x000000076b400000,0x000000076b400000,0x0000000779380000)
  from space 41984K, 99% used [0x000000077c700000,0x000000077effbb70,0x000000077f000000)
  to   space 52736K, 0% used [0x0000000779380000,0x0000000779380000,0x000000077c700000)
 ParOldGen       total 124416K, used 61500K [0x00000006c1c00000, 0x00000006c9580000, 0x000000076b400000)
  object space 124416K, 49% used [0x00000006c1c00000,0x00000006c580f1c0,0x00000006c9580000)
 Metaspace       used 34172K, capacity 35288K, committed 35456K, reserved 1081344K
  class space    used 4037K, capacity 4357K, committed 4480K, reserved 1048576K
}
Event: 10.787 GC heap before
{Heap before GC invocations=8 (full 2):
 PSYoungGen      total 270848K, used 41966K [0x000000076b400000, 0x0000000786e80000, 0x00000007c0000000)
  eden space 228864K, 0% used [0x000000076b400000,0x000000076b400000,0x0000000779380000)
  from space 41984K, 99% used [0x000000077c700000,0x000000077effbb70,0x000000077f000000)
  to   space 52736K, 0% used [0x0000000779380000,0x0000000779380000,0x000000077c700000)
 ParOldGen       total 124416K, used 61500K [0x00000006c1c00000, 0x00000006c9580000, 0x000000076b400000)
  object space 124416K, 49% used [0x00000006c1c00000,0x00000006c580f1c0,0x00000006c9580000)
 Metaspace       used 34172K, capacity 35288K, committed 35456K, reserved 1081344K
  class space    used 4037K, capacity 4357K, committed 4480K, reserved 1048576K
Event: 10.976 GC heap after
Heap after GC invocations=8 (full 2):
 PSYoungGen      total 270848K, used 0K [0x000000076b400000, 0x0000000786e80000, 0x00000007c0000000)
  eden space 228864K, 0% used [0x000000076b400000,0x000000076b400000,0x0000000779380000)
  from space 41984K, 0% used [0x000000077c700000,0x000000077c700000,0x000000077f000000)
  to   space 52736K, 0% used [0x0000000779380000,0x0000000779380000,0x000000077c700000)
 ParOldGen       total 284672K, used 86662K [0x00000006c1c00000, 0x00000006d3200000, 0x000000076b400000)
  object space 284672K, 30% used [0x00000006c1c00000,0x00000006c70a1940,0x00000006d3200000)
 Metaspace       used 34172K, capacity 35288K, committed 35456K, reserved 1081344K
  class space    used 4037K, capacity 4357K, committed 4480K, reserved 1048576K
}

