# JRE version: Java(TM) SE Runtime Environment (8.0_181-b13) (build 1.8.0_181-b13)
# Java VM: Java HotSpot(TM) 64-Bit Server VM (25.181-b13 mixed mode windows-amd64 compressed oops)
Heap:
 PSYoungGen      total 161280K, used 58972K [0x000000076b400000, 0x000000077bf80000, 0x00000007c0000000)
  eden space 128512K, 45% used [0x000000076b400000,0x000000076ed973d8,0x0000000773180000)
  from space 32768K, 0% used [0x0000000773180000,0x0000000773180000,0x0000000775180000)
  to   space 43008K, 0% used [0x0000000779580000,0x0000000779580000,0x000000077bf80000)
 ParOldGen       total 198144K, used 54265K [0x00000006c1c00000, 0x00000006cdd80000, 0x000000076b400000)
  object space 198144K, 27% used [0x00000006c1c00000,0x00000006c50fe5e0,0x00000006cdd80000)
 Metaspace       used 42892K, capacity 44360K, committed 44416K, reserved 1087488K
  class space    used 5131K, capacity 5492K, committed 5504K, reserved 1048576K
GC Heap History (10 events):
Event: 7.145 GC heap before
{Heap before GC invocations=7 (full 1):
 PSYoungGen      total 76288K, used 76269K [0x000000076b400000, 0x0000000772980000, 0x00000007c0000000)
  eden space 65536K, 100% used [0x000000076b400000,0x000000076f400000,0x000000076f400000)
  from space 10752K, 99% used [0x000000076f400000,0x000000076fe7b7e8,0x000000076fe80000)
  to   space 13824K, 0% used [0x0000000771c00000,0x0000000771c00000,0x0000000772980000)
 ParOldGen       total 118272K, used 14852K [0x00000006c1c00000, 0x00000006c8f80000, 0x000000076b400000)
  object space 118272K, 12% used [0x00000006c1c00000,0x00000006c2a810e8,0x00000006c8f80000)
 Metaspace       used 24509K, capacity 25220K, committed 25344K, reserved 1071104K
  class space    used 2825K, capacity 3005K, committed 3072K, reserved 1048576K
Event: 7.158 GC heap after
Heap after GC invocations=7 (full 1):
 PSYoungGen      total 104960K, used 13822K [0x000000076b400000, 0x0000000772d80000, 0x00000007c0000000)
  eden space 91136K, 0% used [0x000000076b400000,0x000000076b400000,0x0000000770d00000)
  from space 13824K, 99% used [0x0000000771c00000,0x000000077297fb48,0x0000000772980000)
  to   space 15360K, 0% used [0x0000000770d00000,0x0000000770d00000,0x0000000771c00000)
 ParOldGen       total 118272K, used 15058K [0x00000006c1c00000, 0x00000006c8f80000, 0x000000076b400000)
  object space 118272K, 12% used [0x00000006c1c00000,0x00000006c2ab48b8,0x00000006c8f80000)
 Metaspace       used 24509K, capacity 25220K, committed 25344K, reserved 1071104K
  class space    used 2825K, capacity 3005K, committed 3072K, reserved 1048576K
}
Event: 8.173 GC heap before
{Heap before GC invocations=8 (full 1):
 PSYoungGen      total 104960K, used 104958K [0x000000076b400000, 0x0000000772d80000, 0x00000007c0000000)
  eden space 91136K, 100% used [0x000000076b400000,0x0000000770d00000,0x0000000770d00000)
  from space 13824K, 99% used [0x0000000771c00000,0x000000077297fb48,0x0000000772980000)
  to   space 15360K, 0% used [0x0000000770d00000,0x0000000770d00000,0x0000000771c00000)
 ParOldGen       total 118272K, used 15080K [0x00000006c1c00000, 0x00000006c8f80000, 0x000000076b400000)
  object space 118272K, 12% used [0x00000006c1c00000,0x00000006c2aba048,0x00000006c8f80000)
 Metaspace       used 28486K, capacity 29264K, committed 29440K, reserved 1075200K
  class space    used 3256K, capacity 3461K, committed 3584K, reserved 1048576K
Event: 8.203 GC heap after
Heap after GC invocations=8 (full 1):
 PSYoungGen      total 106496K, used 15347K [0x000000076b400000, 0x0000000776680000, 0x00000007c0000000)
  eden space 91136K, 0% used [0x000000076b400000,0x000000076b400000,0x0000000770d00000)
  from space 15360K, 99% used [0x0000000770d00000,0x0000000771bfcf58,0x0000000771c00000)
  to   space 21504K, 0% used [0x0000000775180000,0x0000000775180000,0x0000000776680000)
 ParOldGen       total 118272K, used 25174K [0x00000006c1c00000, 0x00000006c8f80000, 0x000000076b400000)
  object space 118272K, 21% used [0x00000006c1c00000,0x00000006c3495b50,0x00000006c8f80000)
 Metaspace       used 28486K, capacity 29264K, committed 29440K, reserved 1075200K
  class space    used 3256K, capacity 3461K, committed 3584K, reserved 1048576K
}
Event: 8.598 GC heap before
{Heap before GC invocations=9 (full 1):
 PSYoungGen      total 106496K, used 106483K [0x000000076b400000, 0x0000000776680000, 0x00000007c0000000)
  eden space 91136K, 100% used [0x000000076b400000,0x0000000770d00000,0x0000000770d00000)
  from space 15360K, 99% used [0x0000000770d00000,0x0000000771bfcf58,0x0000000771c00000)
  to   space 21504K, 0% used [0x0000000775180000,0x0000000775180000,0x0000000776680000)
 ParOldGen       total 118272K, used 25184K [0x00000006c1c00000, 0x00000006c8f80000, 0x000000076b400000)
  object space 118272K, 21% used [0x00000006c1c00000,0x00000006c3498218,0x00000006c8f80000)
 Metaspace       used 28522K, capacity 29328K, committed 29696K, reserved 1075200K
  class space    used 3257K, capacity 3461K, committed 3584K, reserved 1048576K
Event: 8.653 GC heap after
Heap after GC invocations=9 (full 1):
 PSYoungGen      total 150016K, used 21489K [0x000000076b400000, 0x0000000779200000, 0x00000007c0000000)
  eden space 128512K, 0% used [0x000000076b400000,0x000000076b400000,0x0000000773180000)
  from space 21504K, 99% used [0x0000000775180000,0x000000077667c7b0,0x0000000776680000)
  to   space 32768K, 0% used [0x0000000773180000,0x0000000773180000,0x0000000775180000)
 ParOldGen       total 118272K, used 44599K [0x00000006c1c00000, 0x00000006c8f80000, 0x000000076b400000)
  object space 118272K, 37% used [0x00000006c1c00000,0x00000006c478def0,0x00000006c8f80000)
 Metaspace       used 28522K, capacity 29328K, committed 29696K, reserved 1075200K
  class space    used 3257K, capacity 3461K, committed 3584K, reserved 1048576K
}
Event: 9.989 GC heap before
{Heap before GC invocations=10 (full 1):
 PSYoungGen      total 150016K, used 150001K [0x000000076b400000, 0x0000000779200000, 0x00000007c0000000)
  eden space 128512K, 100% used [0x000000076b400000,0x0000000773180000,0x0000000773180000)
  from space 21504K, 99% used [0x0000000775180000,0x000000077667c7b0,0x0000000776680000)
  to   space 32768K, 0% used [0x0000000773180000,0x0000000773180000,0x0000000775180000)
 ParOldGen       total 118272K, used 44599K [0x00000006c1c00000, 0x00000006c8f80000, 0x000000076b400000)
  object space 118272K, 37% used [0x00000006c1c00000,0x00000006c478def0,0x00000006c8f80000)
 Metaspace       used 34097K, capacity 35288K, committed 35456K, reserved 1081344K
  class space    used 4041K, capacity 4357K, committed 4480K, reserved 1048576K
Event: 10.040 GC heap after
Heap after GC invocations=10 (full 1):
 PSYoungGen      total 161280K, used 32741K [0x000000076b400000, 0x000000077bf80000, 0x00000007c0000000)
  eden space 128512K, 0% used [0x000000076b400000,0x000000076b400000,0x0000000773180000)
  from space 32768K, 99% used [0x0000000773180000,0x0000000775179540,0x0000000775180000)
  to   space 43008K, 0% used [0x0000000779580000,0x0000000779580000,0x000000077bf80000)
 ParOldGen       total 118272K, used 58129K [0x00000006c1c00000, 0x00000006c8f80000, 0x000000076b400000)
  object space 118272K, 49% used [0x00000006c1c00000,0x00000006c54c4568,0x00000006c8f80000)
 Metaspace       used 34097K, capacity 35288K, committed 35456K, reserved 1081344K
  class space    used 4041K, capacity 4357K, committed 4480K, reserved 1048576K
}
Event: 10.040 GC heap before
{Heap before GC invocations=11 (full 2):
 PSYoungGen      total 161280K, used 32741K [0x000000076b400000, 0x000000077bf80000, 0x00000007c0000000)
  eden space 128512K, 0% used [0x000000076b400000,0x000000076b400000,0x0000000773180000)
  from space 32768K, 99% used [0x0000000773180000,0x0000000775179540,0x0000000775180000)
  to   space 43008K, 0% used [0x0000000779580000,0x0000000779580000,0x000000077bf80000)
 ParOldGen       total 118272K, used 58129K [0x00000006c1c00000, 0x00000006c8f80000, 0x000000076b400000)
  object space 118272K, 49% used [0x00000006c1c00000,0x00000006c54c4568,0x00000006c8f80000)
 Metaspace       used 34097K, capacity 35288K, committed 35456K, reserved 1081344K
  class space    used 4041K, capacity 4357K, committed 4480K, reserved 1048576K
Event: 10.108 GC heap after
Heap after GC invocations=11 (full 2):
 PSYoungGen      total 161280K, used 0K [0x000000076b400000, 0x000000077bf80000, 0x00000007c0000000)
  eden space 128512K, 0% used [0x000000076b400000,0x000000076b400000,0x0000000773180000)
  from space 32768K, 0% used [0x0000000773180000,0x0000000773180000,0x0000000775180000)
  to   space 43008K, 0% used [0x0000000779580000,0x0000000779580000,0x000000077bf80000)
 ParOldGen       total 198144K, used 54265K [0x00000006c1c00000, 0x00000006cdd80000, 0x000000076b400000)
  object space 198144K, 27% used [0x00000006c1c00000,0x00000006c50fe5e0,0x00000006cdd80000)
 Metaspace       used 34097K, capacity 35288K, committed 35456K, reserved 1081344K
  class space    used 4041K, capacity 4357K, committed 4480K, reserved 1048576K
}

