# JRE version: Java(TM) SE Runtime Environment (8.0_181-b13) (build 1.8.0_181-b13)
# Java VM: Java HotSpot(TM) 64-Bit Server VM (25.181-b13 mixed mode windows-amd64 compressed oops)
Heap:
 PSYoungGen      total 224768K, used 60254K [0x000000076b400000, 0x0000000781f80000, 0x00000007c0000000)
  eden space 189440K, 31% used [0x000000076b400000,0x000000076eed7800,0x0000000776d00000)
  from space 35328K, 0% used [0x0000000776d00000,0x0000000776d00000,0x0000000778f80000)
  to   space 36864K, 0% used [0x000000077fb80000,0x000000077fb80000,0x0000000781f80000)
 ParOldGen       total 183808K, used 49865K [0x00000006c1c00000, 0x00000006ccf80000, 0x000000076b400000)
  object space 183808K, 27% used [0x00000006c1c00000,0x00000006c4cb26d0,0x00000006ccf80000)
 Metaspace       used 42865K, capacity 44422K, committed 44672K, reserved 1089536K
  class space    used 5127K, capacity 5493K, committed 5504K, reserved 1048576K
GC Heap History (10 events):
Event: 8.031 GC heap before
{Heap before GC invocations=9 (full 1):
 PSYoungGen      total 104448K, used 104445K [0x000000076b400000, 0x0000000776180000, 0x00000007c0000000)
  eden space 89088K, 100% used [0x000000076b400000,0x0000000770b00000,0x0000000770b00000)
  from space 15360K, 99% used [0x0000000770b00000,0x00000007719ff4b0,0x0000000771a00000)
  to   space 22528K, 0% used [0x0000000774b80000,0x0000000774b80000,0x0000000776180000)
 ParOldGen       total 119296K, used 26517K [0x00000006c1c00000, 0x00000006c9080000, 0x000000076b400000)
  object space 119296K, 22% used [0x00000006c1c00000,0x00000006c35e57c0,0x00000006c9080000)
 Metaspace       used 28388K, capacity 29200K, committed 29440K, reserved 1075200K
  class space    used 3241K, capacity 3461K, committed 3584K, reserved 1048576K
Event: 8.082 GC heap after
Heap after GC invocations=9 (full 1):
 PSYoungGen      total 144896K, used 22511K [0x000000076b400000, 0x0000000778980000, 0x00000007c0000000)
  eden space 122368K, 0% used [0x000000076b400000,0x000000076b400000,0x0000000772b80000)
  from space 22528K, 99% used [0x0000000774b80000,0x000000077617bc50,0x0000000776180000)
  to   space 32768K, 0% used [0x0000000772b80000,0x0000000772b80000,0x0000000774b80000)
 ParOldGen       total 119296K, used 44113K [0x00000006c1c00000, 0x00000006c9080000, 0x000000076b400000)
  object space 119296K, 36% used [0x00000006c1c00000,0x00000006c47144d8,0x00000006c9080000)
 Metaspace       used 28388K, capacity 29200K, committed 29440K, reserved 1075200K
  class space    used 3241K, capacity 3461K, committed 3584K, reserved 1048576K
}
Event: 8.083 GC heap before
{Heap before GC invocations=10 (full 1):
 PSYoungGen      total 144896K, used 23624K [0x000000076b400000, 0x0000000778980000, 0x00000007c0000000)
  eden space 122368K, 0% used [0x000000076b400000,0x000000076b5165a0,0x0000000772b80000)
  from space 22528K, 99% used [0x0000000774b80000,0x000000077617bc50,0x0000000776180000)
  to   space 32768K, 0% used [0x0000000772b80000,0x0000000772b80000,0x0000000774b80000)
 ParOldGen       total 119296K, used 44113K [0x00000006c1c00000, 0x00000006c9080000, 0x000000076b400000)
  object space 119296K, 36% used [0x00000006c1c00000,0x00000006c47144d8,0x00000006c9080000)
 Metaspace       used 28388K, capacity 29200K, committed 29440K, reserved 1075200K
  class space    used 3241K, capacity 3461K, committed 3584K, reserved 1048576K
Event: 8.099 GC heap after
Heap after GC invocations=10 (full 1):
 PSYoungGen      total 155136K, used 10270K [0x000000076b400000, 0x000000077af00000, 0x00000007c0000000)
  eden space 122368K, 0% used [0x000000076b400000,0x000000076b400000,0x0000000772b80000)
  from space 32768K, 31% used [0x0000000772b80000,0x00000007735878b8,0x0000000774b80000)
  to   space 32256K, 0% used [0x0000000778f80000,0x0000000778f80000,0x000000077af00000)
 ParOldGen       total 119296K, used 56672K [0x00000006c1c00000, 0x00000006c9080000, 0x000000076b400000)
  object space 119296K, 47% used [0x00000006c1c00000,0x00000006c53580f0,0x00000006c9080000)
 Metaspace       used 28388K, capacity 29200K, committed 29440K, reserved 1075200K
  class space    used 3241K, capacity 3461K, committed 3584K, reserved 1048576K
}
Event: 9.437 GC heap before
{Heap before GC invocations=11 (full 1):
 PSYoungGen      total 155136K, used 132638K [0x000000076b400000, 0x000000077af00000, 0x00000007c0000000)
  eden space 122368K, 100% used [0x000000076b400000,0x0000000772b80000,0x0000000772b80000)
  from space 32768K, 31% used [0x0000000772b80000,0x00000007735878b8,0x0000000774b80000)
  to   space 32256K, 0% used [0x0000000778f80000,0x0000000778f80000,0x000000077af00000)
 ParOldGen       total 119296K, used 56672K [0x00000006c1c00000, 0x00000006c9080000, 0x000000076b400000)
  object space 119296K, 47% used [0x00000006c1c00000,0x00000006c53580f0,0x00000006c9080000)
 Metaspace       used 34086K, capacity 35290K, committed 35456K, reserved 1081344K
  class space    used 4037K, capacity 4358K, committed 4480K, reserved 1048576K
Event: 9.481 GC heap after
Heap after GC invocations=11 (full 1):
 PSYoungGen      total 221696K, used 29095K [0x000000076b400000, 0x000000077b400000, 0x00000007c0000000)
  eden space 189440K, 0% used [0x000000076b400000,0x000000076b400000,0x0000000776d00000)
  from space 32256K, 90% used [0x0000000778f80000,0x000000077abe9f80,0x000000077af00000)
  to   space 35328K, 0% used [0x0000000776d00000,0x0000000776d00000,0x0000000778f80000)
 ParOldGen       total 119296K, used 59304K [0x00000006c1c00000, 0x00000006c9080000, 0x000000076b400000)
  object space 119296K, 49% used [0x00000006c1c00000,0x00000006c55ea198,0x00000006c9080000)
 Metaspace       used 34086K, capacity 35290K, committed 35456K, reserved 1081344K
  class space    used 4037K, capacity 4358K, committed 4480K, reserved 1048576K
}
Event: 9.487 GC heap before
{Heap before GC invocations=12 (full 1):
 PSYoungGen      total 221696K, used 32466K [0x000000076b400000, 0x000000077b400000, 0x00000007c0000000)
  eden space 189440K, 1% used [0x000000076b400000,0x000000076b74ac60,0x0000000776d00000)
  from space 32256K, 90% used [0x0000000778f80000,0x000000077abe9f80,0x000000077af00000)
  to   space 35328K, 0% used [0x0000000776d00000,0x0000000776d00000,0x0000000778f80000)
 ParOldGen       total 119296K, used 59304K [0x00000006c1c00000, 0x00000006c9080000, 0x000000076b400000)
  object space 119296K, 49% used [0x00000006c1c00000,0x00000006c55ea198,0x00000006c9080000)
 Metaspace       used 34127K, capacity 35290K, committed 35456K, reserved 1081344K
  class space    used 4039K, capacity 4358K, committed 4480K, reserved 1048576K
Event: 9.502 GC heap after
Heap after GC invocations=12 (full 1):
 PSYoungGen      total 224768K, used 288K [0x000000076b400000, 0x0000000781f80000, 0x00000007c0000000)
  eden space 189440K, 0% used [0x000000076b400000,0x000000076b400000,0x0000000776d00000)
  from space 35328K, 0% used [0x0000000776d00000,0x0000000776d48000,0x0000000778f80000)
  to   space 36864K, 0% used [0x000000077fb80000,0x000000077fb80000,0x0000000781f80000)
 ParOldGen       total 119296K, used 89673K [0x00000006c1c00000, 0x00000006c9080000, 0x000000076b400000)
  object space 119296K, 75% used [0x00000006c1c00000,0x00000006c73927b8,0x00000006c9080000)
 Metaspace       used 34127K, capacity 35290K, committed 35456K, reserved 1081344K
  class space    used 4039K, capacity 4358K, committed 4480K, reserved 1048576K
}
Event: 9.502 GC heap before
{Heap before GC invocations=13 (full 2):
 PSYoungGen      total 224768K, used 288K [0x000000076b400000, 0x0000000781f80000, 0x00000007c0000000)
  eden space 189440K, 0% used [0x000000076b400000,0x000000076b400000,0x0000000776d00000)
  from space 35328K, 0% used [0x0000000776d00000,0x0000000776d48000,0x0000000778f80000)
  to   space 36864K, 0% used [0x000000077fb80000,0x000000077fb80000,0x0000000781f80000)
 ParOldGen       total 119296K, used 89673K [0x00000006c1c00000, 0x00000006c9080000, 0x000000076b400000)
  object space 119296K, 75% used [0x00000006c1c00000,0x00000006c73927b8,0x00000006c9080000)
 Metaspace       used 34127K, capacity 35290K, committed 35456K, reserved 1081344K
  class space    used 4039K, capacity 4358K, committed 4480K, reserved 1048576K
Event: 9.610 GC heap after
Heap after GC invocations=13 (full 2):
 PSYoungGen      total 224768K, used 0K [0x000000076b400000, 0x0000000781f80000, 0x00000007c0000000)
  eden space 189440K, 0% used [0x000000076b400000,0x000000076b400000,0x0000000776d00000)
  from space 35328K, 0% used [0x0000000776d00000,0x0000000776d00000,0x0000000778f80000)
  to   space 36864K, 0% used [0x000000077fb80000,0x000000077fb80000,0x0000000781f80000)
 ParOldGen       total 183808K, used 49865K [0x00000006c1c00000, 0x00000006ccf80000, 0x000000076b400000)
  object space 183808K, 27% used [0x00000006c1c00000,0x00000006c4cb26d0,0x00000006ccf80000)
 Metaspace       used 34127K, capacity 35290K, committed 35456K, reserved 1081344K
  class space    used 4039K, capacity 4358K, committed 4480K, reserved 1048576K
}

