# JRE version: Java(TM) SE Runtime Environment (8.0_181-b13) (build 1.8.0_181-b13)
# Java VM: Java HotSpot(TM) 64-Bit Server VM (25.181-b13 mixed mode windows-amd64 compressed oops)
Heap:
 PSYoungGen      total 207872K, used 61049K [0x000000076b400000, 0x000000077a980000, 0x00000007c0000000)
  eden space 166400K, 36% used [0x000000076b400000,0x000000076ef9e4a0,0x0000000775680000)
  from space 41472K, 0% used [0x0000000777f00000,0x0000000777f00000,0x000000077a780000)
  to   space 41472K, 0% used [0x0000000775680000,0x0000000775680000,0x0000000777f00000)
 ParOldGen       total 177664K, used 28478K [0x00000006c1c00000, 0x00000006cc980000, 0x000000076b400000)
  object space 177664K, 16% used [0x00000006c1c00000,0x00000006c37cfa80,0x00000006cc980000)
 Metaspace       used 42949K, capacity 44426K, committed 44672K, reserved 1089536K
  class space    used 5125K, capacity 5493K, committed 5504K, reserved 1048576K
GC Heap History (10 events):
Event: 7.518 GC heap before
{Heap before GC invocations=8 (full 1):
 PSYoungGen      total 101376K, used 101341K [0x000000076b400000, 0x0000000772900000, 0x00000007c0000000)
  eden space 87040K, 100% used [0x000000076b400000,0x0000000770900000,0x0000000770900000)
  from space 14336K, 99% used [0x0000000771800000,0x00000007725f7428,0x0000000772600000)
  to   space 15360K, 0% used [0x0000000770900000,0x0000000770900000,0x0000000771800000)
 ParOldGen       total 121856K, used 14932K [0x00000006c1c00000, 0x00000006c9300000, 0x000000076b400000)
  object space 121856K, 12% used [0x00000006c1c00000,0x00000006c2a953a0,0x00000006c9300000)
 Metaspace       used 28480K, capacity 29200K, committed 29440K, reserved 1075200K
  class space    used 3246K, capacity 3461K, committed 3584K, reserved 1048576K
Event: 7.545 GC heap after
Heap after GC invocations=8 (full 1):
 PSYoungGen      total 102400K, used 15347K [0x000000076b400000, 0x0000000775b80000, 0x00000007c0000000)
  eden space 87040K, 0% used [0x000000076b400000,0x000000076b400000,0x0000000770900000)
  from space 15360K, 99% used [0x0000000770900000,0x00000007717fcf10,0x0000000771800000)
  to   space 22016K, 0% used [0x0000000774600000,0x0000000774600000,0x0000000775b80000)
 ParOldGen       total 121856K, used 25253K [0x00000006c1c00000, 0x00000006c9300000, 0x000000076b400000)
  object space 121856K, 20% used [0x00000006c1c00000,0x00000006c34a9550,0x00000006c9300000)
 Metaspace       used 28480K, capacity 29200K, committed 29440K, reserved 1075200K
  class space    used 3246K, capacity 3461K, committed 3584K, reserved 1048576K
}
Event: 7.904 GC heap before
{Heap before GC invocations=9 (full 1):
 PSYoungGen      total 102400K, used 102387K [0x000000076b400000, 0x0000000775b80000, 0x00000007c0000000)
  eden space 87040K, 100% used [0x000000076b400000,0x0000000770900000,0x0000000770900000)
  from space 15360K, 99% used [0x0000000770900000,0x00000007717fcf10,0x0000000771800000)
  to   space 22016K, 0% used [0x0000000774600000,0x0000000774600000,0x0000000775b80000)
 ParOldGen       total 121856K, used 25256K [0x00000006c1c00000, 0x00000006c9300000, 0x000000076b400000)
  object space 121856K, 20% used [0x00000006c1c00000,0x00000006c34aa190,0x00000006c9300000)
 Metaspace       used 28491K, capacity 29264K, committed 29440K, reserved 1075200K
  class space    used 3246K, capacity 3461K, committed 3584K, reserved 1048576K
Event: 7.948 GC heap after
Heap after GC invocations=9 (full 1):
 PSYoungGen      total 139264K, used 21989K [0x000000076b400000, 0x0000000778300000, 0x00000007c0000000)
  eden space 117248K, 0% used [0x000000076b400000,0x000000076b400000,0x0000000772680000)
  from space 22016K, 99% used [0x0000000774600000,0x0000000775b79598,0x0000000775b80000)
  to   space 32256K, 0% used [0x0000000772680000,0x0000000772680000,0x0000000774600000)
 ParOldGen       total 121856K, used 42754K [0x00000006c1c00000, 0x00000006c9300000, 0x000000076b400000)
  object space 121856K, 35% used [0x00000006c1c00000,0x00000006c45c0938,0x00000006c9300000)
 Metaspace       used 28491K, capacity 29264K, committed 29440K, reserved 1075200K
  class space    used 3246K, capacity 3461K, committed 3584K, reserved 1048576K
}
Event: 9.085 GC heap before
{Heap before GC invocations=10 (full 1):
 PSYoungGen      total 139264K, used 139237K [0x000000076b400000, 0x0000000778300000, 0x00000007c0000000)
  eden space 117248K, 100% used [0x000000076b400000,0x0000000772680000,0x0000000772680000)
  from space 22016K, 99% used [0x0000000774600000,0x0000000775b79598,0x0000000775b80000)
  to   space 32256K, 0% used [0x0000000772680000,0x0000000772680000,0x0000000774600000)
 ParOldGen       total 121856K, used 42762K [0x00000006c1c00000, 0x00000006c9300000, 0x000000076b400000)
  object space 121856K, 35% used [0x00000006c1c00000,0x00000006c45c2918,0x00000006c9300000)
 Metaspace       used 33022K, capacity 34126K, committed 34432K, reserved 1079296K
  class space    used 3864K, capacity 4154K, committed 4224K, reserved 1048576K
Event: 9.131 GC heap after
Heap after GC invocations=10 (full 1):
 PSYoungGen      total 149504K, used 32248K [0x000000076b400000, 0x000000077a780000, 0x00000007c0000000)
  eden space 117248K, 0% used [0x000000076b400000,0x000000076b400000,0x0000000772680000)
  from space 32256K, 99% used [0x0000000772680000,0x00000007745fe1c8,0x0000000774600000)
  to   space 41472K, 0% used [0x0000000777f00000,0x0000000777f00000,0x000000077a780000)
 ParOldGen       total 121856K, used 54196K [0x00000006c1c00000, 0x00000006c9300000, 0x000000076b400000)
  object space 121856K, 44% used [0x00000006c1c00000,0x00000006c50ed070,0x00000006c9300000)
 Metaspace       used 33022K, capacity 34126K, committed 34432K, reserved 1079296K
  class space    used 3864K, capacity 4154K, committed 4224K, reserved 1048576K
}
Event: 9.300 GC heap before
{Heap before GC invocations=11 (full 1):
 PSYoungGen      total 149504K, used 43376K [0x000000076b400000, 0x000000077a780000, 0x00000007c0000000)
  eden space 117248K, 9% used [0x000000076b400000,0x000000076bede0f0,0x0000000772680000)
  from space 32256K, 99% used [0x0000000772680000,0x00000007745fe1c8,0x0000000774600000)
  to   space 41472K, 0% used [0x0000000777f00000,0x0000000777f00000,0x000000077a780000)
 ParOldGen       total 121856K, used 54196K [0x00000006c1c00000, 0x00000006c9300000, 0x000000076b400000)
  object space 121856K, 44% used [0x00000006c1c00000,0x00000006c50ed070,0x00000006c9300000)
 Metaspace       used 34085K, capacity 35288K, committed 35456K, reserved 1081344K
  class space    used 4027K, capacity 4357K, committed 4480K, reserved 1048576K
Event: 9.312 GC heap after
Heap after GC invocations=11 (full 1):
 PSYoungGen      total 207872K, used 6605K [0x000000076b400000, 0x000000077a980000, 0x00000007c0000000)
  eden space 166400K, 0% used [0x000000076b400000,0x000000076b400000,0x0000000775680000)
  from space 41472K, 15% used [0x0000000777f00000,0x00000007785734e0,0x000000077a780000)
  to   space 41472K, 0% used [0x0000000775680000,0x0000000775680000,0x0000000777f00000)
 ParOldGen       total 121856K, used 66629K [0x00000006c1c00000, 0x00000006c9300000, 0x000000076b400000)
  object space 121856K, 54% used [0x00000006c1c00000,0x00000006c5d11668,0x00000006c9300000)
 Metaspace       used 34085K, capacity 35288K, committed 35456K, reserved 1081344K
  class space    used 4027K, capacity 4357K, committed 4480K, reserved 1048576K
}
Event: 9.312 GC heap before
{Heap before GC invocations=12 (full 2):
 PSYoungGen      total 207872K, used 6605K [0x000000076b400000, 0x000000077a980000, 0x00000007c0000000)
  eden space 166400K, 0% used [0x000000076b400000,0x000000076b400000,0x0000000775680000)
  from space 41472K, 15% used [0x0000000777f00000,0x00000007785734e0,0x000000077a780000)
  to   space 41472K, 0% used [0x0000000775680000,0x0000000775680000,0x0000000777f00000)
 ParOldGen       total 121856K, used 66629K [0x00000006c1c00000, 0x00000006c9300000, 0x000000076b400000)
  object space 121856K, 54% used [0x00000006c1c00000,0x00000006c5d11668,0x00000006c9300000)
 Metaspace       used 34085K, capacity 35288K, committed 35456K, reserved 1081344K
  class space    used 4027K, capacity 4357K, committed 4480K, reserved 1048576K
Event: 9.369 GC heap after
Heap after GC invocations=12 (full 2):
 PSYoungGen      total 207872K, used 0K [0x000000076b400000, 0x000000077a980000, 0x00000007c0000000)
  eden space 166400K, 0% used [0x000000076b400000,0x000000076b400000,0x0000000775680000)
  from space 41472K, 0% used [0x0000000777f00000,0x0000000777f00000,0x000000077a780000)
  to   space 41472K, 0% used [0x0000000775680000,0x0000000775680000,0x0000000777f00000)
 ParOldGen       total 177664K, used 28478K [0x00000006c1c00000, 0x00000006cc980000, 0x000000076b400000)
  object space 177664K, 16% used [0x00000006c1c00000,0x00000006c37cfa80,0x00000006cc980000)
 Metaspace       used 34085K, capacity 35288K, committed 35456K, reserved 1081344K
  class space    used 4027K, capacity 4357K, committed 4480K, reserved 1048576K
}

