# JRE version: Java(TM) SE Runtime Environment (8.0_181-b13) (build 1.8.0_181-b13)
# Java VM: Java HotSpot(TM) 64-Bit Server VM (25.181-b13 mixed mode windows-amd64 compressed oops)
Heap:
 PSYoungGen      total 196608K, used 74445K [0x000000076b400000, 0x0000000779d00000, 0x00000007c0000000)
  eden space 155136K, 47% used [0x000000076b400000,0x000000076fcb36b0,0x0000000774b80000)
  from space 41472K, 0% used [0x0000000777400000,0x0000000777400000,0x0000000779c80000)
  to   space 41472K, 0% used [0x0000000774b80000,0x0000000774b80000,0x0000000777400000)
 ParOldGen       total 180736K, used 30006K [0x00000006c1c00000, 0x00000006ccc80000, 0x000000076b400000)
  object space 180736K, 16% used [0x00000006c1c00000,0x00000006c394da40,0x00000006ccc80000)
 Metaspace       used 43230K, capacity 44686K, committed 44928K, reserved 1089536K
  class space    used 5142K, capacity 5493K, committed 5504K, reserved 1048576K
GC Heap History (10 events):
Event: 9.034 GC heap before
{Heap before GC invocations=8 (full 1):
 PSYoungGen      total 102400K, used 102081K [0x000000076b400000, 0x0000000772800000, 0x00000007c0000000)
  eden space 88064K, 100% used [0x000000076b400000,0x0000000770a00000,0x0000000770a00000)
  from space 14336K, 97% used [0x0000000771900000,0x00000007726b0680,0x0000000772700000)
  to   space 15360K, 0% used [0x0000000770a00000,0x0000000770a00000,0x0000000771900000)
 ParOldGen       total 120832K, used 14977K [0x00000006c1c00000, 0x00000006c9200000, 0x000000076b400000)
  object space 120832K, 12% used [0x00000006c1c00000,0x00000006c2aa07f8,0x00000006c9200000)
 Metaspace       used 28585K, capacity 29328K, committed 29696K, reserved 1075200K
  class space    used 3255K, capacity 3461K, committed 3584K, reserved 1048576K
Event: 9.062 GC heap after
Heap after GC invocations=8 (full 1):
 PSYoungGen      total 103424K, used 15335K [0x000000076b400000, 0x0000000775500000, 0x00000007c0000000)
  eden space 88064K, 0% used [0x000000076b400000,0x000000076b400000,0x0000000770a00000)
  from space 15360K, 99% used [0x0000000770a00000,0x00000007718f9c18,0x0000000771900000)
  to   space 21504K, 0% used [0x0000000774000000,0x0000000774000000,0x0000000775500000)
 ParOldGen       total 120832K, used 23961K [0x00000006c1c00000, 0x00000006c9200000, 0x000000076b400000)
  object space 120832K, 19% used [0x00000006c1c00000,0x00000006c33665d8,0x00000006c9200000)
 Metaspace       used 28585K, capacity 29328K, committed 29696K, reserved 1075200K
  class space    used 3255K, capacity 3461K, committed 3584K, reserved 1048576K
}
Event: 9.524 GC heap before
{Heap before GC invocations=9 (full 1):
 PSYoungGen      total 103424K, used 103399K [0x000000076b400000, 0x0000000775500000, 0x00000007c0000000)
  eden space 88064K, 100% used [0x000000076b400000,0x0000000770a00000,0x0000000770a00000)
  from space 15360K, 99% used [0x0000000770a00000,0x00000007718f9c18,0x0000000771900000)
  to   space 21504K, 0% used [0x0000000774000000,0x0000000774000000,0x0000000775500000)
 ParOldGen       total 120832K, used 23969K [0x00000006c1c00000, 0x00000006c9200000, 0x000000076b400000)
  object space 120832K, 19% used [0x00000006c1c00000,0x00000006c3368468,0x00000006c9200000)
 Metaspace       used 28604K, capacity 29328K, committed 29696K, reserved 1075200K
  class space    used 3255K, capacity 3461K, committed 3584K, reserved 1048576K
Event: 9.591 GC heap after
Heap after GC invocations=9 (full 1):
 PSYoungGen      total 132608K, used 21495K [0x000000076b400000, 0x0000000778200000, 0x00000007c0000000)
  eden space 111104K, 0% used [0x000000076b400000,0x000000076b400000,0x0000000772080000)
  from space 21504K, 99% used [0x0000000774000000,0x00000007754fdc48,0x0000000775500000)
  to   space 32256K, 0% used [0x0000000772080000,0x0000000772080000,0x0000000774000000)
 ParOldGen       total 120832K, used 42729K [0x00000006c1c00000, 0x00000006c9200000, 0x000000076b400000)
  object space 120832K, 35% used [0x00000006c1c00000,0x00000006c45ba4a0,0x00000006c9200000)
 Metaspace       used 28604K, capacity 29328K, committed 29696K, reserved 1075200K
  class space    used 3255K, capacity 3461K, committed 3584K, reserved 1048576K
}
Event: 10.749 GC heap before
{Heap before GC invocations=10 (full 1):
 PSYoungGen      total 132608K, used 132599K [0x000000076b400000, 0x0000000778200000, 0x00000007c0000000)
  eden space 111104K, 100% used [0x000000076b400000,0x0000000772080000,0x0000000772080000)
  from space 21504K, 99% used [0x0000000774000000,0x00000007754fdc48,0x0000000775500000)
  to   space 32256K, 0% used [0x0000000772080000,0x0000000772080000,0x0000000774000000)
 ParOldGen       total 120832K, used 42815K [0x00000006c1c00000, 0x00000006c9200000, 0x000000076b400000)
  object space 120832K, 35% used [0x00000006c1c00000,0x00000006c45cfe78,0x00000006c9200000)
 Metaspace       used 31337K, capacity 32314K, committed 32640K, reserved 1077248K
  class space    used 3591K, capacity 3876K, committed 3968K, reserved 1048576K
Event: 10.793 GC heap after
Heap after GC invocations=10 (full 1):
 PSYoungGen      total 143360K, used 32242K [0x000000076b400000, 0x0000000779c80000, 0x00000007c0000000)
  eden space 111104K, 0% used [0x000000076b400000,0x000000076b400000,0x0000000772080000)
  from space 32256K, 99% used [0x0000000772080000,0x0000000773ffcb08,0x0000000774000000)
  to   space 41472K, 0% used [0x0000000777400000,0x0000000777400000,0x0000000779c80000)
 ParOldGen       total 120832K, used 54946K [0x00000006c1c00000, 0x00000006c9200000, 0x000000076b400000)
  object space 120832K, 45% used [0x00000006c1c00000,0x00000006c51a8a10,0x00000006c9200000)
 Metaspace       used 31337K, capacity 32314K, committed 32640K, reserved 1077248K
  class space    used 3591K, capacity 3876K, committed 3968K, reserved 1048576K
}
Event: 11.193 GC heap before
{Heap before GC invocations=11 (full 1):
 PSYoungGen      total 143360K, used 56692K [0x000000076b400000, 0x0000000779c80000, 0x00000007c0000000)
  eden space 111104K, 22% used [0x000000076b400000,0x000000076cbe0698,0x0000000772080000)
  from space 32256K, 99% used [0x0000000772080000,0x0000000773ffcb08,0x0000000774000000)
  to   space 41472K, 0% used [0x0000000777400000,0x0000000777400000,0x0000000779c80000)
 ParOldGen       total 120832K, used 54946K [0x00000006c1c00000, 0x00000006c9200000, 0x000000076b400000)
  object space 120832K, 45% used [0x00000006c1c00000,0x00000006c51a8a10,0x00000006c9200000)
 Metaspace       used 34140K, capacity 35320K, committed 35496K, reserved 1081344K
  class space    used 4026K, capacity 4325K, committed 4352K, reserved 1048576K
Event: 11.213 GC heap after
Heap after GC invocations=11 (full 1):
 PSYoungGen      total 196608K, used 8501K [0x000000076b400000, 0x0000000779d00000, 0x00000007c0000000)
  eden space 155136K, 0% used [0x000000076b400000,0x000000076b400000,0x0000000774b80000)
  from space 41472K, 20% used [0x0000000777400000,0x0000000777c4d740,0x0000000779c80000)
  to   space 41472K, 0% used [0x0000000774b80000,0x0000000774b80000,0x0000000777400000)
 ParOldGen       total 120832K, used 67532K [0x00000006c1c00000, 0x00000006c9200000, 0x000000076b400000)
  object space 120832K, 55% used [0x00000006c1c00000,0x00000006c5df3210,0x00000006c9200000)
 Metaspace       used 34140K, capacity 35320K, committed 35496K, reserved 1081344K
  class space    used 4026K, capacity 4325K, committed 4352K, reserved 1048576K
}
Event: 11.213 GC heap before
{Heap before GC invocations=12 (full 2):
 PSYoungGen      total 196608K, used 8501K [0x000000076b400000, 0x0000000779d00000, 0x00000007c0000000)
  eden space 155136K, 0% used [0x000000076b400000,0x000000076b400000,0x0000000774b80000)
  from space 41472K, 20% used [0x0000000777400000,0x0000000777c4d740,0x0000000779c80000)
  to   space 41472K, 0% used [0x0000000774b80000,0x0000000774b80000,0x0000000777400000)
 ParOldGen       total 120832K, used 67532K [0x00000006c1c00000, 0x00000006c9200000, 0x000000076b400000)
  object space 120832K, 55% used [0x00000006c1c00000,0x00000006c5df3210,0x00000006c9200000)
 Metaspace       used 34140K, capacity 35320K, committed 35496K, reserved 1081344K
  class space    used 4026K, capacity 4325K, committed 4352K, reserved 1048576K
Event: 11.271 GC heap after
Heap after GC invocations=12 (full 2):
 PSYoungGen      total 196608K, used 0K [0x000000076b400000, 0x0000000779d00000, 0x00000007c0000000)
  eden space 155136K, 0% used [0x000000076b400000,0x000000076b400000,0x0000000774b80000)
  from space 41472K, 0% used [0x0000000777400000,0x0000000777400000,0x0000000779c80000)
  to   space 41472K, 0% used [0x0000000774b80000,0x0000000774b80000,0x0000000777400000)
 ParOldGen       total 180736K, used 30006K [0x00000006c1c00000, 0x00000006ccc80000, 0x000000076b400000)
  object space 180736K, 16% used [0x00000006c1c00000,0x00000006c394da40,0x00000006ccc80000)
 Metaspace       used 34140K, capacity 35320K, committed 35496K, reserved 1081344K
  class space    used 4026K, capacity 4325K, committed 4352K, reserved 1048576K
}

