# JRE version: Java(TM) SE Runtime Environment (8.0_181-b13) (build 1.8.0_181-b13)
# Java VM: Java HotSpot(TM) 64-Bit Server VM (25.181-b13 mixed mode windows-amd64 compressed oops)
Heap:
 PSYoungGen      total 213504K, used 76898K [0x000000076b400000, 0x000000077ae80000, 0x00000007c0000000)
  eden space 172544K, 44% used [0x000000076b400000,0x000000076ff18988,0x0000000775c80000)
  from space 40960K, 0% used [0x0000000778680000,0x0000000778680000,0x000000077ae80000)
  to   space 41984K, 0% used [0x0000000775c80000,0x0000000775c80000,0x0000000778580000)
 ParOldGen       total 177152K, used 28884K [0x00000006c1c00000, 0x00000006cc900000, 0x000000076b400000)
  object space 177152K, 16% used [0x00000006c1c00000,0x00000006c3835318,0x00000006cc900000)
 Metaspace       used 43345K, capacity 44856K, committed 45056K, reserved 1089536K
  class space    used 5160K, capacity 5528K, committed 5632K, reserved 1048576K
GC Heap History (10 events):
Event: 8.427 GC heap before
{Heap before GC invocations=8 (full 1):
 PSYoungGen      total 102912K, used 102669K [0x000000076b400000, 0x0000000772b00000, 0x00000007c0000000)
  eden space 88576K, 100% used [0x000000076b400000,0x0000000770a80000,0x0000000770a80000)
  from space 14336K, 98% used [0x0000000771980000,0x0000000772743700,0x0000000772780000)
  to   space 15360K, 0% used [0x0000000770a80000,0x0000000770a80000,0x0000000771980000)
 ParOldGen       total 119296K, used 14726K [0x00000006c1c00000, 0x00000006c9080000, 0x000000076b400000)
  object space 119296K, 12% used [0x00000006c1c00000,0x00000006c2a61b48,0x00000006c9080000)
 Metaspace       used 28550K, capacity 29328K, committed 29696K, reserved 1075200K
  class space    used 3255K, capacity 3461K, committed 3584K, reserved 1048576K
Event: 8.462 GC heap after
Heap after GC invocations=8 (full 1):
 PSYoungGen      total 103936K, used 15346K [0x000000076b400000, 0x0000000775c80000, 0x00000007c0000000)
  eden space 88576K, 0% used [0x000000076b400000,0x000000076b400000,0x0000000770a80000)
  from space 15360K, 99% used [0x0000000770a80000,0x000000077197cac0,0x0000000771980000)
  to   space 20992K, 0% used [0x0000000774800000,0x0000000774800000,0x0000000775c80000)
 ParOldGen       total 119296K, used 23432K [0x00000006c1c00000, 0x00000006c9080000, 0x000000076b400000)
  object space 119296K, 19% used [0x00000006c1c00000,0x00000006c32e20c0,0x00000006c9080000)
 Metaspace       used 28550K, capacity 29328K, committed 29696K, reserved 1075200K
  class space    used 3255K, capacity 3461K, committed 3584K, reserved 1048576K
}
Event: 8.944 GC heap before
{Heap before GC invocations=9 (full 1):
 PSYoungGen      total 103936K, used 103922K [0x000000076b400000, 0x0000000775c80000, 0x00000007c0000000)
  eden space 88576K, 100% used [0x000000076b400000,0x0000000770a80000,0x0000000770a80000)
  from space 15360K, 99% used [0x0000000770a80000,0x000000077197cac0,0x0000000771980000)
  to   space 20992K, 0% used [0x0000000774800000,0x0000000774800000,0x0000000775c80000)
 ParOldGen       total 119296K, used 23450K [0x00000006c1c00000, 0x00000006c9080000, 0x000000076b400000)
  object space 119296K, 19% used [0x00000006c1c00000,0x00000006c32e6930,0x00000006c9080000)
 Metaspace       used 28568K, capacity 29328K, committed 29696K, reserved 1075200K
  class space    used 3255K, capacity 3461K, committed 3584K, reserved 1048576K
Event: 9.022 GC heap after
Heap after GC invocations=9 (full 1):
 PSYoungGen      total 140800K, used 20974K [0x000000076b400000, 0x0000000778980000, 0x00000007c0000000)
  eden space 119808K, 0% used [0x000000076b400000,0x000000076b400000,0x0000000772900000)
  from space 20992K, 99% used [0x0000000774800000,0x0000000775c7ba88,0x0000000775c80000)
  to   space 31744K, 0% used [0x0000000772900000,0x0000000772900000,0x0000000774800000)
 ParOldGen       total 119296K, used 42754K [0x00000006c1c00000, 0x00000006c9080000, 0x000000076b400000)
  object space 119296K, 35% used [0x00000006c1c00000,0x00000006c45c0af8,0x00000006c9080000)
 Metaspace       used 28568K, capacity 29328K, committed 29696K, reserved 1075200K
  class space    used 3255K, capacity 3461K, committed 3584K, reserved 1048576K
}
Event: 11.287 GC heap before
{Heap before GC invocations=10 (full 1):
 PSYoungGen      total 140800K, used 140782K [0x000000076b400000, 0x0000000778980000, 0x00000007c0000000)
  eden space 119808K, 100% used [0x000000076b400000,0x0000000772900000,0x0000000772900000)
  from space 20992K, 99% used [0x0000000774800000,0x0000000775c7ba88,0x0000000775c80000)
  to   space 31744K, 0% used [0x0000000772900000,0x0000000772900000,0x0000000774800000)
 ParOldGen       total 119296K, used 42764K [0x00000006c1c00000, 0x00000006c9080000, 0x000000076b400000)
  object space 119296K, 35% used [0x00000006c1c00000,0x00000006c45c3080,0x00000006c9080000)
 Metaspace       used 32341K, capacity 33366K, committed 33536K, reserved 1079296K
  class space    used 3744K, capacity 4010K, committed 4096K, reserved 1048576K
Event: 11.371 GC heap after
Heap after GC invocations=10 (full 1):
 PSYoungGen      total 151552K, used 31729K [0x000000076b400000, 0x000000077af80000, 0x00000007c0000000)
  eden space 119808K, 0% used [0x000000076b400000,0x000000076b400000,0x0000000772900000)
  from space 31744K, 99% used [0x0000000772900000,0x00000007747fc628,0x0000000774800000)
  to   space 41984K, 0% used [0x0000000778680000,0x0000000778680000,0x000000077af80000)
 ParOldGen       total 119296K, used 57165K [0x00000006c1c00000, 0x00000006c9080000, 0x000000076b400000)
  object space 119296K, 47% used [0x00000006c1c00000,0x00000006c53d36b8,0x00000006c9080000)
 Metaspace       used 32341K, capacity 33366K, committed 33536K, reserved 1079296K
  class space    used 3744K, capacity 4010K, committed 4096K, reserved 1048576K
}
Event: 11.895 GC heap before
{Heap before GC invocations=11 (full 1):
 PSYoungGen      total 151552K, used 48086K [0x000000076b400000, 0x000000077af80000, 0x00000007c0000000)
  eden space 119808K, 13% used [0x000000076b400000,0x000000076c3f9458,0x0000000772900000)
  from space 31744K, 99% used [0x0000000772900000,0x00000007747fc628,0x0000000774800000)
  to   space 41984K, 0% used [0x0000000778680000,0x0000000778680000,0x000000077af80000)
 ParOldGen       total 119296K, used 57165K [0x00000006c1c00000, 0x00000006c9080000, 0x000000076b400000)
  object space 119296K, 47% used [0x00000006c1c00000,0x00000006c53d36b8,0x00000006c9080000)
 Metaspace       used 34140K, capacity 35384K, committed 35496K, reserved 1081344K
  class space    used 4027K, capacity 4325K, committed 4352K, reserved 1048576K
Event: 11.913 GC heap after
Heap after GC invocations=11 (full 1):
 PSYoungGen      total 213504K, used 7442K [0x000000076b400000, 0x000000077ae80000, 0x00000007c0000000)
  eden space 172544K, 0% used [0x000000076b400000,0x000000076b400000,0x0000000775c80000)
  from space 40960K, 18% used [0x0000000778680000,0x0000000778dc48b0,0x000000077ae80000)
  to   space 41984K, 0% used [0x0000000775c80000,0x0000000775c80000,0x0000000778580000)
 ParOldGen       total 119296K, used 69845K [0x00000006c1c00000, 0x00000006c9080000, 0x000000076b400000)
  object space 119296K, 58% used [0x00000006c1c00000,0x00000006c6035648,0x00000006c9080000)
 Metaspace       used 34140K, capacity 35384K, committed 35496K, reserved 1081344K
  class space    used 4027K, capacity 4325K, committed 4352K, reserved 1048576K
}
Event: 11.913 GC heap before
{Heap before GC invocations=12 (full 2):
 PSYoungGen      total 213504K, used 7442K [0x000000076b400000, 0x000000077ae80000, 0x00000007c0000000)
  eden space 172544K, 0% used [0x000000076b400000,0x000000076b400000,0x0000000775c80000)
  from space 40960K, 18% used [0x0000000778680000,0x0000000778dc48b0,0x000000077ae80000)
  to   space 41984K, 0% used [0x0000000775c80000,0x0000000775c80000,0x0000000778580000)
 ParOldGen       total 119296K, used 69845K [0x00000006c1c00000, 0x00000006c9080000, 0x000000076b400000)
  object space 119296K, 58% used [0x00000006c1c00000,0x00000006c6035648,0x00000006c9080000)
 Metaspace       used 34140K, capacity 35384K, committed 35496K, reserved 1081344K
  class space    used 4027K, capacity 4325K, committed 4352K, reserved 1048576K
Event: 11.995 GC heap after
Heap after GC invocations=12 (full 2):
 PSYoungGen      total 213504K, used 0K [0x000000076b400000, 0x000000077ae80000, 0x00000007c0000000)
  eden space 172544K, 0% used [0x000000076b400000,0x000000076b400000,0x0000000775c80000)
  from space 40960K, 0% used [0x0000000778680000,0x0000000778680000,0x000000077ae80000)
  to   space 41984K, 0% used [0x0000000775c80000,0x0000000775c80000,0x0000000778580000)
 ParOldGen       total 177152K, used 28884K [0x00000006c1c00000, 0x00000006cc900000, 0x000000076b400000)
  object space 177152K, 16% used [0x00000006c1c00000,0x00000006c3835318,0x00000006cc900000)
 Metaspace       used 34140K, capacity 35384K, committed 35496K, reserved 1081344K
  class space    used 4027K, capacity 4325K, committed 4352K, reserved 1048576K
}

