# JRE version: Java(TM) SE Runtime Environment (8.0_181-b13) (build 1.8.0_181-b13)
# Java VM: Java HotSpot(TM) 64-Bit Server VM (25.181-b13 mixed mode windows-amd64 compressed oops)
Heap:
 PSYoungGen      total 217600K, used 75115K [0x000000076b400000, 0x000000077b300000, 0x00000007c0000000)
  eden space 175104K, 42% used [0x000000076b400000,0x000000076fd5ad98,0x0000000775f00000)
  from space 42496K, 0% used [0x0000000778900000,0x0000000778900000,0x000000077b280000)
  to   space 43008K, 0% used [0x0000000775f00000,0x0000000775f00000,0x0000000778900000)
 ParOldGen       total 171520K, used 28313K [0x00000006c1c00000, 0x00000006cc380000, 0x000000076b400000)
  object space 171520K, 16% used [0x00000006c1c00000,0x00000006c37a6478,0x00000006cc380000)
 Metaspace       used 43217K, capacity 44750K, committed 44928K, reserved 1089536K
  class space    used 5145K, capacity 5493K, committed 5504K, reserved 1048576K
GC Heap History (10 events):
Event: 9.060 GC heap before
{Heap before GC invocations=8 (full 1):
 PSYoungGen      total 104448K, used 104427K [0x000000076b400000, 0x0000000772b80000, 0x00000007c0000000)
  eden space 90624K, 100% used [0x000000076b400000,0x0000000770c80000,0x0000000770c80000)
  from space 13824K, 99% used [0x0000000771b80000,0x00000007728faf00,0x0000000772900000)
  to   space 15360K, 0% used [0x0000000770c80000,0x0000000770c80000,0x0000000771b80000)
 ParOldGen       total 117760K, used 15122K [0x00000006c1c00000, 0x00000006c8f00000, 0x000000076b400000)
  object space 117760K, 12% used [0x00000006c1c00000,0x00000006c2ac4900,0x00000006c8f00000)
 Metaspace       used 28571K, capacity 29392K, committed 29696K, reserved 1075200K
  class space    used 3259K, capacity 3461K, committed 3584K, reserved 1048576K
Event: 9.093 GC heap after
Heap after GC invocations=8 (full 1):
 PSYoungGen      total 105984K, used 15359K [0x000000076b400000, 0x0000000776080000, 0x00000007c0000000)
  eden space 90624K, 0% used [0x000000076b400000,0x000000076b400000,0x0000000770c80000)
  from space 15360K, 99% used [0x0000000770c80000,0x0000000771b7fea0,0x0000000771b80000)
  to   space 21504K, 0% used [0x0000000774b80000,0x0000000774b80000,0x0000000776080000)
 ParOldGen       total 117760K, used 24723K [0x00000006c1c00000, 0x00000006c8f00000, 0x000000076b400000)
  object space 117760K, 20% used [0x00000006c1c00000,0x00000006c3424fe0,0x00000006c8f00000)
 Metaspace       used 28571K, capacity 29392K, committed 29696K, reserved 1075200K
  class space    used 3259K, capacity 3461K, committed 3584K, reserved 1048576K
}
Event: 9.599 GC heap before
{Heap before GC invocations=9 (full 1):
 PSYoungGen      total 105984K, used 105983K [0x000000076b400000, 0x0000000776080000, 0x00000007c0000000)
  eden space 90624K, 100% used [0x000000076b400000,0x0000000770c80000,0x0000000770c80000)
  from space 15360K, 99% used [0x0000000770c80000,0x0000000771b7fea0,0x0000000771b80000)
  to   space 21504K, 0% used [0x0000000774b80000,0x0000000774b80000,0x0000000776080000)
 ParOldGen       total 117760K, used 24735K [0x00000006c1c00000, 0x00000006c8f00000, 0x000000076b400000)
  object space 117760K, 21% used [0x00000006c1c00000,0x00000006c3427e58,0x00000006c8f00000)
 Metaspace       used 28586K, capacity 29392K, committed 29696K, reserved 1075200K
  class space    used 3259K, capacity 3461K, committed 3584K, reserved 1048576K
Event: 9.671 GC heap after
Heap after GC invocations=9 (full 1):
 PSYoungGen      total 143872K, used 21498K [0x000000076b400000, 0x0000000778d80000, 0x00000007c0000000)
  eden space 122368K, 0% used [0x000000076b400000,0x000000076b400000,0x0000000772b80000)
  from space 21504K, 99% used [0x0000000774b80000,0x000000077607e9d0,0x0000000776080000)
  to   space 32768K, 0% used [0x0000000772b80000,0x0000000772b80000,0x0000000774b80000)
 ParOldGen       total 117760K, used 44364K [0x00000006c1c00000, 0x00000006c8f00000, 0x000000076b400000)
  object space 117760K, 37% used [0x00000006c1c00000,0x00000006c47531a0,0x00000006c8f00000)
 Metaspace       used 28586K, capacity 29392K, committed 29696K, reserved 1075200K
  class space    used 3259K, capacity 3461K, committed 3584K, reserved 1048576K
}
Event: 11.072 GC heap before
{Heap before GC invocations=10 (full 1):
 PSYoungGen      total 143872K, used 143866K [0x000000076b400000, 0x0000000778d80000, 0x00000007c0000000)
  eden space 122368K, 100% used [0x000000076b400000,0x0000000772b80000,0x0000000772b80000)
  from space 21504K, 99% used [0x0000000774b80000,0x000000077607e9d0,0x0000000776080000)
  to   space 32768K, 0% used [0x0000000772b80000,0x0000000772b80000,0x0000000774b80000)
 ParOldGen       total 117760K, used 44369K [0x00000006c1c00000, 0x00000006c8f00000, 0x000000076b400000)
  object space 117760K, 37% used [0x00000006c1c00000,0x00000006c4754570,0x00000006c8f00000)
 Metaspace       used 33244K, capacity 34414K, committed 34688K, reserved 1079296K
  class space    used 3887K, capacity 4186K, committed 4224K, reserved 1048576K
Event: 11.121 GC heap after
Heap after GC invocations=10 (full 1):
 PSYoungGen      total 155136K, used 32767K [0x000000076b400000, 0x000000077b280000, 0x00000007c0000000)
  eden space 122368K, 0% used [0x000000076b400000,0x000000076b400000,0x0000000772b80000)
  from space 32768K, 99% used [0x0000000772b80000,0x0000000774b7fd38,0x0000000774b80000)
  to   space 42496K, 0% used [0x0000000778900000,0x0000000778900000,0x000000077b280000)
 ParOldGen       total 117760K, used 57299K [0x00000006c1c00000, 0x00000006c8f00000, 0x000000076b400000)
  object space 117760K, 48% used [0x00000006c1c00000,0x00000006c53f4f70,0x00000006c8f00000)
 Metaspace       used 33244K, capacity 34414K, committed 34688K, reserved 1079296K
  class space    used 3887K, capacity 4186K, committed 4224K, reserved 1048576K
}
Event: 11.297 GC heap before
{Heap before GC invocations=11 (full 1):
 PSYoungGen      total 155136K, used 42004K [0x000000076b400000, 0x000000077b280000, 0x00000007c0000000)
  eden space 122368K, 7% used [0x000000076b400000,0x000000076bd05600,0x0000000772b80000)
  from space 32768K, 99% used [0x0000000772b80000,0x0000000774b7fd38,0x0000000774b80000)
  to   space 42496K, 0% used [0x0000000778900000,0x0000000778900000,0x000000077b280000)
 ParOldGen       total 117760K, used 57299K [0x00000006c1c00000, 0x00000006c8f00000, 0x000000076b400000)
  object space 117760K, 48% used [0x00000006c1c00000,0x00000006c53f4f70,0x00000006c8f00000)
 Metaspace       used 34112K, capacity 35314K, committed 35496K, reserved 1081344K
  class space    used 4029K, capacity 4324K, committed 4352K, reserved 1048576K
Event: 11.304 GC heap after
Heap after GC invocations=11 (full 1):
 PSYoungGen      total 217600K, used 3688K [0x000000076b400000, 0x000000077b300000, 0x00000007c0000000)
  eden space 175104K, 0% used [0x000000076b400000,0x000000076b400000,0x0000000775f00000)
  from space 42496K, 8% used [0x0000000778900000,0x0000000778c9a140,0x000000077b280000)
  to   space 43008K, 0% used [0x0000000775f00000,0x0000000775f00000,0x0000000778900000)
 ParOldGen       total 117760K, used 60194K [0x00000006c1c00000, 0x00000006c8f00000, 0x000000076b400000)
  object space 117760K, 51% used [0x00000006c1c00000,0x00000006c56c8a48,0x00000006c8f00000)
 Metaspace       used 34112K, capacity 35314K, committed 35496K, reserved 1081344K
  class space    used 4029K, capacity 4324K, committed 4352K, reserved 1048576K
}
Event: 11.304 GC heap before
{Heap before GC invocations=12 (full 2):
 PSYoungGen      total 217600K, used 3688K [0x000000076b400000, 0x000000077b300000, 0x00000007c0000000)
  eden space 175104K, 0% used [0x000000076b400000,0x000000076b400000,0x0000000775f00000)
  from space 42496K, 8% used [0x0000000778900000,0x0000000778c9a140,0x000000077b280000)
  to   space 43008K, 0% used [0x0000000775f00000,0x0000000775f00000,0x0000000778900000)
 ParOldGen       total 117760K, used 60194K [0x00000006c1c00000, 0x00000006c8f00000, 0x000000076b400000)
  object space 117760K, 51% used [0x00000006c1c00000,0x00000006c56c8a48,0x00000006c8f00000)
 Metaspace       used 34112K, capacity 35314K, committed 35496K, reserved 1081344K
  class space    used 4029K, capacity 4324K, committed 4352K, reserved 1048576K
Event: 11.367 GC heap after
Heap after GC invocations=12 (full 2):
 PSYoungGen      total 217600K, used 0K [0x000000076b400000, 0x000000077b300000, 0x00000007c0000000)
  eden space 175104K, 0% used [0x000000076b400000,0x000000076b400000,0x0000000775f00000)
  from space 42496K, 0% used [0x0000000778900000,0x0000000778900000,0x000000077b280000)
  to   space 43008K, 0% used [0x0000000775f00000,0x0000000775f00000,0x0000000778900000)
 ParOldGen       total 171520K, used 28313K [0x00000006c1c00000, 0x00000006cc380000, 0x000000076b400000)
  object space 171520K, 16% used [0x00000006c1c00000,0x00000006c37a6478,0x00000006cc380000)
 Metaspace       used 34112K, capacity 35314K, committed 35496K, reserved 1081344K
  class space    used 4029K, capacity 4324K, committed 4352K, reserved 1048576K
}

