# JRE version: Java(TM) SE Runtime Environment (8.0_181-b13) (build 1.8.0_181-b13)
# Java VM: Java HotSpot(TM) 64-Bit Server VM (25.181-b13 mixed mode windows-amd64 compressed oops)
Heap:
 PSYoungGen      total 200192K, used 60142K [0x000000076b400000, 0x0000000779f80000, 0x00000007c0000000)
  eden space 158720K, 37% used [0x000000076b400000,0x000000076eebba48,0x0000000774f00000)
  from space 41472K, 0% used [0x0000000777700000,0x0000000777700000,0x0000000779f80000)
  to   space 40960K, 0% used [0x0000000774f00000,0x0000000774f00000,0x0000000777700000)
 ParOldGen       total 182272K, used 30011K [0x00000006c1c00000, 0x00000006cce00000, 0x000000076b400000)
  object space 182272K, 16% used [0x00000006c1c00000,0x00000006c394ef48,0x00000006cce00000)
 Metaspace       used 42695K, capacity 44222K, committed 44416K, reserved 1087488K
  class space    used 5090K, capacity 5426K, committed 5504K, reserved 1048576K
GC Heap History (10 events):
Event: 8.342 GC heap before
{Heap before GC invocations=8 (full 1):
 PSYoungGen      total 101376K, used 100863K [0x000000076b400000, 0x0000000772880000, 0x00000007c0000000)
  eden space 87040K, 100% used [0x000000076b400000,0x0000000770900000,0x0000000770900000)
  from space 14336K, 96% used [0x0000000771800000,0x000000077257fcf8,0x0000000772600000)
  to   space 15360K, 0% used [0x0000000770900000,0x0000000770900000,0x0000000771800000)
 ParOldGen       total 121344K, used 15087K [0x00000006c1c00000, 0x00000006c9280000, 0x000000076b400000)
  object space 121344K, 12% used [0x00000006c1c00000,0x00000006c2abbdc8,0x00000006c9280000)
 Metaspace       used 28542K, capacity 29328K, committed 29696K, reserved 1075200K
  class space    used 3260K, capacity 3461K, committed 3584K, reserved 1048576K
Event: 8.371 GC heap after
Heap after GC invocations=8 (full 1):
 PSYoungGen      total 102400K, used 15353K [0x000000076b400000, 0x0000000775580000, 0x00000007c0000000)
  eden space 87040K, 0% used [0x000000076b400000,0x000000076b400000,0x0000000770900000)
  from space 15360K, 99% used [0x0000000770900000,0x00000007717fe600,0x0000000771800000)
  to   space 20992K, 0% used [0x0000000774100000,0x0000000774100000,0x0000000775580000)
 ParOldGen       total 121344K, used 23871K [0x00000006c1c00000, 0x00000006c9280000, 0x000000076b400000)
  object space 121344K, 19% used [0x00000006c1c00000,0x00000006c334fe08,0x00000006c9280000)
 Metaspace       used 28542K, capacity 29328K, committed 29696K, reserved 1075200K
  class space    used 3260K, capacity 3461K, committed 3584K, reserved 1048576K
}
Event: 8.811 GC heap before
{Heap before GC invocations=9 (full 1):
 PSYoungGen      total 102400K, used 102393K [0x000000076b400000, 0x0000000775580000, 0x00000007c0000000)
  eden space 87040K, 100% used [0x000000076b400000,0x0000000770900000,0x0000000770900000)
  from space 15360K, 99% used [0x0000000770900000,0x00000007717fe600,0x0000000771800000)
  to   space 20992K, 0% used [0x0000000774100000,0x0000000774100000,0x0000000775580000)
 ParOldGen       total 121344K, used 23892K [0x00000006c1c00000, 0x00000006c9280000, 0x000000076b400000)
  object space 121344K, 19% used [0x00000006c1c00000,0x00000006c3355050,0x00000006c9280000)
 Metaspace       used 28559K, capacity 29328K, committed 29696K, reserved 1075200K
  class space    used 3260K, capacity 3461K, committed 3584K, reserved 1048576K
Event: 8.871 GC heap after
Heap after GC invocations=9 (full 1):
 PSYoungGen      total 133632K, used 20988K [0x000000076b400000, 0x0000000778100000, 0x00000007c0000000)
  eden space 112640K, 0% used [0x000000076b400000,0x000000076b400000,0x0000000772200000)
  from space 20992K, 99% used [0x0000000774100000,0x000000077557f230,0x0000000775580000)
  to   space 31744K, 0% used [0x0000000772200000,0x0000000772200000,0x0000000774100000)
 ParOldGen       total 121344K, used 42376K [0x00000006c1c00000, 0x00000006c9280000, 0x000000076b400000)
  object space 121344K, 34% used [0x00000006c1c00000,0x00000006c45622e8,0x00000006c9280000)
 Metaspace       used 28559K, capacity 29328K, committed 29696K, reserved 1075200K
  class space    used 3260K, capacity 3461K, committed 3584K, reserved 1048576K
}
Event: 10.143 GC heap before
{Heap before GC invocations=10 (full 1):
 PSYoungGen      total 133632K, used 133628K [0x000000076b400000, 0x0000000778100000, 0x00000007c0000000)
  eden space 112640K, 100% used [0x000000076b400000,0x0000000772200000,0x0000000772200000)
  from space 20992K, 99% used [0x0000000774100000,0x000000077557f230,0x0000000775580000)
  to   space 31744K, 0% used [0x0000000772200000,0x0000000772200000,0x0000000774100000)
 ParOldGen       total 121344K, used 42401K [0x00000006c1c00000, 0x00000006c9280000, 0x000000076b400000)
  object space 121344K, 34% used [0x00000006c1c00000,0x00000006c4568558,0x00000006c9280000)
 Metaspace       used 31413K, capacity 32378K, committed 32640K, reserved 1077248K
  class space    used 3612K, capacity 3876K, committed 3968K, reserved 1048576K
Event: 10.189 GC heap after
Heap after GC invocations=10 (full 1):
 PSYoungGen      total 144384K, used 31714K [0x000000076b400000, 0x0000000779f80000, 0x00000007c0000000)
  eden space 112640K, 0% used [0x000000076b400000,0x000000076b400000,0x0000000772200000)
  from space 31744K, 99% used [0x0000000772200000,0x00000007740f8bd8,0x0000000774100000)
  to   space 41472K, 0% used [0x0000000777700000,0x0000000777700000,0x0000000779f80000)
 ParOldGen       total 121344K, used 55537K [0x00000006c1c00000, 0x00000006c9280000, 0x000000076b400000)
  object space 121344K, 45% used [0x00000006c1c00000,0x00000006c523c5b0,0x00000006c9280000)
 Metaspace       used 31413K, capacity 32378K, committed 32640K, reserved 1077248K
  class space    used 3612K, capacity 3876K, committed 3968K, reserved 1048576K
}
Event: 10.515 GC heap before
{Heap before GC invocations=11 (full 1):
 PSYoungGen      total 144384K, used 56257K [0x000000076b400000, 0x0000000779f80000, 0x00000007c0000000)
  eden space 112640K, 21% used [0x000000076b400000,0x000000076cbf7868,0x0000000772200000)
  from space 31744K, 99% used [0x0000000772200000,0x00000007740f8bd8,0x0000000774100000)
  to   space 41472K, 0% used [0x0000000777700000,0x0000000777700000,0x0000000779f80000)
 ParOldGen       total 121344K, used 55537K [0x00000006c1c00000, 0x00000006c9280000, 0x000000076b400000)
  object space 121344K, 45% used [0x00000006c1c00000,0x00000006c523c5b0,0x00000006c9280000)
 Metaspace       used 34100K, capacity 35320K, committed 35496K, reserved 1081344K
  class space    used 4033K, capacity 4325K, committed 4352K, reserved 1048576K
Event: 10.531 GC heap after
Heap after GC invocations=11 (full 1):
 PSYoungGen      total 200192K, used 8181K [0x000000076b400000, 0x0000000779f80000, 0x00000007c0000000)
  eden space 158720K, 0% used [0x000000076b400000,0x000000076b400000,0x0000000774f00000)
  from space 41472K, 19% used [0x0000000777700000,0x0000000777efd610,0x0000000779f80000)
  to   space 40960K, 0% used [0x0000000774f00000,0x0000000774f00000,0x0000000777700000)
 ParOldGen       total 121344K, used 68049K [0x00000006c1c00000, 0x00000006c9280000, 0x000000076b400000)
  object space 121344K, 56% used [0x00000006c1c00000,0x00000006c5e74680,0x00000006c9280000)
 Metaspace       used 34100K, capacity 35320K, committed 35496K, reserved 1081344K
  class space    used 4033K, capacity 4325K, committed 4352K, reserved 1048576K
}
Event: 10.531 GC heap before
{Heap before GC invocations=12 (full 2):
 PSYoungGen      total 200192K, used 8181K [0x000000076b400000, 0x0000000779f80000, 0x00000007c0000000)
  eden space 158720K, 0% used [0x000000076b400000,0x000000076b400000,0x0000000774f00000)
  from space 41472K, 19% used [0x0000000777700000,0x0000000777efd610,0x0000000779f80000)
  to   space 40960K, 0% used [0x0000000774f00000,0x0000000774f00000,0x0000000777700000)
 ParOldGen       total 121344K, used 68049K [0x00000006c1c00000, 0x00000006c9280000, 0x000000076b400000)
  object space 121344K, 56% used [0x00000006c1c00000,0x00000006c5e74680,0x00000006c9280000)
 Metaspace       used 34100K, capacity 35320K, committed 35496K, reserved 1081344K
  class space    used 4033K, capacity 4325K, committed 4352K, reserved 1048576K
Event: 10.604 GC heap after
Heap after GC invocations=12 (full 2):
 PSYoungGen      total 200192K, used 0K [0x000000076b400000, 0x0000000779f80000, 0x00000007c0000000)
  eden space 158720K, 0% used [0x000000076b400000,0x000000076b400000,0x0000000774f00000)
  from space 41472K, 0% used [0x0000000777700000,0x0000000777700000,0x0000000779f80000)
  to   space 40960K, 0% used [0x0000000774f00000,0x0000000774f00000,0x0000000777700000)
 ParOldGen       total 182272K, used 30011K [0x00000006c1c00000, 0x00000006cce00000, 0x000000076b400000)
  object space 182272K, 16% used [0x00000006c1c00000,0x00000006c394ef48,0x00000006cce00000)
 Metaspace       used 34100K, capacity 35320K, committed 35496K, reserved 1081344K
  class space    used 4033K, capacity 4325K, committed 4352K, reserved 1048576K
}

