# JRE version: Java(TM) SE Runtime Environment (8.0_181-b13) (build 1.8.0_181-b13)
# Java VM: Java HotSpot(TM) 64-Bit Server VM (25.181-b13 mixed mode windows-amd64 compressed oops)
Heap:
 PSYoungGen      total 176640K, used 58920K [0x000000076b400000, 0x0000000778980000, 0x00000007c0000000)
  eden space 138752K, 42% used [0x000000076b400000,0x000000076ed8a090,0x0000000773b80000)
  from space 37888K, 0% used [0x0000000776480000,0x0000000776480000,0x0000000778980000)
  to   space 39936K, 0% used [0x0000000773b80000,0x0000000773b80000,0x0000000776280000)
 ParOldGen       total 193536K, used 31867K [0x00000006c1c00000, 0x00000006cd900000, 0x000000076b400000)
  object space 193536K, 16% used [0x00000006c1c00000,0x00000006c3b1ec00,0x00000006cd900000)
 Metaspace       used 42696K, capacity 44162K, committed 44416K, reserved 1087488K
  class space    used 5082K, capacity 5426K, committed 5504K, reserved 1048576K
GC Heap History (10 events):
Event: 8.620 GC heap before
{Heap before GC invocations=8 (full 1):
 PSYoungGen      total 97280K, used 96925K [0x000000076b400000, 0x0000000772480000, 0x00000007c0000000)
  eden space 82944K, 100% used [0x000000076b400000,0x0000000770500000,0x0000000770500000)
  from space 14336K, 97% used [0x0000000771400000,0x00000007721a7798,0x0000000772200000)
  to   space 15360K, 0% used [0x0000000770500000,0x0000000770500000,0x0000000771400000)
 ParOldGen       total 126464K, used 14883K [0x00000006c1c00000, 0x00000006c9780000, 0x000000076b400000)
  object space 126464K, 11% used [0x00000006c1c00000,0x00000006c2a88f58,0x00000006c9780000)
 Metaspace       used 28557K, capacity 29328K, committed 29696K, reserved 1075200K
  class space    used 3256K, capacity 3461K, committed 3584K, reserved 1048576K
Event: 8.648 GC heap after
Heap after GC invocations=8 (full 1):
 PSYoungGen      total 98304K, used 15356K [0x000000076b400000, 0x0000000774800000, 0x00000007c0000000)
  eden space 82944K, 0% used [0x000000076b400000,0x000000076b400000,0x0000000770500000)
  from space 15360K, 99% used [0x0000000770500000,0x00000007713ff3b0,0x0000000771400000)
  to   space 20480K, 0% used [0x0000000773400000,0x0000000773400000,0x0000000774800000)
 ParOldGen       total 126464K, used 22252K [0x00000006c1c00000, 0x00000006c9780000, 0x000000076b400000)
  object space 126464K, 17% used [0x00000006c1c00000,0x00000006c31bb128,0x00000006c9780000)
 Metaspace       used 28557K, capacity 29328K, committed 29696K, reserved 1075200K
  class space    used 3256K, capacity 3461K, committed 3584K, reserved 1048576K
}
Event: 9.140 GC heap before
{Heap before GC invocations=9 (full 1):
 PSYoungGen      total 98304K, used 98300K [0x000000076b400000, 0x0000000774800000, 0x00000007c0000000)
  eden space 82944K, 100% used [0x000000076b400000,0x0000000770500000,0x0000000770500000)
  from space 15360K, 99% used [0x0000000770500000,0x00000007713ff3b0,0x0000000771400000)
  to   space 20480K, 0% used [0x0000000773400000,0x0000000773400000,0x0000000774800000)
 ParOldGen       total 126464K, used 22262K [0x00000006c1c00000, 0x00000006c9780000, 0x000000076b400000)
  object space 126464K, 17% used [0x00000006c1c00000,0x00000006c31bd820,0x00000006c9780000)
 Metaspace       used 28581K, capacity 29328K, committed 29696K, reserved 1075200K
  class space    used 3256K, capacity 3461K, committed 3584K, reserved 1048576K
Event: 9.214 GC heap after
Heap after GC invocations=9 (full 1):
 PSYoungGen      total 120832K, used 20465K [0x000000076b400000, 0x0000000777500000, 0x00000007c0000000)
  eden space 100352K, 0% used [0x000000076b400000,0x000000076b400000,0x0000000771600000)
  from space 20480K, 99% used [0x0000000773400000,0x00000007747fc7a8,0x0000000774800000)
  to   space 30720K, 0% used [0x0000000771600000,0x0000000771600000,0x0000000773400000)
 ParOldGen       total 126464K, used 40160K [0x00000006c1c00000, 0x00000006c9780000, 0x000000076b400000)
  object space 126464K, 31% used [0x00000006c1c00000,0x00000006c43383a8,0x00000006c9780000)
 Metaspace       used 28581K, capacity 29328K, committed 29696K, reserved 1075200K
  class space    used 3256K, capacity 3461K, committed 3584K, reserved 1048576K
}
Event: 10.051 GC heap before
{Heap before GC invocations=10 (full 1):
 PSYoungGen      total 120832K, used 120817K [0x000000076b400000, 0x0000000777500000, 0x00000007c0000000)
  eden space 100352K, 100% used [0x000000076b400000,0x0000000771600000,0x0000000771600000)
  from space 20480K, 99% used [0x0000000773400000,0x00000007747fc7a8,0x0000000774800000)
  to   space 30720K, 0% used [0x0000000771600000,0x0000000771600000,0x0000000773400000)
 ParOldGen       total 126464K, used 40165K [0x00000006c1c00000, 0x00000006c9780000, 0x000000076b400000)
  object space 126464K, 31% used [0x00000006c1c00000,0x00000006c4339630,0x00000006c9780000)
 Metaspace       used 28593K, capacity 29328K, committed 29696K, reserved 1075200K
  class space    used 3257K, capacity 3461K, committed 3584K, reserved 1048576K
Event: 10.104 GC heap after
Heap after GC invocations=10 (full 1):
 PSYoungGen      total 131072K, used 30712K [0x000000076b400000, 0x0000000778c00000, 0x00000007c0000000)
  eden space 100352K, 0% used [0x000000076b400000,0x000000076b400000,0x0000000771600000)
  from space 30720K, 99% used [0x0000000771600000,0x00000007733fe080,0x0000000773400000)
  to   space 40448K, 0% used [0x0000000776480000,0x0000000776480000,0x0000000778c00000)
 ParOldGen       total 126464K, used 54088K [0x00000006c1c00000, 0x00000006c9780000, 0x000000076b400000)
  object space 126464K, 42% used [0x00000006c1c00000,0x00000006c50d2088,0x00000006c9780000)
 Metaspace       used 28593K, capacity 29328K, committed 29696K, reserved 1075200K
  class space    used 3257K, capacity 3461K, committed 3584K, reserved 1048576K
}
Event: 10.967 GC heap before
{Heap before GC invocations=11 (full 1):
 PSYoungGen      total 131072K, used 75540K [0x000000076b400000, 0x0000000778c00000, 0x00000007c0000000)
  eden space 100352K, 44% used [0x000000076b400000,0x000000076dfc7258,0x0000000771600000)
  from space 30720K, 99% used [0x0000000771600000,0x00000007733fe080,0x0000000773400000)
  to   space 40448K, 0% used [0x0000000776480000,0x0000000776480000,0x0000000778c00000)
 ParOldGen       total 126464K, used 54088K [0x00000006c1c00000, 0x00000006c9780000, 0x000000076b400000)
  object space 126464K, 42% used [0x00000006c1c00000,0x00000006c50d2088,0x00000006c9780000)
 Metaspace       used 34175K, capacity 35288K, committed 35456K, reserved 1081344K
  class space    used 4038K, capacity 4357K, committed 4480K, reserved 1048576K
Event: 10.987 GC heap after
Heap after GC invocations=11 (full 1):
 PSYoungGen      total 176640K, used 10549K [0x000000076b400000, 0x0000000778980000, 0x00000007c0000000)
  eden space 138752K, 0% used [0x000000076b400000,0x000000076b400000,0x0000000773b80000)
  from space 37888K, 27% used [0x0000000776480000,0x0000000776ecd678,0x0000000778980000)
  to   space 39936K, 0% used [0x0000000773b80000,0x0000000773b80000,0x0000000776280000)
 ParOldGen       total 126464K, used 66715K [0x00000006c1c00000, 0x00000006c9780000, 0x000000076b400000)
  object space 126464K, 52% used [0x00000006c1c00000,0x00000006c5d26f68,0x00000006c9780000)
 Metaspace       used 34175K, capacity 35288K, committed 35456K, reserved 1081344K
  class space    used 4038K, capacity 4357K, committed 4480K, reserved 1048576K
}
Event: 10.987 GC heap before
{Heap before GC invocations=12 (full 2):
 PSYoungGen      total 176640K, used 10549K [0x000000076b400000, 0x0000000778980000, 0x00000007c0000000)
  eden space 138752K, 0% used [0x000000076b400000,0x000000076b400000,0x0000000773b80000)
  from space 37888K, 27% used [0x0000000776480000,0x0000000776ecd678,0x0000000778980000)
  to   space 39936K, 0% used [0x0000000773b80000,0x0000000773b80000,0x0000000776280000)
 ParOldGen       total 126464K, used 66715K [0x00000006c1c00000, 0x00000006c9780000, 0x000000076b400000)
  object space 126464K, 52% used [0x00000006c1c00000,0x00000006c5d26f68,0x00000006c9780000)
 Metaspace       used 34175K, capacity 35288K, committed 35456K, reserved 1081344K
  class space    used 4038K, capacity 4357K, committed 4480K, reserved 1048576K
Event: 11.057 GC heap after
Heap after GC invocations=12 (full 2):
 PSYoungGen      total 176640K, used 0K [0x000000076b400000, 0x0000000778980000, 0x00000007c0000000)
  eden space 138752K, 0% used [0x000000076b400000,0x000000076b400000,0x0000000773b80000)
  from space 37888K, 0% used [0x0000000776480000,0x0000000776480000,0x0000000778980000)
  to   space 39936K, 0% used [0x0000000773b80000,0x0000000773b80000,0x0000000776280000)
 ParOldGen       total 193536K, used 31867K [0x00000006c1c00000, 0x00000006cd900000, 0x000000076b400000)
  object space 193536K, 16% used [0x00000006c1c00000,0x00000006c3b1ec00,0x00000006cd900000)
 Metaspace       used 34175K, capacity 35288K, committed 35456K, reserved 1081344K
  class space    used 4038K, capacity 4357K, committed 4480K, reserved 1048576K
}

