# JRE version: Java(TM) SE Runtime Environment (8.0_181-b13) (build 1.8.0_181-b13)
# Java VM: Java HotSpot(TM) 64-Bit Server VM (25.181-b13 mixed mode windows-amd64 compressed oops)
Heap:
 PSYoungGen      total 197632K, used 58691K [0x000000076b400000, 0x0000000779d80000, 0x00000007c0000000)
  eden space 157184K, 37% used [0x000000076b400000,0x000000076ed50db8,0x0000000774d80000)
  from space 40448K, 0% used [0x0000000777600000,0x0000000777600000,0x0000000779d80000)
  to   space 40960K, 0% used [0x0000000774d80000,0x0000000774d80000,0x0000000777580000)
 ParOldGen       total 183296K, used 30404K [0x00000006c1c00000, 0x00000006ccf00000, 0x000000076b400000)
  object space 183296K, 16% used [0x00000006c1c00000,0x00000006c39b1200,0x00000006ccf00000)
 Metaspace       used 42708K, capacity 44226K, committed 44416K, reserved 1087488K
  class space    used 5086K, capacity 5426K, committed 5504K, reserved 1048576K
GC Heap History (10 events):
Event: 8.318 GC heap before
{Heap before GC invocations=8 (full 1):
 PSYoungGen      total 101376K, used 101017K [0x000000076b400000, 0x0000000772880000, 0x00000007c0000000)
  eden space 87040K, 100% used [0x000000076b400000,0x0000000770900000,0x0000000770900000)
  from space 14336K, 97% used [0x0000000771800000,0x00000007725a64d8,0x0000000772600000)
  to   space 15360K, 0% used [0x0000000770900000,0x0000000770900000,0x0000000771800000)
 ParOldGen       total 121856K, used 14813K [0x00000006c1c00000, 0x00000006c9300000, 0x000000076b400000)
  object space 121856K, 12% used [0x00000006c1c00000,0x00000006c2a77598,0x00000006c9300000)
 Metaspace       used 28563K, capacity 29328K, committed 29696K, reserved 1075200K
  class space    used 3260K, capacity 3461K, committed 3584K, reserved 1048576K
Event: 8.340 GC heap after
Heap after GC invocations=8 (full 1):
 PSYoungGen      total 102400K, used 15347K [0x000000076b400000, 0x0000000775380000, 0x00000007c0000000)
  eden space 87040K, 0% used [0x000000076b400000,0x000000076b400000,0x0000000770900000)
  from space 15360K, 99% used [0x0000000770900000,0x00000007717fcf30,0x0000000771800000)
  to   space 20992K, 0% used [0x0000000773f00000,0x0000000773f00000,0x0000000775380000)
 ParOldGen       total 121856K, used 23230K [0x00000006c1c00000, 0x00000006c9300000, 0x000000076b400000)
  object space 121856K, 19% used [0x00000006c1c00000,0x00000006c32af9f8,0x00000006c9300000)
 Metaspace       used 28563K, capacity 29328K, committed 29696K, reserved 1075200K
  class space    used 3260K, capacity 3461K, committed 3584K, reserved 1048576K
}
Event: 8.775 GC heap before
{Heap before GC invocations=9 (full 1):
 PSYoungGen      total 102400K, used 102387K [0x000000076b400000, 0x0000000775380000, 0x00000007c0000000)
  eden space 87040K, 100% used [0x000000076b400000,0x0000000770900000,0x0000000770900000)
  from space 15360K, 99% used [0x0000000770900000,0x00000007717fcf30,0x0000000771800000)
  to   space 20992K, 0% used [0x0000000773f00000,0x0000000773f00000,0x0000000775380000)
 ParOldGen       total 121856K, used 23251K [0x00000006c1c00000, 0x00000006c9300000, 0x000000076b400000)
  object space 121856K, 19% used [0x00000006c1c00000,0x00000006c32b4e58,0x00000006c9300000)
 Metaspace       used 28599K, capacity 29328K, committed 29696K, reserved 1075200K
  class space    used 3260K, capacity 3461K, committed 3584K, reserved 1048576K
Event: 8.836 GC heap after
Heap after GC invocations=9 (full 1):
 PSYoungGen      total 132096K, used 20978K [0x000000076b400000, 0x0000000778080000, 0x00000007c0000000)
  eden space 111104K, 0% used [0x000000076b400000,0x000000076b400000,0x0000000772080000)
  from space 20992K, 99% used [0x0000000773f00000,0x000000077537ca70,0x0000000775380000)
  to   space 31232K, 0% used [0x0000000772080000,0x0000000772080000,0x0000000773f00000)
 ParOldGen       total 121856K, used 41653K [0x00000006c1c00000, 0x00000006c9300000, 0x000000076b400000)
  object space 121856K, 34% used [0x00000006c1c00000,0x00000006c44ad4c8,0x00000006c9300000)
 Metaspace       used 28599K, capacity 29328K, committed 29696K, reserved 1075200K
  class space    used 3260K, capacity 3461K, committed 3584K, reserved 1048576K
}
Event: 9.990 GC heap before
{Heap before GC invocations=10 (full 1):
 PSYoungGen      total 132096K, used 132082K [0x000000076b400000, 0x0000000778080000, 0x00000007c0000000)
  eden space 111104K, 100% used [0x000000076b400000,0x0000000772080000,0x0000000772080000)
  from space 20992K, 99% used [0x0000000773f00000,0x000000077537ca70,0x0000000775380000)
  to   space 31232K, 0% used [0x0000000772080000,0x0000000772080000,0x0000000773f00000)
 ParOldGen       total 121856K, used 41658K [0x00000006c1c00000, 0x00000006c9300000, 0x000000076b400000)
  object space 121856K, 34% used [0x00000006c1c00000,0x00000006c44aead0,0x00000006c9300000)
 Metaspace       used 30484K, capacity 31470K, committed 31744K, reserved 1077248K
  class space    used 3477K, capacity 3740K, committed 3840K, reserved 1048576K
Event: 10.036 GC heap after
Heap after GC invocations=10 (full 1):
 PSYoungGen      total 142336K, used 31229K [0x000000076b400000, 0x0000000779e80000, 0x00000007c0000000)
  eden space 111104K, 0% used [0x000000076b400000,0x000000076b400000,0x0000000772080000)
  from space 31232K, 99% used [0x0000000772080000,0x0000000773eff710,0x0000000773f00000)
  to   space 41472K, 0% used [0x0000000777600000,0x0000000777600000,0x0000000779e80000)
 ParOldGen       total 121856K, used 55599K [0x00000006c1c00000, 0x00000006c9300000, 0x000000076b400000)
  object space 121856K, 45% used [0x00000006c1c00000,0x00000006c524bc80,0x00000006c9300000)
 Metaspace       used 30484K, capacity 31470K, committed 31744K, reserved 1077248K
  class space    used 3477K, capacity 3740K, committed 3840K, reserved 1048576K
}
Event: 10.427 GC heap before
{Heap before GC invocations=11 (full 1):
 PSYoungGen      total 142336K, used 60419K [0x000000076b400000, 0x0000000779e80000, 0x00000007c0000000)
  eden space 111104K, 26% used [0x000000076b400000,0x000000076d0816d8,0x0000000772080000)
  from space 31232K, 99% used [0x0000000772080000,0x0000000773eff710,0x0000000773f00000)
  to   space 41472K, 0% used [0x0000000777600000,0x0000000777600000,0x0000000779e80000)
 ParOldGen       total 121856K, used 55599K [0x00000006c1c00000, 0x00000006c9300000, 0x000000076b400000)
  object space 121856K, 45% used [0x00000006c1c00000,0x00000006c524bc80,0x00000006c9300000)
 Metaspace       used 34131K, capacity 35320K, committed 35496K, reserved 1081344K
  class space    used 4030K, capacity 4325K, committed 4352K, reserved 1048576K
Event: 10.444 GC heap after
Heap after GC invocations=11 (full 1):
 PSYoungGen      total 197632K, used 8703K [0x000000076b400000, 0x0000000779d80000, 0x00000007c0000000)
  eden space 157184K, 0% used [0x000000076b400000,0x000000076b400000,0x0000000774d80000)
  from space 40448K, 21% used [0x0000000777600000,0x0000000777e7ff60,0x0000000779d80000)
  to   space 40960K, 0% used [0x0000000774d80000,0x0000000774d80000,0x0000000777580000)
 ParOldGen       total 121856K, used 68269K [0x00000006c1c00000, 0x00000006c9300000, 0x000000076b400000)
  object space 121856K, 56% used [0x00000006c1c00000,0x00000006c5eab520,0x00000006c9300000)
 Metaspace       used 34131K, capacity 35320K, committed 35496K, reserved 1081344K
  class space    used 4030K, capacity 4325K, committed 4352K, reserved 1048576K
}
Event: 10.444 GC heap before
{Heap before GC invocations=12 (full 2):
 PSYoungGen      total 197632K, used 8703K [0x000000076b400000, 0x0000000779d80000, 0x00000007c0000000)
  eden space 157184K, 0% used [0x000000076b400000,0x000000076b400000,0x0000000774d80000)
  from space 40448K, 21% used [0x0000000777600000,0x0000000777e7ff60,0x0000000779d80000)
  to   space 40960K, 0% used [0x0000000774d80000,0x0000000774d80000,0x0000000777580000)
 ParOldGen       total 121856K, used 68269K [0x00000006c1c00000, 0x00000006c9300000, 0x000000076b400000)
  object space 121856K, 56% used [0x00000006c1c00000,0x00000006c5eab520,0x00000006c9300000)
 Metaspace       used 34131K, capacity 35320K, committed 35496K, reserved 1081344K
  class space    used 4030K, capacity 4325K, committed 4352K, reserved 1048576K
Event: 10.508 GC heap after
Heap after GC invocations=12 (full 2):
 PSYoungGen      total 197632K, used 0K [0x000000076b400000, 0x0000000779d80000, 0x00000007c0000000)
  eden space 157184K, 0% used [0x000000076b400000,0x000000076b400000,0x0000000774d80000)
  from space 40448K, 0% used [0x0000000777600000,0x0000000777600000,0x0000000779d80000)
  to   space 40960K, 0% used [0x0000000774d80000,0x0000000774d80000,0x0000000777580000)
 ParOldGen       total 183296K, used 30404K [0x00000006c1c00000, 0x00000006ccf00000, 0x000000076b400000)
  object space 183296K, 16% used [0x00000006c1c00000,0x00000006c39b1200,0x00000006ccf00000)
 Metaspace       used 34131K, capacity 35320K, committed 35496K, reserved 1081344K
  class space    used 4030K, capacity 4325K, committed 4352K, reserved 1048576K
}

