# JRE version: Java(TM) SE Runtime Environment (8.0_181-b13) (build 1.8.0_181-b13)
# Java VM: Java HotSpot(TM) 64-Bit Server VM (25.181-b13 mixed mode windows-amd64 compressed oops)
Heap:
 PSYoungGen      total 207872K, used 62196K [0x000000076b400000, 0x000000077a900000, 0x00000007c0000000)
  eden space 165888K, 37% used [0x000000076b400000,0x000000076f0bd030,0x0000000775600000)
  from space 41984K, 0% used [0x0000000777f00000,0x0000000777f00000,0x000000077a800000)
  to   space 41984K, 0% used [0x0000000775600000,0x0000000775600000,0x0000000777f00000)
 ParOldGen       total 177664K, used 29344K [0x00000006c1c00000, 0x00000006cc980000, 0x000000076b400000)
  object space 177664K, 16% used [0x00000006c1c00000,0x00000006c38a8310,0x00000006cc980000)
 Metaspace       used 43188K, capacity 44716K, committed 44928K, reserved 1089536K
  class space    used 5119K, capacity 5468K, committed 5504K, reserved 1048576K
GC Heap History (10 events):
Event: 10.519 GC heap before
{Heap before GC invocations=8 (full 1):
 PSYoungGen      total 102400K, used 102171K [0x000000076b400000, 0x0000000772b00000, 0x00000007c0000000)
  eden space 88064K, 100% used [0x000000076b400000,0x0000000770a00000,0x0000000770a00000)
  from space 14336K, 98% used [0x0000000771900000,0x00000007726c6d58,0x0000000772700000)
  to   space 15360K, 0% used [0x0000000770a00000,0x0000000770a00000,0x0000000771900000)
 ParOldGen       total 121344K, used 14919K [0x00000006c1c00000, 0x00000006c9280000, 0x000000076b400000)
  object space 121344K, 12% used [0x00000006c1c00000,0x00000006c2a91c10,0x00000006c9280000)
 Metaspace       used 28593K, capacity 29392K, committed 29696K, reserved 1075200K
  class space    used 3257K, capacity 3461K, committed 3584K, reserved 1048576K
Event: 10.543 GC heap after
Heap after GC invocations=8 (full 1):
 PSYoungGen      total 103424K, used 15355K [0x000000076b400000, 0x0000000775980000, 0x00000007c0000000)
  eden space 88064K, 0% used [0x000000076b400000,0x000000076b400000,0x0000000770a00000)
  from space 15360K, 99% used [0x0000000770a00000,0x00000007718fed40,0x0000000771900000)
  to   space 21504K, 0% used [0x0000000774480000,0x0000000774480000,0x0000000775980000)
 ParOldGen       total 121344K, used 24252K [0x00000006c1c00000, 0x00000006c9280000, 0x000000076b400000)
  object space 121344K, 19% used [0x00000006c1c00000,0x00000006c33af1d8,0x00000006c9280000)
 Metaspace       used 28593K, capacity 29392K, committed 29696K, reserved 1075200K
  class space    used 3257K, capacity 3461K, committed 3584K, reserved 1048576K
}
Event: 10.989 GC heap before
{Heap before GC invocations=9 (full 1):
 PSYoungGen      total 103424K, used 103419K [0x000000076b400000, 0x0000000775980000, 0x00000007c0000000)
  eden space 88064K, 100% used [0x000000076b400000,0x0000000770a00000,0x0000000770a00000)
  from space 15360K, 99% used [0x0000000770a00000,0x00000007718fed40,0x0000000771900000)
  to   space 21504K, 0% used [0x0000000774480000,0x0000000774480000,0x0000000775980000)
 ParOldGen       total 121344K, used 24265K [0x00000006c1c00000, 0x00000006c9280000, 0x000000076b400000)
  object space 121344K, 19% used [0x00000006c1c00000,0x00000006c33b2770,0x00000006c9280000)
 Metaspace       used 28617K, capacity 29392K, committed 29696K, reserved 1075200K
  class space    used 3257K, capacity 3461K, committed 3584K, reserved 1048576K
Event: 11.048 GC heap after
Heap after GC invocations=9 (full 1):
 PSYoungGen      total 137216K, used 21497K [0x000000076b400000, 0x0000000778700000, 0x00000007c0000000)
  eden space 115712K, 0% used [0x000000076b400000,0x000000076b400000,0x0000000772500000)
  from space 21504K, 99% used [0x0000000774480000,0x000000077597e760,0x0000000775980000)
  to   space 32256K, 0% used [0x0000000772500000,0x0000000772500000,0x0000000774480000)
 ParOldGen       total 121344K, used 43068K [0x00000006c1c00000, 0x00000006c9280000, 0x000000076b400000)
  object space 121344K, 35% used [0x00000006c1c00000,0x00000006c460f018,0x00000006c9280000)
 Metaspace       used 28617K, capacity 29392K, committed 29696K, reserved 1075200K
  class space    used 3257K, capacity 3461K, committed 3584K, reserved 1048576K
}
Event: 12.461 GC heap before
{Heap before GC invocations=10 (full 1):
 PSYoungGen      total 137216K, used 137209K [0x000000076b400000, 0x0000000778700000, 0x00000007c0000000)
  eden space 115712K, 100% used [0x000000076b400000,0x0000000772500000,0x0000000772500000)
  from space 21504K, 99% used [0x0000000774480000,0x000000077597e760,0x0000000775980000)
  to   space 32256K, 0% used [0x0000000772500000,0x0000000772500000,0x0000000774480000)
 ParOldGen       total 121344K, used 43068K [0x00000006c1c00000, 0x00000006c9280000, 0x000000076b400000)
  object space 121344K, 35% used [0x00000006c1c00000,0x00000006c460f018,0x00000006c9280000)
 Metaspace       used 32219K, capacity 33228K, committed 33536K, reserved 1079296K
  class space    used 3721K, capacity 4007K, committed 4096K, reserved 1048576K
Event: 12.514 GC heap after
Heap after GC invocations=10 (full 1):
 PSYoungGen      total 147968K, used 32243K [0x000000076b400000, 0x000000077a800000, 0x00000007c0000000)
  eden space 115712K, 0% used [0x000000076b400000,0x000000076b400000,0x0000000772500000)
  from space 32256K, 99% used [0x0000000772500000,0x000000077447cc28,0x0000000774480000)
  to   space 41984K, 0% used [0x0000000777f00000,0x0000000777f00000,0x000000077a800000)
 ParOldGen       total 121344K, used 55880K [0x00000006c1c00000, 0x00000006c9280000, 0x000000076b400000)
  object space 121344K, 46% used [0x00000006c1c00000,0x00000006c52921f0,0x00000006c9280000)
 Metaspace       used 32219K, capacity 33228K, committed 33536K, reserved 1079296K
  class space    used 3721K, capacity 4007K, committed 4096K, reserved 1048576K
}
Event: 12.841 GC heap before
{Heap before GC invocations=11 (full 1):
 PSYoungGen      total 147968K, used 52140K [0x000000076b400000, 0x000000077a800000, 0x00000007c0000000)
  eden space 115712K, 17% used [0x000000076b400000,0x000000076c76e588,0x0000000772500000)
  from space 32256K, 99% used [0x0000000772500000,0x000000077447cc28,0x0000000774480000)
  to   space 41984K, 0% used [0x0000000777f00000,0x0000000777f00000,0x000000077a800000)
 ParOldGen       total 121344K, used 55880K [0x00000006c1c00000, 0x00000006c9280000, 0x000000076b400000)
  object space 121344K, 46% used [0x00000006c1c00000,0x00000006c52921f0,0x00000006c9280000)
 Metaspace       used 34298K, capacity 35442K, committed 35496K, reserved 1081344K
  class space    used 4027K, capacity 4324K, committed 4352K, reserved 1048576K
Event: 12.858 GC heap after
Heap after GC invocations=11 (full 1):
 PSYoungGen      total 207872K, used 7791K [0x000000076b400000, 0x000000077a900000, 0x00000007c0000000)
  eden space 165888K, 0% used [0x000000076b400000,0x000000076b400000,0x0000000775600000)
  from space 41984K, 18% used [0x0000000777f00000,0x000000077869bc90,0x000000077a800000)
  to   space 41984K, 0% used [0x0000000775600000,0x0000000775600000,0x0000000777f00000)
 ParOldGen       total 121344K, used 68527K [0x00000006c1c00000, 0x00000006c9280000, 0x000000076b400000)
  object space 121344K, 56% used [0x00000006c1c00000,0x00000006c5eebea8,0x00000006c9280000)
 Metaspace       used 34298K, capacity 35442K, committed 35496K, reserved 1081344K
  class space    used 4027K, capacity 4324K, committed 4352K, reserved 1048576K
}
Event: 12.858 GC heap before
{Heap before GC invocations=12 (full 2):
 PSYoungGen      total 207872K, used 7791K [0x000000076b400000, 0x000000077a900000, 0x00000007c0000000)
  eden space 165888K, 0% used [0x000000076b400000,0x000000076b400000,0x0000000775600000)
  from space 41984K, 18% used [0x0000000777f00000,0x000000077869bc90,0x000000077a800000)
  to   space 41984K, 0% used [0x0000000775600000,0x0000000775600000,0x0000000777f00000)
 ParOldGen       total 121344K, used 68527K [0x00000006c1c00000, 0x00000006c9280000, 0x000000076b400000)
  object space 121344K, 56% used [0x00000006c1c00000,0x00000006c5eebea8,0x00000006c9280000)
 Metaspace       used 34298K, capacity 35442K, committed 35496K, reserved 1081344K
  class space    used 4027K, capacity 4324K, committed 4352K, reserved 1048576K
Event: 12.926 GC heap after
Heap after GC invocations=12 (full 2):
 PSYoungGen      total 207872K, used 0K [0x000000076b400000, 0x000000077a900000, 0x00000007c0000000)
  eden space 165888K, 0% used [0x000000076b400000,0x000000076b400000,0x0000000775600000)
  from space 41984K, 0% used [0x0000000777f00000,0x0000000777f00000,0x000000077a800000)
  to   space 41984K, 0% used [0x0000000775600000,0x0000000775600000,0x0000000777f00000)
 ParOldGen       total 177664K, used 29344K [0x00000006c1c00000, 0x00000006cc980000, 0x000000076b400000)
  object space 177664K, 16% used [0x00000006c1c00000,0x00000006c38a8310,0x00000006cc980000)
 Metaspace       used 34298K, capacity 35442K, committed 35496K, reserved 1081344K
  class space    used 4027K, capacity 4324K, committed 4352K, reserved 1048576K
}

