# JRE version: Java(TM) SE Runtime Environment (8.0_181-b13) (build 1.8.0_181-b13)
# Java VM: Java HotSpot(TM) 64-Bit Server VM (25.181-b13 mixed mode windows-amd64 compressed oops)
Heap:
 PSYoungGen      total 221184K, used 59552K [0x000000076b400000, 0x000000077bb00000, 0x00000007c0000000)
  eden space 178688K, 33% used [0x000000076b400000,0x000000076ee28128,0x0000000776280000)
  from space 42496K, 0% used [0x0000000778c00000,0x0000000778c00000,0x000000077b580000)
  to   space 42496K, 0% used [0x0000000776280000,0x0000000776280000,0x0000000778c00000)
 ParOldGen       total 166912K, used 28379K [0x00000006c1c00000, 0x00000006cbf00000, 0x000000076b400000)
  object space 166912K, 17% used [0x00000006c1c00000,0x00000006c37b6e38,0x00000006cbf00000)
 Metaspace       used 42700K, capacity 44162K, committed 44416K, reserved 1087488K
  class space    used 5081K, capacity 5426K, committed 5504K, reserved 1048576K
GC Heap History (10 events):
Event: 8.446 GC heap before
{Heap before GC invocations=8 (full 1):
 PSYoungGen      total 104448K, used 104001K [0x000000076b400000, 0x0000000772b80000, 0x00000007c0000000)
  eden space 90112K, 100% used [0x000000076b400000,0x0000000770c00000,0x0000000770c00000)
  from space 14336K, 96% used [0x0000000771b00000,0x0000000772890640,0x0000000772900000)
  to   space 15360K, 0% used [0x0000000770c00000,0x0000000770c00000,0x0000000771b00000)
 ParOldGen       total 119296K, used 14827K [0x00000006c1c00000, 0x00000006c9080000, 0x000000076b400000)
  object space 119296K, 12% used [0x00000006c1c00000,0x00000006c2a7ac08,0x00000006c9080000)
 Metaspace       used 28553K, capacity 29328K, committed 29696K, reserved 1075200K
  class space    used 3253K, capacity 3461K, committed 3584K, reserved 1048576K
Event: 8.480 GC heap after
Heap after GC invocations=8 (full 1):
 PSYoungGen      total 105472K, used 15356K [0x000000076b400000, 0x0000000776100000, 0x00000007c0000000)
  eden space 90112K, 0% used [0x000000076b400000,0x000000076b400000,0x0000000770c00000)
  from space 15360K, 99% used [0x0000000770c00000,0x0000000771aff3e8,0x0000000771b00000)
  to   space 21504K, 0% used [0x0000000774c00000,0x0000000774c00000,0x0000000776100000)
 ParOldGen       total 119296K, used 23952K [0x00000006c1c00000, 0x00000006c9080000, 0x000000076b400000)
  object space 119296K, 20% used [0x00000006c1c00000,0x00000006c3364118,0x00000006c9080000)
 Metaspace       used 28553K, capacity 29328K, committed 29696K, reserved 1075200K
  class space    used 3253K, capacity 3461K, committed 3584K, reserved 1048576K
}
Event: 8.935 GC heap before
{Heap before GC invocations=9 (full 1):
 PSYoungGen      total 105472K, used 105468K [0x000000076b400000, 0x0000000776100000, 0x00000007c0000000)
  eden space 90112K, 100% used [0x000000076b400000,0x0000000770c00000,0x0000000770c00000)
  from space 15360K, 99% used [0x0000000770c00000,0x0000000771aff3e8,0x0000000771b00000)
  to   space 21504K, 0% used [0x0000000774c00000,0x0000000774c00000,0x0000000776100000)
 ParOldGen       total 119296K, used 23952K [0x00000006c1c00000, 0x00000006c9080000, 0x000000076b400000)
  object space 119296K, 20% used [0x00000006c1c00000,0x00000006c3364118,0x00000006c9080000)
 Metaspace       used 28568K, capacity 29328K, committed 29696K, reserved 1075200K
  class space    used 3253K, capacity 3461K, committed 3584K, reserved 1048576K
Event: 9.007 GC heap after
Heap after GC invocations=9 (full 1):
 PSYoungGen      total 144896K, used 21472K [0x000000076b400000, 0x0000000778e00000, 0x00000007c0000000)
  eden space 123392K, 0% used [0x000000076b400000,0x000000076b400000,0x0000000772c80000)
  from space 21504K, 99% used [0x0000000774c00000,0x00000007760f8260,0x0000000776100000)
  to   space 32256K, 0% used [0x0000000772c80000,0x0000000772c80000,0x0000000774c00000)
 ParOldGen       total 119296K, used 43376K [0x00000006c1c00000, 0x00000006c9080000, 0x000000076b400000)
  object space 119296K, 36% used [0x00000006c1c00000,0x00000006c465c3f0,0x00000006c9080000)
 Metaspace       used 28568K, capacity 29328K, committed 29696K, reserved 1075200K
  class space    used 3253K, capacity 3461K, committed 3584K, reserved 1048576K
}
Event: 10.355 GC heap before
{Heap before GC invocations=10 (full 1):
 PSYoungGen      total 144896K, used 144864K [0x000000076b400000, 0x0000000778e00000, 0x00000007c0000000)
  eden space 123392K, 100% used [0x000000076b400000,0x0000000772c80000,0x0000000772c80000)
  from space 21504K, 99% used [0x0000000774c00000,0x00000007760f8260,0x0000000776100000)
  to   space 32256K, 0% used [0x0000000772c80000,0x0000000772c80000,0x0000000774c00000)
 ParOldGen       total 119296K, used 43376K [0x00000006c1c00000, 0x00000006c9080000, 0x000000076b400000)
  object space 119296K, 36% used [0x00000006c1c00000,0x00000006c465c3f0,0x00000006c9080000)
 Metaspace       used 33414K, capacity 34462K, committed 34688K, reserved 1079296K
  class space    used 3909K, capacity 4222K, committed 4224K, reserved 1048576K
Event: 10.400 GC heap after
Heap after GC invocations=10 (full 1):
 PSYoungGen      total 155648K, used 32242K [0x000000076b400000, 0x000000077b580000, 0x00000007c0000000)
  eden space 123392K, 0% used [0x000000076b400000,0x000000076b400000,0x0000000772c80000)
  from space 32256K, 99% used [0x0000000772c80000,0x0000000774bfcb58,0x0000000774c00000)
  to   space 42496K, 0% used [0x0000000778c00000,0x0000000778c00000,0x000000077b580000)
 ParOldGen       total 119296K, used 57306K [0x00000006c1c00000, 0x00000006c9080000, 0x000000076b400000)
  object space 119296K, 48% used [0x00000006c1c00000,0x00000006c53f6890,0x00000006c9080000)
 Metaspace       used 33414K, capacity 34462K, committed 34688K, reserved 1079296K
  class space    used 3909K, capacity 4222K, committed 4224K, reserved 1048576K
}
Event: 10.532 GC heap before
{Heap before GC invocations=11 (full 1):
 PSYoungGen      total 155648K, used 39422K [0x000000076b400000, 0x000000077b580000, 0x00000007c0000000)
  eden space 123392K, 5% used [0x000000076b400000,0x000000076bb02e70,0x0000000772c80000)
  from space 32256K, 99% used [0x0000000772c80000,0x0000000774bfcb58,0x0000000774c00000)
  to   space 42496K, 0% used [0x0000000778c00000,0x0000000778c00000,0x000000077b580000)
 ParOldGen       total 119296K, used 57306K [0x00000006c1c00000, 0x00000006c9080000, 0x000000076b400000)
  object space 119296K, 48% used [0x00000006c1c00000,0x00000006c53f6890,0x00000006c9080000)
 Metaspace       used 34164K, capacity 35288K, committed 35456K, reserved 1081344K
  class space    used 4034K, capacity 4357K, committed 4480K, reserved 1048576K
Event: 10.554 GC heap after
Heap after GC invocations=11 (full 1):
 PSYoungGen      total 221184K, used 6597K [0x000000076b400000, 0x000000077bb00000, 0x00000007c0000000)
  eden space 178688K, 0% used [0x000000076b400000,0x000000076b400000,0x0000000776280000)
  from space 42496K, 15% used [0x0000000778c00000,0x0000000779271610,0x000000077b580000)
  to   space 42496K, 0% used [0x0000000776280000,0x0000000776280000,0x0000000778c00000)
 ParOldGen       total 119296K, used 69870K [0x00000006c1c00000, 0x00000006c9080000, 0x000000076b400000)
  object space 119296K, 58% used [0x00000006c1c00000,0x00000006c603bbe8,0x00000006c9080000)
 Metaspace       used 34164K, capacity 35288K, committed 35456K, reserved 1081344K
  class space    used 4034K, capacity 4357K, committed 4480K, reserved 1048576K
}
Event: 10.554 GC heap before
{Heap before GC invocations=12 (full 2):
 PSYoungGen      total 221184K, used 6597K [0x000000076b400000, 0x000000077bb00000, 0x00000007c0000000)
  eden space 178688K, 0% used [0x000000076b400000,0x000000076b400000,0x0000000776280000)
  from space 42496K, 15% used [0x0000000778c00000,0x0000000779271610,0x000000077b580000)
  to   space 42496K, 0% used [0x0000000776280000,0x0000000776280000,0x0000000778c00000)
 ParOldGen       total 119296K, used 69870K [0x00000006c1c00000, 0x00000006c9080000, 0x000000076b400000)
  object space 119296K, 58% used [0x00000006c1c00000,0x00000006c603bbe8,0x00000006c9080000)
 Metaspace       used 34164K, capacity 35288K, committed 35456K, reserved 1081344K
  class space    used 4034K, capacity 4357K, committed 4480K, reserved 1048576K
Event: 10.619 GC heap after
Heap after GC invocations=12 (full 2):
 PSYoungGen      total 221184K, used 0K [0x000000076b400000, 0x000000077bb00000, 0x00000007c0000000)
  eden space 178688K, 0% used [0x000000076b400000,0x000000076b400000,0x0000000776280000)
  from space 42496K, 0% used [0x0000000778c00000,0x0000000778c00000,0x000000077b580000)
  to   space 42496K, 0% used [0x0000000776280000,0x0000000776280000,0x0000000778c00000)
 ParOldGen       total 166912K, used 28379K [0x00000006c1c00000, 0x00000006cbf00000, 0x000000076b400000)
  object space 166912K, 17% used [0x00000006c1c00000,0x00000006c37b6e38,0x00000006cbf00000)
 Metaspace       used 34164K, capacity 35288K, committed 35456K, reserved 1081344K
  class space    used 4034K, capacity 4357K, committed 4480K, reserved 1048576K
}

