# JRE version: Java(TM) SE Runtime Environment (8.0_181-b13) (build 1.8.0_181-b13)
# Java VM: Java HotSpot(TM) 64-Bit Server VM (25.181-b13 mixed mode windows-amd64 compressed oops)
Heap:
 PSYoungGen      total 164864K, used 76037K [0x000000076b400000, 0x000000077c200000, 0x00000007c0000000)
  eden space 131584K, 57% used [0x000000076b400000,0x000000076fe414f8,0x0000000773480000)
  from space 33280K, 0% used [0x0000000773480000,0x0000000773480000,0x0000000775500000)
  to   space 43008K, 0% used [0x0000000779800000,0x0000000779800000,0x000000077c200000)
 ParOldGen       total 199680K, used 53547K [0x00000006c1c00000, 0x00000006cdf00000, 0x000000076b400000)
  object space 199680K, 26% used [0x00000006c1c00000,0x00000006c504ac18,0x00000006cdf00000)
 Metaspace       used 43242K, capacity 44686K, committed 44928K, reserved 1089536K
  class space    used 5146K, capacity 5493K, committed 5504K, reserved 1048576K
GC Heap History (10 events):
Event: 7.607 GC heap before
{Heap before GC invocations=7 (full 1):
 PSYoungGen      total 76288K, used 76287K [0x000000076b400000, 0x0000000772b80000, 0x00000007c0000000)
  eden space 65536K, 100% used [0x000000076b400000,0x000000076f400000,0x000000076f400000)
  from space 10752K, 99% used [0x000000076f400000,0x000000076fe7ffa8,0x000000076fe80000)
  to   space 14336K, 0% used [0x0000000771d80000,0x0000000771d80000,0x0000000772b80000)
 ParOldGen       total 118272K, used 14794K [0x00000006c1c00000, 0x00000006c8f80000, 0x000000076b400000)
  object space 118272K, 12% used [0x00000006c1c00000,0x00000006c2a72ac0,0x00000006c8f80000)
 Metaspace       used 24589K, capacity 25348K, committed 25600K, reserved 1071104K
  class space    used 2827K, capacity 3005K, committed 3072K, reserved 1048576K
Event: 7.619 GC heap after
Heap after GC invocations=7 (full 1):
 PSYoungGen      total 107008K, used 14143K [0x000000076b400000, 0x0000000772d80000, 0x00000007c0000000)
  eden space 92672K, 0% used [0x000000076b400000,0x000000076b400000,0x0000000770e80000)
  from space 14336K, 98% used [0x0000000771d80000,0x0000000772b4fd98,0x0000000772b80000)
  to   space 15360K, 0% used [0x0000000770e80000,0x0000000770e80000,0x0000000771d80000)
 ParOldGen       total 118272K, used 14802K [0x00000006c1c00000, 0x00000006c8f80000, 0x000000076b400000)
  object space 118272K, 12% used [0x00000006c1c00000,0x00000006c2a74ac0,0x00000006c8f80000)
 Metaspace       used 24589K, capacity 25348K, committed 25600K, reserved 1071104K
  class space    used 2827K, capacity 3005K, committed 3072K, reserved 1048576K
}
Event: 8.764 GC heap before
{Heap before GC invocations=8 (full 1):
 PSYoungGen      total 107008K, used 106815K [0x000000076b400000, 0x0000000772d80000, 0x00000007c0000000)
  eden space 92672K, 100% used [0x000000076b400000,0x0000000770e80000,0x0000000770e80000)
  from space 14336K, 98% used [0x0000000771d80000,0x0000000772b4fd98,0x0000000772b80000)
  to   space 15360K, 0% used [0x0000000770e80000,0x0000000770e80000,0x0000000771d80000)
 ParOldGen       total 118272K, used 14802K [0x00000006c1c00000, 0x00000006c8f80000, 0x000000076b400000)
  object space 118272K, 12% used [0x00000006c1c00000,0x00000006c2a74ac0,0x00000006c8f80000)
 Metaspace       used 28577K, capacity 29392K, committed 29696K, reserved 1075200K
  class space    used 3259K, capacity 3461K, committed 3584K, reserved 1048576K
Event: 8.802 GC heap after
Heap after GC invocations=8 (full 1):
 PSYoungGen      total 108032K, used 15358K [0x000000076b400000, 0x0000000776a80000, 0x00000007c0000000)
  eden space 92672K, 0% used [0x000000076b400000,0x000000076b400000,0x0000000770e80000)
  from space 15360K, 99% used [0x0000000770e80000,0x0000000771d7fa30,0x0000000771d80000)
  to   space 22016K, 0% used [0x0000000775500000,0x0000000775500000,0x0000000776a80000)
 ParOldGen       total 118272K, used 24845K [0x00000006c1c00000, 0x00000006c8f80000, 0x000000076b400000)
  object space 118272K, 21% used [0x00000006c1c00000,0x00000006c3443628,0x00000006c8f80000)
 Metaspace       used 28577K, capacity 29392K, committed 29696K, reserved 1075200K
  class space    used 3259K, capacity 3461K, committed 3584K, reserved 1048576K
}
Event: 9.222 GC heap before
{Heap before GC invocations=9 (full 1):
 PSYoungGen      total 108032K, used 108030K [0x000000076b400000, 0x0000000776a80000, 0x00000007c0000000)
  eden space 92672K, 100% used [0x000000076b400000,0x0000000770e80000,0x0000000770e80000)
  from space 15360K, 99% used [0x0000000770e80000,0x0000000771d7fa30,0x0000000771d80000)
  to   space 22016K, 0% used [0x0000000775500000,0x0000000775500000,0x0000000776a80000)
 ParOldGen       total 118272K, used 24846K [0x00000006c1c00000, 0x00000006c8f80000, 0x000000076b400000)
  object space 118272K, 21% used [0x00000006c1c00000,0x00000006c3443b28,0x00000006c8f80000)
 Metaspace       used 28590K, capacity 29392K, committed 29696K, reserved 1075200K
  class space    used 3259K, capacity 3461K, committed 3584K, reserved 1048576K
Event: 9.269 GC heap after
Heap after GC invocations=9 (full 1):
 PSYoungGen      total 153600K, used 21987K [0x000000076b400000, 0x0000000779280000, 0x00000007c0000000)
  eden space 131584K, 0% used [0x000000076b400000,0x000000076b400000,0x0000000773480000)
  from space 22016K, 99% used [0x0000000775500000,0x0000000776a78f40,0x0000000776a80000)
  to   space 33280K, 0% used [0x0000000773480000,0x0000000773480000,0x0000000775500000)
 ParOldGen       total 118272K, used 44445K [0x00000006c1c00000, 0x00000006c8f80000, 0x000000076b400000)
  object space 118272K, 37% used [0x00000006c1c00000,0x00000006c47674e0,0x00000006c8f80000)
 Metaspace       used 28590K, capacity 29392K, committed 29696K, reserved 1075200K
  class space    used 3259K, capacity 3461K, committed 3584K, reserved 1048576K
}
Event: 10.699 GC heap before
{Heap before GC invocations=10 (full 1):
 PSYoungGen      total 153600K, used 147993K [0x000000076b400000, 0x0000000779280000, 0x00000007c0000000)
  eden space 131584K, 95% used [0x000000076b400000,0x0000000772f0d538,0x0000000773480000)
  from space 22016K, 99% used [0x0000000775500000,0x0000000776a78f40,0x0000000776a80000)
  to   space 33280K, 0% used [0x0000000773480000,0x0000000773480000,0x0000000775500000)
 ParOldGen       total 118272K, used 44445K [0x00000006c1c00000, 0x00000006c8f80000, 0x000000076b400000)
  object space 118272K, 37% used [0x00000006c1c00000,0x00000006c47674e0,0x00000006c8f80000)
 Metaspace       used 34106K, capacity 35314K, committed 35496K, reserved 1081344K
  class space    used 4032K, capacity 4324K, committed 4352K, reserved 1048576K
Event: 10.753 GC heap after
Heap after GC invocations=10 (full 1):
 PSYoungGen      total 164864K, used 33252K [0x000000076b400000, 0x000000077c200000, 0x00000007c0000000)
  eden space 131584K, 0% used [0x000000076b400000,0x000000076b400000,0x0000000773480000)
  from space 33280K, 99% used [0x0000000773480000,0x00000007754f9178,0x0000000775500000)
  to   space 43008K, 0% used [0x0000000779800000,0x0000000779800000,0x000000077c200000)
 ParOldGen       total 118272K, used 56600K [0x00000006c1c00000, 0x00000006c8f80000, 0x000000076b400000)
  object space 118272K, 47% used [0x00000006c1c00000,0x00000006c53463e0,0x00000006c8f80000)
 Metaspace       used 34106K, capacity 35314K, committed 35496K, reserved 1081344K
  class space    used 4032K, capacity 4324K, committed 4352K, reserved 1048576K
}
Event: 10.753 GC heap before
{Heap before GC invocations=11 (full 2):
 PSYoungGen      total 164864K, used 33252K [0x000000076b400000, 0x000000077c200000, 0x00000007c0000000)
  eden space 131584K, 0% used [0x000000076b400000,0x000000076b400000,0x0000000773480000)
  from space 33280K, 99% used [0x0000000773480000,0x00000007754f9178,0x0000000775500000)
  to   space 43008K, 0% used [0x0000000779800000,0x0000000779800000,0x000000077c200000)
 ParOldGen       total 118272K, used 56600K [0x00000006c1c00000, 0x00000006c8f80000, 0x000000076b400000)
  object space 118272K, 47% used [0x00000006c1c00000,0x00000006c53463e0,0x00000006c8f80000)
 Metaspace       used 34106K, capacity 35314K, committed 35496K, reserved 1081344K
  class space    used 4032K, capacity 4324K, committed 4352K, reserved 1048576K
Event: 10.825 GC heap after
Heap after GC invocations=11 (full 2):
 PSYoungGen      total 164864K, used 0K [0x000000076b400000, 0x000000077c200000, 0x00000007c0000000)
  eden space 131584K, 0% used [0x000000076b400000,0x000000076b400000,0x0000000773480000)
  from space 33280K, 0% used [0x0000000773480000,0x0000000773480000,0x0000000775500000)
  to   space 43008K, 0% used [0x0000000779800000,0x0000000779800000,0x000000077c200000)
 ParOldGen       total 199680K, used 53547K [0x00000006c1c00000, 0x00000006cdf00000, 0x000000076b400000)
  object space 199680K, 26% used [0x00000006c1c00000,0x00000006c504ac18,0x00000006cdf00000)
 Metaspace       used 34106K, capacity 35314K, committed 35496K, reserved 1081344K
  class space    used 4032K, capacity 4324K, committed 4352K, reserved 1048576K
}

