# JRE version: Java(TM) SE Runtime Environment (8.0_181-b13) (build 1.8.0_181-b13)
# Java VM: Java HotSpot(TM) 64-Bit Server VM (25.181-b13 mixed mode windows-amd64 compressed oops)
Heap:
 PSYoungGen      total 160256K, used 74168K [0x000000076b400000, 0x000000077be80000, 0x00000007c0000000)
  eden space 127488K, 58% used [0x000000076b400000,0x000000076fc6e230,0x0000000773080000)
  from space 32768K, 0% used [0x0000000773080000,0x0000000773080000,0x0000000775080000)
  to   space 43008K, 0% used [0x0000000779480000,0x0000000779480000,0x000000077be80000)
 ParOldGen       total 195072K, used 54221K [0x00000006c1c00000, 0x00000006cda80000, 0x000000076b400000)
  object space 195072K, 27% used [0x00000006c1c00000,0x00000006c50f3448,0x00000006cda80000)
 Metaspace       used 43117K, capacity 44612K, committed 44672K, reserved 1089536K
  class space    used 5131K, capacity 5492K, committed 5504K, reserved 1048576K
GC Heap History (10 events):
Event: 8.382 GC heap before
{Heap before GC invocations=7 (full 1):
 PSYoungGen      total 76288K, used 76270K [0x000000076b400000, 0x0000000772a80000, 0x00000007c0000000)
  eden space 65536K, 100% used [0x000000076b400000,0x000000076f400000,0x000000076f400000)
  from space 10752K, 99% used [0x000000076f400000,0x000000076fe7b920,0x000000076fe80000)
  to   space 14336K, 0% used [0x0000000771c80000,0x0000000771c80000,0x0000000772a80000)
 ParOldGen       total 116736K, used 15171K [0x00000006c1c00000, 0x00000006c8e00000, 0x000000076b400000)
  object space 116736K, 12% used [0x00000006c1c00000,0x00000006c2ad0c00,0x00000006c8e00000)
 Metaspace       used 24575K, capacity 25348K, committed 25600K, reserved 1071104K
  class space    used 2822K, capacity 3005K, committed 3072K, reserved 1048576K
Event: 8.394 GC heap after
Heap after GC invocations=7 (full 1):
 PSYoungGen      total 105984K, used 13848K [0x000000076b400000, 0x0000000772c80000, 0x00000007c0000000)
  eden space 91648K, 0% used [0x000000076b400000,0x000000076b400000,0x0000000770d80000)
  from space 14336K, 96% used [0x0000000771c80000,0x0000000772a062b8,0x0000000772a80000)
  to   space 15360K, 0% used [0x0000000770d80000,0x0000000770d80000,0x0000000771c80000)
 ParOldGen       total 116736K, used 15179K [0x00000006c1c00000, 0x00000006c8e00000, 0x000000076b400000)
  object space 116736K, 13% used [0x00000006c1c00000,0x00000006c2ad2c00,0x00000006c8e00000)
 Metaspace       used 24575K, capacity 25348K, committed 25600K, reserved 1071104K
  class space    used 2822K, capacity 3005K, committed 3072K, reserved 1048576K
}
Event: 9.553 GC heap before
{Heap before GC invocations=8 (full 1):
 PSYoungGen      total 105984K, used 105496K [0x000000076b400000, 0x0000000772c80000, 0x00000007c0000000)
  eden space 91648K, 100% used [0x000000076b400000,0x0000000770d80000,0x0000000770d80000)
  from space 14336K, 96% used [0x0000000771c80000,0x0000000772a062b8,0x0000000772a80000)
  to   space 15360K, 0% used [0x0000000770d80000,0x0000000770d80000,0x0000000771c80000)
 ParOldGen       total 116736K, used 15182K [0x00000006c1c00000, 0x00000006c8e00000, 0x000000076b400000)
  object space 116736K, 13% used [0x00000006c1c00000,0x00000006c2ad3900,0x00000006c8e00000)
 Metaspace       used 28552K, capacity 29328K, committed 29696K, reserved 1075200K
  class space    used 3254K, capacity 3461K, committed 3584K, reserved 1048576K
Event: 9.581 GC heap after
Heap after GC invocations=8 (full 1):
 PSYoungGen      total 107008K, used 15348K [0x000000076b400000, 0x0000000776580000, 0x00000007c0000000)
  eden space 91648K, 0% used [0x000000076b400000,0x000000076b400000,0x0000000770d80000)
  from space 15360K, 99% used [0x0000000770d80000,0x0000000771c7d210,0x0000000771c80000)
  to   space 21504K, 0% used [0x0000000775080000,0x0000000775080000,0x0000000776580000)
 ParOldGen       total 116736K, used 24867K [0x00000006c1c00000, 0x00000006c8e00000, 0x000000076b400000)
  object space 116736K, 21% used [0x00000006c1c00000,0x00000006c3448dc8,0x00000006c8e00000)
 Metaspace       used 28552K, capacity 29328K, committed 29696K, reserved 1075200K
  class space    used 3254K, capacity 3461K, committed 3584K, reserved 1048576K
}
Event: 9.997 GC heap before
{Heap before GC invocations=9 (full 1):
 PSYoungGen      total 107008K, used 106996K [0x000000076b400000, 0x0000000776580000, 0x00000007c0000000)
  eden space 91648K, 100% used [0x000000076b400000,0x0000000770d80000,0x0000000770d80000)
  from space 15360K, 99% used [0x0000000770d80000,0x0000000771c7d210,0x0000000771c80000)
  to   space 21504K, 0% used [0x0000000775080000,0x0000000775080000,0x0000000776580000)
 ParOldGen       total 116736K, used 24878K [0x00000006c1c00000, 0x00000006c8e00000, 0x000000076b400000)
  object space 116736K, 21% used [0x00000006c1c00000,0x00000006c344b830,0x00000006c8e00000)
 Metaspace       used 28567K, capacity 29328K, committed 29696K, reserved 1075200K
  class space    used 3254K, capacity 3461K, committed 3584K, reserved 1048576K
Event: 10.057 GC heap after
Heap after GC invocations=9 (full 1):
 PSYoungGen      total 148992K, used 21495K [0x000000076b400000, 0x0000000779380000, 0x00000007c0000000)
  eden space 127488K, 0% used [0x000000076b400000,0x000000076b400000,0x0000000773080000)
  from space 21504K, 99% used [0x0000000775080000,0x000000077657df18,0x0000000776580000)
  to   space 32768K, 0% used [0x0000000773080000,0x0000000773080000,0x0000000775080000)
 ParOldGen       total 116736K, used 44527K [0x00000006c1c00000, 0x00000006c8e00000, 0x000000076b400000)
  object space 116736K, 38% used [0x00000006c1c00000,0x00000006c477bf00,0x00000006c8e00000)
 Metaspace       used 28567K, capacity 29328K, committed 29696K, reserved 1075200K
  class space    used 3254K, capacity 3461K, committed 3584K, reserved 1048576K
}
Event: 11.588 GC heap before
{Heap before GC invocations=10 (full 1):
 PSYoungGen      total 148992K, used 148983K [0x000000076b400000, 0x0000000779380000, 0x00000007c0000000)
  eden space 127488K, 100% used [0x000000076b400000,0x0000000773080000,0x0000000773080000)
  from space 21504K, 99% used [0x0000000775080000,0x000000077657df18,0x0000000776580000)
  to   space 32768K, 0% used [0x0000000773080000,0x0000000773080000,0x0000000775080000)
 ParOldGen       total 116736K, used 44527K [0x00000006c1c00000, 0x00000006c8e00000, 0x000000076b400000)
  object space 116736K, 38% used [0x00000006c1c00000,0x00000006c477bf00,0x00000006c8e00000)
 Metaspace       used 34136K, capacity 35282K, committed 35456K, reserved 1081344K
  class space    used 4028K, capacity 4356K, committed 4480K, reserved 1048576K
Event: 11.635 GC heap after
Heap after GC invocations=10 (full 1):
 PSYoungGen      total 160256K, used 32747K [0x000000076b400000, 0x000000077be80000, 0x00000007c0000000)
  eden space 127488K, 0% used [0x000000076b400000,0x000000076b400000,0x0000000773080000)
  from space 32768K, 99% used [0x0000000773080000,0x000000077507ad20,0x0000000775080000)
  to   space 43008K, 0% used [0x0000000779480000,0x0000000779480000,0x000000077be80000)
 ParOldGen       total 116736K, used 57779K [0x00000006c1c00000, 0x00000006c8e00000, 0x000000076b400000)
  object space 116736K, 49% used [0x00000006c1c00000,0x00000006c546cf38,0x00000006c8e00000)
 Metaspace       used 34136K, capacity 35282K, committed 35456K, reserved 1081344K
  class space    used 4028K, capacity 4356K, committed 4480K, reserved 1048576K
}
Event: 11.635 GC heap before
{Heap before GC invocations=11 (full 2):
 PSYoungGen      total 160256K, used 32747K [0x000000076b400000, 0x000000077be80000, 0x00000007c0000000)
  eden space 127488K, 0% used [0x000000076b400000,0x000000076b400000,0x0000000773080000)
  from space 32768K, 99% used [0x0000000773080000,0x000000077507ad20,0x0000000775080000)
  to   space 43008K, 0% used [0x0000000779480000,0x0000000779480000,0x000000077be80000)
 ParOldGen       total 116736K, used 57779K [0x00000006c1c00000, 0x00000006c8e00000, 0x000000076b400000)
  object space 116736K, 49% used [0x00000006c1c00000,0x00000006c546cf38,0x00000006c8e00000)
 Metaspace       used 34136K, capacity 35282K, committed 35456K, reserved 1081344K
  class space    used 4028K, capacity 4356K, committed 4480K, reserved 1048576K
Event: 11.706 GC heap after
Heap after GC invocations=11 (full 2):
 PSYoungGen      total 160256K, used 0K [0x000000076b400000, 0x000000077be80000, 0x00000007c0000000)
  eden space 127488K, 0% used [0x000000076b400000,0x000000076b400000,0x0000000773080000)
  from space 32768K, 0% used [0x0000000773080000,0x0000000773080000,0x0000000775080000)
  to   space 43008K, 0% used [0x0000000779480000,0x0000000779480000,0x000000077be80000)
 ParOldGen       total 195072K, used 54221K [0x00000006c1c00000, 0x00000006cda80000, 0x000000076b400000)
  object space 195072K, 27% used [0x00000006c1c00000,0x00000006c50f3448,0x00000006cda80000)
 Metaspace       used 34136K, capacity 35282K, committed 35456K, reserved 1081344K
  class space    used 4028K, capacity 4356K, committed 4480K, reserved 1048576K
}

