# JRE version: Java(TM) SE Runtime Environment (8.0_181-b13) (build 1.8.0_181-b13)
# Java VM: Java HotSpot(TM) 64-Bit Server VM (25.181-b13 mixed mode windows-amd64 compressed oops)
Heap:
 PSYoungGen      total 186880K, used 76166K [0x000000076b400000, 0x0000000779400000, 0x00000007c0000000)
  eden space 147456K, 51% used [0x000000076b400000,0x000000076fe61900,0x0000000774400000)
  from space 39424K, 0% used [0x0000000776d80000,0x0000000776d80000,0x0000000779400000)
  to   space 40960K, 0% used [0x0000000774400000,0x0000000774400000,0x0000000776c00000)
 ParOldGen       total 187392K, used 30937K [0x00000006c1c00000, 0x00000006cd300000, 0x000000076b400000)
  object space 187392K, 16% used [0x00000006c1c00000,0x00000006c3a367e8,0x00000006cd300000)
 Metaspace       used 43344K, capacity 44796K, committed 45056K, reserved 1089536K
  class space    used 5156K, capacity 5524K, committed 5632K, reserved 1048576K
GC Heap History (10 events):
Event: 9.272 GC heap before
{Heap before GC invocations=8 (full 1):
 PSYoungGen      total 97792K, used 97760K [0x000000076b400000, 0x0000000772480000, 0x00000007c0000000)
  eden space 83456K, 100% used [0x000000076b400000,0x0000000770580000,0x0000000770580000)
  from space 14336K, 99% used [0x0000000771480000,0x00000007722782d8,0x0000000772280000)
  to   space 15360K, 0% used [0x0000000770580000,0x0000000770580000,0x0000000771480000)
 ParOldGen       total 125440K, used 14812K [0x00000006c1c00000, 0x00000006c9680000, 0x000000076b400000)
  object space 125440K, 11% used [0x00000006c1c00000,0x00000006c2a77090,0x00000006c9680000)
 Metaspace       used 28535K, capacity 29328K, committed 29696K, reserved 1075200K
  class space    used 3257K, capacity 3461K, committed 3584K, reserved 1048576K
Event: 9.302 GC heap after
Heap after GC invocations=8 (full 1):
 PSYoungGen      total 98816K, used 15351K [0x000000076b400000, 0x0000000774d00000, 0x00000007c0000000)
  eden space 83456K, 0% used [0x000000076b400000,0x000000076b400000,0x0000000770580000)
  from space 15360K, 99% used [0x0000000770580000,0x000000077147de48,0x0000000771480000)
  to   space 20992K, 0% used [0x0000000773880000,0x0000000773880000,0x0000000774d00000)
 ParOldGen       total 125440K, used 22968K [0x00000006c1c00000, 0x00000006c9680000, 0x000000076b400000)
  object space 125440K, 18% used [0x00000006c1c00000,0x00000006c326e058,0x00000006c9680000)
 Metaspace       used 28535K, capacity 29328K, committed 29696K, reserved 1075200K
  class space    used 3257K, capacity 3461K, committed 3584K, reserved 1048576K
}
Event: 9.780 GC heap before
{Heap before GC invocations=9 (full 1):
 PSYoungGen      total 98816K, used 98807K [0x000000076b400000, 0x0000000774d00000, 0x00000007c0000000)
  eden space 83456K, 100% used [0x000000076b400000,0x0000000770580000,0x0000000770580000)
  from space 15360K, 99% used [0x0000000770580000,0x000000077147de48,0x0000000771480000)
  to   space 20992K, 0% used [0x0000000773880000,0x0000000773880000,0x0000000774d00000)
 ParOldGen       total 125440K, used 22971K [0x00000006c1c00000, 0x00000006c9680000, 0x000000076b400000)
  object space 125440K, 18% used [0x00000006c1c00000,0x00000006c326ec80,0x00000006c9680000)
 Metaspace       used 28572K, capacity 29328K, committed 29696K, reserved 1075200K
  class space    used 3258K, capacity 3461K, committed 3584K, reserved 1048576K
Event: 9.853 GC heap after
Heap after GC invocations=9 (full 1):
 PSYoungGen      total 125440K, used 20971K [0x000000076b400000, 0x0000000777a00000, 0x00000007c0000000)
  eden space 104448K, 0% used [0x000000076b400000,0x000000076b400000,0x0000000771a00000)
  from space 20992K, 99% used [0x0000000773880000,0x0000000774cfae90,0x0000000774d00000)
  to   space 31232K, 0% used [0x0000000771a00000,0x0000000771a00000,0x0000000773880000)
 ParOldGen       total 125440K, used 41069K [0x00000006c1c00000, 0x00000006c9680000, 0x000000076b400000)
  object space 125440K, 32% used [0x00000006c1c00000,0x00000006c441b4f8,0x00000006c9680000)
 Metaspace       used 28572K, capacity 29328K, committed 29696K, reserved 1075200K
  class space    used 3258K, capacity 3461K, committed 3584K, reserved 1048576K
}
Event: 10.667 GC heap before
{Heap before GC invocations=10 (full 1):
 PSYoungGen      total 125440K, used 125419K [0x000000076b400000, 0x0000000777a00000, 0x00000007c0000000)
  eden space 104448K, 100% used [0x000000076b400000,0x0000000771a00000,0x0000000771a00000)
  from space 20992K, 99% used [0x0000000773880000,0x0000000774cfae90,0x0000000774d00000)
  to   space 31232K, 0% used [0x0000000771a00000,0x0000000771a00000,0x0000000773880000)
 ParOldGen       total 125440K, used 41069K [0x00000006c1c00000, 0x00000006c9680000, 0x000000076b400000)
  object space 125440K, 32% used [0x00000006c1c00000,0x00000006c441b4f8,0x00000006c9680000)
 Metaspace       used 29181K, capacity 29970K, committed 30208K, reserved 1075200K
  class space    used 3327K, capacity 3536K, committed 3584K, reserved 1048576K
Event: 10.720 GC heap after
Heap after GC invocations=10 (full 1):
 PSYoungGen      total 135680K, used 31223K [0x000000076b400000, 0x0000000779580000, 0x00000007c0000000)
  eden space 104448K, 0% used [0x000000076b400000,0x000000076b400000,0x0000000771a00000)
  from space 31232K, 99% used [0x0000000771a00000,0x000000077387dcf0,0x0000000773880000)
  to   space 40960K, 0% used [0x0000000776d80000,0x0000000776d80000,0x0000000779580000)
 ParOldGen       total 125440K, used 54651K [0x00000006c1c00000, 0x00000006c9680000, 0x000000076b400000)
  object space 125440K, 43% used [0x00000006c1c00000,0x00000006c515ed30,0x00000006c9680000)
 Metaspace       used 29181K, capacity 29970K, committed 30208K, reserved 1075200K
  class space    used 3327K, capacity 3536K, committed 3584K, reserved 1048576K
}
Event: 11.447 GC heap before
{Heap before GC invocations=11 (full 1):
 PSYoungGen      total 135680K, used 68847K [0x000000076b400000, 0x0000000779580000, 0x00000007c0000000)
  eden space 104448K, 36% used [0x000000076b400000,0x000000076d8be2a0,0x0000000771a00000)
  from space 31232K, 99% used [0x0000000771a00000,0x000000077387dcf0,0x0000000773880000)
  to   space 40960K, 0% used [0x0000000776d80000,0x0000000776d80000,0x0000000779580000)
 ParOldGen       total 125440K, used 54651K [0x00000006c1c00000, 0x00000006c9680000, 0x000000076b400000)
  object space 125440K, 43% used [0x00000006c1c00000,0x00000006c515ed30,0x00000006c9680000)
 Metaspace       used 34125K, capacity 35282K, committed 35456K, reserved 1081344K
  class space    used 4030K, capacity 4356K, committed 4480K, reserved 1048576K
Event: 11.470 GC heap after
Heap after GC invocations=11 (full 1):
 PSYoungGen      total 186880K, used 9530K [0x000000076b400000, 0x0000000779400000, 0x00000007c0000000)
  eden space 147456K, 0% used [0x000000076b400000,0x000000076b400000,0x0000000774400000)
  from space 39424K, 24% used [0x0000000776d80000,0x00000007776ceb10,0x0000000779400000)
  to   space 40960K, 0% used [0x0000000774400000,0x0000000774400000,0x0000000776c00000)
 ParOldGen       total 125440K, used 67408K [0x00000006c1c00000, 0x00000006c9680000, 0x000000076b400000)
  object space 125440K, 53% used [0x00000006c1c00000,0x00000006c5dd4380,0x00000006c9680000)
 Metaspace       used 34125K, capacity 35282K, committed 35456K, reserved 1081344K
  class space    used 4030K, capacity 4356K, committed 4480K, reserved 1048576K
}
Event: 11.470 GC heap before
{Heap before GC invocations=12 (full 2):
 PSYoungGen      total 186880K, used 9530K [0x000000076b400000, 0x0000000779400000, 0x00000007c0000000)
  eden space 147456K, 0% used [0x000000076b400000,0x000000076b400000,0x0000000774400000)
  from space 39424K, 24% used [0x0000000776d80000,0x00000007776ceb10,0x0000000779400000)
  to   space 40960K, 0% used [0x0000000774400000,0x0000000774400000,0x0000000776c00000)
 ParOldGen       total 125440K, used 67408K [0x00000006c1c00000, 0x00000006c9680000, 0x000000076b400000)
  object space 125440K, 53% used [0x00000006c1c00000,0x00000006c5dd4380,0x00000006c9680000)
 Metaspace       used 34125K, capacity 35282K, committed 35456K, reserved 1081344K
  class space    used 4030K, capacity 4356K, committed 4480K, reserved 1048576K
Event: 11.544 GC heap after
Heap after GC invocations=12 (full 2):
 PSYoungGen      total 186880K, used 0K [0x000000076b400000, 0x0000000779400000, 0x00000007c0000000)
  eden space 147456K, 0% used [0x000000076b400000,0x000000076b400000,0x0000000774400000)
  from space 39424K, 0% used [0x0000000776d80000,0x0000000776d80000,0x0000000779400000)
  to   space 40960K, 0% used [0x0000000774400000,0x0000000774400000,0x0000000776c00000)
 ParOldGen       total 187392K, used 30937K [0x00000006c1c00000, 0x00000006cd300000, 0x000000076b400000)
  object space 187392K, 16% used [0x00000006c1c00000,0x00000006c3a367e8,0x00000006cd300000)
 Metaspace       used 34125K, capacity 35282K, committed 35456K, reserved 1081344K
  class space    used 4030K, capacity 4356K, committed 4480K, reserved 1048576K
}

