# JRE version: Java(TM) SE Runtime Environment (8.0_181-b13) (build 1.8.0_181-b13)
# Java VM: Java HotSpot(TM) 64-Bit Server VM (25.181-b13 mixed mode windows-amd64 compressed oops)
Heap:
 PSYoungGen      total 315392K, used 80756K [0x000000076b400000, 0x000000078b900000, 0x00000007c0000000)
  eden space 274944K, 29% used [0x000000076b400000,0x00000007702dd3d8,0x000000077c080000)
  from space 40448K, 0% used [0x000000077f200000,0x000000077f200000,0x0000000781980000)
  to   space 50688K, 0% used [0x000000077c080000,0x000000077c080000,0x000000077f200000)
 ParOldGen       total 235008K, used 63974K [0x00000006c1c00000, 0x00000006d0180000, 0x000000076b400000)
  object space 235008K, 27% used [0x00000006c1c00000,0x00000006c5a79990,0x00000006d0180000)
 Metaspace       used 43445K, capacity 44924K, committed 45312K, reserved 1089536K
  class space    used 5179K, capacity 5530K, committed 5632K, reserved 1048576K
GC Heap History (10 events):
Event: 5.950 GC heap before
{Heap before GC invocations=4 (full 1):
 PSYoungGen      total 141824K, used 10720K [0x000000076b400000, 0x000000077c900000, 0x00000007c0000000)
  eden space 131072K, 0% used [0x000000076b400000,0x000000076b400000,0x0000000773400000)
  from space 10752K, 99% used [0x0000000773400000,0x0000000773e78040,0x0000000773e80000)
  to   space 10752K, 0% used [0x000000077be80000,0x000000077be80000,0x000000077c900000)
 ParOldGen       total 175104K, used 3417K [0x00000006c1c00000, 0x00000006cc700000, 0x000000076b400000)
  object space 175104K, 1% used [0x00000006c1c00000,0x00000006c1f567b0,0x00000006cc700000)
 Metaspace       used 20520K, capacity 21136K, committed 21296K, reserved 1069056K
  class space    used 2472K, capacity 2632K, committed 2688K, reserved 1048576K
Event: 6.029 GC heap after
Heap after GC invocations=4 (full 1):
 PSYoungGen      total 141824K, used 0K [0x000000076b400000, 0x000000077c900000, 0x00000007c0000000)
  eden space 131072K, 0% used [0x000000076b400000,0x000000076b400000,0x0000000773400000)
  from space 10752K, 0% used [0x0000000773400000,0x0000000773400000,0x0000000773e80000)
  to   space 10752K, 0% used [0x000000077be80000,0x000000077be80000,0x000000077c900000)
 ParOldGen       total 119808K, used 13876K [0x00000006c1c00000, 0x00000006c9100000, 0x000000076b400000)
  object space 119808K, 11% used [0x00000006c1c00000,0x00000006c298d280,0x00000006c9100000)
 Metaspace       used 20520K, capacity 21136K, committed 21296K, reserved 1069056K
  class space    used 2472K, capacity 2632K, committed 2688K, reserved 1048576K
}
Event: 9.889 GC heap before
{Heap before GC invocations=5 (full 1):
 PSYoungGen      total 141824K, used 131072K [0x000000076b400000, 0x000000077c900000, 0x00000007c0000000)
  eden space 131072K, 100% used [0x000000076b400000,0x0000000773400000,0x0000000773400000)
  from space 10752K, 0% used [0x0000000773400000,0x0000000773400000,0x0000000773e80000)
  to   space 10752K, 0% used [0x000000077be80000,0x000000077be80000,0x000000077c900000)
 ParOldGen       total 119808K, used 13876K [0x00000006c1c00000, 0x00000006c9100000, 0x000000076b400000)
  object space 119808K, 11% used [0x00000006c1c00000,0x00000006c298d280,0x00000006c9100000)
 Metaspace       used 24591K, capacity 25348K, committed 25600K, reserved 1071104K
  class space    used 2826K, capacity 3005K, committed 3072K, reserved 1048576K
Event: 9.904 GC heap after
Heap after GC invocations=5 (full 1):
 PSYoungGen      total 194560K, used 10751K [0x000000076b400000, 0x000000077c900000, 0x00000007c0000000)
  eden space 183808K, 0% used [0x000000076b400000,0x000000076b400000,0x0000000776780000)
  from space 10752K, 99% used [0x000000077be80000,0x000000077c8fff18,0x000000077c900000)
  to   space 10752K, 0% used [0x000000077b400000,0x000000077b400000,0x000000077be80000)
 ParOldGen       total 119808K, used 18906K [0x00000006c1c00000, 0x00000006c9100000, 0x000000076b400000)
  object space 119808K, 15% used [0x00000006c1c00000,0x00000006c2e76b68,0x00000006c9100000)
 Metaspace       used 24591K, capacity 25348K, committed 25600K, reserved 1071104K
  class space    used 2826K, capacity 3005K, committed 3072K, reserved 1048576K
}
Event: 11.659 GC heap before
{Heap before GC invocations=6 (full 1):
 PSYoungGen      total 194560K, used 194559K [0x000000076b400000, 0x000000077c900000, 0x00000007c0000000)
  eden space 183808K, 100% used [0x000000076b400000,0x0000000776780000,0x0000000776780000)
  from space 10752K, 99% used [0x000000077be80000,0x000000077c8fff18,0x000000077c900000)
  to   space 10752K, 0% used [0x000000077b400000,0x000000077b400000,0x000000077be80000)
 ParOldGen       total 119808K, used 18906K [0x00000006c1c00000, 0x00000006c9100000, 0x000000076b400000)
  object space 119808K, 15% used [0x00000006c1c00000,0x00000006c2e76b88,0x00000006c9100000)
 Metaspace       used 28577K, capacity 29392K, committed 29696K, reserved 1075200K
  class space    used 3258K, capacity 3461K, committed 3584K, reserved 1048576K
Event: 11.729 GC heap after
Heap after GC invocations=6 (full 1):
 PSYoungGen      total 272896K, used 10746K [0x000000076b400000, 0x0000000781980000, 0x00000007c0000000)
  eden space 262144K, 0% used [0x000000076b400000,0x000000076b400000,0x000000077b400000)
  from space 10752K, 99% used [0x000000077b400000,0x000000077be7e990,0x000000077be80000)
  to   space 40448K, 0% used [0x000000077f200000,0x000000077f200000,0x0000000781980000)
 ParOldGen       total 119808K, used 55474K [0x00000006c1c00000, 0x00000006c9100000, 0x000000076b400000)
  object space 119808K, 46% used [0x00000006c1c00000,0x00000006c522cae0,0x00000006c9100000)
 Metaspace       used 28577K, capacity 29392K, committed 29696K, reserved 1075200K
  class space    used 3258K, capacity 3461K, committed 3584K, reserved 1048576K
}
Event: 13.227 GC heap before
{Heap before GC invocations=7 (full 1):
 PSYoungGen      total 272896K, used 163125K [0x000000076b400000, 0x0000000781980000, 0x00000007c0000000)
  eden space 262144K, 58% used [0x000000076b400000,0x00000007748ceb78,0x000000077b400000)
  from space 10752K, 99% used [0x000000077b400000,0x000000077be7e990,0x000000077be80000)
  to   space 40448K, 0% used [0x000000077f200000,0x000000077f200000,0x0000000781980000)
 ParOldGen       total 119808K, used 55474K [0x00000006c1c00000, 0x00000006c9100000, 0x000000076b400000)
  object space 119808K, 46% used [0x00000006c1c00000,0x00000006c522cae0,0x00000006c9100000)
 Metaspace       used 34117K, capacity 35320K, committed 35496K, reserved 1081344K
  class space    used 4028K, capacity 4325K, committed 4352K, reserved 1048576K
Event: 13.293 GC heap after
Heap after GC invocations=7 (full 1):
 PSYoungGen      total 315392K, used 40446K [0x000000076b400000, 0x000000078b900000, 0x00000007c0000000)
  eden space 274944K, 0% used [0x000000076b400000,0x000000076b400000,0x000000077c080000)
  from space 40448K, 99% used [0x000000077f200000,0x000000078197fb80,0x0000000781980000)
  to   space 50688K, 0% used [0x000000077c080000,0x000000077c080000,0x000000077f200000)
 ParOldGen       total 119808K, used 59012K [0x00000006c1c00000, 0x00000006c9100000, 0x000000076b400000)
  object space 119808K, 49% used [0x00000006c1c00000,0x00000006c55a13c8,0x00000006c9100000)
 Metaspace       used 34117K, capacity 35320K, committed 35496K, reserved 1081344K
  class space    used 4028K, capacity 4325K, committed 4352K, reserved 1048576K
}
Event: 13.293 GC heap before
{Heap before GC invocations=8 (full 2):
 PSYoungGen      total 315392K, used 40446K [0x000000076b400000, 0x000000078b900000, 0x00000007c0000000)
  eden space 274944K, 0% used [0x000000076b400000,0x000000076b400000,0x000000077c080000)
  from space 40448K, 99% used [0x000000077f200000,0x000000078197fb80,0x0000000781980000)
  to   space 50688K, 0% used [0x000000077c080000,0x000000077c080000,0x000000077f200000)
 ParOldGen       total 119808K, used 59012K [0x00000006c1c00000, 0x00000006c9100000, 0x000000076b400000)
  object space 119808K, 49% used [0x00000006c1c00000,0x00000006c55a13c8,0x00000006c9100000)
 Metaspace       used 34117K, capacity 35320K, committed 35496K, reserved 1081344K
  class space    used 4028K, capacity 4325K, committed 4352K, reserved 1048576K
Event: 13.422 GC heap after
Heap after GC invocations=8 (full 2):
 PSYoungGen      total 315392K, used 0K [0x000000076b400000, 0x000000078b900000, 0x00000007c0000000)
  eden space 274944K, 0% used [0x000000076b400000,0x000000076b400000,0x000000077c080000)
  from space 40448K, 0% used [0x000000077f200000,0x000000077f200000,0x0000000781980000)
  to   space 50688K, 0% used [0x000000077c080000,0x000000077c080000,0x000000077f200000)
 ParOldGen       total 235008K, used 63974K [0x00000006c1c00000, 0x00000006d0180000, 0x000000076b400000)
  object space 235008K, 27% used [0x00000006c1c00000,0x00000006c5a79990,0x00000006d0180000)
 Metaspace       used 34117K, capacity 35320K, committed 35496K, reserved 1081344K
  class space    used 4028K, capacity 4325K, committed 4352K, reserved 1048576K
}

