# JRE version: Java(TM) SE Runtime Environment (8.0_181-b13) (build 1.8.0_181-b13)
# Java VM: Java HotSpot(TM) 64-Bit Server VM (25.181-b13 mixed mode windows-amd64 compressed oops)
Heap:
 PSYoungGen      total 218112K, used 76410K [0x000000076b400000, 0x000000077b580000, 0x00000007c0000000)
  eden space 175616K, 43% used [0x000000076b400000,0x000000076fe9eba0,0x0000000775f80000)
  from space 42496K, 0% used [0x0000000778900000,0x0000000778900000,0x000000077b280000)
  to   space 42496K, 0% used [0x0000000775f80000,0x0000000775f80000,0x0000000778900000)
 ParOldGen       total 171008K, used 28589K [0x00000006c1c00000, 0x00000006cc300000, 0x000000076b400000)
  object space 171008K, 16% used [0x00000006c1c00000,0x00000006c37eb600,0x00000006cc300000)
 Metaspace       used 43310K, capacity 44746K, committed 44928K, reserved 1089536K
  class space    used 5154K, capacity 5493K, committed 5504K, reserved 1048576K
GC Heap History (10 events):
Event: 10.912 GC heap before
{Heap before GC invocations=8 (full 1):
 PSYoungGen      total 104960K, used 104948K [0x000000076b400000, 0x0000000772a80000, 0x00000007c0000000)
  eden space 90624K, 100% used [0x000000076b400000,0x0000000770c80000,0x0000000770c80000)
  from space 14336K, 99% used [0x0000000771b80000,0x000000077297d148,0x0000000772980000)
  to   space 15360K, 0% used [0x0000000770c80000,0x0000000770c80000,0x0000000771b80000)
 ParOldGen       total 118784K, used 14976K [0x00000006c1c00000, 0x00000006c9000000, 0x000000076b400000)
  object space 118784K, 12% used [0x00000006c1c00000,0x00000006c2aa01b8,0x00000006c9000000)
 Metaspace       used 28565K, capacity 29392K, committed 29696K, reserved 1075200K
  class space    used 3258K, capacity 3461K, committed 3584K, reserved 1048576K
Event: 10.937 GC heap after
Heap after GC invocations=8 (full 1):
 PSYoungGen      total 105984K, used 15330K [0x000000076b400000, 0x0000000776080000, 0x00000007c0000000)
  eden space 90624K, 0% used [0x000000076b400000,0x000000076b400000,0x0000000770c80000)
  from space 15360K, 99% used [0x0000000770c80000,0x0000000771b78858,0x0000000771b80000)
  to   space 22016K, 0% used [0x0000000774b00000,0x0000000774b00000,0x0000000776080000)
 ParOldGen       total 118784K, used 24890K [0x00000006c1c00000, 0x00000006c9000000, 0x000000076b400000)
  object space 118784K, 20% used [0x00000006c1c00000,0x00000006c344eb70,0x00000006c9000000)
 Metaspace       used 28565K, capacity 29392K, committed 29696K, reserved 1075200K
  class space    used 3258K, capacity 3461K, committed 3584K, reserved 1048576K
}
Event: 11.445 GC heap before
{Heap before GC invocations=9 (full 1):
 PSYoungGen      total 105984K, used 105954K [0x000000076b400000, 0x0000000776080000, 0x00000007c0000000)
  eden space 90624K, 100% used [0x000000076b400000,0x0000000770c80000,0x0000000770c80000)
  from space 15360K, 99% used [0x0000000770c80000,0x0000000771b78858,0x0000000771b80000)
  to   space 22016K, 0% used [0x0000000774b00000,0x0000000774b00000,0x0000000776080000)
 ParOldGen       total 118784K, used 24903K [0x00000006c1c00000, 0x00000006c9000000, 0x000000076b400000)
  object space 118784K, 20% used [0x00000006c1c00000,0x00000006c3451f58,0x00000006c9000000)
 Metaspace       used 28596K, capacity 29392K, committed 29696K, reserved 1075200K
  class space    used 3259K, capacity 3461K, committed 3584K, reserved 1048576K
Event: 11.497 GC heap after
Heap after GC invocations=9 (full 1):
 PSYoungGen      total 143872K, used 21996K [0x000000076b400000, 0x0000000778d00000, 0x00000007c0000000)
  eden space 121856K, 0% used [0x000000076b400000,0x000000076b400000,0x0000000772b00000)
  from space 22016K, 99% used [0x0000000774b00000,0x000000077607b090,0x0000000776080000)
  to   space 32768K, 0% used [0x0000000772b00000,0x0000000772b00000,0x0000000774b00000)
 ParOldGen       total 118784K, used 43584K [0x00000006c1c00000, 0x00000006c9000000, 0x000000076b400000)
  object space 118784K, 36% used [0x00000006c1c00000,0x00000006c4690130,0x00000006c9000000)
 Metaspace       used 28596K, capacity 29392K, committed 29696K, reserved 1075200K
  class space    used 3259K, capacity 3461K, committed 3584K, reserved 1048576K
}
Event: 12.996 GC heap before
{Heap before GC invocations=10 (full 1):
 PSYoungGen      total 143872K, used 143852K [0x000000076b400000, 0x0000000778d00000, 0x00000007c0000000)
  eden space 121856K, 100% used [0x000000076b400000,0x0000000772b00000,0x0000000772b00000)
  from space 22016K, 99% used [0x0000000774b00000,0x000000077607b090,0x0000000776080000)
  to   space 32768K, 0% used [0x0000000772b00000,0x0000000772b00000,0x0000000774b00000)
 ParOldGen       total 118784K, used 43598K [0x00000006c1c00000, 0x00000006c9000000, 0x000000076b400000)
  object space 118784K, 36% used [0x00000006c1c00000,0x00000006c4693b50,0x00000006c9000000)
 Metaspace       used 33082K, capacity 34286K, committed 34432K, reserved 1079296K
  class space    used 3869K, capacity 4186K, committed 4224K, reserved 1048576K
Event: 13.049 GC heap after
Heap after GC invocations=10 (full 1):
 PSYoungGen      total 154624K, used 32743K [0x000000076b400000, 0x000000077b280000, 0x00000007c0000000)
  eden space 121856K, 0% used [0x000000076b400000,0x000000076b400000,0x0000000772b00000)
  from space 32768K, 99% used [0x0000000772b00000,0x0000000774af9ce0,0x0000000774b00000)
  to   space 42496K, 0% used [0x0000000778900000,0x0000000778900000,0x000000077b280000)
 ParOldGen       total 118784K, used 56111K [0x00000006c1c00000, 0x00000006c9000000, 0x000000076b400000)
  object space 118784K, 47% used [0x00000006c1c00000,0x00000006c52cbe60,0x00000006c9000000)
 Metaspace       used 33082K, capacity 34286K, committed 34432K, reserved 1079296K
  class space    used 3869K, capacity 4186K, committed 4224K, reserved 1048576K
}
Event: 13.219 GC heap before
{Heap before GC invocations=11 (full 1):
 PSYoungGen      total 154624K, used 43465K [0x000000076b400000, 0x000000077b280000, 0x00000007c0000000)
  eden space 121856K, 8% used [0x000000076b400000,0x000000076be78910,0x0000000772b00000)
  from space 32768K, 99% used [0x0000000772b00000,0x0000000774af9ce0,0x0000000774b00000)
  to   space 42496K, 0% used [0x0000000778900000,0x0000000778900000,0x000000077b280000)
 ParOldGen       total 118784K, used 56111K [0x00000006c1c00000, 0x00000006c9000000, 0x000000076b400000)
  object space 118784K, 47% used [0x00000006c1c00000,0x00000006c52cbe60,0x00000006c9000000)
 Metaspace       used 34141K, capacity 35320K, committed 35496K, reserved 1081344K
  class space    used 4031K, capacity 4325K, committed 4352K, reserved 1048576K
Event: 13.232 GC heap after
Heap after GC invocations=11 (full 1):
 PSYoungGen      total 218112K, used 6860K [0x000000076b400000, 0x000000077b580000, 0x00000007c0000000)
  eden space 175616K, 0% used [0x000000076b400000,0x000000076b400000,0x0000000775f80000)
  from space 42496K, 16% used [0x0000000778900000,0x0000000778fb33b0,0x000000077b280000)
  to   space 42496K, 0% used [0x0000000775f80000,0x0000000775f80000,0x0000000778900000)
 ParOldGen       total 118784K, used 68797K [0x00000006c1c00000, 0x00000006c9000000, 0x000000076b400000)
  object space 118784K, 57% used [0x00000006c1c00000,0x00000006c5f2f658,0x00000006c9000000)
 Metaspace       used 34141K, capacity 35320K, committed 35496K, reserved 1081344K
  class space    used 4031K, capacity 4325K, committed 4352K, reserved 1048576K
}
Event: 13.232 GC heap before
{Heap before GC invocations=12 (full 2):
 PSYoungGen      total 218112K, used 6860K [0x000000076b400000, 0x000000077b580000, 0x00000007c0000000)
  eden space 175616K, 0% used [0x000000076b400000,0x000000076b400000,0x0000000775f80000)
  from space 42496K, 16% used [0x0000000778900000,0x0000000778fb33b0,0x000000077b280000)
  to   space 42496K, 0% used [0x0000000775f80000,0x0000000775f80000,0x0000000778900000)
 ParOldGen       total 118784K, used 68797K [0x00000006c1c00000, 0x00000006c9000000, 0x000000076b400000)
  object space 118784K, 57% used [0x00000006c1c00000,0x00000006c5f2f658,0x00000006c9000000)
 Metaspace       used 34141K, capacity 35320K, committed 35496K, reserved 1081344K
  class space    used 4031K, capacity 4325K, committed 4352K, reserved 1048576K
Event: 13.303 GC heap after
Heap after GC invocations=12 (full 2):
 PSYoungGen      total 218112K, used 0K [0x000000076b400000, 0x000000077b580000, 0x00000007c0000000)
  eden space 175616K, 0% used [0x000000076b400000,0x000000076b400000,0x0000000775f80000)
  from space 42496K, 0% used [0x0000000778900000,0x0000000778900000,0x000000077b280000)
  to   space 42496K, 0% used [0x0000000775f80000,0x0000000775f80000,0x0000000778900000)
 ParOldGen       total 171008K, used 28589K [0x00000006c1c00000, 0x00000006cc300000, 0x000000076b400000)
  object space 171008K, 16% used [0x00000006c1c00000,0x00000006c37eb600,0x00000006cc300000)
 Metaspace       used 34141K, capacity 35320K, committed 35496K, reserved 1081344K
  class space    used 4031K, capacity 4325K, committed 4352K, reserved 1048576K
}

