# JRE version: Java(TM) SE Runtime Environment (8.0_181-b13) (build 1.8.0_181-b13)
# Java VM: Java HotSpot(TM) 64-Bit Server VM (25.181-b13 mixed mode windows-amd64 compressed oops)
Heap:
 PSYoungGen      total 208896K, used 74851K [0x000000076b400000, 0x000000077ab00000, 0x00000007c0000000)
  eden space 167936K, 44% used [0x000000076b400000,0x000000076fd18da8,0x0000000775800000)
  from space 40960K, 0% used [0x0000000778300000,0x0000000778300000,0x000000077ab00000)
  to   space 42496K, 0% used [0x0000000775800000,0x0000000775800000,0x0000000778180000)
 ParOldGen       total 175104K, used 29171K [0x00000006c1c00000, 0x00000006cc700000, 0x000000076b400000)
  object space 175104K, 16% used [0x00000006c1c00000,0x00000006c387cd30,0x00000006cc700000)
 Metaspace       used 43159K, capacity 44744K, committed 44928K, reserved 1089536K
  class space    used 5135K, capacity 5492K, committed 5504K, reserved 1048576K
GC Heap History (10 events):
Event: 9.566 GC heap before
{Heap before GC invocations=8 (full 1):
 PSYoungGen      total 102400K, used 102397K [0x000000076b400000, 0x0000000772a00000, 0x00000007c0000000)
  eden space 88576K, 100% used [0x000000076b400000,0x0000000770a80000,0x0000000770a80000)
  from space 13824K, 99% used [0x0000000771980000,0x00000007726ff788,0x0000000772700000)
  to   space 15360K, 0% used [0x0000000770a80000,0x0000000770a80000,0x0000000771980000)
 ParOldGen       total 119296K, used 15012K [0x00000006c1c00000, 0x00000006c9080000, 0x000000076b400000)
  object space 119296K, 12% used [0x00000006c1c00000,0x00000006c2aa9188,0x00000006c9080000)
 Metaspace       used 28608K, capacity 29456K, committed 29696K, reserved 1075200K
  class space    used 3261K, capacity 3461K, committed 3584K, reserved 1048576K
Event: 9.601 GC heap after
Heap after GC invocations=8 (full 1):
 PSYoungGen      total 103936K, used 15338K [0x000000076b400000, 0x0000000775b80000, 0x00000007c0000000)
  eden space 88576K, 0% used [0x000000076b400000,0x000000076b400000,0x0000000770a80000)
  from space 15360K, 99% used [0x0000000770a80000,0x000000077197ab98,0x0000000771980000)
  to   space 21504K, 0% used [0x0000000774680000,0x0000000774680000,0x0000000775b80000)
 ParOldGen       total 119296K, used 24293K [0x00000006c1c00000, 0x00000006c9080000, 0x000000076b400000)
  object space 119296K, 20% used [0x00000006c1c00000,0x00000006c33b9648,0x00000006c9080000)
 Metaspace       used 28608K, capacity 29456K, committed 29696K, reserved 1075200K
  class space    used 3261K, capacity 3461K, committed 3584K, reserved 1048576K
}
Event: 10.101 GC heap before
{Heap before GC invocations=9 (full 1):
 PSYoungGen      total 103936K, used 103914K [0x000000076b400000, 0x0000000775b80000, 0x00000007c0000000)
  eden space 88576K, 100% used [0x000000076b400000,0x0000000770a80000,0x0000000770a80000)
  from space 15360K, 99% used [0x0000000770a80000,0x000000077197ab98,0x0000000771980000)
  to   space 21504K, 0% used [0x0000000774680000,0x0000000774680000,0x0000000775b80000)
 ParOldGen       total 119296K, used 24294K [0x00000006c1c00000, 0x00000006c9080000, 0x000000076b400000)
  object space 119296K, 20% used [0x00000006c1c00000,0x00000006c33b9a98,0x00000006c9080000)
 Metaspace       used 28623K, capacity 29456K, committed 29696K, reserved 1075200K
  class space    used 3261K, capacity 3461K, committed 3584K, reserved 1048576K
Event: 10.186 GC heap after
Heap after GC invocations=9 (full 1):
 PSYoungGen      total 139264K, used 21487K [0x000000076b400000, 0x0000000778900000, 0x00000007c0000000)
  eden space 117760K, 0% used [0x000000076b400000,0x000000076b400000,0x0000000772700000)
  from space 21504K, 99% used [0x0000000774680000,0x0000000775b7bdd0,0x0000000775b80000)
  to   space 32256K, 0% used [0x0000000772700000,0x0000000772700000,0x0000000774680000)
 ParOldGen       total 119296K, used 43436K [0x00000006c1c00000, 0x00000006c9080000, 0x000000076b400000)
  object space 119296K, 36% used [0x00000006c1c00000,0x00000006c466b1c0,0x00000006c9080000)
 Metaspace       used 28623K, capacity 29456K, committed 29696K, reserved 1075200K
  class space    used 3261K, capacity 3461K, committed 3584K, reserved 1048576K
}
Event: 11.366 GC heap before
{Heap before GC invocations=10 (full 1):
 PSYoungGen      total 139264K, used 139247K [0x000000076b400000, 0x0000000778900000, 0x00000007c0000000)
  eden space 117760K, 100% used [0x000000076b400000,0x0000000772700000,0x0000000772700000)
  from space 21504K, 99% used [0x0000000774680000,0x0000000775b7bdd0,0x0000000775b80000)
  to   space 32256K, 0% used [0x0000000772700000,0x0000000772700000,0x0000000774680000)
 ParOldGen       total 119296K, used 43445K [0x00000006c1c00000, 0x00000006c9080000, 0x000000076b400000)
  object space 119296K, 36% used [0x00000006c1c00000,0x00000006c466d640,0x00000006c9080000)
 Metaspace       used 32500K, capacity 33564K, committed 33792K, reserved 1079296K
  class space    used 3756K, capacity 4011K, committed 4096K, reserved 1048576K
Event: 11.416 GC heap after
Heap after GC invocations=10 (full 1):
 PSYoungGen      total 150016K, used 32230K [0x000000076b400000, 0x000000077ac80000, 0x00000007c0000000)
  eden space 117760K, 0% used [0x000000076b400000,0x000000076b400000,0x0000000772700000)
  from space 32256K, 99% used [0x0000000772700000,0x0000000774679b58,0x0000000774680000)
  to   space 42496K, 0% used [0x0000000778300000,0x0000000778300000,0x000000077ac80000)
 ParOldGen       total 119296K, used 57022K [0x00000006c1c00000, 0x00000006c9080000, 0x000000076b400000)
  object space 119296K, 47% used [0x00000006c1c00000,0x00000006c53afbb8,0x00000006c9080000)
 Metaspace       used 32500K, capacity 33564K, committed 33792K, reserved 1079296K
  class space    used 3756K, capacity 4011K, committed 4096K, reserved 1048576K
}
Event: 11.703 GC heap before
{Heap before GC invocations=11 (full 1):
 PSYoungGen      total 150016K, used 48608K [0x000000076b400000, 0x000000077ac80000, 0x00000007c0000000)
  eden space 117760K, 13% used [0x000000076b400000,0x000000076c3fe708,0x0000000772700000)
  from space 32256K, 99% used [0x0000000772700000,0x0000000774679b58,0x0000000774680000)
  to   space 42496K, 0% used [0x0000000778300000,0x0000000778300000,0x000000077ac80000)
 ParOldGen       total 119296K, used 57022K [0x00000006c1c00000, 0x00000006c9080000, 0x000000076b400000)
  object space 119296K, 47% used [0x00000006c1c00000,0x00000006c53afbb8,0x00000006c9080000)
 Metaspace       used 34137K, capacity 35384K, committed 35496K, reserved 1081344K
  class space    used 4030K, capacity 4325K, committed 4352K, reserved 1048576K
Event: 11.712 GC heap after
Heap after GC invocations=11 (full 1):
 PSYoungGen      total 208896K, used 4374K [0x000000076b400000, 0x000000077ab00000, 0x00000007c0000000)
  eden space 167936K, 0% used [0x000000076b400000,0x000000076b400000,0x0000000775800000)
  from space 40960K, 10% used [0x0000000778300000,0x0000000778745ac0,0x000000077ab00000)
  to   space 42496K, 0% used [0x0000000775800000,0x0000000775800000,0x0000000778180000)
 ParOldGen       total 119296K, used 59895K [0x00000006c1c00000, 0x00000006c9080000, 0x000000076b400000)
  object space 119296K, 50% used [0x00000006c1c00000,0x00000006c567ddf8,0x00000006c9080000)
 Metaspace       used 34137K, capacity 35384K, committed 35496K, reserved 1081344K
  class space    used 4030K, capacity 4325K, committed 4352K, reserved 1048576K
}
Event: 11.712 GC heap before
{Heap before GC invocations=12 (full 2):
 PSYoungGen      total 208896K, used 4374K [0x000000076b400000, 0x000000077ab00000, 0x00000007c0000000)
  eden space 167936K, 0% used [0x000000076b400000,0x000000076b400000,0x0000000775800000)
  from space 40960K, 10% used [0x0000000778300000,0x0000000778745ac0,0x000000077ab00000)
  to   space 42496K, 0% used [0x0000000775800000,0x0000000775800000,0x0000000778180000)
 ParOldGen       total 119296K, used 59895K [0x00000006c1c00000, 0x00000006c9080000, 0x000000076b400000)
  object space 119296K, 50% used [0x00000006c1c00000,0x00000006c567ddf8,0x00000006c9080000)
 Metaspace       used 34137K, capacity 35384K, committed 35496K, reserved 1081344K
  class space    used 4030K, capacity 4325K, committed 4352K, reserved 1048576K
Event: 11.789 GC heap after
Heap after GC invocations=12 (full 2):
 PSYoungGen      total 208896K, used 0K [0x000000076b400000, 0x000000077ab00000, 0x00000007c0000000)
  eden space 167936K, 0% used [0x000000076b400000,0x000000076b400000,0x0000000775800000)
  from space 40960K, 0% used [0x0000000778300000,0x0000000778300000,0x000000077ab00000)
  to   space 42496K, 0% used [0x0000000775800000,0x0000000775800000,0x0000000778180000)
 ParOldGen       total 175104K, used 29171K [0x00000006c1c00000, 0x00000006cc700000, 0x000000076b400000)
  object space 175104K, 16% used [0x00000006c1c00000,0x00000006c387cd30,0x00000006cc700000)
 Metaspace       used 34137K, capacity 35384K, committed 35496K, reserved 1081344K
  class space    used 4030K, capacity 4325K, committed 4352K, reserved 1048576K
}

