# JRE version: Java(TM) SE Runtime Environment (8.0_181-b13) (build 1.8.0_181-b13)
# Java VM: Java HotSpot(TM) 64-Bit Server VM (25.181-b13 mixed mode windows-amd64 compressed oops)
Heap:
 PSYoungGen      total 198656K, used 73825K [0x000000076b400000, 0x000000077a080000, 0x00000007c0000000)
  eden space 158208K, 46% used [0x000000076b400000,0x000000076fc185b0,0x0000000774e80000)
  from space 40448K, 0% used [0x0000000777900000,0x0000000777900000,0x000000077a080000)
  to   space 41984K, 0% used [0x0000000774e80000,0x0000000774e80000,0x0000000777780000)
 ParOldGen       total 180224K, used 30111K [0x00000006c1c00000, 0x00000006ccc00000, 0x000000076b400000)
  object space 180224K, 16% used [0x00000006c1c00000,0x00000006c3967ca8,0x00000006ccc00000)
 Metaspace       used 43109K, capacity 44552K, committed 44672K, reserved 1089536K
  class space    used 5131K, capacity 5492K, committed 5504K, reserved 1048576K
GC Heap History (10 events):
Event: 9.188 GC heap before
{Heap before GC invocations=8 (full 1):
 PSYoungGen      total 100352K, used 100339K [0x000000076b400000, 0x0000000772780000, 0x00000007c0000000)
  eden space 86528K, 100% used [0x000000076b400000,0x0000000770880000,0x0000000770880000)
  from space 13824K, 99% used [0x0000000771780000,0x00000007724fcc48,0x0000000772500000)
  to   space 15360K, 0% used [0x0000000770880000,0x0000000770880000,0x0000000771780000)
 ParOldGen       total 122368K, used 15074K [0x00000006c1c00000, 0x00000006c9380000, 0x000000076b400000)
  object space 122368K, 12% used [0x00000006c1c00000,0x00000006c2ab89b0,0x00000006c9380000)
 Metaspace       used 28566K, capacity 29392K, committed 29696K, reserved 1075200K
  class space    used 3255K, capacity 3461K, committed 3584K, reserved 1048576K
Event: 9.225 GC heap after
Heap after GC invocations=8 (full 1):
 PSYoungGen      total 101888K, used 15350K [0x000000076b400000, 0x0000000775500000, 0x00000007c0000000)
  eden space 86528K, 0% used [0x000000076b400000,0x000000076b400000,0x0000000770880000)
  from space 15360K, 99% used [0x0000000770880000,0x000000077177dbe8,0x0000000771780000)
  to   space 20992K, 0% used [0x0000000774080000,0x0000000774080000,0x0000000775500000)
 ParOldGen       total 122368K, used 23466K [0x00000006c1c00000, 0x00000006c9380000, 0x000000076b400000)
  object space 122368K, 19% used [0x00000006c1c00000,0x00000006c32eaa70,0x00000006c9380000)
 Metaspace       used 28566K, capacity 29392K, committed 29696K, reserved 1075200K
  class space    used 3255K, capacity 3461K, committed 3584K, reserved 1048576K
}
Event: 9.665 GC heap before
{Heap before GC invocations=9 (full 1):
 PSYoungGen      total 101888K, used 101878K [0x000000076b400000, 0x0000000775500000, 0x00000007c0000000)
  eden space 86528K, 100% used [0x000000076b400000,0x0000000770880000,0x0000000770880000)
  from space 15360K, 99% used [0x0000000770880000,0x000000077177dbe8,0x0000000771780000)
  to   space 20992K, 0% used [0x0000000774080000,0x0000000774080000,0x0000000775500000)
 ParOldGen       total 122368K, used 23473K [0x00000006c1c00000, 0x00000006c9380000, 0x000000076b400000)
  object space 122368K, 19% used [0x00000006c1c00000,0x00000006c32ec5b8,0x00000006c9380000)
 Metaspace       used 28586K, capacity 29392K, committed 29696K, reserved 1075200K
  class space    used 3255K, capacity 3461K, committed 3584K, reserved 1048576K
Event: 9.727 GC heap after
Heap after GC invocations=9 (full 1):
 PSYoungGen      total 133120K, used 20985K [0x000000076b400000, 0x0000000778100000, 0x00000007c0000000)
  eden space 112128K, 0% used [0x000000076b400000,0x000000076b400000,0x0000000772180000)
  from space 20992K, 99% used [0x0000000774080000,0x00000007754fe4a0,0x0000000775500000)
  to   space 31744K, 0% used [0x0000000772180000,0x0000000772180000,0x0000000774080000)
 ParOldGen       total 122368K, used 42058K [0x00000006c1c00000, 0x00000006c9380000, 0x000000076b400000)
  object space 122368K, 34% used [0x00000006c1c00000,0x00000006c4512a10,0x00000006c9380000)
 Metaspace       used 28586K, capacity 29392K, committed 29696K, reserved 1075200K
  class space    used 3255K, capacity 3461K, committed 3584K, reserved 1048576K
}
Event: 10.831 GC heap before
{Heap before GC invocations=10 (full 1):
 PSYoungGen      total 133120K, used 133113K [0x000000076b400000, 0x0000000778100000, 0x00000007c0000000)
  eden space 112128K, 100% used [0x000000076b400000,0x0000000772180000,0x0000000772180000)
  from space 20992K, 99% used [0x0000000774080000,0x00000007754fe4a0,0x0000000775500000)
  to   space 31744K, 0% used [0x0000000772180000,0x0000000772180000,0x0000000774080000)
 ParOldGen       total 122368K, used 42129K [0x00000006c1c00000, 0x00000006c9380000, 0x000000076b400000)
  object space 122368K, 34% used [0x00000006c1c00000,0x00000006c4524430,0x00000006c9380000)
 Metaspace       used 30878K, capacity 31830K, committed 32000K, reserved 1077248K
  class space    used 3527K, capacity 3800K, committed 3840K, reserved 1048576K
Event: 10.897 GC heap after
Heap after GC invocations=10 (full 1):
 PSYoungGen      total 143872K, used 31716K [0x000000076b400000, 0x000000077a180000, 0x00000007c0000000)
  eden space 112128K, 0% used [0x000000076b400000,0x000000076b400000,0x0000000772180000)
  from space 31744K, 99% used [0x0000000772180000,0x0000000774079310,0x0000000774080000)
  to   space 41472K, 0% used [0x0000000777900000,0x0000000777900000,0x000000077a180000)
 ParOldGen       total 122368K, used 56111K [0x00000006c1c00000, 0x00000006c9380000, 0x000000076b400000)
  object space 122368K, 45% used [0x00000006c1c00000,0x00000006c52cbe88,0x00000006c9380000)
 Metaspace       used 30878K, capacity 31830K, committed 32000K, reserved 1077248K
  class space    used 3527K, capacity 3800K, committed 3840K, reserved 1048576K
}
Event: 11.352 GC heap before
{Heap before GC invocations=11 (full 1):
 PSYoungGen      total 143872K, used 59374K [0x000000076b400000, 0x000000077a180000, 0x00000007c0000000)
  eden space 112128K, 24% used [0x000000076b400000,0x000000076cf026f0,0x0000000772180000)
  from space 31744K, 99% used [0x0000000772180000,0x0000000774079310,0x0000000774080000)
  to   space 41472K, 0% used [0x0000000777900000,0x0000000777900000,0x000000077a180000)
 ParOldGen       total 122368K, used 56111K [0x00000006c1c00000, 0x00000006c9380000, 0x000000076b400000)
  object space 122368K, 45% used [0x00000006c1c00000,0x00000006c52cbe88,0x00000006c9380000)
 Metaspace       used 34115K, capacity 35320K, committed 35496K, reserved 1081344K
  class space    used 4026K, capacity 4325K, committed 4352K, reserved 1048576K
Event: 11.360 GC heap after
Heap after GC invocations=11 (full 1):
 PSYoungGen      total 198656K, used 5857K [0x000000076b400000, 0x000000077a080000, 0x00000007c0000000)
  eden space 158208K, 0% used [0x000000076b400000,0x000000076b400000,0x0000000774e80000)
  from space 40448K, 14% used [0x0000000777900000,0x0000000777eb84d0,0x000000077a080000)
  to   space 41984K, 0% used [0x0000000774e80000,0x0000000774e80000,0x0000000777780000)
 ParOldGen       total 122368K, used 58936K [0x00000006c1c00000, 0x00000006c9380000, 0x000000076b400000)
  object space 122368K, 48% used [0x00000006c1c00000,0x00000006c558e0c8,0x00000006c9380000)
 Metaspace       used 34115K, capacity 35320K, committed 35496K, reserved 1081344K
  class space    used 4026K, capacity 4325K, committed 4352K, reserved 1048576K
}
Event: 11.360 GC heap before
{Heap before GC invocations=12 (full 2):
 PSYoungGen      total 198656K, used 5857K [0x000000076b400000, 0x000000077a080000, 0x00000007c0000000)
  eden space 158208K, 0% used [0x000000076b400000,0x000000076b400000,0x0000000774e80000)
  from space 40448K, 14% used [0x0000000777900000,0x0000000777eb84d0,0x000000077a080000)
  to   space 41984K, 0% used [0x0000000774e80000,0x0000000774e80000,0x0000000777780000)
 ParOldGen       total 122368K, used 58936K [0x00000006c1c00000, 0x00000006c9380000, 0x000000076b400000)
  object space 122368K, 48% used [0x00000006c1c00000,0x00000006c558e0c8,0x00000006c9380000)
 Metaspace       used 34115K, capacity 35320K, committed 35496K, reserved 1081344K
  class space    used 4026K, capacity 4325K, committed 4352K, reserved 1048576K
Event: 11.417 GC heap after
Heap after GC invocations=12 (full 2):
 PSYoungGen      total 198656K, used 0K [0x000000076b400000, 0x000000077a080000, 0x00000007c0000000)
  eden space 158208K, 0% used [0x000000076b400000,0x000000076b400000,0x0000000774e80000)
  from space 40448K, 0% used [0x0000000777900000,0x0000000777900000,0x000000077a080000)
  to   space 41984K, 0% used [0x0000000774e80000,0x0000000774e80000,0x0000000777780000)
 ParOldGen       total 180224K, used 30111K [0x00000006c1c00000, 0x00000006ccc00000, 0x000000076b400000)
  object space 180224K, 16% used [0x00000006c1c00000,0x00000006c3967ca8,0x00000006ccc00000)
 Metaspace       used 34115K, capacity 35320K, committed 35496K, reserved 1081344K
  class space    used 4026K, capacity 4325K, committed 4352K, reserved 1048576K
}

