# JRE version: Java(TM) SE Runtime Environment (8.0_181-b13) (build 1.8.0_181-b13)
# Java VM: Java HotSpot(TM) 64-Bit Server VM (25.181-b13 mixed mode windows-amd64 compressed oops)
Heap:
 PSYoungGen      total 219136K, used 73492K [0x000000076b400000, 0x000000077b600000, 0x00000007c0000000)
  eden space 176640K, 41% used [0x000000076b400000,0x000000076fbc5240,0x0000000776080000)
  from space 42496K, 0% used [0x0000000778a80000,0x0000000778a80000,0x000000077b400000)
  to   space 43008K, 0% used [0x0000000776080000,0x0000000776080000,0x0000000778a80000)
 ParOldGen       total 174080K, used 28166K [0x00000006c1c00000, 0x00000006cc600000, 0x000000076b400000)
  object space 174080K, 16% used [0x00000006c1c00000,0x00000006c3781af8,0x00000006cc600000)
 Metaspace       used 43122K, capacity 44612K, committed 44672K, reserved 1089536K
  class space    used 5128K, capacity 5492K, committed 5504K, reserved 1048576K
GC Heap History (10 events):
Event: 8.435 GC heap before
{Heap before GC invocations=8 (full 1):
 PSYoungGen      total 104448K, used 104429K [0x000000076b400000, 0x0000000772d80000, 0x00000007c0000000)
  eden space 90624K, 100% used [0x000000076b400000,0x0000000770c80000,0x0000000770c80000)
  from space 13824K, 99% used [0x0000000771b80000,0x00000007728fb748,0x0000000772900000)
  to   space 15360K, 0% used [0x0000000770c80000,0x0000000770c80000,0x0000000771b80000)
 ParOldGen       total 117760K, used 15198K [0x00000006c1c00000, 0x00000006c8f00000, 0x000000076b400000)
  object space 117760K, 12% used [0x00000006c1c00000,0x00000006c2ad78b8,0x00000006c8f00000)
 Metaspace       used 28549K, capacity 29328K, committed 29696K, reserved 1075200K
  class space    used 3256K, capacity 3461K, committed 3584K, reserved 1048576K
Event: 8.467 GC heap after
Heap after GC invocations=8 (full 1):
 PSYoungGen      total 105984K, used 15347K [0x000000076b400000, 0x0000000776180000, 0x00000007c0000000)
  eden space 90624K, 0% used [0x000000076b400000,0x000000076b400000,0x0000000770c80000)
  from space 15360K, 99% used [0x0000000770c80000,0x0000000771b7cde0,0x0000000771b80000)
  to   space 21504K, 0% used [0x0000000774c80000,0x0000000774c80000,0x0000000776180000)
 ParOldGen       total 117760K, used 24913K [0x00000006c1c00000, 0x00000006c8f00000, 0x000000076b400000)
  object space 117760K, 21% used [0x00000006c1c00000,0x00000006c34544d0,0x00000006c8f00000)
 Metaspace       used 28549K, capacity 29328K, committed 29696K, reserved 1075200K
  class space    used 3256K, capacity 3461K, committed 3584K, reserved 1048576K
}
Event: 8.960 GC heap before
{Heap before GC invocations=9 (full 1):
 PSYoungGen      total 105984K, used 105971K [0x000000076b400000, 0x0000000776180000, 0x00000007c0000000)
  eden space 90624K, 100% used [0x000000076b400000,0x0000000770c80000,0x0000000770c80000)
  from space 15360K, 99% used [0x0000000770c80000,0x0000000771b7cde0,0x0000000771b80000)
  to   space 21504K, 0% used [0x0000000774c80000,0x0000000774c80000,0x0000000776180000)
 ParOldGen       total 117760K, used 24917K [0x00000006c1c00000, 0x00000006c8f00000, 0x000000076b400000)
  object space 117760K, 21% used [0x00000006c1c00000,0x00000006c3455480,0x00000006c8f00000)
 Metaspace       used 28568K, capacity 29328K, committed 29696K, reserved 1075200K
  class space    used 3256K, capacity 3461K, committed 3584K, reserved 1048576K
Event: 9.032 GC heap after
Heap after GC invocations=9 (full 1):
 PSYoungGen      total 144896K, used 21483K [0x000000076b400000, 0x0000000778d80000, 0x00000007c0000000)
  eden space 123392K, 0% used [0x000000076b400000,0x000000076b400000,0x0000000772c80000)
  from space 21504K, 99% used [0x0000000774c80000,0x000000077617ac30,0x0000000776180000)
  to   space 32768K, 0% used [0x0000000772c80000,0x0000000772c80000,0x0000000774c80000)
 ParOldGen       total 117760K, used 44446K [0x00000006c1c00000, 0x00000006c8f00000, 0x000000076b400000)
  object space 117760K, 37% used [0x00000006c1c00000,0x00000006c4767898,0x00000006c8f00000)
 Metaspace       used 28568K, capacity 29328K, committed 29696K, reserved 1075200K
  class space    used 3256K, capacity 3461K, committed 3584K, reserved 1048576K
}
Event: 10.345 GC heap before
{Heap before GC invocations=10 (full 1):
 PSYoungGen      total 144896K, used 144875K [0x000000076b400000, 0x0000000778d80000, 0x00000007c0000000)
  eden space 123392K, 100% used [0x000000076b400000,0x0000000772c80000,0x0000000772c80000)
  from space 21504K, 99% used [0x0000000774c80000,0x000000077617ac30,0x0000000776180000)
  to   space 32768K, 0% used [0x0000000772c80000,0x0000000772c80000,0x0000000774c80000)
 ParOldGen       total 117760K, used 44455K [0x00000006c1c00000, 0x00000006c8f00000, 0x000000076b400000)
  object space 117760K, 37% used [0x00000006c1c00000,0x00000006c4769c10,0x00000006c8f00000)
 Metaspace       used 33356K, capacity 34522K, committed 34688K, reserved 1079296K
  class space    used 3903K, capacity 4220K, committed 4224K, reserved 1048576K
Event: 10.394 GC heap after
Heap after GC invocations=10 (full 1):
 PSYoungGen      total 156160K, used 32759K [0x000000076b400000, 0x000000077b400000, 0x00000007c0000000)
  eden space 123392K, 0% used [0x000000076b400000,0x000000076b400000,0x0000000772c80000)
  from space 32768K, 99% used [0x0000000772c80000,0x0000000774c7df40,0x0000000774c80000)
  to   space 42496K, 0% used [0x0000000778a80000,0x0000000778a80000,0x000000077b400000)
 ParOldGen       total 117760K, used 57541K [0x00000006c1c00000, 0x00000006c8f00000, 0x000000076b400000)
  object space 117760K, 48% used [0x00000006c1c00000,0x00000006c54314e0,0x00000006c8f00000)
 Metaspace       used 33356K, capacity 34522K, committed 34688K, reserved 1079296K
  class space    used 3903K, capacity 4220K, committed 4224K, reserved 1048576K
}
Event: 10.592 GC heap before
{Heap before GC invocations=11 (full 1):
 PSYoungGen      total 156160K, used 39901K [0x000000076b400000, 0x000000077b400000, 0x00000007c0000000)
  eden space 123392K, 5% used [0x000000076b400000,0x000000076baf95f0,0x0000000772c80000)
  from space 32768K, 99% used [0x0000000772c80000,0x0000000774c7df40,0x0000000774c80000)
  to   space 42496K, 0% used [0x0000000778a80000,0x0000000778a80000,0x000000077b400000)
 ParOldGen       total 117760K, used 57541K [0x00000006c1c00000, 0x00000006c8f00000, 0x000000076b400000)
  object space 117760K, 48% used [0x00000006c1c00000,0x00000006c54314e0,0x00000006c8f00000)
 Metaspace       used 34116K, capacity 35320K, committed 35496K, reserved 1081344K
  class space    used 4027K, capacity 4325K, committed 4352K, reserved 1048576K
Event: 10.603 GC heap after
Heap after GC invocations=11 (full 1):
 PSYoungGen      total 219136K, used 3605K [0x000000076b400000, 0x000000077b600000, 0x00000007c0000000)
  eden space 176640K, 0% used [0x000000076b400000,0x000000076b400000,0x0000000776080000)
  from space 42496K, 8% used [0x0000000778a80000,0x0000000778e055d0,0x000000077b400000)
  to   space 43008K, 0% used [0x0000000776080000,0x0000000776080000,0x0000000778a80000)
 ParOldGen       total 117760K, used 60355K [0x00000006c1c00000, 0x00000006c8f00000, 0x000000076b400000)
  object space 117760K, 51% used [0x00000006c1c00000,0x00000006c56f0dd0,0x00000006c8f00000)
 Metaspace       used 34116K, capacity 35320K, committed 35496K, reserved 1081344K
  class space    used 4027K, capacity 4325K, committed 4352K, reserved 1048576K
}
Event: 10.603 GC heap before
{Heap before GC invocations=12 (full 2):
 PSYoungGen      total 219136K, used 3605K [0x000000076b400000, 0x000000077b600000, 0x00000007c0000000)
  eden space 176640K, 0% used [0x000000076b400000,0x000000076b400000,0x0000000776080000)
  from space 42496K, 8% used [0x0000000778a80000,0x0000000778e055d0,0x000000077b400000)
  to   space 43008K, 0% used [0x0000000776080000,0x0000000776080000,0x0000000778a80000)
 ParOldGen       total 117760K, used 60355K [0x00000006c1c00000, 0x00000006c8f00000, 0x000000076b400000)
  object space 117760K, 51% used [0x00000006c1c00000,0x00000006c56f0dd0,0x00000006c8f00000)
 Metaspace       used 34116K, capacity 35320K, committed 35496K, reserved 1081344K
  class space    used 4027K, capacity 4325K, committed 4352K, reserved 1048576K
Event: 10.711 GC heap after
Heap after GC invocations=12 (full 2):
 PSYoungGen      total 219136K, used 0K [0x000000076b400000, 0x000000077b600000, 0x00000007c0000000)
  eden space 176640K, 0% used [0x000000076b400000,0x000000076b400000,0x0000000776080000)
  from space 42496K, 0% used [0x0000000778a80000,0x0000000778a80000,0x000000077b400000)
  to   space 43008K, 0% used [0x0000000776080000,0x0000000776080000,0x0000000778a80000)
 ParOldGen       total 174080K, used 28166K [0x00000006c1c00000, 0x00000006cc600000, 0x000000076b400000)
  object space 174080K, 16% used [0x00000006c1c00000,0x00000006c3781af8,0x00000006cc600000)
 Metaspace       used 34116K, capacity 35320K, committed 35496K, reserved 1081344K
  class space    used 4027K, capacity 4325K, committed 4352K, reserved 1048576K
}

