# JRE version: Java(TM) SE Runtime Environment (8.0_181-b13) (build 1.8.0_181-b13)
# Java VM: Java HotSpot(TM) 64-Bit Server VM (25.181-b13 mixed mode windows-amd64 compressed oops)
Heap:
 PSYoungGen      total 215040K, used 73040K [0x000000076b400000, 0x000000077b300000, 0x00000007c0000000)
  eden space 172544K, 42% used [0x000000076b400000,0x000000076fb540a8,0x0000000775c80000)
  from space 42496K, 0% used [0x0000000778600000,0x0000000778600000,0x000000077af80000)
  to   space 42496K, 0% used [0x0000000775c80000,0x0000000775c80000,0x0000000778600000)
 ParOldGen       total 173056K, used 28714K [0x00000006c1c00000, 0x00000006cc500000, 0x000000076b400000)
  object space 173056K, 16% used [0x00000006c1c00000,0x00000006c380a870,0x00000006cc500000)
 Metaspace       used 43295K, capacity 44852K, committed 44928K, reserved 1089536K
  class space    used 5146K, capacity 5498K, committed 5504K, reserved 1048576K
GC Heap History (10 events):
Event: 9.434 GC heap before
{Heap before GC invocations=8 (full 1):
 PSYoungGen      total 104448K, used 104428K [0x000000076b400000, 0x0000000772b00000, 0x00000007c0000000)
  eden space 90112K, 100% used [0x000000076b400000,0x0000000770c00000,0x0000000770c00000)
  from space 14336K, 99% used [0x0000000771b00000,0x00000007728fb150,0x0000000772900000)
  to   space 15360K, 0% used [0x0000000770c00000,0x0000000770c00000,0x0000000771b00000)
 ParOldGen       total 118784K, used 14900K [0x00000006c1c00000, 0x00000006c9000000, 0x000000076b400000)
  object space 118784K, 12% used [0x00000006c1c00000,0x00000006c2a8d078,0x00000006c9000000)
 Metaspace       used 28568K, capacity 29392K, committed 29696K, reserved 1075200K
  class space    used 3261K, capacity 3461K, committed 3584K, reserved 1048576K
Event: 9.462 GC heap after
Heap after GC invocations=8 (full 1):
 PSYoungGen      total 105472K, used 15335K [0x000000076b400000, 0x0000000775f80000, 0x00000007c0000000)
  eden space 90112K, 0% used [0x000000076b400000,0x000000076b400000,0x0000000770c00000)
  from space 15360K, 99% used [0x0000000770c00000,0x0000000771af9ca0,0x0000000771b00000)
  to   space 22016K, 0% used [0x0000000774a00000,0x0000000774a00000,0x0000000775f80000)
 ParOldGen       total 118784K, used 24912K [0x00000006c1c00000, 0x00000006c9000000, 0x000000076b400000)
  object space 118784K, 20% used [0x00000006c1c00000,0x00000006c34543a8,0x00000006c9000000)
 Metaspace       used 28568K, capacity 29392K, committed 29696K, reserved 1075200K
  class space    used 3261K, capacity 3461K, committed 3584K, reserved 1048576K
}
Event: 9.990 GC heap before
{Heap before GC invocations=9 (full 1):
 PSYoungGen      total 105472K, used 105447K [0x000000076b400000, 0x0000000775f80000, 0x00000007c0000000)
  eden space 90112K, 100% used [0x000000076b400000,0x0000000770c00000,0x0000000770c00000)
  from space 15360K, 99% used [0x0000000770c00000,0x0000000771af9ca0,0x0000000771b00000)
  to   space 22016K, 0% used [0x0000000774a00000,0x0000000774a00000,0x0000000775f80000)
 ParOldGen       total 118784K, used 24935K [0x00000006c1c00000, 0x00000006c9000000, 0x000000076b400000)
  object space 118784K, 20% used [0x00000006c1c00000,0x00000006c3459c88,0x00000006c9000000)
 Metaspace       used 28590K, capacity 29392K, committed 29696K, reserved 1075200K
  class space    used 3261K, capacity 3461K, committed 3584K, reserved 1048576K
Event: 10.054 GC heap after
Heap after GC invocations=9 (full 1):
 PSYoungGen      total 142848K, used 21995K [0x000000076b400000, 0x0000000778b00000, 0x00000007c0000000)
  eden space 120832K, 0% used [0x000000076b400000,0x000000076b400000,0x0000000772a00000)
  from space 22016K, 99% used [0x0000000774a00000,0x0000000775f7adb0,0x0000000775f80000)
  to   space 32768K, 0% used [0x0000000772a00000,0x0000000772a00000,0x0000000774a00000)
 ParOldGen       total 118784K, used 43746K [0x00000006c1c00000, 0x00000006c9000000, 0x000000076b400000)
  object space 118784K, 36% used [0x00000006c1c00000,0x00000006c46b89e0,0x00000006c9000000)
 Metaspace       used 28590K, capacity 29392K, committed 29696K, reserved 1075200K
  class space    used 3261K, capacity 3461K, committed 3584K, reserved 1048576K
}
Event: 11.590 GC heap before
{Heap before GC invocations=10 (full 1):
 PSYoungGen      total 142848K, used 142827K [0x000000076b400000, 0x0000000778b00000, 0x00000007c0000000)
  eden space 120832K, 100% used [0x000000076b400000,0x0000000772a00000,0x0000000772a00000)
  from space 22016K, 99% used [0x0000000774a00000,0x0000000775f7adb0,0x0000000775f80000)
  to   space 32768K, 0% used [0x0000000772a00000,0x0000000772a00000,0x0000000774a00000)
 ParOldGen       total 118784K, used 43749K [0x00000006c1c00000, 0x00000006c9000000, 0x000000076b400000)
  object space 118784K, 36% used [0x00000006c1c00000,0x00000006c46b95b0,0x00000006c9000000)
 Metaspace       used 33117K, capacity 34222K, committed 34432K, reserved 1079296K
  class space    used 3878K, capacity 4186K, committed 4224K, reserved 1048576K
Event: 11.641 GC heap after
Heap after GC invocations=10 (full 1):
 PSYoungGen      total 153600K, used 32767K [0x000000076b400000, 0x000000077af80000, 0x00000007c0000000)
  eden space 120832K, 0% used [0x000000076b400000,0x000000076b400000,0x0000000772a00000)
  from space 32768K, 99% used [0x0000000772a00000,0x00000007749ffd68,0x0000000774a00000)
  to   space 42496K, 0% used [0x0000000778600000,0x0000000778600000,0x000000077af80000)
 ParOldGen       total 118784K, used 56546K [0x00000006c1c00000, 0x00000006c9000000, 0x000000076b400000)
  object space 118784K, 47% used [0x00000006c1c00000,0x00000006c5338a68,0x00000006c9000000)
 Metaspace       used 33117K, capacity 34222K, committed 34432K, reserved 1079296K
  class space    used 3878K, capacity 4186K, committed 4224K, reserved 1048576K
}
Event: 11.849 GC heap before
{Heap before GC invocations=11 (full 1):
 PSYoungGen      total 153600K, used 45001K [0x000000076b400000, 0x000000077af80000, 0x00000007c0000000)
  eden space 120832K, 10% used [0x000000076b400000,0x000000076bff2a48,0x0000000772a00000)
  from space 32768K, 99% used [0x0000000772a00000,0x00000007749ffd68,0x0000000774a00000)
  to   space 42496K, 0% used [0x0000000778600000,0x0000000778600000,0x000000077af80000)
 ParOldGen       total 118784K, used 56546K [0x00000006c1c00000, 0x00000006c9000000, 0x000000076b400000)
  object space 118784K, 47% used [0x00000006c1c00000,0x00000006c5338a68,0x00000006c9000000)
 Metaspace       used 34277K, capacity 35442K, committed 35496K, reserved 1081344K
  class space    used 4031K, capacity 4324K, committed 4352K, reserved 1048576K
Event: 11.867 GC heap after
Heap after GC invocations=11 (full 1):
 PSYoungGen      total 215040K, used 7047K [0x000000076b400000, 0x000000077b300000, 0x00000007c0000000)
  eden space 172544K, 0% used [0x000000076b400000,0x000000076b400000,0x0000000775c80000)
  from space 42496K, 16% used [0x0000000778600000,0x0000000778ce1c78,0x000000077af80000)
  to   space 42496K, 0% used [0x0000000775c80000,0x0000000775c80000,0x0000000778600000)
 ParOldGen       total 118784K, used 69382K [0x00000006c1c00000, 0x00000006c9000000, 0x000000076b400000)
  object space 118784K, 58% used [0x00000006c1c00000,0x00000006c5fc1a30,0x00000006c9000000)
 Metaspace       used 34277K, capacity 35442K, committed 35496K, reserved 1081344K
  class space    used 4031K, capacity 4324K, committed 4352K, reserved 1048576K
}
Event: 11.867 GC heap before
{Heap before GC invocations=12 (full 2):
 PSYoungGen      total 215040K, used 7047K [0x000000076b400000, 0x000000077b300000, 0x00000007c0000000)
  eden space 172544K, 0% used [0x000000076b400000,0x000000076b400000,0x0000000775c80000)
  from space 42496K, 16% used [0x0000000778600000,0x0000000778ce1c78,0x000000077af80000)
  to   space 42496K, 0% used [0x0000000775c80000,0x0000000775c80000,0x0000000778600000)
 ParOldGen       total 118784K, used 69382K [0x00000006c1c00000, 0x00000006c9000000, 0x000000076b400000)
  object space 118784K, 58% used [0x00000006c1c00000,0x00000006c5fc1a30,0x00000006c9000000)
 Metaspace       used 34277K, capacity 35442K, committed 35496K, reserved 1081344K
  class space    used 4031K, capacity 4324K, committed 4352K, reserved 1048576K
Event: 11.931 GC heap after
Heap after GC invocations=12 (full 2):
 PSYoungGen      total 215040K, used 0K [0x000000076b400000, 0x000000077b300000, 0x00000007c0000000)
  eden space 172544K, 0% used [0x000000076b400000,0x000000076b400000,0x0000000775c80000)
  from space 42496K, 0% used [0x0000000778600000,0x0000000778600000,0x000000077af80000)
  to   space 42496K, 0% used [0x0000000775c80000,0x0000000775c80000,0x0000000778600000)
 ParOldGen       total 173056K, used 28714K [0x00000006c1c00000, 0x00000006cc500000, 0x000000076b400000)
  object space 173056K, 16% used [0x00000006c1c00000,0x00000006c380a870,0x00000006cc500000)
 Metaspace       used 34277K, capacity 35442K, committed 35496K, reserved 1081344K
  class space    used 4031K, capacity 4324K, committed 4352K, reserved 1048576K
}

