# JRE version: Java(TM) SE Runtime Environment (8.0_181-b13) (build 1.8.0_181-b13)
# Java VM: Java HotSpot(TM) 64-Bit Server VM (25.181-b13 mixed mode windows-amd64 compressed oops)
Heap:
 PSYoungGen      total 207360K, used 73728K [0x000000076b400000, 0x000000077a800000, 0x00000007c0000000)
  eden space 166912K, 44% used [0x000000076b400000,0x000000076fc00230,0x0000000775700000)
  from space 40448K, 0% used [0x0000000778080000,0x0000000778080000,0x000000077a800000)
  to   space 41472K, 0% used [0x0000000775700000,0x0000000775700000,0x0000000777f80000)
 ParOldGen       total 180736K, used 29993K [0x00000006c1c00000, 0x00000006ccc80000, 0x000000076b400000)
  object space 180736K, 16% used [0x00000006c1c00000,0x00000006c394a6d0,0x00000006ccc80000)
 Metaspace       used 43088K, capacity 44552K, committed 44672K, reserved 1089536K
  class space    used 5127K, capacity 5492K, committed 5504K, reserved 1048576K
GC Heap History (10 events):
Event: 9.088 GC heap before
{Heap before GC invocations=8 (full 1):
 PSYoungGen      total 101376K, used 100983K [0x000000076b400000, 0x0000000772900000, 0x00000007c0000000)
  eden space 87040K, 100% used [0x000000076b400000,0x0000000770900000,0x0000000770900000)
  from space 14336K, 97% used [0x0000000771800000,0x000000077259dca8,0x0000000772600000)
  to   space 15360K, 0% used [0x0000000770900000,0x0000000770900000,0x0000000771800000)
 ParOldGen       total 121856K, used 14931K [0x00000006c1c00000, 0x00000006c9300000, 0x000000076b400000)
  object space 121856K, 12% used [0x00000006c1c00000,0x00000006c2a94d88,0x00000006c9300000)
 Metaspace       used 28547K, capacity 29392K, committed 29696K, reserved 1075200K
  class space    used 3254K, capacity 3461K, committed 3584K, reserved 1048576K
Event: 9.126 GC heap after
Heap after GC invocations=8 (full 1):
 PSYoungGen      total 102400K, used 15351K [0x000000076b400000, 0x0000000775900000, 0x00000007c0000000)
  eden space 87040K, 0% used [0x000000076b400000,0x000000076b400000,0x0000000770900000)
  from space 15360K, 99% used [0x0000000770900000,0x00000007717fdce8,0x0000000771800000)
  to   space 20992K, 0% used [0x0000000774480000,0x0000000774480000,0x0000000775900000)
 ParOldGen       total 121856K, used 23216K [0x00000006c1c00000, 0x00000006c9300000, 0x000000076b400000)
  object space 121856K, 19% used [0x00000006c1c00000,0x00000006c32ac368,0x00000006c9300000)
 Metaspace       used 28547K, capacity 29392K, committed 29696K, reserved 1075200K
  class space    used 3254K, capacity 3461K, committed 3584K, reserved 1048576K
}
Event: 9.607 GC heap before
{Heap before GC invocations=9 (full 1):
 PSYoungGen      total 102400K, used 102391K [0x000000076b400000, 0x0000000775900000, 0x00000007c0000000)
  eden space 87040K, 100% used [0x000000076b400000,0x0000000770900000,0x0000000770900000)
  from space 15360K, 99% used [0x0000000770900000,0x00000007717fdce8,0x0000000771800000)
  to   space 20992K, 0% used [0x0000000774480000,0x0000000774480000,0x0000000775900000)
 ParOldGen       total 121856K, used 23220K [0x00000006c1c00000, 0x00000006c9300000, 0x000000076b400000)
  object space 121856K, 19% used [0x00000006c1c00000,0x00000006c32ad280,0x00000006c9300000)
 Metaspace       used 28566K, capacity 29392K, committed 29696K, reserved 1075200K
  class space    used 3254K, capacity 3461K, committed 3584K, reserved 1048576K
Event: 9.681 GC heap after
Heap after GC invocations=9 (full 1):
 PSYoungGen      total 137216K, used 20986K [0x000000076b400000, 0x0000000778500000, 0x00000007c0000000)
  eden space 116224K, 0% used [0x000000076b400000,0x000000076b400000,0x0000000772580000)
  from space 20992K, 99% used [0x0000000774480000,0x00000007758fe848,0x0000000775900000)
  to   space 31744K, 0% used [0x0000000772580000,0x0000000772580000,0x0000000774480000)
 ParOldGen       total 121856K, used 41874K [0x00000006c1c00000, 0x00000006c9300000, 0x000000076b400000)
  object space 121856K, 34% used [0x00000006c1c00000,0x00000006c44e4a58,0x00000006c9300000)
 Metaspace       used 28566K, capacity 29392K, committed 29696K, reserved 1075200K
  class space    used 3254K, capacity 3461K, committed 3584K, reserved 1048576K
}
Event: 10.939 GC heap before
{Heap before GC invocations=10 (full 1):
 PSYoungGen      total 137216K, used 137210K [0x000000076b400000, 0x0000000778500000, 0x00000007c0000000)
  eden space 116224K, 100% used [0x000000076b400000,0x0000000772580000,0x0000000772580000)
  from space 20992K, 99% used [0x0000000774480000,0x00000007758fe848,0x0000000775900000)
  to   space 31744K, 0% used [0x0000000772580000,0x0000000772580000,0x0000000774480000)
 ParOldGen       total 121856K, used 41874K [0x00000006c1c00000, 0x00000006c9300000, 0x000000076b400000)
  object space 121856K, 34% used [0x00000006c1c00000,0x00000006c44e4a58,0x00000006c9300000)
 Metaspace       used 31443K, capacity 32442K, committed 32640K, reserved 1077248K
  class space    used 3615K, capacity 3876K, committed 3968K, reserved 1048576K
Event: 11.001 GC heap after
Heap after GC invocations=10 (full 1):
 PSYoungGen      total 147968K, used 31714K [0x000000076b400000, 0x000000077a900000, 0x00000007c0000000)
  eden space 116224K, 0% used [0x000000076b400000,0x000000076b400000,0x0000000772580000)
  from space 31744K, 99% used [0x0000000772580000,0x0000000774478ab0,0x0000000774480000)
  to   space 41472K, 0% used [0x0000000778080000,0x0000000778080000,0x000000077a900000)
 ParOldGen       total 121856K, used 55932K [0x00000006c1c00000, 0x00000006c9300000, 0x000000076b400000)
  object space 121856K, 45% used [0x00000006c1c00000,0x00000006c529f190,0x00000006c9300000)
 Metaspace       used 31443K, capacity 32442K, committed 32640K, reserved 1077248K
  class space    used 3615K, capacity 3876K, committed 3968K, reserved 1048576K
}
Event: 11.443 GC heap before
{Heap before GC invocations=11 (full 1):
 PSYoungGen      total 147968K, used 54317K [0x000000076b400000, 0x000000077a900000, 0x00000007c0000000)
  eden space 116224K, 19% used [0x000000076b400000,0x000000076ca129d8,0x0000000772580000)
  from space 31744K, 99% used [0x0000000772580000,0x0000000774478ab0,0x0000000774480000)
  to   space 41472K, 0% used [0x0000000778080000,0x0000000778080000,0x000000077a900000)
 ParOldGen       total 121856K, used 55932K [0x00000006c1c00000, 0x00000006c9300000, 0x000000076b400000)
  object space 121856K, 45% used [0x00000006c1c00000,0x00000006c529f190,0x00000006c9300000)
 Metaspace       used 34069K, capacity 35314K, committed 35496K, reserved 1081344K
  class space    used 4023K, capacity 4324K, committed 4352K, reserved 1048576K
Event: 11.458 GC heap after
Heap after GC invocations=11 (full 1):
 PSYoungGen      total 207360K, used 8180K [0x000000076b400000, 0x000000077a800000, 0x00000007c0000000)
  eden space 166912K, 0% used [0x000000076b400000,0x000000076b400000,0x0000000775700000)
  from space 40448K, 20% used [0x0000000778080000,0x000000077887d3f0,0x000000077a800000)
  to   space 41472K, 0% used [0x0000000775700000,0x0000000775700000,0x0000000777f80000)
 ParOldGen       total 121856K, used 68558K [0x00000006c1c00000, 0x00000006c9300000, 0x000000076b400000)
  object space 121856K, 56% used [0x00000006c1c00000,0x00000006c5ef3a50,0x00000006c9300000)
 Metaspace       used 34069K, capacity 35314K, committed 35496K, reserved 1081344K
  class space    used 4023K, capacity 4324K, committed 4352K, reserved 1048576K
}
Event: 11.458 GC heap before
{Heap before GC invocations=12 (full 2):
 PSYoungGen      total 207360K, used 8180K [0x000000076b400000, 0x000000077a800000, 0x00000007c0000000)
  eden space 166912K, 0% used [0x000000076b400000,0x000000076b400000,0x0000000775700000)
  from space 40448K, 20% used [0x0000000778080000,0x000000077887d3f0,0x000000077a800000)
  to   space 41472K, 0% used [0x0000000775700000,0x0000000775700000,0x0000000777f80000)
 ParOldGen       total 121856K, used 68558K [0x00000006c1c00000, 0x00000006c9300000, 0x000000076b400000)
  object space 121856K, 56% used [0x00000006c1c00000,0x00000006c5ef3a50,0x00000006c9300000)
 Metaspace       used 34069K, capacity 35314K, committed 35496K, reserved 1081344K
  class space    used 4023K, capacity 4324K, committed 4352K, reserved 1048576K
Event: 11.530 GC heap after
Heap after GC invocations=12 (full 2):
 PSYoungGen      total 207360K, used 0K [0x000000076b400000, 0x000000077a800000, 0x00000007c0000000)
  eden space 166912K, 0% used [0x000000076b400000,0x000000076b400000,0x0000000775700000)
  from space 40448K, 0% used [0x0000000778080000,0x0000000778080000,0x000000077a800000)
  to   space 41472K, 0% used [0x0000000775700000,0x0000000775700000,0x0000000777f80000)
 ParOldGen       total 180736K, used 29993K [0x00000006c1c00000, 0x00000006ccc80000, 0x000000076b400000)
  object space 180736K, 16% used [0x00000006c1c00000,0x00000006c394a6d0,0x00000006ccc80000)
 Metaspace       used 34069K, capacity 35314K, committed 35496K, reserved 1081344K
  class space    used 4023K, capacity 4324K, committed 4352K, reserved 1048576K
}

