# JRE version: Java(TM) SE Runtime Environment (8.0_181-b13) (build 1.8.0_181-b13)
# Java VM: Java HotSpot(TM) 64-Bit Server VM (25.181-b13 mixed mode windows-amd64 compressed oops)
Heap:
 PSYoungGen      total 209408K, used 75758K [0x000000076b400000, 0x000000077ac00000, 0x00000007c0000000)
  eden space 166912K, 45% used [0x000000076b400000,0x000000076fdfbb68,0x0000000775700000)
  from space 42496K, 0% used [0x0000000778080000,0x0000000778080000,0x000000077aa00000)
  to   space 42496K, 0% used [0x0000000775700000,0x0000000775700000,0x0000000778080000)
 ParOldGen       total 176640K, used 28774K [0x00000006c1c00000, 0x00000006cc880000, 0x000000076b400000)
  object space 176640K, 16% used [0x00000006c1c00000,0x00000006c38199f0,0x00000006cc880000)
 Metaspace       used 43658K, capacity 45148K, committed 45312K, reserved 1089536K
  class space    used 5205K, capacity 5562K, committed 5632K, reserved 1048576K
GC Heap History (10 events):
Event: 10.057 GC heap before
{Heap before GC invocations=8 (full 1):
 PSYoungGen      total 105984K, used 105866K [0x000000076b400000, 0x0000000772b80000, 0x00000007c0000000)
  eden space 91648K, 100% used [0x000000076b400000,0x0000000770d80000,0x0000000770d80000)
  from space 14336K, 99% used [0x0000000771c80000,0x0000000772a62848,0x0000000772a80000)
  to   space 15360K, 0% used [0x0000000770d80000,0x0000000770d80000,0x0000000771c80000)
 ParOldGen       total 117248K, used 14856K [0x00000006c1c00000, 0x00000006c8e80000, 0x000000076b400000)
  object space 117248K, 12% used [0x00000006c1c00000,0x00000006c2a82390,0x00000006c8e80000)
 Metaspace       used 28572K, capacity 29328K, committed 29696K, reserved 1075200K
  class space    used 3256K, capacity 3461K, committed 3584K, reserved 1048576K
Event: 10.085 GC heap after
Heap after GC invocations=8 (full 1):
 PSYoungGen      total 107008K, used 15337K [0x000000076b400000, 0x0000000775e80000, 0x00000007c0000000)
  eden space 91648K, 0% used [0x000000076b400000,0x000000076b400000,0x0000000770d80000)
  from space 15360K, 99% used [0x0000000770d80000,0x0000000771c7a550,0x0000000771c80000)
  to   space 21504K, 0% used [0x0000000774980000,0x0000000774980000,0x0000000775e80000)
 ParOldGen       total 117248K, used 24025K [0x00000006c1c00000, 0x00000006c8e80000, 0x000000076b400000)
  object space 117248K, 20% used [0x00000006c1c00000,0x00000006c3376400,0x00000006c8e80000)
 Metaspace       used 28572K, capacity 29328K, committed 29696K, reserved 1075200K
  class space    used 3256K, capacity 3461K, committed 3584K, reserved 1048576K
}
Event: 10.501 GC heap before
{Heap before GC invocations=9 (full 1):
 PSYoungGen      total 107008K, used 106985K [0x000000076b400000, 0x0000000775e80000, 0x00000007c0000000)
  eden space 91648K, 100% used [0x000000076b400000,0x0000000770d80000,0x0000000770d80000)
  from space 15360K, 99% used [0x0000000770d80000,0x0000000771c7a550,0x0000000771c80000)
  to   space 21504K, 0% used [0x0000000774980000,0x0000000774980000,0x0000000775e80000)
 ParOldGen       total 117248K, used 24040K [0x00000006c1c00000, 0x00000006c8e80000, 0x000000076b400000)
  object space 117248K, 20% used [0x00000006c1c00000,0x00000006c337a240,0x00000006c8e80000)
 Metaspace       used 28603K, capacity 29328K, committed 29696K, reserved 1075200K
  class space    used 3256K, capacity 3461K, committed 3584K, reserved 1048576K
Event: 10.543 GC heap after
Heap after GC invocations=9 (full 1):
 PSYoungGen      total 141824K, used 21498K [0x000000076b400000, 0x0000000778700000, 0x00000007c0000000)
  eden space 120320K, 0% used [0x000000076b400000,0x000000076b400000,0x0000000772980000)
  from space 21504K, 99% used [0x0000000774980000,0x0000000775e7eb08,0x0000000775e80000)
  to   space 32768K, 0% used [0x0000000772980000,0x0000000772980000,0x0000000774980000)
 ParOldGen       total 117248K, used 43782K [0x00000006c1c00000, 0x00000006c8e80000, 0x000000076b400000)
  object space 117248K, 37% used [0x00000006c1c00000,0x00000006c46c1b00,0x00000006c8e80000)
 Metaspace       used 28603K, capacity 29328K, committed 29696K, reserved 1075200K
  class space    used 3256K, capacity 3461K, committed 3584K, reserved 1048576K
}
Event: 12.018 GC heap before
{Heap before GC invocations=10 (full 1):
 PSYoungGen      total 141824K, used 141818K [0x000000076b400000, 0x0000000778700000, 0x00000007c0000000)
  eden space 120320K, 100% used [0x000000076b400000,0x0000000772980000,0x0000000772980000)
  from space 21504K, 99% used [0x0000000774980000,0x0000000775e7eb08,0x0000000775e80000)
  to   space 32768K, 0% used [0x0000000772980000,0x0000000772980000,0x0000000774980000)
 ParOldGen       total 117248K, used 43823K [0x00000006c1c00000, 0x00000006c8e80000, 0x000000076b400000)
  object space 117248K, 37% used [0x00000006c1c00000,0x00000006c46cbde0,0x00000006c8e80000)
 Metaspace       used 33000K, capacity 34010K, committed 34176K, reserved 1079296K
  class space    used 3849K, capacity 4142K, committed 4224K, reserved 1048576K
Event: 12.071 GC heap after
Heap after GC invocations=10 (full 1):
 PSYoungGen      total 153088K, used 32757K [0x000000076b400000, 0x000000077aa00000, 0x00000007c0000000)
  eden space 120320K, 0% used [0x000000076b400000,0x000000076b400000,0x0000000772980000)
  from space 32768K, 99% used [0x0000000772980000,0x000000077497d628,0x0000000774980000)
  to   space 42496K, 0% used [0x0000000778080000,0x0000000778080000,0x000000077aa00000)
 ParOldGen       total 117248K, used 56714K [0x00000006c1c00000, 0x00000006c8e80000, 0x000000076b400000)
  object space 117248K, 48% used [0x00000006c1c00000,0x00000006c5362a10,0x00000006c8e80000)
 Metaspace       used 33000K, capacity 34010K, committed 34176K, reserved 1079296K
  class space    used 3849K, capacity 4142K, committed 4224K, reserved 1048576K
}
Event: 12.290 GC heap before
{Heap before GC invocations=11 (full 1):
 PSYoungGen      total 153088K, used 44481K [0x000000076b400000, 0x000000077aa00000, 0x00000007c0000000)
  eden space 120320K, 9% used [0x000000076b400000,0x000000076bf72f10,0x0000000772980000)
  from space 32768K, 99% used [0x0000000772980000,0x000000077497d628,0x0000000774980000)
  to   space 42496K, 0% used [0x0000000778080000,0x0000000778080000,0x000000077aa00000)
 ParOldGen       total 117248K, used 56714K [0x00000006c1c00000, 0x00000006c8e80000, 0x000000076b400000)
  object space 117248K, 48% used [0x00000006c1c00000,0x00000006c5362a10,0x00000006c8e80000)
 Metaspace       used 34186K, capacity 35288K, committed 35456K, reserved 1081344K
  class space    used 4038K, capacity 4357K, committed 4480K, reserved 1048576K
Event: 12.302 GC heap after
Heap after GC invocations=11 (full 1):
 PSYoungGen      total 209408K, used 7052K [0x000000076b400000, 0x000000077ac00000, 0x00000007c0000000)
  eden space 166912K, 0% used [0x000000076b400000,0x000000076b400000,0x0000000775700000)
  from space 42496K, 16% used [0x0000000778080000,0x00000007787633b0,0x000000077aa00000)
  to   space 42496K, 0% used [0x0000000775700000,0x0000000775700000,0x0000000778080000)
 ParOldGen       total 117248K, used 69516K [0x00000006c1c00000, 0x00000006c8e80000, 0x000000076b400000)
  object space 117248K, 59% used [0x00000006c1c00000,0x00000006c5fe3230,0x00000006c8e80000)
 Metaspace       used 34186K, capacity 35288K, committed 35456K, reserved 1081344K
  class space    used 4038K, capacity 4357K, committed 4480K, reserved 1048576K
}
Event: 12.302 GC heap before
{Heap before GC invocations=12 (full 2):
 PSYoungGen      total 209408K, used 7052K [0x000000076b400000, 0x000000077ac00000, 0x00000007c0000000)
  eden space 166912K, 0% used [0x000000076b400000,0x000000076b400000,0x0000000775700000)
  from space 42496K, 16% used [0x0000000778080000,0x00000007787633b0,0x000000077aa00000)
  to   space 42496K, 0% used [0x0000000775700000,0x0000000775700000,0x0000000778080000)
 ParOldGen       total 117248K, used 69516K [0x00000006c1c00000, 0x00000006c8e80000, 0x000000076b400000)
  object space 117248K, 59% used [0x00000006c1c00000,0x00000006c5fe3230,0x00000006c8e80000)
 Metaspace       used 34186K, capacity 35288K, committed 35456K, reserved 1081344K
  class space    used 4038K, capacity 4357K, committed 4480K, reserved 1048576K
Event: 12.369 GC heap after
Heap after GC invocations=12 (full 2):
 PSYoungGen      total 209408K, used 0K [0x000000076b400000, 0x000000077ac00000, 0x00000007c0000000)
  eden space 166912K, 0% used [0x000000076b400000,0x000000076b400000,0x0000000775700000)
  from space 42496K, 0% used [0x0000000778080000,0x0000000778080000,0x000000077aa00000)
  to   space 42496K, 0% used [0x0000000775700000,0x0000000775700000,0x0000000778080000)
 ParOldGen       total 176640K, used 28774K [0x00000006c1c00000, 0x00000006cc880000, 0x000000076b400000)
  object space 176640K, 16% used [0x00000006c1c00000,0x00000006c38199f0,0x00000006cc880000)
 Metaspace       used 34186K, capacity 35288K, committed 35456K, reserved 1081344K
  class space    used 4038K, capacity 4357K, committed 4480K, reserved 1048576K
}

