# JRE version: Java(TM) SE Runtime Environment (8.0_181-b13) (build 1.8.0_181-b13)
# Java VM: Java HotSpot(TM) 64-Bit Server VM (25.181-b13 mixed mode windows-amd64 compressed oops)
Heap:
 PSYoungGen      total 222720K, used 78351K [0x000000076b400000, 0x000000077b880000, 0x00000007c0000000)
  eden space 180224K, 43% used [0x000000076b400000,0x0000000770083e78,0x0000000776400000)
  from space 42496K, 0% used [0x0000000778d80000,0x0000000778d80000,0x000000077b700000)
  to   space 42496K, 0% used [0x0000000776400000,0x0000000776400000,0x0000000778d80000)
 ParOldGen       total 171008K, used 28797K [0x00000006c1c00000, 0x00000006cc300000, 0x000000076b400000)
  object space 171008K, 16% used [0x00000006c1c00000,0x00000006c381f660,0x00000006cc300000)
 Metaspace       used 43728K, capacity 45302K, committed 45568K, reserved 1089536K
  class space    used 5206K, capacity 5563K, committed 5632K, reserved 1048576K
GC Heap History (10 events):
Event: 9.893 GC heap before
{Heap before GC invocations=8 (full 1):
 PSYoungGen      total 103424K, used 103259K [0x000000076b400000, 0x0000000772c00000, 0x00000007c0000000)
  eden space 89088K, 100% used [0x000000076b400000,0x0000000770b00000,0x0000000770b00000)
  from space 14336K, 98% used [0x0000000771a00000,0x00000007727d6e40,0x0000000772800000)
  to   space 15360K, 0% used [0x0000000770b00000,0x0000000770b00000,0x0000000771a00000)
 ParOldGen       total 119808K, used 14867K [0x00000006c1c00000, 0x00000006c9100000, 0x000000076b400000)
  object space 119808K, 12% used [0x00000006c1c00000,0x00000006c2a84cb0,0x00000006c9100000)
 Metaspace       used 28565K, capacity 29392K, committed 29696K, reserved 1075200K
  class space    used 3259K, capacity 3461K, committed 3584K, reserved 1048576K
Event: 9.929 GC heap after
Heap after GC invocations=8 (full 1):
 PSYoungGen      total 104448K, used 15355K [0x000000076b400000, 0x0000000776080000, 0x00000007c0000000)
  eden space 89088K, 0% used [0x000000076b400000,0x000000076b400000,0x0000000770b00000)
  from space 15360K, 99% used [0x0000000770b00000,0x00000007719fed18,0x0000000771a00000)
  to   space 21504K, 0% used [0x0000000774b80000,0x0000000774b80000,0x0000000776080000)
 ParOldGen       total 119808K, used 24344K [0x00000006c1c00000, 0x00000006c9100000, 0x000000076b400000)
  object space 119808K, 20% used [0x00000006c1c00000,0x00000006c33c62e8,0x00000006c9100000)
 Metaspace       used 28565K, capacity 29392K, committed 29696K, reserved 1075200K
  class space    used 3259K, capacity 3461K, committed 3584K, reserved 1048576K
}
Event: 10.309 GC heap before
{Heap before GC invocations=9 (full 1):
 PSYoungGen      total 104448K, used 104443K [0x000000076b400000, 0x0000000776080000, 0x00000007c0000000)
  eden space 89088K, 100% used [0x000000076b400000,0x0000000770b00000,0x0000000770b00000)
  from space 15360K, 99% used [0x0000000770b00000,0x00000007719fed18,0x0000000771a00000)
  to   space 21504K, 0% used [0x0000000774b80000,0x0000000774b80000,0x0000000776080000)
 ParOldGen       total 119808K, used 24344K [0x00000006c1c00000, 0x00000006c9100000, 0x000000076b400000)
  object space 119808K, 20% used [0x00000006c1c00000,0x00000006c33c62e8,0x00000006c9100000)
 Metaspace       used 28614K, capacity 29392K, committed 29696K, reserved 1075200K
  class space    used 3260K, capacity 3461K, committed 3584K, reserved 1048576K
Event: 10.363 GC heap after
Heap after GC invocations=9 (full 1):
 PSYoungGen      total 144384K, used 21475K [0x000000076b400000, 0x0000000778d00000, 0x00000007c0000000)
  eden space 122880K, 0% used [0x000000076b400000,0x000000076b400000,0x0000000772c00000)
  from space 21504K, 99% used [0x0000000774b80000,0x0000000776078fb0,0x0000000776080000)
  to   space 32256K, 0% used [0x0000000772c00000,0x0000000772c00000,0x0000000774b80000)
 ParOldGen       total 119808K, used 42870K [0x00000006c1c00000, 0x00000006c9100000, 0x000000076b400000)
  object space 119808K, 35% used [0x00000006c1c00000,0x00000006c45dd8a0,0x00000006c9100000)
 Metaspace       used 28614K, capacity 29392K, committed 29696K, reserved 1075200K
  class space    used 3260K, capacity 3461K, committed 3584K, reserved 1048576K
}
Event: 11.899 GC heap before
{Heap before GC invocations=10 (full 1):
 PSYoungGen      total 144384K, used 144355K [0x000000076b400000, 0x0000000778d00000, 0x00000007c0000000)
  eden space 122880K, 100% used [0x000000076b400000,0x0000000772c00000,0x0000000772c00000)
  from space 21504K, 99% used [0x0000000774b80000,0x0000000776078fb0,0x0000000776080000)
  to   space 32256K, 0% used [0x0000000772c00000,0x0000000772c00000,0x0000000774b80000)
 ParOldGen       total 119808K, used 42870K [0x00000006c1c00000, 0x00000006c9100000, 0x000000076b400000)
  object space 119808K, 35% used [0x00000006c1c00000,0x00000006c45dd8a0,0x00000006c9100000)
 Metaspace       used 32933K, capacity 33998K, committed 34176K, reserved 1079296K
  class space    used 3845K, capacity 4140K, committed 4224K, reserved 1048576K
Event: 11.975 GC heap after
Heap after GC invocations=10 (full 1):
 PSYoungGen      total 155136K, used 32236K [0x000000076b400000, 0x000000077b700000, 0x00000007c0000000)
  eden space 122880K, 0% used [0x000000076b400000,0x000000076b400000,0x0000000772c00000)
  from space 32256K, 99% used [0x0000000772c00000,0x0000000774b7b220,0x0000000774b80000)
  to   space 42496K, 0% used [0x0000000778d80000,0x0000000778d80000,0x000000077b700000)
 ParOldGen       total 119808K, used 56808K [0x00000006c1c00000, 0x00000006c9100000, 0x000000076b400000)
  object space 119808K, 47% used [0x00000006c1c00000,0x00000006c537a0c0,0x00000006c9100000)
 Metaspace       used 32933K, capacity 33998K, committed 34176K, reserved 1079296K
  class space    used 3845K, capacity 4140K, committed 4224K, reserved 1048576K
}
Event: 12.199 GC heap before
{Heap before GC invocations=11 (full 1):
 PSYoungGen      total 155136K, used 45726K [0x000000076b400000, 0x000000077b700000, 0x00000007c0000000)
  eden space 122880K, 10% used [0x000000076b400000,0x000000076c12c9b0,0x0000000772c00000)
  from space 32256K, 99% used [0x0000000772c00000,0x0000000774b7b220,0x0000000774b80000)
  to   space 42496K, 0% used [0x0000000778d80000,0x0000000778d80000,0x000000077b700000)
 ParOldGen       total 119808K, used 56808K [0x00000006c1c00000, 0x00000006c9100000, 0x000000076b400000)
  object space 119808K, 47% used [0x00000006c1c00000,0x00000006c537a0c0,0x00000006c9100000)
 Metaspace       used 34296K, capacity 35442K, committed 35496K, reserved 1081344K
  class space    used 4030K, capacity 4324K, committed 4352K, reserved 1048576K
Event: 12.215 GC heap after
Heap after GC invocations=11 (full 1):
 PSYoungGen      total 222720K, used 7143K [0x000000076b400000, 0x000000077b880000, 0x00000007c0000000)
  eden space 180224K, 0% used [0x000000076b400000,0x000000076b400000,0x0000000776400000)
  from space 42496K, 16% used [0x0000000778d80000,0x0000000779479c78,0x000000077b700000)
  to   space 42496K, 0% used [0x0000000776400000,0x0000000776400000,0x0000000778d80000)
 ParOldGen       total 119808K, used 69524K [0x00000006c1c00000, 0x00000006c9100000, 0x000000076b400000)
  object space 119808K, 58% used [0x00000006c1c00000,0x00000006c5fe53a8,0x00000006c9100000)
 Metaspace       used 34296K, capacity 35442K, committed 35496K, reserved 1081344K
  class space    used 4030K, capacity 4324K, committed 4352K, reserved 1048576K
}
Event: 12.215 GC heap before
{Heap before GC invocations=12 (full 2):
 PSYoungGen      total 222720K, used 7143K [0x000000076b400000, 0x000000077b880000, 0x00000007c0000000)
  eden space 180224K, 0% used [0x000000076b400000,0x000000076b400000,0x0000000776400000)
  from space 42496K, 16% used [0x0000000778d80000,0x0000000779479c78,0x000000077b700000)
  to   space 42496K, 0% used [0x0000000776400000,0x0000000776400000,0x0000000778d80000)
 ParOldGen       total 119808K, used 69524K [0x00000006c1c00000, 0x00000006c9100000, 0x000000076b400000)
  object space 119808K, 58% used [0x00000006c1c00000,0x00000006c5fe53a8,0x00000006c9100000)
 Metaspace       used 34296K, capacity 35442K, committed 35496K, reserved 1081344K
  class space    used 4030K, capacity 4324K, committed 4352K, reserved 1048576K
Event: 12.280 GC heap after
Heap after GC invocations=12 (full 2):
 PSYoungGen      total 222720K, used 0K [0x000000076b400000, 0x000000077b880000, 0x00000007c0000000)
  eden space 180224K, 0% used [0x000000076b400000,0x000000076b400000,0x0000000776400000)
  from space 42496K, 0% used [0x0000000778d80000,0x0000000778d80000,0x000000077b700000)
  to   space 42496K, 0% used [0x0000000776400000,0x0000000776400000,0x0000000778d80000)
 ParOldGen       total 171008K, used 28797K [0x00000006c1c00000, 0x00000006cc300000, 0x000000076b400000)
  object space 171008K, 16% used [0x00000006c1c00000,0x00000006c381f660,0x00000006cc300000)
 Metaspace       used 34296K, capacity 35442K, committed 35496K, reserved 1081344K
  class space    used 4030K, capacity 4324K, committed 4352K, reserved 1048576K
}

