# JRE version: Java(TM) SE Runtime Environment (8.0_181-b13) (build 1.8.0_181-b13)
# Java VM: Java HotSpot(TM) 64-Bit Server VM (25.181-b13 mixed mode windows-amd64 compressed oops)
Heap:
 PSYoungGen      total 168448K, used 75333K [0x000000076b400000, 0x0000000778280000, 0x00000007c0000000)
  eden space 132608K, 56% used [0x000000076b400000,0x000000076fd916a0,0x0000000773580000)
  from space 35840K, 0% used [0x0000000775f80000,0x0000000775f80000,0x0000000778280000)
  to   space 39424K, 0% used [0x0000000773580000,0x0000000773580000,0x0000000775c00000)
 ParOldGen       total 194560K, used 33609K [0x00000006c1c00000, 0x00000006cda00000, 0x000000076b400000)
  object space 194560K, 17% used [0x00000006c1c00000,0x00000006c3cd2440,0x00000006cda00000)
 Metaspace       used 43324K, capacity 44784K, committed 45056K, reserved 1089536K
  class space    used 5153K, capacity 5524K, committed 5632K, reserved 1048576K
GC Heap History (10 events):
Event: 9.407 GC heap before
{Heap before GC invocations=8 (full 1):
 PSYoungGen      total 94720K, used 94690K [0x000000076b400000, 0x0000000772300000, 0x00000007c0000000)
  eden space 80896K, 100% used [0x000000076b400000,0x0000000770300000,0x0000000770300000)
  from space 13824K, 99% used [0x0000000771200000,0x0000000771f78900,0x0000000771f80000)
  to   space 15360K, 0% used [0x0000000770300000,0x0000000770300000,0x0000000771200000)
 ParOldGen       total 128512K, used 15431K [0x00000006c1c00000, 0x00000006c9980000, 0x000000076b400000)
  object space 128512K, 12% used [0x00000006c1c00000,0x00000006c2b11e08,0x00000006c9980000)
 Metaspace       used 28562K, capacity 29328K, committed 29696K, reserved 1075200K
  class space    used 3257K, capacity 3461K, committed 3584K, reserved 1048576K
Event: 9.439 GC heap after
Heap after GC invocations=8 (full 1):
 PSYoungGen      total 96256K, used 15336K [0x000000076b400000, 0x0000000774480000, 0x00000007c0000000)
  eden space 80896K, 0% used [0x000000076b400000,0x000000076b400000,0x0000000770300000)
  from space 15360K, 99% used [0x0000000770300000,0x00000007711fa338,0x0000000771200000)
  to   space 20480K, 0% used [0x0000000773080000,0x0000000773080000,0x0000000774480000)
 ParOldGen       total 128512K, used 23023K [0x00000006c1c00000, 0x00000006c9980000, 0x000000076b400000)
  object space 128512K, 17% used [0x00000006c1c00000,0x00000006c327be30,0x00000006c9980000)
 Metaspace       used 28562K, capacity 29328K, committed 29696K, reserved 1075200K
  class space    used 3257K, capacity 3461K, committed 3584K, reserved 1048576K
}
Event: 9.884 GC heap before
{Heap before GC invocations=9 (full 1):
 PSYoungGen      total 96256K, used 96232K [0x000000076b400000, 0x0000000774480000, 0x00000007c0000000)
  eden space 80896K, 100% used [0x000000076b400000,0x0000000770300000,0x0000000770300000)
  from space 15360K, 99% used [0x0000000770300000,0x00000007711fa338,0x0000000771200000)
  to   space 20480K, 0% used [0x0000000773080000,0x0000000773080000,0x0000000774480000)
 ParOldGen       total 128512K, used 23029K [0x00000006c1c00000, 0x00000006c9980000, 0x000000076b400000)
  object space 128512K, 17% used [0x00000006c1c00000,0x00000006c327d4a0,0x00000006c9980000)
 Metaspace       used 28590K, capacity 29328K, committed 29696K, reserved 1075200K
  class space    used 3257K, capacity 3461K, committed 3584K, reserved 1048576K
Event: 9.938 GC heap after
Heap after GC invocations=9 (full 1):
 PSYoungGen      total 117248K, used 20456K [0x000000076b400000, 0x0000000776e00000, 0x00000007c0000000)
  eden space 96768K, 0% used [0x000000076b400000,0x000000076b400000,0x0000000771280000)
  from space 20480K, 99% used [0x0000000773080000,0x000000077447a1d8,0x0000000774480000)
  to   space 30720K, 0% used [0x0000000771280000,0x0000000771280000,0x0000000773080000)
 ParOldGen       total 128512K, used 40322K [0x00000006c1c00000, 0x00000006c9980000, 0x000000076b400000)
  object space 128512K, 31% used [0x00000006c1c00000,0x00000006c4360a00,0x00000006c9980000)
 Metaspace       used 28590K, capacity 29328K, committed 29696K, reserved 1075200K
  class space    used 3257K, capacity 3461K, committed 3584K, reserved 1048576K
}
Event: 10.591 GC heap before
{Heap before GC invocations=10 (full 1):
 PSYoungGen      total 117248K, used 117224K [0x000000076b400000, 0x0000000776e00000, 0x00000007c0000000)
  eden space 96768K, 100% used [0x000000076b400000,0x0000000771280000,0x0000000771280000)
  from space 20480K, 99% used [0x0000000773080000,0x000000077447a1d8,0x0000000774480000)
  to   space 30720K, 0% used [0x0000000771280000,0x0000000771280000,0x0000000773080000)
 ParOldGen       total 128512K, used 40331K [0x00000006c1c00000, 0x00000006c9980000, 0x000000076b400000)
  object space 128512K, 31% used [0x00000006c1c00000,0x00000006c4362cf8,0x00000006c9980000)
 Metaspace       used 28596K, capacity 29328K, committed 29696K, reserved 1075200K
  class space    used 3257K, capacity 3461K, committed 3584K, reserved 1048576K
Event: 10.652 GC heap after
Heap after GC invocations=10 (full 1):
 PSYoungGen      total 127488K, used 30700K [0x000000076b400000, 0x0000000778680000, 0x00000007c0000000)
  eden space 96768K, 0% used [0x000000076b400000,0x000000076b400000,0x0000000771280000)
  from space 30720K, 99% used [0x0000000771280000,0x000000077307b298,0x0000000773080000)
  to   space 39936K, 0% used [0x0000000775f80000,0x0000000775f80000,0x0000000778680000)
 ParOldGen       total 128512K, used 53153K [0x00000006c1c00000, 0x00000006c9980000, 0x000000076b400000)
  object space 128512K, 41% used [0x00000006c1c00000,0x00000006c4fe8528,0x00000006c9980000)
 Metaspace       used 28596K, capacity 29328K, committed 29696K, reserved 1075200K
  class space    used 3257K, capacity 3461K, committed 3584K, reserved 1048576K
}
Event: 11.827 GC heap before
{Heap before GC invocations=11 (full 1):
 PSYoungGen      total 127488K, used 81668K [0x000000076b400000, 0x0000000778680000, 0x00000007c0000000)
  eden space 96768K, 52% used [0x000000076b400000,0x000000076e5c5da0,0x0000000771280000)
  from space 30720K, 99% used [0x0000000771280000,0x000000077307b298,0x0000000773080000)
  to   space 39936K, 0% used [0x0000000775f80000,0x0000000775f80000,0x0000000778680000)
 ParOldGen       total 128512K, used 53153K [0x00000006c1c00000, 0x00000006c9980000, 0x000000076b400000)
  object space 128512K, 41% used [0x00000006c1c00000,0x00000006c4fe8528,0x00000006c9980000)
 Metaspace       used 34175K, capacity 35288K, committed 35456K, reserved 1081344K
  class space    used 4036K, capacity 4357K, committed 4480K, reserved 1048576K
Event: 11.842 GC heap after
Heap after GC invocations=11 (full 1):
 PSYoungGen      total 168448K, used 9423K [0x000000076b400000, 0x0000000778280000, 0x00000007c0000000)
  eden space 132608K, 0% used [0x000000076b400000,0x000000076b400000,0x0000000773580000)
  from space 35840K, 26% used [0x0000000775f80000,0x00000007768b3e10,0x0000000778280000)
  to   space 39424K, 0% used [0x0000000773580000,0x0000000773580000,0x0000000775c00000)
 ParOldGen       total 128512K, used 55769K [0x00000006c1c00000, 0x00000006c9980000, 0x000000076b400000)
  object space 128512K, 43% used [0x00000006c1c00000,0x00000006c5276788,0x00000006c9980000)
 Metaspace       used 34175K, capacity 35288K, committed 35456K, reserved 1081344K
  class space    used 4036K, capacity 4357K, committed 4480K, reserved 1048576K
}
Event: 11.842 GC heap before
{Heap before GC invocations=12 (full 2):
 PSYoungGen      total 168448K, used 9423K [0x000000076b400000, 0x0000000778280000, 0x00000007c0000000)
  eden space 132608K, 0% used [0x000000076b400000,0x000000076b400000,0x0000000773580000)
  from space 35840K, 26% used [0x0000000775f80000,0x00000007768b3e10,0x0000000778280000)
  to   space 39424K, 0% used [0x0000000773580000,0x0000000773580000,0x0000000775c00000)
 ParOldGen       total 128512K, used 55769K [0x00000006c1c00000, 0x00000006c9980000, 0x000000076b400000)
  object space 128512K, 43% used [0x00000006c1c00000,0x00000006c5276788,0x00000006c9980000)
 Metaspace       used 34175K, capacity 35288K, committed 35456K, reserved 1081344K
  class space    used 4036K, capacity 4357K, committed 4480K, reserved 1048576K
Event: 11.902 GC heap after
Heap after GC invocations=12 (full 2):
 PSYoungGen      total 168448K, used 0K [0x000000076b400000, 0x0000000778280000, 0x00000007c0000000)
  eden space 132608K, 0% used [0x000000076b400000,0x000000076b400000,0x0000000773580000)
  from space 35840K, 0% used [0x0000000775f80000,0x0000000775f80000,0x0000000778280000)
  to   space 39424K, 0% used [0x0000000773580000,0x0000000773580000,0x0000000775c00000)
 ParOldGen       total 194560K, used 33609K [0x00000006c1c00000, 0x00000006cda00000, 0x000000076b400000)
  object space 194560K, 17% used [0x00000006c1c00000,0x00000006c3cd2440,0x00000006cda00000)
 Metaspace       used 34175K, capacity 35288K, committed 35456K, reserved 1081344K
  class space    used 4036K, capacity 4357K, committed 4480K, reserved 1048576K
}

