# JRE version: Java(TM) SE Runtime Environment (8.0_181-b13) (build 1.8.0_181-b13)
# Java VM: Java HotSpot(TM) 64-Bit Server VM (25.181-b13 mixed mode windows-amd64 compressed oops)
Heap:
 PSYoungGen      total 203264K, used 74884K [0x000000076b400000, 0x000000077a400000, 0x00000007c0000000)
  eden space 161792K, 46% used [0x000000076b400000,0x000000076fd21258,0x0000000775200000)
  from space 41472K, 0% used [0x0000000777b80000,0x0000000777b80000,0x000000077a400000)
  to   space 41984K, 0% used [0x0000000775200000,0x0000000775200000,0x0000000777b00000)
 ParOldGen       total 178176K, used 29284K [0x00000006c1c00000, 0x00000006cca00000, 0x000000076b400000)
  object space 178176K, 16% used [0x00000006c1c00000,0x00000006c38993a8,0x00000006cca00000)
 Metaspace       used 43153K, capacity 44612K, committed 44672K, reserved 1089536K
  class space    used 5135K, capacity 5492K, committed 5504K, reserved 1048576K
GC Heap History (10 events):
Event: 9.479 GC heap before
{Heap before GC invocations=8 (full 1):
 PSYoungGen      total 103424K, used 103120K [0x000000076b400000, 0x0000000772980000, 0x00000007c0000000)
  eden space 89088K, 99% used [0x000000076b400000,0x0000000770aff8e8,0x0000000770b00000)
  from space 14336K, 97% used [0x0000000771a00000,0x00000007727b4ae8,0x0000000772800000)
  to   space 15360K, 0% used [0x0000000770b00000,0x0000000770b00000,0x0000000771a00000)
 ParOldGen       total 118784K, used 14802K [0x00000006c1c00000, 0x00000006c9000000, 0x000000076b400000)
  object space 118784K, 12% used [0x00000006c1c00000,0x00000006c2a74910,0x00000006c9000000)
 Metaspace       used 28586K, capacity 29392K, committed 29696K, reserved 1075200K
  class space    used 3260K, capacity 3461K, committed 3584K, reserved 1048576K
Event: 9.515 GC heap after
Heap after GC invocations=8 (full 1):
 PSYoungGen      total 104448K, used 15328K [0x000000076b400000, 0x0000000775900000, 0x00000007c0000000)
  eden space 89088K, 0% used [0x000000076b400000,0x000000076b400000,0x0000000770b00000)
  from space 15360K, 99% used [0x0000000770b00000,0x00000007719f8260,0x0000000771a00000)
  to   space 21504K, 0% used [0x0000000774400000,0x0000000774400000,0x0000000775900000)
 ParOldGen       total 118784K, used 23995K [0x00000006c1c00000, 0x00000006c9000000, 0x000000076b400000)
  object space 118784K, 20% used [0x00000006c1c00000,0x00000006c336ed80,0x00000006c9000000)
 Metaspace       used 28586K, capacity 29392K, committed 29696K, reserved 1075200K
  class space    used 3260K, capacity 3461K, committed 3584K, reserved 1048576K
}
Event: 9.975 GC heap before
{Heap before GC invocations=9 (full 1):
 PSYoungGen      total 104448K, used 104416K [0x000000076b400000, 0x0000000775900000, 0x00000007c0000000)
  eden space 89088K, 100% used [0x000000076b400000,0x0000000770b00000,0x0000000770b00000)
  from space 15360K, 99% used [0x0000000770b00000,0x00000007719f8260,0x0000000771a00000)
  to   space 21504K, 0% used [0x0000000774400000,0x0000000774400000,0x0000000775900000)
 ParOldGen       total 118784K, used 23999K [0x00000006c1c00000, 0x00000006c9000000, 0x000000076b400000)
  object space 118784K, 20% used [0x00000006c1c00000,0x00000006c336fda0,0x00000006c9000000)
 Metaspace       used 28601K, capacity 29392K, committed 29696K, reserved 1075200K
  class space    used 3260K, capacity 3461K, committed 3584K, reserved 1048576K
Event: 10.043 GC heap after
Heap after GC invocations=9 (full 1):
 PSYoungGen      total 136704K, used 21500K [0x000000076b400000, 0x0000000778400000, 0x00000007c0000000)
  eden space 115200K, 0% used [0x000000076b400000,0x000000076b400000,0x0000000772480000)
  from space 21504K, 99% used [0x0000000774400000,0x00000007758ff3c8,0x0000000775900000)
  to   space 32256K, 0% used [0x0000000772480000,0x0000000772480000,0x0000000774400000)
 ParOldGen       total 118784K, used 43047K [0x00000006c1c00000, 0x00000006c9000000, 0x000000076b400000)
  object space 118784K, 36% used [0x00000006c1c00000,0x00000006c4609f18,0x00000006c9000000)
 Metaspace       used 28601K, capacity 29392K, committed 29696K, reserved 1075200K
  class space    used 3260K, capacity 3461K, committed 3584K, reserved 1048576K
}
Event: 11.271 GC heap before
{Heap before GC invocations=10 (full 1):
 PSYoungGen      total 136704K, used 136700K [0x000000076b400000, 0x0000000778400000, 0x00000007c0000000)
  eden space 115200K, 100% used [0x000000076b400000,0x0000000772480000,0x0000000772480000)
  from space 21504K, 99% used [0x0000000774400000,0x00000007758ff3c8,0x0000000775900000)
  to   space 32256K, 0% used [0x0000000772480000,0x0000000772480000,0x0000000774400000)
 ParOldGen       total 118784K, used 43047K [0x00000006c1c00000, 0x00000006c9000000, 0x000000076b400000)
  object space 118784K, 36% used [0x00000006c1c00000,0x00000006c4609f18,0x00000006c9000000)
 Metaspace       used 32333K, capacity 33292K, committed 33536K, reserved 1079296K
  class space    used 3740K, capacity 4007K, committed 4096K, reserved 1048576K
Event: 11.341 GC heap after
Heap after GC invocations=10 (full 1):
 PSYoungGen      total 147456K, used 32234K [0x000000076b400000, 0x000000077a480000, 0x00000007c0000000)
  eden space 115200K, 0% used [0x000000076b400000,0x000000076b400000,0x0000000772480000)
  from space 32256K, 99% used [0x0000000772480000,0x00000007743fab78,0x0000000774400000)
  to   space 41984K, 0% used [0x0000000777b80000,0x0000000777b80000,0x000000077a480000)
 ParOldGen       total 118784K, used 55898K [0x00000006c1c00000, 0x00000006c9000000, 0x000000076b400000)
  object space 118784K, 47% used [0x00000006c1c00000,0x00000006c52969f0,0x00000006c9000000)
 Metaspace       used 32333K, capacity 33292K, committed 33536K, reserved 1079296K
  class space    used 3740K, capacity 4007K, committed 4096K, reserved 1048576K
}
Event: 11.646 GC heap before
{Heap before GC invocations=11 (full 1):
 PSYoungGen      total 147456K, used 49211K [0x000000076b400000, 0x000000077a480000, 0x00000007c0000000)
  eden space 115200K, 14% used [0x000000076b400000,0x000000076c494418,0x0000000772480000)
  from space 32256K, 99% used [0x0000000772480000,0x00000007743fab78,0x0000000774400000)
  to   space 41984K, 0% used [0x0000000777b80000,0x0000000777b80000,0x000000077a480000)
 ParOldGen       total 118784K, used 55898K [0x00000006c1c00000, 0x00000006c9000000, 0x000000076b400000)
  object space 118784K, 47% used [0x00000006c1c00000,0x00000006c52969f0,0x00000006c9000000)
 Metaspace       used 34151K, capacity 35320K, committed 35496K, reserved 1081344K
  class space    used 4031K, capacity 4325K, committed 4352K, reserved 1048576K
Event: 11.659 GC heap after
Heap after GC invocations=11 (full 1):
 PSYoungGen      total 203264K, used 7521K [0x000000076b400000, 0x000000077a400000, 0x00000007c0000000)
  eden space 161792K, 0% used [0x000000076b400000,0x000000076b400000,0x0000000775200000)
  from space 41472K, 18% used [0x0000000777b80000,0x00000007782d87b0,0x000000077a400000)
  to   space 41984K, 0% used [0x0000000775200000,0x0000000775200000,0x0000000777b00000)
 ParOldGen       total 118784K, used 68442K [0x00000006c1c00000, 0x00000006c9000000, 0x000000076b400000)
  object space 118784K, 57% used [0x00000006c1c00000,0x00000006c5ed6b48,0x00000006c9000000)
 Metaspace       used 34151K, capacity 35320K, committed 35496K, reserved 1081344K
  class space    used 4031K, capacity 4325K, committed 4352K, reserved 1048576K
}
Event: 11.659 GC heap before
{Heap before GC invocations=12 (full 2):
 PSYoungGen      total 203264K, used 7521K [0x000000076b400000, 0x000000077a400000, 0x00000007c0000000)
  eden space 161792K, 0% used [0x000000076b400000,0x000000076b400000,0x0000000775200000)
  from space 41472K, 18% used [0x0000000777b80000,0x00000007782d87b0,0x000000077a400000)
  to   space 41984K, 0% used [0x0000000775200000,0x0000000775200000,0x0000000777b00000)
 ParOldGen       total 118784K, used 68442K [0x00000006c1c00000, 0x00000006c9000000, 0x000000076b400000)
  object space 118784K, 57% used [0x00000006c1c00000,0x00000006c5ed6b48,0x00000006c9000000)
 Metaspace       used 34151K, capacity 35320K, committed 35496K, reserved 1081344K
  class space    used 4031K, capacity 4325K, committed 4352K, reserved 1048576K
Event: 11.724 GC heap after
Heap after GC invocations=12 (full 2):
 PSYoungGen      total 203264K, used 0K [0x000000076b400000, 0x000000077a400000, 0x00000007c0000000)
  eden space 161792K, 0% used [0x000000076b400000,0x000000076b400000,0x0000000775200000)
  from space 41472K, 0% used [0x0000000777b80000,0x0000000777b80000,0x000000077a400000)
  to   space 41984K, 0% used [0x0000000775200000,0x0000000775200000,0x0000000777b00000)
 ParOldGen       total 178176K, used 29284K [0x00000006c1c00000, 0x00000006cca00000, 0x000000076b400000)
  object space 178176K, 16% used [0x00000006c1c00000,0x00000006c38993a8,0x00000006cca00000)
 Metaspace       used 34151K, capacity 35320K, committed 35496K, reserved 1081344K
  class space    used 4031K, capacity 4325K, committed 4352K, reserved 1048576K
}

