# JRE version: Java(TM) SE Runtime Environment (8.0_181-b13) (build 1.8.0_181-b13)
# Java VM: Java HotSpot(TM) 64-Bit Server VM (25.181-b13 mixed mode windows-amd64 compressed oops)
Heap:
 PSYoungGen      total 209920K, used 74120K [0x000000076b400000, 0x000000077aa00000, 0x00000007c0000000)
  eden space 167936K, 44% used [0x000000076b400000,0x000000076fc62308,0x0000000775800000)
  from space 41984K, 0% used [0x0000000778100000,0x0000000778100000,0x000000077aa00000)
  to   space 41984K, 0% used [0x0000000775800000,0x0000000775800000,0x0000000778100000)
 ParOldGen       total 178176K, used 29084K [0x00000006c1c00000, 0x00000006cca00000, 0x000000076b400000)
  object space 178176K, 16% used [0x00000006c1c00000,0x00000006c3867270,0x00000006cca00000)
 Metaspace       used 43134K, capacity 44616K, committed 44672K, reserved 1089536K
  class space    used 5132K, capacity 5492K, committed 5504K, reserved 1048576K
GC Heap History (10 events):
Event: 8.683 GC heap before
{Heap before GC invocations=8 (full 1):
 PSYoungGen      total 103424K, used 103029K [0x000000076b400000, 0x0000000772a00000, 0x00000007c0000000)
  eden space 89088K, 100% used [0x000000076b400000,0x0000000770b00000,0x0000000770b00000)
  from space 14336K, 97% used [0x0000000771a00000,0x000000077279d530,0x0000000772800000)
  to   space 15360K, 0% used [0x0000000770b00000,0x0000000770b00000,0x0000000771a00000)
 ParOldGen       total 120320K, used 15143K [0x00000006c1c00000, 0x00000006c9180000, 0x000000076b400000)
  object space 120320K, 12% used [0x00000006c1c00000,0x00000006c2ac9e40,0x00000006c9180000)
 Metaspace       used 28564K, capacity 29328K, committed 29696K, reserved 1075200K
  class space    used 3255K, capacity 3461K, committed 3584K, reserved 1048576K
Event: 8.715 GC heap after
Heap after GC invocations=8 (full 1):
 PSYoungGen      total 104448K, used 15353K [0x000000076b400000, 0x0000000775a80000, 0x00000007c0000000)
  eden space 89088K, 0% used [0x000000076b400000,0x000000076b400000,0x0000000770b00000)
  from space 15360K, 99% used [0x0000000770b00000,0x00000007719fe6c8,0x0000000771a00000)
  to   space 20992K, 0% used [0x0000000774600000,0x0000000774600000,0x0000000775a80000)
 ParOldGen       total 120320K, used 24089K [0x00000006c1c00000, 0x00000006c9180000, 0x000000076b400000)
  object space 120320K, 20% used [0x00000006c1c00000,0x00000006c3386440,0x00000006c9180000)
 Metaspace       used 28564K, capacity 29328K, committed 29696K, reserved 1075200K
  class space    used 3255K, capacity 3461K, committed 3584K, reserved 1048576K
}
Event: 9.270 GC heap before
{Heap before GC invocations=9 (full 1):
 PSYoungGen      total 104448K, used 104441K [0x000000076b400000, 0x0000000775a80000, 0x00000007c0000000)
  eden space 89088K, 100% used [0x000000076b400000,0x0000000770b00000,0x0000000770b00000)
  from space 15360K, 99% used [0x0000000770b00000,0x00000007719fe6c8,0x0000000771a00000)
  to   space 20992K, 0% used [0x0000000774600000,0x0000000774600000,0x0000000775a80000)
 ParOldGen       total 120320K, used 24098K [0x00000006c1c00000, 0x00000006c9180000, 0x000000076b400000)
  object space 120320K, 20% used [0x00000006c1c00000,0x00000006c3388be8,0x00000006c9180000)
 Metaspace       used 28583K, capacity 29328K, committed 29696K, reserved 1075200K
  class space    used 3255K, capacity 3461K, committed 3584K, reserved 1048576K
Event: 9.346 GC heap after
Heap after GC invocations=9 (full 1):
 PSYoungGen      total 138240K, used 20991K [0x000000076b400000, 0x0000000778800000, 0x00000007c0000000)
  eden space 117248K, 0% used [0x000000076b400000,0x000000076b400000,0x0000000772680000)
  from space 20992K, 99% used [0x0000000774600000,0x0000000775a7fe08,0x0000000775a80000)
  to   space 32256K, 0% used [0x0000000772680000,0x0000000772680000,0x0000000774600000)
 ParOldGen       total 120320K, used 43385K [0x00000006c1c00000, 0x00000006c9180000, 0x000000076b400000)
  object space 120320K, 36% used [0x00000006c1c00000,0x00000006c465e5f8,0x00000006c9180000)
 Metaspace       used 28583K, capacity 29328K, committed 29696K, reserved 1075200K
  class space    used 3255K, capacity 3461K, committed 3584K, reserved 1048576K
}
Event: 10.577 GC heap before
{Heap before GC invocations=10 (full 1):
 PSYoungGen      total 138240K, used 138239K [0x000000076b400000, 0x0000000778800000, 0x00000007c0000000)
  eden space 117248K, 100% used [0x000000076b400000,0x0000000772680000,0x0000000772680000)
  from space 20992K, 99% used [0x0000000774600000,0x0000000775a7fe08,0x0000000775a80000)
  to   space 32256K, 0% used [0x0000000772680000,0x0000000772680000,0x0000000774600000)
 ParOldGen       total 120320K, used 43392K [0x00000006c1c00000, 0x00000006c9180000, 0x000000076b400000)
  object space 120320K, 36% used [0x00000006c1c00000,0x00000006c46600b8,0x00000006c9180000)
 Metaspace       used 32387K, capacity 33308K, committed 33536K, reserved 1079296K
  class space    used 3749K, capacity 4011K, committed 4096K, reserved 1048576K
Event: 10.630 GC heap after
Heap after GC invocations=10 (full 1):
 PSYoungGen      total 149504K, used 32237K [0x000000076b400000, 0x000000077aa00000, 0x00000007c0000000)
  eden space 117248K, 0% used [0x000000076b400000,0x000000076b400000,0x0000000772680000)
  from space 32256K, 99% used [0x0000000772680000,0x00000007745fb4a0,0x0000000774600000)
  to   space 41984K, 0% used [0x0000000778100000,0x0000000778100000,0x000000077aa00000)
 ParOldGen       total 120320K, used 56773K [0x00000006c1c00000, 0x00000006c9180000, 0x000000076b400000)
  object space 120320K, 47% used [0x00000006c1c00000,0x00000006c5371538,0x00000006c9180000)
 Metaspace       used 32387K, capacity 33308K, committed 33536K, reserved 1079296K
  class space    used 3749K, capacity 4011K, committed 4096K, reserved 1048576K
}
Event: 10.955 GC heap before
{Heap before GC invocations=11 (full 1):
 PSYoungGen      total 149504K, used 49518K [0x000000076b400000, 0x000000077aa00000, 0x00000007c0000000)
  eden space 117248K, 14% used [0x000000076b400000,0x000000076c4e0470,0x0000000772680000)
  from space 32256K, 99% used [0x0000000772680000,0x00000007745fb4a0,0x0000000774600000)
  to   space 41984K, 0% used [0x0000000778100000,0x0000000778100000,0x000000077aa00000)
 ParOldGen       total 120320K, used 56773K [0x00000006c1c00000, 0x00000006c9180000, 0x000000076b400000)
  object space 120320K, 47% used [0x00000006c1c00000,0x00000006c5371538,0x00000006c9180000)
 Metaspace       used 34168K, capacity 35288K, committed 35456K, reserved 1081344K
  class space    used 4037K, capacity 4357K, committed 4480K, reserved 1048576K
Event: 10.970 GC heap after
Heap after GC invocations=11 (full 1):
 PSYoungGen      total 209920K, used 7389K [0x000000076b400000, 0x000000077aa00000, 0x00000007c0000000)
  eden space 167936K, 0% used [0x000000076b400000,0x000000076b400000,0x0000000775800000)
  from space 41984K, 17% used [0x0000000778100000,0x00000007788376e8,0x000000077aa00000)
  to   space 41984K, 0% used [0x0000000775800000,0x0000000775800000,0x0000000778100000)
 ParOldGen       total 120320K, used 69335K [0x00000006c1c00000, 0x00000006c9180000, 0x000000076b400000)
  object space 120320K, 57% used [0x00000006c1c00000,0x00000006c5fb5eb0,0x00000006c9180000)
 Metaspace       used 34168K, capacity 35288K, committed 35456K, reserved 1081344K
  class space    used 4037K, capacity 4357K, committed 4480K, reserved 1048576K
}
Event: 10.970 GC heap before
{Heap before GC invocations=12 (full 2):
 PSYoungGen      total 209920K, used 7389K [0x000000076b400000, 0x000000077aa00000, 0x00000007c0000000)
  eden space 167936K, 0% used [0x000000076b400000,0x000000076b400000,0x0000000775800000)
  from space 41984K, 17% used [0x0000000778100000,0x00000007788376e8,0x000000077aa00000)
  to   space 41984K, 0% used [0x0000000775800000,0x0000000775800000,0x0000000778100000)
 ParOldGen       total 120320K, used 69335K [0x00000006c1c00000, 0x00000006c9180000, 0x000000076b400000)
  object space 120320K, 57% used [0x00000006c1c00000,0x00000006c5fb5eb0,0x00000006c9180000)
 Metaspace       used 34168K, capacity 35288K, committed 35456K, reserved 1081344K
  class space    used 4037K, capacity 4357K, committed 4480K, reserved 1048576K
Event: 11.041 GC heap after
Heap after GC invocations=12 (full 2):
 PSYoungGen      total 209920K, used 0K [0x000000076b400000, 0x000000077aa00000, 0x00000007c0000000)
  eden space 167936K, 0% used [0x000000076b400000,0x000000076b400000,0x0000000775800000)
  from space 41984K, 0% used [0x0000000778100000,0x0000000778100000,0x000000077aa00000)
  to   space 41984K, 0% used [0x0000000775800000,0x0000000775800000,0x0000000778100000)
 ParOldGen       total 178176K, used 29084K [0x00000006c1c00000, 0x00000006cca00000, 0x000000076b400000)
  object space 178176K, 16% used [0x00000006c1c00000,0x00000006c3867270,0x00000006cca00000)
 Metaspace       used 34168K, capacity 35288K, committed 35456K, reserved 1081344K
  class space    used 4037K, capacity 4357K, committed 4480K, reserved 1048576K
}

