# JRE version: Java(TM) SE Runtime Environment (8.0_181-b13) (build 1.8.0_181-b13)
# Java VM: Java HotSpot(TM) 64-Bit Server VM (25.181-b13 mixed mode windows-amd64 compressed oops)
Heap:
 PSYoungGen      total 180736K, used 75744K [0x000000076b400000, 0x0000000778e80000, 0x00000007c0000000)
  eden space 142848K, 53% used [0x000000076b400000,0x000000076fdf8360,0x0000000773f80000)
  from space 37888K, 0% used [0x0000000776980000,0x0000000776980000,0x0000000778e80000)
  to   space 40448K, 0% used [0x0000000773f80000,0x0000000773f80000,0x0000000776700000)
 ParOldGen       total 191488K, used 31579K [0x00000006c1c00000, 0x00000006cd700000, 0x000000076b400000)
  object space 191488K, 16% used [0x00000006c1c00000,0x00000006c3ad6e80,0x00000006cd700000)
 Metaspace       used 43206K, capacity 44686K, committed 44928K, reserved 1089536K
  class space    used 5144K, capacity 5493K, committed 5504K, reserved 1048576K
GC Heap History (10 events):
Event: 10.712 GC heap before
{Heap before GC invocations=8 (full 1):
 PSYoungGen      total 97280K, used 97136K [0x000000076b400000, 0x0000000772480000, 0x00000007c0000000)
  eden space 82944K, 100% used [0x000000076b400000,0x0000000770500000,0x0000000770500000)
  from space 14336K, 99% used [0x0000000771400000,0x00000007721dc2f8,0x0000000772200000)
  to   space 15360K, 0% used [0x0000000770500000,0x0000000770500000,0x0000000771400000)
 ParOldGen       total 125952K, used 14798K [0x00000006c1c00000, 0x00000006c9700000, 0x000000076b400000)
  object space 125952K, 11% used [0x00000006c1c00000,0x00000006c2a73a00,0x00000006c9700000)
 Metaspace       used 28535K, capacity 29328K, committed 29696K, reserved 1075200K
  class space    used 3261K, capacity 3461K, committed 3584K, reserved 1048576K
Event: 10.741 GC heap after
Heap after GC invocations=8 (full 1):
 PSYoungGen      total 98304K, used 15355K [0x000000076b400000, 0x0000000774a00000, 0x00000007c0000000)
  eden space 82944K, 0% used [0x000000076b400000,0x000000076b400000,0x0000000770500000)
  from space 15360K, 99% used [0x0000000770500000,0x00000007713fee98,0x0000000771400000)
  to   space 20480K, 0% used [0x0000000773600000,0x0000000773600000,0x0000000774a00000)
 ParOldGen       total 125952K, used 22508K [0x00000006c1c00000, 0x00000006c9700000, 0x000000076b400000)
  object space 125952K, 17% used [0x00000006c1c00000,0x00000006c31fb2a8,0x00000006c9700000)
 Metaspace       used 28535K, capacity 29328K, committed 29696K, reserved 1075200K
  class space    used 3261K, capacity 3461K, committed 3584K, reserved 1048576K
}
Event: 11.151 GC heap before
{Heap before GC invocations=9 (full 1):
 PSYoungGen      total 98304K, used 98299K [0x000000076b400000, 0x0000000774a00000, 0x00000007c0000000)
  eden space 82944K, 100% used [0x000000076b400000,0x0000000770500000,0x0000000770500000)
  from space 15360K, 99% used [0x0000000770500000,0x00000007713fee98,0x0000000771400000)
  to   space 20480K, 0% used [0x0000000773600000,0x0000000773600000,0x0000000774a00000)
 ParOldGen       total 125952K, used 22509K [0x00000006c1c00000, 0x00000006c9700000, 0x000000076b400000)
  object space 125952K, 17% used [0x00000006c1c00000,0x00000006c31fb510,0x00000006c9700000)
 Metaspace       used 28576K, capacity 29392K, committed 29696K, reserved 1075200K
  class space    used 3261K, capacity 3461K, committed 3584K, reserved 1048576K
Event: 11.208 GC heap after
Heap after GC invocations=9 (full 1):
 PSYoungGen      total 122880K, used 20457K [0x000000076b400000, 0x0000000777700000, 0x00000007c0000000)
  eden space 102400K, 0% used [0x000000076b400000,0x000000076b400000,0x0000000771800000)
  from space 20480K, 99% used [0x0000000773600000,0x00000007749fa658,0x0000000774a00000)
  to   space 30720K, 0% used [0x0000000771800000,0x0000000771800000,0x0000000773600000)
 ParOldGen       total 125952K, used 40485K [0x00000006c1c00000, 0x00000006c9700000, 0x000000076b400000)
  object space 125952K, 32% used [0x00000006c1c00000,0x00000006c4389528,0x00000006c9700000)
 Metaspace       used 28576K, capacity 29392K, committed 29696K, reserved 1075200K
  class space    used 3261K, capacity 3461K, committed 3584K, reserved 1048576K
}
Event: 12.340 GC heap before
{Heap before GC invocations=10 (full 1):
 PSYoungGen      total 122880K, used 122857K [0x000000076b400000, 0x0000000777700000, 0x00000007c0000000)
  eden space 102400K, 100% used [0x000000076b400000,0x0000000771800000,0x0000000771800000)
  from space 20480K, 99% used [0x0000000773600000,0x00000007749fa658,0x0000000774a00000)
  to   space 30720K, 0% used [0x0000000771800000,0x0000000771800000,0x0000000773600000)
 ParOldGen       total 125952K, used 40489K [0x00000006c1c00000, 0x00000006c9700000, 0x000000076b400000)
  object space 125952K, 32% used [0x00000006c1c00000,0x00000006c438a4f0,0x00000006c9700000)
 Metaspace       used 28582K, capacity 29392K, committed 29696K, reserved 1075200K
  class space    used 3262K, capacity 3461K, committed 3584K, reserved 1048576K
Event: 12.406 GC heap after
Heap after GC invocations=10 (full 1):
 PSYoungGen      total 133120K, used 30716K [0x000000076b400000, 0x0000000779180000, 0x00000007c0000000)
  eden space 102400K, 0% used [0x000000076b400000,0x000000076b400000,0x0000000771800000)
  from space 30720K, 99% used [0x0000000771800000,0x00000007735ff1c8,0x0000000773600000)
  to   space 40960K, 0% used [0x0000000776980000,0x0000000776980000,0x0000000779180000)
 ParOldGen       total 125952K, used 54689K [0x00000006c1c00000, 0x00000006c9700000, 0x000000076b400000)
  object space 125952K, 43% used [0x00000006c1c00000,0x00000006c51685f8,0x00000006c9700000)
 Metaspace       used 28582K, capacity 29392K, committed 29696K, reserved 1075200K
  class space    used 3262K, capacity 3461K, committed 3584K, reserved 1048576K
}
Event: 13.382 GC heap before
{Heap before GC invocations=11 (full 1):
 PSYoungGen      total 133120K, used 74370K [0x000000076b400000, 0x0000000779180000, 0x00000007c0000000)
  eden space 102400K, 42% used [0x000000076b400000,0x000000076dea1680,0x0000000771800000)
  from space 30720K, 99% used [0x0000000771800000,0x00000007735ff1c8,0x0000000773600000)
  to   space 40960K, 0% used [0x0000000776980000,0x0000000776980000,0x0000000779180000)
 ParOldGen       total 125952K, used 54689K [0x00000006c1c00000, 0x00000006c9700000, 0x000000076b400000)
  object space 125952K, 43% used [0x00000006c1c00000,0x00000006c51685f8,0x00000006c9700000)
 Metaspace       used 34131K, capacity 35320K, committed 35496K, reserved 1081344K
  class space    used 4032K, capacity 4325K, committed 4352K, reserved 1048576K
Event: 13.402 GC heap after
Heap after GC invocations=11 (full 1):
 PSYoungGen      total 180736K, used 9937K [0x000000076b400000, 0x0000000778e80000, 0x00000007c0000000)
  eden space 142848K, 0% used [0x000000076b400000,0x000000076b400000,0x0000000773f80000)
  from space 37888K, 26% used [0x0000000776980000,0x00000007773344e8,0x0000000778e80000)
  to   space 40448K, 0% used [0x0000000773f80000,0x0000000773f80000,0x0000000776700000)
 ParOldGen       total 125952K, used 67453K [0x00000006c1c00000, 0x00000006c9700000, 0x000000076b400000)
  object space 125952K, 53% used [0x00000006c1c00000,0x00000006c5ddf7e0,0x00000006c9700000)
 Metaspace       used 34131K, capacity 35320K, committed 35496K, reserved 1081344K
  class space    used 4032K, capacity 4325K, committed 4352K, reserved 1048576K
}
Event: 13.402 GC heap before
{Heap before GC invocations=12 (full 2):
 PSYoungGen      total 180736K, used 9937K [0x000000076b400000, 0x0000000778e80000, 0x00000007c0000000)
  eden space 142848K, 0% used [0x000000076b400000,0x000000076b400000,0x0000000773f80000)
  from space 37888K, 26% used [0x0000000776980000,0x00000007773344e8,0x0000000778e80000)
  to   space 40448K, 0% used [0x0000000773f80000,0x0000000773f80000,0x0000000776700000)
 ParOldGen       total 125952K, used 67453K [0x00000006c1c00000, 0x00000006c9700000, 0x000000076b400000)
  object space 125952K, 53% used [0x00000006c1c00000,0x00000006c5ddf7e0,0x00000006c9700000)
 Metaspace       used 34131K, capacity 35320K, committed 35496K, reserved 1081344K
  class space    used 4032K, capacity 4325K, committed 4352K, reserved 1048576K
Event: 13.487 GC heap after
Heap after GC invocations=12 (full 2):
 PSYoungGen      total 180736K, used 0K [0x000000076b400000, 0x0000000778e80000, 0x00000007c0000000)
  eden space 142848K, 0% used [0x000000076b400000,0x000000076b400000,0x0000000773f80000)
  from space 37888K, 0% used [0x0000000776980000,0x0000000776980000,0x0000000778e80000)
  to   space 40448K, 0% used [0x0000000773f80000,0x0000000773f80000,0x0000000776700000)
 ParOldGen       total 191488K, used 31579K [0x00000006c1c00000, 0x00000006cd700000, 0x000000076b400000)
  object space 191488K, 16% used [0x00000006c1c00000,0x00000006c3ad6e80,0x00000006cd700000)
 Metaspace       used 34131K, capacity 35320K, committed 35496K, reserved 1081344K
  class space    used 4032K, capacity 4325K, committed 4352K, reserved 1048576K
}

