# JRE version: Java(TM) SE Runtime Environment (8.0_181-b13) (build 1.8.0_181-b13)
# Java VM: Java HotSpot(TM) 64-Bit Server VM (25.181-b13 mixed mode windows-amd64 compressed oops)
Heap:
 PSYoungGen      total 192000K, used 73628K [0x000000076b400000, 0x0000000779a80000, 0x00000007c0000000)
  eden space 153088K, 48% used [0x000000076b400000,0x000000076fbe70b8,0x0000000774980000)
  from space 38912K, 0% used [0x0000000777480000,0x0000000777480000,0x0000000779a80000)
  to   space 41472K, 0% used [0x0000000774980000,0x0000000774980000,0x0000000777200000)
 ParOldGen       total 183296K, used 30506K [0x00000006c1c00000, 0x00000006ccf00000, 0x000000076b400000)
  object space 183296K, 16% used [0x00000006c1c00000,0x00000006c39cab30,0x00000006ccf00000)
 Metaspace       used 43148K, capacity 44680K, committed 44928K, reserved 1089536K
  class space    used 5130K, capacity 5492K, committed 5504K, reserved 1048576K
GC Heap History (10 events):
Event: 9.254 GC heap before
{Heap before GC invocations=8 (full 1):
 PSYoungGen      total 99328K, used 99308K [0x000000076b400000, 0x0000000772880000, 0x00000007c0000000)
  eden space 85504K, 100% used [0x000000076b400000,0x0000000770780000,0x0000000770780000)
  from space 13824K, 99% used [0x0000000771680000,0x00000007723fb170,0x0000000772400000)
  to   space 15360K, 0% used [0x0000000770780000,0x0000000770780000,0x0000000771680000)
 ParOldGen       total 122368K, used 15073K [0x00000006c1c00000, 0x00000006c9380000, 0x000000076b400000)
  object space 122368K, 12% used [0x00000006c1c00000,0x00000006c2ab8590,0x00000006c9380000)
 Metaspace       used 28600K, capacity 29392K, committed 29696K, reserved 1075200K
  class space    used 3256K, capacity 3461K, committed 3584K, reserved 1048576K
Event: 9.287 GC heap after
Heap after GC invocations=8 (full 1):
 PSYoungGen      total 100864K, used 15346K [0x000000076b400000, 0x0000000775200000, 0x00000007c0000000)
  eden space 85504K, 0% used [0x000000076b400000,0x000000076b400000,0x0000000770780000)
  from space 15360K, 99% used [0x0000000770780000,0x000000077167c878,0x0000000771680000)
  to   space 20992K, 0% used [0x0000000773d80000,0x0000000773d80000,0x0000000775200000)
 ParOldGen       total 122368K, used 23370K [0x00000006c1c00000, 0x00000006c9380000, 0x000000076b400000)
  object space 122368K, 19% used [0x00000006c1c00000,0x00000006c32d2bf0,0x00000006c9380000)
 Metaspace       used 28600K, capacity 29392K, committed 29696K, reserved 1075200K
  class space    used 3256K, capacity 3461K, committed 3584K, reserved 1048576K
}
Event: 9.778 GC heap before
{Heap before GC invocations=9 (full 1):
 PSYoungGen      total 100864K, used 100850K [0x000000076b400000, 0x0000000775200000, 0x00000007c0000000)
  eden space 85504K, 100% used [0x000000076b400000,0x0000000770780000,0x0000000770780000)
  from space 15360K, 99% used [0x0000000770780000,0x000000077167c878,0x0000000771680000)
  to   space 20992K, 0% used [0x0000000773d80000,0x0000000773d80000,0x0000000775200000)
 ParOldGen       total 122368K, used 23379K [0x00000006c1c00000, 0x00000006c9380000, 0x000000076b400000)
  object space 122368K, 19% used [0x00000006c1c00000,0x00000006c32d4cc8,0x00000006c9380000)
 Metaspace       used 28619K, capacity 29392K, committed 29696K, reserved 1075200K
  class space    used 3256K, capacity 3461K, committed 3584K, reserved 1048576K
Event: 9.857 GC heap after
Heap after GC invocations=9 (full 1):
 PSYoungGen      total 130560K, used 20968K [0x000000076b400000, 0x0000000777e80000, 0x00000007c0000000)
  eden space 109568K, 0% used [0x000000076b400000,0x000000076b400000,0x0000000771f00000)
  from space 20992K, 99% used [0x0000000773d80000,0x00000007751fa328,0x0000000775200000)
  to   space 31232K, 0% used [0x0000000771f00000,0x0000000771f00000,0x0000000773d80000)
 ParOldGen       total 122368K, used 41750K [0x00000006c1c00000, 0x00000006c9380000, 0x000000076b400000)
  object space 122368K, 34% used [0x00000006c1c00000,0x00000006c44c5960,0x00000006c9380000)
 Metaspace       used 28619K, capacity 29392K, committed 29696K, reserved 1075200K
  class space    used 3256K, capacity 3461K, committed 3584K, reserved 1048576K
}
Event: 10.941 GC heap before
{Heap before GC invocations=10 (full 1):
 PSYoungGen      total 130560K, used 130536K [0x000000076b400000, 0x0000000777e80000, 0x00000007c0000000)
  eden space 109568K, 100% used [0x000000076b400000,0x0000000771f00000,0x0000000771f00000)
  from space 20992K, 99% used [0x0000000773d80000,0x00000007751fa328,0x0000000775200000)
  to   space 31232K, 0% used [0x0000000771f00000,0x0000000771f00000,0x0000000773d80000)
 ParOldGen       total 122368K, used 41756K [0x00000006c1c00000, 0x00000006c9380000, 0x000000076b400000)
  object space 122368K, 34% used [0x00000006c1c00000,0x00000006c44c7138,0x00000006c9380000)
 Metaspace       used 29486K, capacity 30340K, committed 30464K, reserved 1077248K
  class space    used 3358K, capacity 3572K, committed 3584K, reserved 1048576K
Event: 10.992 GC heap after
Heap after GC invocations=10 (full 1):
 PSYoungGen      total 140800K, used 31208K [0x000000076b400000, 0x0000000779d00000, 0x00000007c0000000)
  eden space 109568K, 0% used [0x000000076b400000,0x000000076b400000,0x0000000771f00000)
  from space 31232K, 99% used [0x0000000771f00000,0x0000000773d7a140,0x0000000773d80000)
  to   space 41472K, 0% used [0x0000000777480000,0x0000000777480000,0x0000000779d00000)
 ParOldGen       total 122368K, used 55516K [0x00000006c1c00000, 0x00000006c9380000, 0x000000076b400000)
  object space 122368K, 45% used [0x00000006c1c00000,0x00000006c5237058,0x00000006c9380000)
 Metaspace       used 29486K, capacity 30340K, committed 30464K, reserved 1077248K
  class space    used 3358K, capacity 3572K, committed 3584K, reserved 1048576K
}
Event: 11.443 GC heap before
{Heap before GC invocations=11 (full 1):
 PSYoungGen      total 140800K, used 64947K [0x000000076b400000, 0x0000000779d00000, 0x00000007c0000000)
  eden space 109568K, 30% used [0x000000076b400000,0x000000076d4f2ba8,0x0000000771f00000)
  from space 31232K, 99% used [0x0000000771f00000,0x0000000773d7a140,0x0000000773d80000)
  to   space 41472K, 0% used [0x0000000777480000,0x0000000777480000,0x0000000779d00000)
 ParOldGen       total 122368K, used 55516K [0x00000006c1c00000, 0x00000006c9380000, 0x000000076b400000)
  object space 122368K, 45% used [0x00000006c1c00000,0x00000006c5237058,0x00000006c9380000)
 Metaspace       used 34158K, capacity 35320K, committed 35496K, reserved 1081344K
  class space    used 4028K, capacity 4325K, committed 4352K, reserved 1048576K
Event: 11.451 GC heap after
Heap after GC invocations=11 (full 1):
 PSYoungGen      total 192000K, used 6477K [0x000000076b400000, 0x0000000779a80000, 0x00000007c0000000)
  eden space 153088K, 0% used [0x000000076b400000,0x000000076b400000,0x0000000774980000)
  from space 38912K, 16% used [0x0000000777480000,0x0000000777ad3640,0x0000000779a80000)
  to   space 41472K, 0% used [0x0000000774980000,0x0000000774980000,0x0000000777200000)
 ParOldGen       total 122368K, used 58272K [0x00000006c1c00000, 0x00000006c9380000, 0x000000076b400000)
  object space 122368K, 47% used [0x00000006c1c00000,0x00000006c54e82a0,0x00000006c9380000)
 Metaspace       used 34158K, capacity 35320K, committed 35496K, reserved 1081344K
  class space    used 4028K, capacity 4325K, committed 4352K, reserved 1048576K
}
Event: 11.451 GC heap before
{Heap before GC invocations=12 (full 2):
 PSYoungGen      total 192000K, used 6477K [0x000000076b400000, 0x0000000779a80000, 0x00000007c0000000)
  eden space 153088K, 0% used [0x000000076b400000,0x000000076b400000,0x0000000774980000)
  from space 38912K, 16% used [0x0000000777480000,0x0000000777ad3640,0x0000000779a80000)
  to   space 41472K, 0% used [0x0000000774980000,0x0000000774980000,0x0000000777200000)
 ParOldGen       total 122368K, used 58272K [0x00000006c1c00000, 0x00000006c9380000, 0x000000076b400000)
  object space 122368K, 47% used [0x00000006c1c00000,0x00000006c54e82a0,0x00000006c9380000)
 Metaspace       used 34158K, capacity 35320K, committed 35496K, reserved 1081344K
  class space    used 4028K, capacity 4325K, committed 4352K, reserved 1048576K
Event: 11.518 GC heap after
Heap after GC invocations=12 (full 2):
 PSYoungGen      total 192000K, used 0K [0x000000076b400000, 0x0000000779a80000, 0x00000007c0000000)
  eden space 153088K, 0% used [0x000000076b400000,0x000000076b400000,0x0000000774980000)
  from space 38912K, 0% used [0x0000000777480000,0x0000000777480000,0x0000000779a80000)
  to   space 41472K, 0% used [0x0000000774980000,0x0000000774980000,0x0000000777200000)
 ParOldGen       total 183296K, used 30506K [0x00000006c1c00000, 0x00000006ccf00000, 0x000000076b400000)
  object space 183296K, 16% used [0x00000006c1c00000,0x00000006c39cab30,0x00000006ccf00000)
 Metaspace       used 34158K, capacity 35320K, committed 35496K, reserved 1081344K
  class space    used 4028K, capacity 4325K, committed 4352K, reserved 1048576K
}

