# JRE version: Java(TM) SE Runtime Environment (8.0_181-b13) (build 1.8.0_181-b13)
# Java VM: Java HotSpot(TM) 64-Bit Server VM (25.181-b13 mixed mode windows-amd64 compressed oops)
Heap:
 PSYoungGen      total 198144K, used 73821K [0x000000076b400000, 0x0000000779e80000, 0x00000007c0000000)
  eden space 156672K, 47% used [0x000000076b400000,0x000000076fc17418,0x0000000774d00000)
  from space 41472K, 0% used [0x0000000777580000,0x0000000777580000,0x0000000779e00000)
  to   space 41472K, 0% used [0x0000000774d00000,0x0000000774d00000,0x0000000777580000)
 ParOldGen       total 184832K, used 30374K [0x00000006c1c00000, 0x00000006cd080000, 0x000000076b400000)
  object space 184832K, 16% used [0x00000006c1c00000,0x00000006c39a9ba8,0x00000006cd080000)
 Metaspace       used 43169K, capacity 44612K, committed 44672K, reserved 1089536K
  class space    used 5140K, capacity 5492K, committed 5504K, reserved 1048576K
GC Heap History (10 events):
Event: 9.139 GC heap before
{Heap before GC invocations=8 (full 1):
 PSYoungGen      total 101888K, used 101720K [0x000000076b400000, 0x0000000772800000, 0x00000007c0000000)
  eden space 87552K, 100% used [0x000000076b400000,0x0000000770980000,0x0000000770980000)
  from space 14336K, 98% used [0x0000000771880000,0x00000007726560e0,0x0000000772680000)
  to   space 15360K, 0% used [0x0000000770980000,0x0000000770980000,0x0000000771880000)
 ParOldGen       total 121856K, used 14930K [0x00000006c1c00000, 0x00000006c9300000, 0x000000076b400000)
  object space 121856K, 12% used [0x00000006c1c00000,0x00000006c2a94aa0,0x00000006c9300000)
 Metaspace       used 28572K, capacity 29328K, committed 29696K, reserved 1075200K
  class space    used 3261K, capacity 3461K, committed 3584K, reserved 1048576K
Event: 9.171 GC heap after
Heap after GC invocations=8 (full 1):
 PSYoungGen      total 102912K, used 15352K [0x000000076b400000, 0x0000000775500000, 0x00000007c0000000)
  eden space 87552K, 0% used [0x000000076b400000,0x000000076b400000,0x0000000770980000)
  from space 15360K, 99% used [0x0000000770980000,0x000000077187e160,0x0000000771880000)
  to   space 20992K, 0% used [0x0000000774080000,0x0000000774080000,0x0000000775500000)
 ParOldGen       total 121856K, used 23472K [0x00000006c1c00000, 0x00000006c9300000, 0x000000076b400000)
  object space 121856K, 19% used [0x00000006c1c00000,0x00000006c32ec138,0x00000006c9300000)
 Metaspace       used 28572K, capacity 29328K, committed 29696K, reserved 1075200K
  class space    used 3261K, capacity 3461K, committed 3584K, reserved 1048576K
}
Event: 9.642 GC heap before
{Heap before GC invocations=9 (full 1):
 PSYoungGen      total 102912K, used 102904K [0x000000076b400000, 0x0000000775500000, 0x00000007c0000000)
  eden space 87552K, 100% used [0x000000076b400000,0x0000000770980000,0x0000000770980000)
  from space 15360K, 99% used [0x0000000770980000,0x000000077187e160,0x0000000771880000)
  to   space 20992K, 0% used [0x0000000774080000,0x0000000774080000,0x0000000775500000)
 ParOldGen       total 121856K, used 23478K [0x00000006c1c00000, 0x00000006c9300000, 0x000000076b400000)
  object space 121856K, 19% used [0x00000006c1c00000,0x00000006c32edab0,0x00000006c9300000)
 Metaspace       used 28604K, capacity 29328K, committed 29696K, reserved 1075200K
  class space    used 3261K, capacity 3461K, committed 3584K, reserved 1048576K
Event: 9.705 GC heap after
Heap after GC invocations=9 (full 1):
 PSYoungGen      total 133120K, used 20969K [0x000000076b400000, 0x0000000778000000, 0x00000007c0000000)
  eden space 112128K, 0% used [0x000000076b400000,0x000000076b400000,0x0000000772180000)
  from space 20992K, 99% used [0x0000000774080000,0x00000007754fa698,0x0000000775500000)
  to   space 31744K, 0% used [0x0000000772180000,0x0000000772180000,0x0000000774080000)
 ParOldGen       total 121856K, used 42255K [0x00000006c1c00000, 0x00000006c9300000, 0x000000076b400000)
  object space 121856K, 34% used [0x00000006c1c00000,0x00000006c4543d48,0x00000006c9300000)
 Metaspace       used 28604K, capacity 29328K, committed 29696K, reserved 1075200K
  class space    used 3261K, capacity 3461K, committed 3584K, reserved 1048576K
}
Event: 10.842 GC heap before
{Heap before GC invocations=10 (full 1):
 PSYoungGen      total 133120K, used 133097K [0x000000076b400000, 0x0000000778000000, 0x00000007c0000000)
  eden space 112128K, 100% used [0x000000076b400000,0x0000000772180000,0x0000000772180000)
  from space 20992K, 99% used [0x0000000774080000,0x00000007754fa698,0x0000000775500000)
  to   space 31744K, 0% used [0x0000000772180000,0x0000000772180000,0x0000000774080000)
 ParOldGen       total 121856K, used 42255K [0x00000006c1c00000, 0x00000006c9300000, 0x000000076b400000)
  object space 121856K, 34% used [0x00000006c1c00000,0x00000006c4543d48,0x00000006c9300000)
 Metaspace       used 30908K, capacity 31766K, committed 32000K, reserved 1077248K
  class space    used 3539K, capacity 3800K, committed 3840K, reserved 1048576K
Event: 10.887 GC heap after
Heap after GC invocations=10 (full 1):
 PSYoungGen      total 143872K, used 31731K [0x000000076b400000, 0x0000000779e00000, 0x00000007c0000000)
  eden space 112128K, 0% used [0x000000076b400000,0x000000076b400000,0x0000000772180000)
  from space 31744K, 99% used [0x0000000772180000,0x000000077407cfd8,0x0000000774080000)
  to   space 41472K, 0% used [0x0000000777580000,0x0000000777580000,0x0000000779e00000)
 ParOldGen       total 121856K, used 55528K [0x00000006c1c00000, 0x00000006c9300000, 0x000000076b400000)
  object space 121856K, 45% used [0x00000006c1c00000,0x00000006c523a330,0x00000006c9300000)
 Metaspace       used 30908K, capacity 31766K, committed 32000K, reserved 1077248K
  class space    used 3539K, capacity 3800K, committed 3840K, reserved 1048576K
}
Event: 11.278 GC heap before
{Heap before GC invocations=11 (full 1):
 PSYoungGen      total 143872K, used 60137K [0x000000076b400000, 0x0000000779e00000, 0x00000007c0000000)
  eden space 112128K, 25% used [0x000000076b400000,0x000000076cfbd6c0,0x0000000772180000)
  from space 31744K, 99% used [0x0000000772180000,0x000000077407cfd8,0x0000000774080000)
  to   space 41472K, 0% used [0x0000000777580000,0x0000000777580000,0x0000000779e00000)
 ParOldGen       total 121856K, used 55528K [0x00000006c1c00000, 0x00000006c9300000, 0x000000076b400000)
  object space 121856K, 45% used [0x00000006c1c00000,0x00000006c523a330,0x00000006c9300000)
 Metaspace       used 34279K, capacity 35378K, committed 35496K, reserved 1081344K
  class space    used 4031K, capacity 4324K, committed 4352K, reserved 1048576K
Event: 11.296 GC heap after
Heap after GC invocations=11 (full 1):
 PSYoungGen      total 198144K, used 8724K [0x000000076b400000, 0x0000000779e80000, 0x00000007c0000000)
  eden space 156672K, 0% used [0x000000076b400000,0x000000076b400000,0x0000000774d00000)
  from space 41472K, 21% used [0x0000000777580000,0x0000000777e05070,0x0000000779e00000)
  to   space 41472K, 0% used [0x0000000774d00000,0x0000000774d00000,0x0000000777580000)
 ParOldGen       total 121856K, used 68204K [0x00000006c1c00000, 0x00000006c9300000, 0x000000076b400000)
  object space 121856K, 55% used [0x00000006c1c00000,0x00000006c5e9b030,0x00000006c9300000)
 Metaspace       used 34279K, capacity 35378K, committed 35496K, reserved 1081344K
  class space    used 4031K, capacity 4324K, committed 4352K, reserved 1048576K
}
Event: 11.296 GC heap before
{Heap before GC invocations=12 (full 2):
 PSYoungGen      total 198144K, used 8724K [0x000000076b400000, 0x0000000779e80000, 0x00000007c0000000)
  eden space 156672K, 0% used [0x000000076b400000,0x000000076b400000,0x0000000774d00000)
  from space 41472K, 21% used [0x0000000777580000,0x0000000777e05070,0x0000000779e00000)
  to   space 41472K, 0% used [0x0000000774d00000,0x0000000774d00000,0x0000000777580000)
 ParOldGen       total 121856K, used 68204K [0x00000006c1c00000, 0x00000006c9300000, 0x000000076b400000)
  object space 121856K, 55% used [0x00000006c1c00000,0x00000006c5e9b030,0x00000006c9300000)
 Metaspace       used 34279K, capacity 35378K, committed 35496K, reserved 1081344K
  class space    used 4031K, capacity 4324K, committed 4352K, reserved 1048576K
Event: 11.371 GC heap after
Heap after GC invocations=12 (full 2):
 PSYoungGen      total 198144K, used 0K [0x000000076b400000, 0x0000000779e80000, 0x00000007c0000000)
  eden space 156672K, 0% used [0x000000076b400000,0x000000076b400000,0x0000000774d00000)
  from space 41472K, 0% used [0x0000000777580000,0x0000000777580000,0x0000000779e00000)
  to   space 41472K, 0% used [0x0000000774d00000,0x0000000774d00000,0x0000000777580000)
 ParOldGen       total 184832K, used 30374K [0x00000006c1c00000, 0x00000006cd080000, 0x000000076b400000)
  object space 184832K, 16% used [0x00000006c1c00000,0x00000006c39a9ba8,0x00000006cd080000)
 Metaspace       used 34279K, capacity 35378K, committed 35496K, reserved 1081344K
  class space    used 4031K, capacity 4324K, committed 4352K, reserved 1048576K
}

