# JRE version: Java(TM) SE Runtime Environment (8.0_181-b13) (build 1.8.0_181-b13)
# Java VM: Java HotSpot(TM) 64-Bit Server VM (25.181-b13 mixed mode windows-amd64 compressed oops)
Heap:
 PSYoungGen      total 201216K, used 75866K [0x000000076b400000, 0x000000077a180000, 0x00000007c0000000)
  eden space 159744K, 47% used [0x000000076b400000,0x000000076fe16810,0x0000000775000000)
  from space 41472K, 0% used [0x0000000777880000,0x0000000777880000,0x000000077a100000)
  to   space 41472K, 0% used [0x0000000775000000,0x0000000775000000,0x0000000777880000)
 ParOldGen       total 181248K, used 30352K [0x00000006c1c00000, 0x00000006ccd00000, 0x000000076b400000)
  object space 181248K, 16% used [0x00000006c1c00000,0x00000006c39a4390,0x00000006ccd00000)
 Metaspace       used 43164K, capacity 44756K, committed 44928K, reserved 1089536K
  class space    used 5132K, capacity 5492K, committed 5504K, reserved 1048576K
GC Heap History (10 events):
Event: 9.630 GC heap before
{Heap before GC invocations=8 (full 1):
 PSYoungGen      total 101888K, used 101730K [0x000000076b400000, 0x0000000772900000, 0x00000007c0000000)
  eden space 87552K, 100% used [0x000000076b400000,0x0000000770980000,0x0000000770980000)
  from space 14336K, 98% used [0x0000000771880000,0x00000007726588b0,0x0000000772680000)
  to   space 15360K, 0% used [0x0000000770980000,0x0000000770980000,0x0000000771880000)
 ParOldGen       total 121344K, used 14936K [0x00000006c1c00000, 0x00000006c9280000, 0x000000076b400000)
  object space 121344K, 12% used [0x00000006c1c00000,0x00000006c2a961e0,0x00000006c9280000)
 Metaspace       used 28593K, capacity 29392K, committed 29696K, reserved 1075200K
  class space    used 3257K, capacity 3461K, committed 3584K, reserved 1048576K
Event: 9.661 GC heap after
Heap after GC invocations=8 (full 1):
 PSYoungGen      total 102912K, used 15336K [0x000000076b400000, 0x0000000775600000, 0x00000007c0000000)
  eden space 87552K, 0% used [0x000000076b400000,0x000000076b400000,0x0000000770980000)
  from space 15360K, 99% used [0x0000000770980000,0x000000077187a350,0x0000000771880000)
  to   space 20992K, 0% used [0x0000000774180000,0x0000000774180000,0x0000000775600000)
 ParOldGen       total 121344K, used 23519K [0x00000006c1c00000, 0x00000006c9280000, 0x000000076b400000)
  object space 121344K, 19% used [0x00000006c1c00000,0x00000006c32f7cb8,0x00000006c9280000)
 Metaspace       used 28593K, capacity 29392K, committed 29696K, reserved 1075200K
  class space    used 3257K, capacity 3461K, committed 3584K, reserved 1048576K
}
Event: 10.276 GC heap before
{Heap before GC invocations=9 (full 1):
 PSYoungGen      total 102912K, used 102888K [0x000000076b400000, 0x0000000775600000, 0x00000007c0000000)
  eden space 87552K, 100% used [0x000000076b400000,0x0000000770980000,0x0000000770980000)
  from space 15360K, 99% used [0x0000000770980000,0x000000077187a350,0x0000000771880000)
  to   space 20992K, 0% used [0x0000000774180000,0x0000000774180000,0x0000000775600000)
 ParOldGen       total 121344K, used 23532K [0x00000006c1c00000, 0x00000006c9280000, 0x000000076b400000)
  object space 121344K, 19% used [0x00000006c1c00000,0x00000006c32fb260,0x00000006c9280000)
 Metaspace       used 28611K, capacity 29392K, committed 29696K, reserved 1075200K
  class space    used 3257K, capacity 3461K, committed 3584K, reserved 1048576K
Event: 10.358 GC heap after
Heap after GC invocations=9 (full 1):
 PSYoungGen      total 134144K, used 20963K [0x000000076b400000, 0x0000000778180000, 0x00000007c0000000)
  eden space 113152K, 0% used [0x000000076b400000,0x000000076b400000,0x0000000772280000)
  from space 20992K, 99% used [0x0000000774180000,0x00000007755f8ec0,0x0000000775600000)
  to   space 31744K, 0% used [0x0000000772280000,0x0000000772280000,0x0000000774180000)
 ParOldGen       total 121344K, used 42317K [0x00000006c1c00000, 0x00000006c9280000, 0x000000076b400000)
  object space 121344K, 34% used [0x00000006c1c00000,0x00000006c4553588,0x00000006c9280000)
 Metaspace       used 28611K, capacity 29392K, committed 29696K, reserved 1075200K
  class space    used 3257K, capacity 3461K, committed 3584K, reserved 1048576K
}
Event: 11.635 GC heap before
{Heap before GC invocations=10 (full 1):
 PSYoungGen      total 134144K, used 134115K [0x000000076b400000, 0x0000000778180000, 0x00000007c0000000)
  eden space 113152K, 100% used [0x000000076b400000,0x0000000772280000,0x0000000772280000)
  from space 20992K, 99% used [0x0000000774180000,0x00000007755f8ec0,0x0000000775600000)
  to   space 31744K, 0% used [0x0000000772280000,0x0000000772280000,0x0000000774180000)
 ParOldGen       total 121344K, used 42317K [0x00000006c1c00000, 0x00000006c9280000, 0x000000076b400000)
  object space 121344K, 34% used [0x00000006c1c00000,0x00000006c4553588,0x00000006c9280000)
 Metaspace       used 31469K, capacity 32378K, committed 32640K, reserved 1077248K
  class space    used 3612K, capacity 3876K, committed 3968K, reserved 1048576K
Event: 11.692 GC heap after
Heap after GC invocations=10 (full 1):
 PSYoungGen      total 144896K, used 31736K [0x000000076b400000, 0x000000077a100000, 0x00000007c0000000)
  eden space 113152K, 0% used [0x000000076b400000,0x000000076b400000,0x0000000772280000)
  from space 31744K, 99% used [0x0000000772280000,0x000000077417e1e0,0x0000000774180000)
  to   space 41472K, 0% used [0x0000000777880000,0x0000000777880000,0x000000077a100000)
 ParOldGen       total 121344K, used 55913K [0x00000006c1c00000, 0x00000006c9280000, 0x000000076b400000)
  object space 121344K, 46% used [0x00000006c1c00000,0x00000006c529a5e0,0x00000006c9280000)
 Metaspace       used 31469K, capacity 32378K, committed 32640K, reserved 1077248K
  class space    used 3612K, capacity 3876K, committed 3968K, reserved 1048576K
}
Event: 12.149 GC heap before
{Heap before GC invocations=11 (full 1):
 PSYoungGen      total 144896K, used 55179K [0x000000076b400000, 0x000000077a100000, 0x00000007c0000000)
  eden space 113152K, 20% used [0x000000076b400000,0x000000076cae4c08,0x0000000772280000)
  from space 31744K, 99% used [0x0000000772280000,0x000000077417e1e0,0x0000000774180000)
  to   space 41472K, 0% used [0x0000000777880000,0x0000000777880000,0x000000077a100000)
 ParOldGen       total 121344K, used 55913K [0x00000006c1c00000, 0x00000006c9280000, 0x000000076b400000)
  object space 121344K, 46% used [0x00000006c1c00000,0x00000006c529a5e0,0x00000006c9280000)
 Metaspace       used 34140K, capacity 35320K, committed 35496K, reserved 1081344K
  class space    used 4027K, capacity 4325K, committed 4352K, reserved 1048576K
Event: 12.169 GC heap after
Heap after GC invocations=11 (full 1):
 PSYoungGen      total 201216K, used 8289K [0x000000076b400000, 0x000000077a180000, 0x00000007c0000000)
  eden space 159744K, 0% used [0x000000076b400000,0x000000076b400000,0x0000000775000000)
  from space 41472K, 19% used [0x0000000777880000,0x0000000778098500,0x000000077a100000)
  to   space 41472K, 0% used [0x0000000775000000,0x0000000775000000,0x0000000777880000)
 ParOldGen       total 121344K, used 68588K [0x00000006c1c00000, 0x00000006c9280000, 0x000000076b400000)
  object space 121344K, 56% used [0x00000006c1c00000,0x00000006c5efb2f0,0x00000006c9280000)
 Metaspace       used 34140K, capacity 35320K, committed 35496K, reserved 1081344K
  class space    used 4027K, capacity 4325K, committed 4352K, reserved 1048576K
}
Event: 12.170 GC heap before
{Heap before GC invocations=12 (full 2):
 PSYoungGen      total 201216K, used 8289K [0x000000076b400000, 0x000000077a180000, 0x00000007c0000000)
  eden space 159744K, 0% used [0x000000076b400000,0x000000076b400000,0x0000000775000000)
  from space 41472K, 19% used [0x0000000777880000,0x0000000778098500,0x000000077a100000)
  to   space 41472K, 0% used [0x0000000775000000,0x0000000775000000,0x0000000777880000)
 ParOldGen       total 121344K, used 68588K [0x00000006c1c00000, 0x00000006c9280000, 0x000000076b400000)
  object space 121344K, 56% used [0x00000006c1c00000,0x00000006c5efb2f0,0x00000006c9280000)
 Metaspace       used 34140K, capacity 35320K, committed 35496K, reserved 1081344K
  class space    used 4027K, capacity 4325K, committed 4352K, reserved 1048576K
Event: 12.236 GC heap after
Heap after GC invocations=12 (full 2):
 PSYoungGen      total 201216K, used 0K [0x000000076b400000, 0x000000077a180000, 0x00000007c0000000)
  eden space 159744K, 0% used [0x000000076b400000,0x000000076b400000,0x0000000775000000)
  from space 41472K, 0% used [0x0000000777880000,0x0000000777880000,0x000000077a100000)
  to   space 41472K, 0% used [0x0000000775000000,0x0000000775000000,0x0000000777880000)
 ParOldGen       total 181248K, used 30352K [0x00000006c1c00000, 0x00000006ccd00000, 0x000000076b400000)
  object space 181248K, 16% used [0x00000006c1c00000,0x00000006c39a4390,0x00000006ccd00000)
 Metaspace       used 34140K, capacity 35320K, committed 35496K, reserved 1081344K
  class space    used 4027K, capacity 4325K, committed 4352K, reserved 1048576K
}

