# JRE version: Java(TM) SE Runtime Environment (8.0_181-b13) (build 1.8.0_181-b13)
# Java VM: Java HotSpot(TM) 64-Bit Server VM (25.181-b13 mixed mode windows-amd64 compressed oops)
Heap:
 PSYoungGen      total 213504K, used 76740K [0x000000076b400000, 0x000000077af00000, 0x00000007c0000000)
  eden space 171520K, 44% used [0x000000076b400000,0x000000076fef10a0,0x0000000775b80000)
  from space 41984K, 0% used [0x0000000778480000,0x0000000778480000,0x000000077ad80000)
  to   space 41984K, 0% used [0x0000000775b80000,0x0000000775b80000,0x0000000778480000)
 ParOldGen       total 172544K, used 28999K [0x00000006c1c00000, 0x00000006cc480000, 0x000000076b400000)
  object space 172544K, 16% used [0x00000006c1c00000,0x00000006c3851c00,0x00000006cc480000)
 Metaspace       used 43220K, capacity 44682K, committed 44928K, reserved 1089536K
  class space    used 5141K, capacity 5493K, committed 5504K, reserved 1048576K
GC Heap History (10 events):
Event: 9.214 GC heap before
{Heap before GC invocations=8 (full 1):
 PSYoungGen      total 102912K, used 102786K [0x000000076b400000, 0x0000000772b00000, 0x00000007c0000000)
  eden space 88576K, 100% used [0x000000076b400000,0x0000000770a80000,0x0000000770a80000)
  from space 14336K, 99% used [0x0000000771980000,0x00000007727608c8,0x0000000772780000)
  to   space 15360K, 0% used [0x0000000770a80000,0x0000000770a80000,0x0000000771980000)
 ParOldGen       total 120320K, used 14888K [0x00000006c1c00000, 0x00000006c9180000, 0x000000076b400000)
  object space 120320K, 12% used [0x00000006c1c00000,0x00000006c2a8a1c0,0x00000006c9180000)
 Metaspace       used 28556K, capacity 29392K, committed 29696K, reserved 1075200K
  class space    used 3256K, capacity 3461K, committed 3584K, reserved 1048576K
Event: 9.239 GC heap after
Heap after GC invocations=8 (full 1):
 PSYoungGen      total 103936K, used 15343K [0x000000076b400000, 0x0000000775b00000, 0x00000007c0000000)
  eden space 88576K, 0% used [0x000000076b400000,0x000000076b400000,0x0000000770a80000)
  from space 15360K, 99% used [0x0000000770a80000,0x000000077197bfe8,0x0000000771980000)
  to   space 20992K, 0% used [0x0000000774680000,0x0000000774680000,0x0000000775b00000)
 ParOldGen       total 120320K, used 23525K [0x00000006c1c00000, 0x00000006c9180000, 0x000000076b400000)
  object space 120320K, 19% used [0x00000006c1c00000,0x00000006c32f9600,0x00000006c9180000)
 Metaspace       used 28556K, capacity 29392K, committed 29696K, reserved 1075200K
  class space    used 3256K, capacity 3461K, committed 3584K, reserved 1048576K
}
Event: 9.604 GC heap before
{Heap before GC invocations=9 (full 1):
 PSYoungGen      total 103936K, used 103919K [0x000000076b400000, 0x0000000775b00000, 0x00000007c0000000)
  eden space 88576K, 100% used [0x000000076b400000,0x0000000770a80000,0x0000000770a80000)
  from space 15360K, 99% used [0x0000000770a80000,0x000000077197bfe8,0x0000000771980000)
  to   space 20992K, 0% used [0x0000000774680000,0x0000000774680000,0x0000000775b00000)
 ParOldGen       total 120320K, used 23529K [0x00000006c1c00000, 0x00000006c9180000, 0x000000076b400000)
  object space 120320K, 19% used [0x00000006c1c00000,0x00000006c32fa6f0,0x00000006c9180000)
 Metaspace       used 28583K, capacity 29392K, committed 29696K, reserved 1075200K
  class space    used 3256K, capacity 3461K, committed 3584K, reserved 1048576K
Event: 9.657 GC heap after
Heap after GC invocations=9 (full 1):
 PSYoungGen      total 139264K, used 20981K [0x000000076b400000, 0x0000000778a00000, 0x00000007c0000000)
  eden space 118272K, 0% used [0x000000076b400000,0x000000076b400000,0x0000000772780000)
  from space 20992K, 99% used [0x0000000774680000,0x0000000775afd5a8,0x0000000775b00000)
  to   space 31744K, 0% used [0x0000000772780000,0x0000000772780000,0x0000000774680000)
 ParOldGen       total 120320K, used 42766K [0x00000006c1c00000, 0x00000006c9180000, 0x000000076b400000)
  object space 120320K, 35% used [0x00000006c1c00000,0x00000006c45c3ba8,0x00000006c9180000)
 Metaspace       used 28583K, capacity 29392K, committed 29696K, reserved 1075200K
  class space    used 3256K, capacity 3461K, committed 3584K, reserved 1048576K
}
Event: 10.871 GC heap before
{Heap before GC invocations=10 (full 1):
 PSYoungGen      total 139264K, used 139253K [0x000000076b400000, 0x0000000778a00000, 0x00000007c0000000)
  eden space 118272K, 100% used [0x000000076b400000,0x0000000772780000,0x0000000772780000)
  from space 20992K, 99% used [0x0000000774680000,0x0000000775afd5a8,0x0000000775b00000)
  to   space 31744K, 0% used [0x0000000772780000,0x0000000772780000,0x0000000774680000)
 ParOldGen       total 120320K, used 42766K [0x00000006c1c00000, 0x00000006c9180000, 0x000000076b400000)
  object space 120320K, 35% used [0x00000006c1c00000,0x00000006c45c3ba8,0x00000006c9180000)
 Metaspace       used 32287K, capacity 33228K, committed 33536K, reserved 1079296K
  class space    used 3732K, capacity 4007K, committed 4096K, reserved 1048576K
Event: 10.917 GC heap after
Heap after GC invocations=10 (full 1):
 PSYoungGen      total 150016K, used 31725K [0x000000076b400000, 0x000000077ad80000, 0x00000007c0000000)
  eden space 118272K, 0% used [0x000000076b400000,0x000000076b400000,0x0000000772780000)
  from space 31744K, 99% used [0x0000000772780000,0x000000077467b4f0,0x0000000774680000)
  to   space 41984K, 0% used [0x0000000778480000,0x0000000778480000,0x000000077ad80000)
 ParOldGen       total 120320K, used 56830K [0x00000006c1c00000, 0x00000006c9180000, 0x000000076b400000)
  object space 120320K, 47% used [0x00000006c1c00000,0x00000006c537fbf0,0x00000006c9180000)
 Metaspace       used 32287K, capacity 33228K, committed 33536K, reserved 1079296K
  class space    used 3732K, capacity 4007K, committed 4096K, reserved 1048576K
}
Event: 11.176 GC heap before
{Heap before GC invocations=11 (full 1):
 PSYoungGen      total 150016K, used 49495K [0x000000076b400000, 0x000000077ad80000, 0x00000007c0000000)
  eden space 118272K, 15% used [0x000000076b400000,0x000000076c55a940,0x0000000772780000)
  from space 31744K, 99% used [0x0000000772780000,0x000000077467b4f0,0x0000000774680000)
  to   space 41984K, 0% used [0x0000000778480000,0x0000000778480000,0x000000077ad80000)
 ParOldGen       total 120320K, used 56830K [0x00000006c1c00000, 0x00000006c9180000, 0x000000076b400000)
  object space 120320K, 47% used [0x00000006c1c00000,0x00000006c537fbf0,0x00000006c9180000)
 Metaspace       used 34107K, capacity 35314K, committed 35496K, reserved 1081344K
  class space    used 4025K, capacity 4324K, committed 4352K, reserved 1048576K
Event: 11.191 GC heap after
Heap after GC invocations=11 (full 1):
 PSYoungGen      total 213504K, used 7382K [0x000000076b400000, 0x000000077af00000, 0x00000007c0000000)
  eden space 171520K, 0% used [0x000000076b400000,0x000000076b400000,0x0000000775b80000)
  from space 41984K, 17% used [0x0000000778480000,0x0000000778bb59c0,0x000000077ad80000)
  to   space 41984K, 0% used [0x0000000775b80000,0x0000000775b80000,0x0000000778480000)
 ParOldGen       total 120320K, used 69490K [0x00000006c1c00000, 0x00000006c9180000, 0x000000076b400000)
  object space 120320K, 57% used [0x00000006c1c00000,0x00000006c5fdc8c8,0x00000006c9180000)
 Metaspace       used 34107K, capacity 35314K, committed 35496K, reserved 1081344K
  class space    used 4025K, capacity 4324K, committed 4352K, reserved 1048576K
}
Event: 11.191 GC heap before
{Heap before GC invocations=12 (full 2):
 PSYoungGen      total 213504K, used 7382K [0x000000076b400000, 0x000000077af00000, 0x00000007c0000000)
  eden space 171520K, 0% used [0x000000076b400000,0x000000076b400000,0x0000000775b80000)
  from space 41984K, 17% used [0x0000000778480000,0x0000000778bb59c0,0x000000077ad80000)
  to   space 41984K, 0% used [0x0000000775b80000,0x0000000775b80000,0x0000000778480000)
 ParOldGen       total 120320K, used 69490K [0x00000006c1c00000, 0x00000006c9180000, 0x000000076b400000)
  object space 120320K, 57% used [0x00000006c1c00000,0x00000006c5fdc8c8,0x00000006c9180000)
 Metaspace       used 34107K, capacity 35314K, committed 35496K, reserved 1081344K
  class space    used 4025K, capacity 4324K, committed 4352K, reserved 1048576K
Event: 11.245 GC heap after
Heap after GC invocations=12 (full 2):
 PSYoungGen      total 213504K, used 0K [0x000000076b400000, 0x000000077af00000, 0x00000007c0000000)
  eden space 171520K, 0% used [0x000000076b400000,0x000000076b400000,0x0000000775b80000)
  from space 41984K, 0% used [0x0000000778480000,0x0000000778480000,0x000000077ad80000)
  to   space 41984K, 0% used [0x0000000775b80000,0x0000000775b80000,0x0000000778480000)
 ParOldGen       total 172544K, used 28999K [0x00000006c1c00000, 0x00000006cc480000, 0x000000076b400000)
  object space 172544K, 16% used [0x00000006c1c00000,0x00000006c3851c00,0x00000006cc480000)
 Metaspace       used 34107K, capacity 35314K, committed 35496K, reserved 1081344K
  class space    used 4025K, capacity 4324K, committed 4352K, reserved 1048576K
}

