# JRE version: Java(TM) SE Runtime Environment (8.0_181-b13) (build 1.8.0_181-b13)
# Java VM: Java HotSpot(TM) 64-Bit Server VM (25.181-b13 mixed mode windows-amd64 compressed oops)
Heap:
 PSYoungGen      total 198144K, used 73954K [0x000000076b400000, 0x0000000779f00000, 0x00000007c0000000)
  eden space 157696K, 46% used [0x000000076b400000,0x000000076fc38b50,0x0000000774e00000)
  from space 40448K, 0% used [0x0000000777780000,0x0000000777780000,0x0000000779f00000)
  to   space 41472K, 0% used [0x0000000774e00000,0x0000000774e00000,0x0000000777680000)
 ParOldGen       total 180224K, used 30195K [0x00000006c1c00000, 0x00000006ccc00000, 0x000000076b400000)
  object space 180224K, 16% used [0x00000006c1c00000,0x00000006c397cf10,0x00000006ccc00000)
 Metaspace       used 43146K, capacity 44680K, committed 44928K, reserved 1089536K
  class space    used 5132K, capacity 5492K, committed 5504K, reserved 1048576K
GC Heap History (10 events):
Event: 11.221 GC heap before
{Heap before GC invocations=8 (full 1):
 PSYoungGen      total 100864K, used 100746K [0x000000076b400000, 0x0000000772680000, 0x00000007c0000000)
  eden space 86528K, 100% used [0x000000076b400000,0x0000000770880000,0x0000000770880000)
  from space 14336K, 99% used [0x0000000771780000,0x0000000772562b30,0x0000000772580000)
  to   space 15360K, 0% used [0x0000000770880000,0x0000000770880000,0x0000000771780000)
 ParOldGen       total 122368K, used 14835K [0x00000006c1c00000, 0x00000006c9380000, 0x000000076b400000)
  object space 122368K, 12% used [0x00000006c1c00000,0x00000006c2a7cd00,0x00000006c9380000)
 Metaspace       used 28567K, capacity 29328K, committed 29696K, reserved 1075200K
  class space    used 3259K, capacity 3461K, committed 3584K, reserved 1048576K
Event: 11.262 GC heap after
Heap after GC invocations=8 (full 1):
 PSYoungGen      total 101888K, used 15339K [0x000000076b400000, 0x0000000775400000, 0x00000007c0000000)
  eden space 86528K, 0% used [0x000000076b400000,0x000000076b400000,0x0000000770880000)
  from space 15360K, 99% used [0x0000000770880000,0x000000077177adf8,0x0000000771780000)
  to   space 21504K, 0% used [0x0000000773f00000,0x0000000773f00000,0x0000000775400000)
 ParOldGen       total 122368K, used 23706K [0x00000006c1c00000, 0x00000006c9380000, 0x000000076b400000)
  object space 122368K, 19% used [0x00000006c1c00000,0x00000006c3326938,0x00000006c9380000)
 Metaspace       used 28567K, capacity 29328K, committed 29696K, reserved 1075200K
  class space    used 3259K, capacity 3461K, committed 3584K, reserved 1048576K
}
Event: 11.794 GC heap before
{Heap before GC invocations=9 (full 1):
 PSYoungGen      total 101888K, used 101867K [0x000000076b400000, 0x0000000775400000, 0x00000007c0000000)
  eden space 86528K, 100% used [0x000000076b400000,0x0000000770880000,0x0000000770880000)
  from space 15360K, 99% used [0x0000000770880000,0x000000077177adf8,0x0000000771780000)
  to   space 21504K, 0% used [0x0000000773f00000,0x0000000773f00000,0x0000000775400000)
 ParOldGen       total 122368K, used 23711K [0x00000006c1c00000, 0x00000006c9380000, 0x000000076b400000)
  object space 122368K, 19% used [0x00000006c1c00000,0x00000006c3327fa8,0x00000006c9380000)
 Metaspace       used 28594K, capacity 29328K, committed 29696K, reserved 1075200K
  class space    used 3259K, capacity 3461K, committed 3584K, reserved 1048576K
Event: 11.904 GC heap after
Heap after GC invocations=9 (full 1):
 PSYoungGen      total 132096K, used 21491K [0x000000076b400000, 0x0000000778480000, 0x00000007c0000000)
  eden space 110592K, 0% used [0x000000076b400000,0x000000076b400000,0x0000000772000000)
  from space 21504K, 99% used [0x0000000773f00000,0x00000007753fcc50,0x0000000775400000)
  to   space 31744K, 0% used [0x0000000772000000,0x0000000772000000,0x0000000773f00000)
 ParOldGen       total 122368K, used 41858K [0x00000006c1c00000, 0x00000006c9380000, 0x000000076b400000)
  object space 122368K, 34% used [0x00000006c1c00000,0x00000006c44e0b50,0x00000006c9380000)
 Metaspace       used 28594K, capacity 29328K, committed 29696K, reserved 1075200K
  class space    used 3259K, capacity 3461K, committed 3584K, reserved 1048576K
}
Event: 13.367 GC heap before
{Heap before GC invocations=10 (full 1):
 PSYoungGen      total 132096K, used 132083K [0x000000076b400000, 0x0000000778480000, 0x00000007c0000000)
  eden space 110592K, 100% used [0x000000076b400000,0x0000000772000000,0x0000000772000000)
  from space 21504K, 99% used [0x0000000773f00000,0x00000007753fcc50,0x0000000775400000)
  to   space 31744K, 0% used [0x0000000772000000,0x0000000772000000,0x0000000773f00000)
 ParOldGen       total 122368K, used 41865K [0x00000006c1c00000, 0x00000006c9380000, 0x000000076b400000)
  object space 122368K, 34% used [0x00000006c1c00000,0x00000006c44e2638,0x00000006c9380000)
 Metaspace       used 30905K, capacity 31766K, committed 32000K, reserved 1077248K
  class space    used 3538K, capacity 3800K, committed 3840K, reserved 1048576K
Event: 13.432 GC heap after
Heap after GC invocations=10 (full 1):
 PSYoungGen      total 142336K, used 31729K [0x000000076b400000, 0x000000077a000000, 0x00000007c0000000)
  eden space 110592K, 0% used [0x000000076b400000,0x000000076b400000,0x0000000772000000)
  from space 31744K, 99% used [0x0000000772000000,0x0000000773efc598,0x0000000773f00000)
  to   space 41472K, 0% used [0x0000000777780000,0x0000000777780000,0x000000077a000000)
 ParOldGen       total 122368K, used 55267K [0x00000006c1c00000, 0x00000006c9380000, 0x000000076b400000)
  object space 122368K, 45% used [0x00000006c1c00000,0x00000006c51f8e88,0x00000006c9380000)
 Metaspace       used 30905K, capacity 31766K, committed 32000K, reserved 1077248K
  class space    used 3538K, capacity 3800K, committed 3840K, reserved 1048576K
}
Event: 14.085 GC heap before
{Heap before GC invocations=11 (full 1):
 PSYoungGen      total 142336K, used 58614K [0x000000076b400000, 0x000000077a000000, 0x00000007c0000000)
  eden space 110592K, 24% used [0x000000076b400000,0x000000076ce41500,0x0000000772000000)
  from space 31744K, 99% used [0x0000000772000000,0x0000000773efc598,0x0000000773f00000)
  to   space 41472K, 0% used [0x0000000777780000,0x0000000777780000,0x000000077a000000)
 ParOldGen       total 122368K, used 55267K [0x00000006c1c00000, 0x00000006c9380000, 0x000000076b400000)
  object space 122368K, 45% used [0x00000006c1c00000,0x00000006c51f8e88,0x00000006c9380000)
 Metaspace       used 34183K, capacity 35288K, committed 35456K, reserved 1081344K
  class space    used 4039K, capacity 4357K, committed 4480K, reserved 1048576K
Event: 14.107 GC heap after
Heap after GC invocations=11 (full 1):
 PSYoungGen      total 198144K, used 8577K [0x000000076b400000, 0x0000000779f00000, 0x00000007c0000000)
  eden space 157696K, 0% used [0x000000076b400000,0x000000076b400000,0x0000000774e00000)
  from space 40448K, 21% used [0x0000000777780000,0x0000000777fe0670,0x0000000779f00000)
  to   space 41472K, 0% used [0x0000000774e00000,0x0000000774e00000,0x0000000777680000)
 ParOldGen       total 122368K, used 68082K [0x00000006c1c00000, 0x00000006c9380000, 0x000000076b400000)
  object space 122368K, 55% used [0x00000006c1c00000,0x00000006c5e7c8d0,0x00000006c9380000)
 Metaspace       used 34183K, capacity 35288K, committed 35456K, reserved 1081344K
  class space    used 4039K, capacity 4357K, committed 4480K, reserved 1048576K
}
Event: 14.107 GC heap before
{Heap before GC invocations=12 (full 2):
 PSYoungGen      total 198144K, used 8577K [0x000000076b400000, 0x0000000779f00000, 0x00000007c0000000)
  eden space 157696K, 0% used [0x000000076b400000,0x000000076b400000,0x0000000774e00000)
  from space 40448K, 21% used [0x0000000777780000,0x0000000777fe0670,0x0000000779f00000)
  to   space 41472K, 0% used [0x0000000774e00000,0x0000000774e00000,0x0000000777680000)
 ParOldGen       total 122368K, used 68082K [0x00000006c1c00000, 0x00000006c9380000, 0x000000076b400000)
  object space 122368K, 55% used [0x00000006c1c00000,0x00000006c5e7c8d0,0x00000006c9380000)
 Metaspace       used 34183K, capacity 35288K, committed 35456K, reserved 1081344K
  class space    used 4039K, capacity 4357K, committed 4480K, reserved 1048576K
Event: 14.184 GC heap after
Heap after GC invocations=12 (full 2):
 PSYoungGen      total 198144K, used 0K [0x000000076b400000, 0x0000000779f00000, 0x00000007c0000000)
  eden space 157696K, 0% used [0x000000076b400000,0x000000076b400000,0x0000000774e00000)
  from space 40448K, 0% used [0x0000000777780000,0x0000000777780000,0x0000000779f00000)
  to   space 41472K, 0% used [0x0000000774e00000,0x0000000774e00000,0x0000000777680000)
 ParOldGen       total 180224K, used 30195K [0x00000006c1c00000, 0x00000006ccc00000, 0x000000076b400000)
  object space 180224K, 16% used [0x00000006c1c00000,0x00000006c397cf10,0x00000006ccc00000)
 Metaspace       used 34183K, capacity 35288K, committed 35456K, reserved 1081344K
  class space    used 4039K, capacity 4357K, committed 4480K, reserved 1048576K
}

