# JRE version: Java(TM) SE Runtime Environment (8.0_181-b13) (build 1.8.0_181-b13)
# Java VM: Java HotSpot(TM) 64-Bit Server VM (25.181-b13 mixed mode windows-amd64 compressed oops)
Heap:
 PSYoungGen      total 199168K, used 74087K [0x000000076b400000, 0x0000000779f80000, 0x00000007c0000000)
  eden space 157696K, 46% used [0x000000076b400000,0x000000076fc59d70,0x0000000774e00000)
  from space 41472K, 0% used [0x0000000777680000,0x0000000777680000,0x0000000779f00000)
  to   space 41472K, 0% used [0x0000000774e00000,0x0000000774e00000,0x0000000777680000)
 ParOldGen       total 182784K, used 30141K [0x00000006c1c00000, 0x00000006cce80000, 0x000000076b400000)
  object space 182784K, 16% used [0x00000006c1c00000,0x00000006c396f740,0x00000006cce80000)
 Metaspace       used 43124K, capacity 44616K, committed 44672K, reserved 1089536K
  class space    used 5130K, capacity 5492K, committed 5504K, reserved 1048576K
GC Heap History (10 events):
Event: 10.769 GC heap before
{Heap before GC invocations=8 (full 1):
 PSYoungGen      total 99840K, used 99593K [0x000000076b400000, 0x0000000772900000, 0x00000007c0000000)
  eden space 85504K, 100% used [0x000000076b400000,0x0000000770780000,0x0000000770780000)
  from space 14336K, 98% used [0x0000000771680000,0x00000007724426d8,0x0000000772480000)
  to   space 15360K, 0% used [0x0000000770780000,0x0000000770780000,0x0000000771680000)
 ParOldGen       total 123392K, used 14910K [0x00000006c1c00000, 0x00000006c9480000, 0x000000076b400000)
  object space 123392K, 12% used [0x00000006c1c00000,0x00000006c2a8f800,0x00000006c9480000)
 Metaspace       used 28579K, capacity 29392K, committed 29696K, reserved 1075200K
  class space    used 3256K, capacity 3461K, committed 3584K, reserved 1048576K
Event: 10.806 GC heap after
Heap after GC invocations=8 (full 1):
 PSYoungGen      total 100864K, used 15335K [0x000000076b400000, 0x0000000775480000, 0x00000007c0000000)
  eden space 85504K, 0% used [0x000000076b400000,0x000000076b400000,0x0000000770780000)
  from space 15360K, 99% used [0x0000000770780000,0x0000000771679dd8,0x0000000771680000)
  to   space 21504K, 0% used [0x0000000773f80000,0x0000000773f80000,0x0000000775480000)
 ParOldGen       total 123392K, used 24007K [0x00000006c1c00000, 0x00000006c9480000, 0x000000076b400000)
  object space 123392K, 19% used [0x00000006c1c00000,0x00000006c3371ee8,0x00000006c9480000)
 Metaspace       used 28579K, capacity 29392K, committed 29696K, reserved 1075200K
  class space    used 3256K, capacity 3461K, committed 3584K, reserved 1048576K
}
Event: 11.306 GC heap before
{Heap before GC invocations=9 (full 1):
 PSYoungGen      total 100864K, used 100839K [0x000000076b400000, 0x0000000775480000, 0x00000007c0000000)
  eden space 85504K, 100% used [0x000000076b400000,0x0000000770780000,0x0000000770780000)
  from space 15360K, 99% used [0x0000000770780000,0x0000000771679dd8,0x0000000771680000)
  to   space 21504K, 0% used [0x0000000773f80000,0x0000000773f80000,0x0000000775480000)
 ParOldGen       total 123392K, used 24011K [0x00000006c1c00000, 0x00000006c9480000, 0x000000076b400000)
  object space 123392K, 19% used [0x00000006c1c00000,0x00000006c3372ff8,0x00000006c9480000)
 Metaspace       used 28603K, capacity 29392K, committed 29696K, reserved 1075200K
  class space    used 3256K, capacity 3461K, committed 3584K, reserved 1048576K
Event: 11.373 GC heap after
Heap after GC invocations=9 (full 1):
 PSYoungGen      total 132608K, used 21495K [0x000000076b400000, 0x0000000777f00000, 0x00000007c0000000)
  eden space 111104K, 0% used [0x000000076b400000,0x000000076b400000,0x0000000772080000)
  from space 21504K, 99% used [0x0000000773f80000,0x000000077547dd70,0x0000000775480000)
  to   space 31744K, 0% used [0x0000000772080000,0x0000000772080000,0x0000000773f80000)
 ParOldGen       total 123392K, used 41867K [0x00000006c1c00000, 0x00000006c9480000, 0x000000076b400000)
  object space 123392K, 33% used [0x00000006c1c00000,0x00000006c44e2f18,0x00000006c9480000)
 Metaspace       used 28603K, capacity 29392K, committed 29696K, reserved 1075200K
  class space    used 3256K, capacity 3461K, committed 3584K, reserved 1048576K
}
Event: 12.751 GC heap before
{Heap before GC invocations=10 (full 1):
 PSYoungGen      total 132608K, used 132599K [0x000000076b400000, 0x0000000777f00000, 0x00000007c0000000)
  eden space 111104K, 100% used [0x000000076b400000,0x0000000772080000,0x0000000772080000)
  from space 21504K, 99% used [0x0000000773f80000,0x000000077547dd70,0x0000000775480000)
  to   space 31744K, 0% used [0x0000000772080000,0x0000000772080000,0x0000000773f80000)
 ParOldGen       total 123392K, used 41872K [0x00000006c1c00000, 0x00000006c9480000, 0x000000076b400000)
  object space 123392K, 33% used [0x00000006c1c00000,0x00000006c44e4390,0x00000006c9480000)
 Metaspace       used 30900K, capacity 31830K, committed 32000K, reserved 1077248K
  class space    used 3529K, capacity 3800K, committed 3840K, reserved 1048576K
Event: 12.814 GC heap after
Heap after GC invocations=10 (full 1):
 PSYoungGen      total 142848K, used 31713K [0x000000076b400000, 0x0000000779f00000, 0x00000007c0000000)
  eden space 111104K, 0% used [0x000000076b400000,0x000000076b400000,0x0000000772080000)
  from space 31744K, 99% used [0x0000000772080000,0x0000000773f78610,0x0000000773f80000)
  to   space 41472K, 0% used [0x0000000777680000,0x0000000777680000,0x0000000779f00000)
 ParOldGen       total 123392K, used 55149K [0x00000006c1c00000, 0x00000006c9480000, 0x000000076b400000)
  object space 123392K, 44% used [0x00000006c1c00000,0x00000006c51db488,0x00000006c9480000)
 Metaspace       used 30900K, capacity 31830K, committed 32000K, reserved 1077248K
  class space    used 3529K, capacity 3800K, committed 3840K, reserved 1048576K
}
Event: 13.369 GC heap before
{Heap before GC invocations=11 (full 1):
 PSYoungGen      total 142848K, used 58468K [0x000000076b400000, 0x0000000779f00000, 0x00000007c0000000)
  eden space 111104K, 24% used [0x000000076b400000,0x000000076ce20b08,0x0000000772080000)
  from space 31744K, 99% used [0x0000000772080000,0x0000000773f78610,0x0000000773f80000)
  to   space 41472K, 0% used [0x0000000777680000,0x0000000777680000,0x0000000779f00000)
 ParOldGen       total 123392K, used 55149K [0x00000006c1c00000, 0x00000006c9480000, 0x000000076b400000)
  object space 123392K, 44% used [0x00000006c1c00000,0x00000006c51db488,0x00000006c9480000)
 Metaspace       used 34136K, capacity 35320K, committed 35496K, reserved 1081344K
  class space    used 4025K, capacity 4325K, committed 4352K, reserved 1048576K
Event: 13.394 GC heap after
Heap after GC invocations=11 (full 1):
 PSYoungGen      total 199168K, used 8541K [0x000000076b400000, 0x0000000779f80000, 0x00000007c0000000)
  eden space 157696K, 0% used [0x000000076b400000,0x000000076b400000,0x0000000774e00000)
  from space 41472K, 20% used [0x0000000777680000,0x0000000777ed74b0,0x0000000779f00000)
  to   space 41472K, 0% used [0x0000000774e00000,0x0000000774e00000,0x0000000777680000)
 ParOldGen       total 123392K, used 67851K [0x00000006c1c00000, 0x00000006c9480000, 0x000000076b400000)
  object space 123392K, 54% used [0x00000006c1c00000,0x00000006c5e42d10,0x00000006c9480000)
 Metaspace       used 34136K, capacity 35320K, committed 35496K, reserved 1081344K
  class space    used 4025K, capacity 4325K, committed 4352K, reserved 1048576K
}
Event: 13.394 GC heap before
{Heap before GC invocations=12 (full 2):
 PSYoungGen      total 199168K, used 8541K [0x000000076b400000, 0x0000000779f80000, 0x00000007c0000000)
  eden space 157696K, 0% used [0x000000076b400000,0x000000076b400000,0x0000000774e00000)
  from space 41472K, 20% used [0x0000000777680000,0x0000000777ed74b0,0x0000000779f00000)
  to   space 41472K, 0% used [0x0000000774e00000,0x0000000774e00000,0x0000000777680000)
 ParOldGen       total 123392K, used 67851K [0x00000006c1c00000, 0x00000006c9480000, 0x000000076b400000)
  object space 123392K, 54% used [0x00000006c1c00000,0x00000006c5e42d10,0x00000006c9480000)
 Metaspace       used 34136K, capacity 35320K, committed 35496K, reserved 1081344K
  class space    used 4025K, capacity 4325K, committed 4352K, reserved 1048576K
Event: 13.470 GC heap after
Heap after GC invocations=12 (full 2):
 PSYoungGen      total 199168K, used 0K [0x000000076b400000, 0x0000000779f80000, 0x00000007c0000000)
  eden space 157696K, 0% used [0x000000076b400000,0x000000076b400000,0x0000000774e00000)
  from space 41472K, 0% used [0x0000000777680000,0x0000000777680000,0x0000000779f00000)
  to   space 41472K, 0% used [0x0000000774e00000,0x0000000774e00000,0x0000000777680000)
 ParOldGen       total 182784K, used 30141K [0x00000006c1c00000, 0x00000006cce80000, 0x000000076b400000)
  object space 182784K, 16% used [0x00000006c1c00000,0x00000006c396f740,0x00000006cce80000)
 Metaspace       used 34136K, capacity 35320K, committed 35496K, reserved 1081344K
  class space    used 4025K, capacity 4325K, committed 4352K, reserved 1048576K
}

