# JRE version: Java(TM) SE Runtime Environment (8.0_181-b13) (build 1.8.0_181-b13)
# Java VM: Java HotSpot(TM) 64-Bit Server VM (25.181-b13 mixed mode windows-amd64 compressed oops)
Heap:
 PSYoungGen      total 221696K, used 75393K [0x000000076b400000, 0x000000077ba80000, 0x00000007c0000000)
  eden space 178688K, 42% used [0x000000076b400000,0x000000076fda0608,0x0000000776280000)
  from space 43008K, 0% used [0x0000000778c80000,0x0000000778c80000,0x000000077b680000)
  to   space 43008K, 0% used [0x0000000776280000,0x0000000776280000,0x0000000778c80000)
 ParOldGen       total 166912K, used 28345K [0x00000006c1c00000, 0x00000006cbf00000, 0x000000076b400000)
  object space 166912K, 16% used [0x00000006c1c00000,0x00000006c37ae420,0x00000006cbf00000)
 Metaspace       used 43146K, capacity 44680K, committed 44928K, reserved 1089536K
  class space    used 5136K, capacity 5492K, committed 5504K, reserved 1048576K
GC Heap History (10 events):
Event: 9.208 GC heap before
{Heap before GC invocations=8 (full 1):
 PSYoungGen      total 104960K, used 104855K [0x000000076b400000, 0x0000000772c00000, 0x00000007c0000000)
  eden space 90624K, 100% used [0x000000076b400000,0x0000000770c80000,0x0000000770c80000)
  from space 14336K, 99% used [0x0000000771b80000,0x0000000772965d28,0x0000000772980000)
  to   space 15360K, 0% used [0x0000000770c80000,0x0000000770c80000,0x0000000771b80000)
 ParOldGen       total 117760K, used 14951K [0x00000006c1c00000, 0x00000006c8f00000, 0x000000076b400000)
  object space 117760K, 12% used [0x00000006c1c00000,0x00000006c2a99fb0,0x00000006c8f00000)
 Metaspace       used 28568K, capacity 29392K, committed 29696K, reserved 1075200K
  class space    used 3260K, capacity 3461K, committed 3584K, reserved 1048576K
Event: 9.242 GC heap after
Heap after GC invocations=8 (full 1):
 PSYoungGen      total 105984K, used 15328K [0x000000076b400000, 0x0000000776180000, 0x00000007c0000000)
  eden space 90624K, 0% used [0x000000076b400000,0x000000076b400000,0x0000000770c80000)
  from space 15360K, 99% used [0x0000000770c80000,0x0000000771b780c0,0x0000000771b80000)
  to   space 21504K, 0% used [0x0000000774c80000,0x0000000774c80000,0x0000000776180000)
 ParOldGen       total 117760K, used 24181K [0x00000006c1c00000, 0x00000006c8f00000, 0x000000076b400000)
  object space 117760K, 20% used [0x00000006c1c00000,0x00000006c339d6b8,0x00000006c8f00000)
 Metaspace       used 28568K, capacity 29392K, committed 29696K, reserved 1075200K
  class space    used 3260K, capacity 3461K, committed 3584K, reserved 1048576K
}
Event: 9.719 GC heap before
{Heap before GC invocations=9 (full 1):
 PSYoungGen      total 105984K, used 105952K [0x000000076b400000, 0x0000000776180000, 0x00000007c0000000)
  eden space 90624K, 100% used [0x000000076b400000,0x0000000770c80000,0x0000000770c80000)
  from space 15360K, 99% used [0x0000000770c80000,0x0000000771b780c0,0x0000000771b80000)
  to   space 21504K, 0% used [0x0000000774c80000,0x0000000774c80000,0x0000000776180000)
 ParOldGen       total 117760K, used 24192K [0x00000006c1c00000, 0x00000006c8f00000, 0x000000076b400000)
  object space 117760K, 20% used [0x00000006c1c00000,0x00000006c33a02c8,0x00000006c8f00000)
 Metaspace       used 28588K, capacity 29392K, committed 29696K, reserved 1075200K
  class space    used 3260K, capacity 3461K, committed 3584K, reserved 1048576K
Event: 9.791 GC heap after
Heap after GC invocations=9 (full 1):
 PSYoungGen      total 144896K, used 21499K [0x000000076b400000, 0x0000000778f80000, 0x00000007c0000000)
  eden space 123392K, 0% used [0x000000076b400000,0x000000076b400000,0x0000000772c80000)
  from space 21504K, 99% used [0x0000000774c80000,0x000000077617edf0,0x0000000776180000)
  to   space 32768K, 0% used [0x0000000772c80000,0x0000000772c80000,0x0000000774c80000)
 ParOldGen       total 117760K, used 44082K [0x00000006c1c00000, 0x00000006c8f00000, 0x000000076b400000)
  object space 117760K, 37% used [0x00000006c1c00000,0x00000006c470c990,0x00000006c8f00000)
 Metaspace       used 28588K, capacity 29392K, committed 29696K, reserved 1075200K
  class space    used 3260K, capacity 3461K, committed 3584K, reserved 1048576K
}
Event: 11.164 GC heap before
{Heap before GC invocations=10 (full 1):
 PSYoungGen      total 144896K, used 144891K [0x000000076b400000, 0x0000000778f80000, 0x00000007c0000000)
  eden space 123392K, 100% used [0x000000076b400000,0x0000000772c80000,0x0000000772c80000)
  from space 21504K, 99% used [0x0000000774c80000,0x000000077617edf0,0x0000000776180000)
  to   space 32768K, 0% used [0x0000000772c80000,0x0000000772c80000,0x0000000774c80000)
 ParOldGen       total 117760K, used 44082K [0x00000006c1c00000, 0x00000006c8f00000, 0x000000076b400000)
  object space 117760K, 37% used [0x00000006c1c00000,0x00000006c470c990,0x00000006c8f00000)
 Metaspace       used 33343K, capacity 34458K, committed 34688K, reserved 1079296K
  class space    used 3907K, capacity 4220K, committed 4224K, reserved 1048576K
Event: 11.209 GC heap after
Heap after GC invocations=10 (full 1):
 PSYoungGen      total 156160K, used 32748K [0x000000076b400000, 0x000000077b680000, 0x00000007c0000000)
  eden space 123392K, 0% used [0x000000076b400000,0x000000076b400000,0x0000000772c80000)
  from space 32768K, 99% used [0x0000000772c80000,0x0000000774c7b188,0x0000000774c80000)
  to   space 43008K, 0% used [0x0000000778c80000,0x0000000778c80000,0x000000077b680000)
 ParOldGen       total 117760K, used 57199K [0x00000006c1c00000, 0x00000006c8f00000, 0x000000076b400000)
  object space 117760K, 48% used [0x00000006c1c00000,0x00000006c53dbd00,0x00000006c8f00000)
 Metaspace       used 33343K, capacity 34458K, committed 34688K, reserved 1079296K
  class space    used 3907K, capacity 4220K, committed 4224K, reserved 1048576K
}
Event: 11.355 GC heap before
{Heap before GC invocations=11 (full 1):
 PSYoungGen      total 156160K, used 40593K [0x000000076b400000, 0x000000077b680000, 0x00000007c0000000)
  eden space 123392K, 6% used [0x000000076b400000,0x000000076bba9430,0x0000000772c80000)
  from space 32768K, 99% used [0x0000000772c80000,0x0000000774c7b188,0x0000000774c80000)
  to   space 43008K, 0% used [0x0000000778c80000,0x0000000778c80000,0x000000077b680000)
 ParOldGen       total 117760K, used 57199K [0x00000006c1c00000, 0x00000006c8f00000, 0x000000076b400000)
  object space 117760K, 48% used [0x00000006c1c00000,0x00000006c53dbd00,0x00000006c8f00000)
 Metaspace       used 34106K, capacity 35314K, committed 35496K, reserved 1081344K
  class space    used 4032K, capacity 4324K, committed 4352K, reserved 1048576K
Event: 11.372 GC heap after
Heap after GC invocations=11 (full 1):
 PSYoungGen      total 221696K, used 6760K [0x000000076b400000, 0x000000077ba80000, 0x00000007c0000000)
  eden space 178688K, 0% used [0x000000076b400000,0x000000076b400000,0x0000000776280000)
  from space 43008K, 15% used [0x0000000778c80000,0x000000077931a098,0x000000077b680000)
  to   space 43008K, 0% used [0x0000000776280000,0x0000000776280000,0x0000000778c80000)
 ParOldGen       total 117760K, used 69840K [0x00000006c1c00000, 0x00000006c8f00000, 0x000000076b400000)
  object space 117760K, 59% used [0x00000006c1c00000,0x00000006c6034288,0x00000006c8f00000)
 Metaspace       used 34106K, capacity 35314K, committed 35496K, reserved 1081344K
  class space    used 4032K, capacity 4324K, committed 4352K, reserved 1048576K
}
Event: 11.372 GC heap before
{Heap before GC invocations=12 (full 2):
 PSYoungGen      total 221696K, used 6760K [0x000000076b400000, 0x000000077ba80000, 0x00000007c0000000)
  eden space 178688K, 0% used [0x000000076b400000,0x000000076b400000,0x0000000776280000)
  from space 43008K, 15% used [0x0000000778c80000,0x000000077931a098,0x000000077b680000)
  to   space 43008K, 0% used [0x0000000776280000,0x0000000776280000,0x0000000778c80000)
 ParOldGen       total 117760K, used 69840K [0x00000006c1c00000, 0x00000006c8f00000, 0x000000076b400000)
  object space 117760K, 59% used [0x00000006c1c00000,0x00000006c6034288,0x00000006c8f00000)
 Metaspace       used 34106K, capacity 35314K, committed 35496K, reserved 1081344K
  class space    used 4032K, capacity 4324K, committed 4352K, reserved 1048576K
Event: 11.433 GC heap after
Heap after GC invocations=12 (full 2):
 PSYoungGen      total 221696K, used 0K [0x000000076b400000, 0x000000077ba80000, 0x00000007c0000000)
  eden space 178688K, 0% used [0x000000076b400000,0x000000076b400000,0x0000000776280000)
  from space 43008K, 0% used [0x0000000778c80000,0x0000000778c80000,0x000000077b680000)
  to   space 43008K, 0% used [0x0000000776280000,0x0000000776280000,0x0000000778c80000)
 ParOldGen       total 166912K, used 28345K [0x00000006c1c00000, 0x00000006cbf00000, 0x000000076b400000)
  object space 166912K, 16% used [0x00000006c1c00000,0x00000006c37ae420,0x00000006cbf00000)
 Metaspace       used 34106K, capacity 35314K, committed 35496K, reserved 1081344K
  class space    used 4032K, capacity 4324K, committed 4352K, reserved 1048576K
}

