# JRE version: Java(TM) SE Runtime Environment (8.0_181-b13) (build 1.8.0_181-b13)
# Java VM: Java HotSpot(TM) 64-Bit Server VM (25.181-b13 mixed mode windows-amd64 compressed oops)
Heap:
 PSYoungGen      total 150016K, used 72942K [0x000000076b400000, 0x0000000776880000, 0x00000007c0000000)
  eden space 119296K, 61% used [0x000000076b400000,0x000000076fb3b8a0,0x0000000772880000)
  from space 30720K, 0% used [0x0000000774a80000,0x0000000774a80000,0x0000000776880000)
  to   space 32768K, 0% used [0x0000000772880000,0x0000000772880000,0x0000000774880000)
 ParOldGen       total 205312K, used 36574K [0x00000006c1c00000, 0x00000006ce480000, 0x000000076b400000)
  object space 205312K, 17% used [0x00000006c1c00000,0x00000006c3fb7b98,0x00000006ce480000)
 Metaspace       used 43151K, capacity 44676K, committed 44928K, reserved 1089536K
  class space    used 5130K, capacity 5492K, committed 5504K, reserved 1048576K
GC Heap History (10 events):
Event: 9.711 GC heap before
{Heap before GC invocations=8 (full 1):
 PSYoungGen      total 92160K, used 92147K [0x000000076b400000, 0x0000000772180000, 0x00000007c0000000)
  eden space 78336K, 100% used [0x000000076b400000,0x0000000770080000,0x0000000770080000)
  from space 13824K, 99% used [0x0000000770f80000,0x0000000771cfcf50,0x0000000771d00000)
  to   space 15360K, 0% used [0x0000000770080000,0x0000000770080000,0x0000000770f80000)
 ParOldGen       total 130048K, used 15095K [0x00000006c1c00000, 0x00000006c9b00000, 0x000000076b400000)
  object space 130048K, 11% used [0x00000006c1c00000,0x00000006c2abdfe8,0x00000006c9b00000)
 Metaspace       used 28548K, capacity 29328K, committed 29696K, reserved 1075200K
  class space    used 3253K, capacity 3461K, committed 3584K, reserved 1048576K
Event: 9.733 GC heap after
Heap after GC invocations=8 (full 1):
 PSYoungGen      total 93696K, used 15349K [0x000000076b400000, 0x0000000773b80000, 0x00000007c0000000)
  eden space 78336K, 0% used [0x000000076b400000,0x000000076b400000,0x0000000770080000)
  from space 15360K, 99% used [0x0000000770080000,0x0000000770f7d620,0x0000000770f80000)
  to   space 19968K, 0% used [0x0000000772800000,0x0000000772800000,0x0000000773b80000)
 ParOldGen       total 130048K, used 21915K [0x00000006c1c00000, 0x00000006c9b00000, 0x000000076b400000)
  object space 130048K, 16% used [0x00000006c1c00000,0x00000006c3166fc8,0x00000006c9b00000)
 Metaspace       used 28548K, capacity 29328K, committed 29696K, reserved 1075200K
  class space    used 3253K, capacity 3461K, committed 3584K, reserved 1048576K
}
Event: 10.224 GC heap before
{Heap before GC invocations=9 (full 1):
 PSYoungGen      total 93696K, used 93685K [0x000000076b400000, 0x0000000773b80000, 0x00000007c0000000)
  eden space 78336K, 100% used [0x000000076b400000,0x0000000770080000,0x0000000770080000)
  from space 15360K, 99% used [0x0000000770080000,0x0000000770f7d620,0x0000000770f80000)
  to   space 19968K, 0% used [0x0000000772800000,0x0000000772800000,0x0000000773b80000)
 ParOldGen       total 130048K, used 21916K [0x00000006c1c00000, 0x00000006c9b00000, 0x000000076b400000)
  object space 130048K, 16% used [0x00000006c1c00000,0x00000006c3167060,0x00000006c9b00000)
 Metaspace       used 28602K, capacity 29392K, committed 29696K, reserved 1075200K
  class space    used 3254K, capacity 3461K, committed 3584K, reserved 1048576K
Event: 10.282 GC heap after
Heap after GC invocations=9 (full 1):
 PSYoungGen      total 109056K, used 19938K [0x000000076b400000, 0x0000000776280000, 0x00000007c0000000)
  eden space 89088K, 0% used [0x000000076b400000,0x000000076b400000,0x0000000770b00000)
  from space 19968K, 99% used [0x0000000772800000,0x0000000773b78980,0x0000000773b80000)
  to   space 29696K, 0% used [0x0000000770b00000,0x0000000770b00000,0x0000000772800000)
 ParOldGen       total 130048K, used 39087K [0x00000006c1c00000, 0x00000006c9b00000, 0x000000076b400000)
  object space 130048K, 30% used [0x00000006c1c00000,0x00000006c422bcd0,0x00000006c9b00000)
 Metaspace       used 28602K, capacity 29392K, committed 29696K, reserved 1075200K
  class space    used 3254K, capacity 3461K, committed 3584K, reserved 1048576K
}
Event: 11.004 GC heap before
{Heap before GC invocations=10 (full 1):
 PSYoungGen      total 109056K, used 109026K [0x000000076b400000, 0x0000000776280000, 0x00000007c0000000)
  eden space 89088K, 100% used [0x000000076b400000,0x0000000770b00000,0x0000000770b00000)
  from space 19968K, 99% used [0x0000000772800000,0x0000000773b78980,0x0000000773b80000)
  to   space 29696K, 0% used [0x0000000770b00000,0x0000000770b00000,0x0000000772800000)
 ParOldGen       total 130048K, used 39090K [0x00000006c1c00000, 0x00000006c9b00000, 0x000000076b400000)
  object space 130048K, 30% used [0x00000006c1c00000,0x00000006c422c888,0x00000006c9b00000)
 Metaspace       used 28611K, capacity 29392K, committed 29696K, reserved 1075200K
  class space    used 3254K, capacity 3461K, committed 3584K, reserved 1048576K
Event: 11.067 GC heap after
Heap after GC invocations=10 (full 1):
 PSYoungGen      total 118784K, used 28776K [0x000000076b400000, 0x0000000776b00000, 0x00000007c0000000)
  eden space 89088K, 0% used [0x000000076b400000,0x000000076b400000,0x0000000770b00000)
  from space 29696K, 96% used [0x0000000770b00000,0x000000077271a088,0x0000000772800000)
  to   space 33280K, 0% used [0x0000000774a80000,0x0000000774a80000,0x0000000776b00000)
 ParOldGen       total 130048K, used 51752K [0x00000006c1c00000, 0x00000006c9b00000, 0x000000076b400000)
  object space 130048K, 39% used [0x00000006c1c00000,0x00000006c4e8a3b8,0x00000006c9b00000)
 Metaspace       used 28611K, capacity 29392K, committed 29696K, reserved 1075200K
  class space    used 3254K, capacity 3461K, committed 3584K, reserved 1048576K
}
Event: 12.155 GC heap before
{Heap before GC invocations=11 (full 1):
 PSYoungGen      total 118784K, used 91070K [0x000000076b400000, 0x0000000776b00000, 0x00000007c0000000)
  eden space 89088K, 69% used [0x000000076b400000,0x000000076f0d5810,0x0000000770b00000)
  from space 29696K, 96% used [0x0000000770b00000,0x000000077271a088,0x0000000772800000)
  to   space 33280K, 0% used [0x0000000774a80000,0x0000000774a80000,0x0000000776b00000)
 ParOldGen       total 130048K, used 51752K [0x00000006c1c00000, 0x00000006c9b00000, 0x000000076b400000)
  object space 130048K, 39% used [0x00000006c1c00000,0x00000006c4e8a3b8,0x00000006c9b00000)
 Metaspace       used 34140K, capacity 35384K, committed 35496K, reserved 1081344K
  class space    used 4027K, capacity 4325K, committed 4352K, reserved 1048576K
Event: 12.183 GC heap after
Heap after GC invocations=11 (full 1):
 PSYoungGen      total 150016K, used 12689K [0x000000076b400000, 0x0000000776880000, 0x00000007c0000000)
  eden space 119296K, 0% used [0x000000076b400000,0x000000076b400000,0x0000000772880000)
  from space 30720K, 41% used [0x0000000774a80000,0x00000007756e4418,0x0000000776880000)
  to   space 32768K, 0% used [0x0000000772880000,0x0000000772880000,0x0000000774880000)
 ParOldGen       total 130048K, used 54377K [0x00000006c1c00000, 0x00000006c9b00000, 0x000000076b400000)
  object space 130048K, 41% used [0x00000006c1c00000,0x00000006c511a5f8,0x00000006c9b00000)
 Metaspace       used 34140K, capacity 35384K, committed 35496K, reserved 1081344K
  class space    used 4027K, capacity 4325K, committed 4352K, reserved 1048576K
}
Event: 12.183 GC heap before
{Heap before GC invocations=12 (full 2):
 PSYoungGen      total 150016K, used 12689K [0x000000076b400000, 0x0000000776880000, 0x00000007c0000000)
  eden space 119296K, 0% used [0x000000076b400000,0x000000076b400000,0x0000000772880000)
  from space 30720K, 41% used [0x0000000774a80000,0x00000007756e4418,0x0000000776880000)
  to   space 32768K, 0% used [0x0000000772880000,0x0000000772880000,0x0000000774880000)
 ParOldGen       total 130048K, used 54377K [0x00000006c1c00000, 0x00000006c9b00000, 0x000000076b400000)
  object space 130048K, 41% used [0x00000006c1c00000,0x00000006c511a5f8,0x00000006c9b00000)
 Metaspace       used 34140K, capacity 35384K, committed 35496K, reserved 1081344K
  class space    used 4027K, capacity 4325K, committed 4352K, reserved 1048576K
Event: 12.267 GC heap after
Heap after GC invocations=12 (full 2):
 PSYoungGen      total 150016K, used 0K [0x000000076b400000, 0x0000000776880000, 0x00000007c0000000)
  eden space 119296K, 0% used [0x000000076b400000,0x000000076b400000,0x0000000772880000)
  from space 30720K, 0% used [0x0000000774a80000,0x0000000774a80000,0x0000000776880000)
  to   space 32768K, 0% used [0x0000000772880000,0x0000000772880000,0x0000000774880000)
 ParOldGen       total 205312K, used 36574K [0x00000006c1c00000, 0x00000006ce480000, 0x000000076b400000)
  object space 205312K, 17% used [0x00000006c1c00000,0x00000006c3fb7b98,0x00000006ce480000)
 Metaspace       used 34140K, capacity 35384K, committed 35496K, reserved 1081344K
  class space    used 4027K, capacity 4325K, committed 4352K, reserved 1048576K
}

