# JRE version: Java(TM) SE Runtime Environment (8.0_181-b13) (build 1.8.0_181-b13)
# Java VM: Java HotSpot(TM) 64-Bit Server VM (25.181-b13 mixed mode windows-amd64 compressed oops)
Heap:
 PSYoungGen      total 183808K, used 74849K [0x000000076b400000, 0x0000000779300000, 0x00000007c0000000)
  eden space 145408K, 51% used [0x000000076b400000,0x000000076fd18708,0x0000000774200000)
  from space 38400K, 0% used [0x0000000776d80000,0x0000000776d80000,0x0000000779300000)
  to   space 41472K, 0% used [0x0000000774200000,0x0000000774200000,0x0000000776a80000)
 ParOldGen       total 187392K, used 30446K [0x00000006c1c00000, 0x00000006cd300000, 0x000000076b400000)
  object space 187392K, 16% used [0x00000006c1c00000,0x00000006c39bb948,0x00000006cd300000)
 Metaspace       used 43383K, capacity 44926K, committed 45312K, reserved 1089536K
  class space    used 5155K, capacity 5525K, committed 5632K, reserved 1048576K
GC Heap History (10 events):
Event: 8.529 GC heap before
{Heap before GC invocations=8 (full 1):
 PSYoungGen      total 99840K, used 99824K [0x000000076b400000, 0x0000000772700000, 0x00000007c0000000)
  eden space 86016K, 100% used [0x000000076b400000,0x0000000770800000,0x0000000770800000)
  from space 13824K, 99% used [0x0000000771700000,0x000000077247c2e8,0x0000000772480000)
  to   space 15360K, 0% used [0x0000000770800000,0x0000000770800000,0x0000000771700000)
 ParOldGen       total 121856K, used 15158K [0x00000006c1c00000, 0x00000006c9300000, 0x000000076b400000)
  object space 121856K, 12% used [0x00000006c1c00000,0x00000006c2acd8c0,0x00000006c9300000)
 Metaspace       used 28545K, capacity 29328K, committed 29696K, reserved 1075200K
  class space    used 3255K, capacity 3461K, committed 3584K, reserved 1048576K
Event: 8.557 GC heap after
Heap after GC invocations=8 (full 1):
 PSYoungGen      total 101376K, used 15340K [0x000000076b400000, 0x0000000775000000, 0x00000007c0000000)
  eden space 86016K, 0% used [0x000000076b400000,0x000000076b400000,0x0000000770800000)
  from space 15360K, 99% used [0x0000000770800000,0x00000007716fb0e0,0x0000000771700000)
  to   space 20992K, 0% used [0x0000000773b80000,0x0000000773b80000,0x0000000775000000)
 ParOldGen       total 121856K, used 23687K [0x00000006c1c00000, 0x00000006c9300000, 0x000000076b400000)
  object space 121856K, 19% used [0x00000006c1c00000,0x00000006c3321ea0,0x00000006c9300000)
 Metaspace       used 28545K, capacity 29328K, committed 29696K, reserved 1075200K
  class space    used 3255K, capacity 3461K, committed 3584K, reserved 1048576K
}
Event: 9.106 GC heap before
{Heap before GC invocations=9 (full 1):
 PSYoungGen      total 101376K, used 101356K [0x000000076b400000, 0x0000000775000000, 0x00000007c0000000)
  eden space 86016K, 100% used [0x000000076b400000,0x0000000770800000,0x0000000770800000)
  from space 15360K, 99% used [0x0000000770800000,0x00000007716fb0e0,0x0000000771700000)
  to   space 20992K, 0% used [0x0000000773b80000,0x0000000773b80000,0x0000000775000000)
 ParOldGen       total 121856K, used 23691K [0x00000006c1c00000, 0x00000006c9300000, 0x000000076b400000)
  object space 121856K, 19% used [0x00000006c1c00000,0x00000006c3322da8,0x00000006c9300000)
 Metaspace       used 28561K, capacity 29328K, committed 29696K, reserved 1075200K
  class space    used 3255K, capacity 3461K, committed 3584K, reserved 1048576K
Event: 9.172 GC heap after
Heap after GC invocations=9 (full 1):
 PSYoungGen      total 128000K, used 20963K [0x000000076b400000, 0x0000000777a80000, 0x00000007c0000000)
  eden space 107008K, 0% used [0x000000076b400000,0x000000076b400000,0x0000000771c80000)
  from space 20992K, 99% used [0x0000000773b80000,0x0000000774ff8cf0,0x0000000775000000)
  to   space 31744K, 0% used [0x0000000771c80000,0x0000000771c80000,0x0000000773b80000)
 ParOldGen       total 121856K, used 42371K [0x00000006c1c00000, 0x00000006c9300000, 0x000000076b400000)
  object space 121856K, 34% used [0x00000006c1c00000,0x00000006c4560f48,0x00000006c9300000)
 Metaspace       used 28561K, capacity 29328K, committed 29696K, reserved 1075200K
  class space    used 3255K, capacity 3461K, committed 3584K, reserved 1048576K
}
Event: 10.303 GC heap before
{Heap before GC invocations=10 (full 1):
 PSYoungGen      total 128000K, used 127971K [0x000000076b400000, 0x0000000777a80000, 0x00000007c0000000)
  eden space 107008K, 100% used [0x000000076b400000,0x0000000771c80000,0x0000000771c80000)
  from space 20992K, 99% used [0x0000000773b80000,0x0000000774ff8cf0,0x0000000775000000)
  to   space 31744K, 0% used [0x0000000771c80000,0x0000000771c80000,0x0000000773b80000)
 ParOldGen       total 121856K, used 42371K [0x00000006c1c00000, 0x00000006c9300000, 0x000000076b400000)
  object space 121856K, 34% used [0x00000006c1c00000,0x00000006c4560f48,0x00000006c9300000)
 Metaspace       used 29729K, capacity 30570K, committed 30848K, reserved 1077248K
  class space    used 3387K, capacity 3610K, committed 3712K, reserved 1048576K
Event: 10.363 GC heap after
Heap after GC invocations=10 (full 1):
 PSYoungGen      total 138752K, used 31714K [0x000000076b400000, 0x0000000779600000, 0x00000007c0000000)
  eden space 107008K, 0% used [0x000000076b400000,0x000000076b400000,0x0000000771c80000)
  from space 31744K, 99% used [0x0000000771c80000,0x0000000773b78a98,0x0000000773b80000)
  to   space 41472K, 0% used [0x0000000776d80000,0x0000000776d80000,0x0000000779600000)
 ParOldGen       total 121856K, used 55517K [0x00000006c1c00000, 0x00000006c9300000, 0x000000076b400000)
  object space 121856K, 45% used [0x00000006c1c00000,0x00000006c52374a8,0x00000006c9300000)
 Metaspace       used 29729K, capacity 30570K, committed 30848K, reserved 1077248K
  class space    used 3387K, capacity 3610K, committed 3712K, reserved 1048576K
}
Event: 10.964 GC heap before
{Heap before GC invocations=11 (full 1):
 PSYoungGen      total 138752K, used 62634K [0x000000076b400000, 0x0000000779600000, 0x00000007c0000000)
  eden space 107008K, 28% used [0x000000076b400000,0x000000076d231f38,0x0000000771c80000)
  from space 31744K, 99% used [0x0000000771c80000,0x0000000773b78a98,0x0000000773b80000)
  to   space 41472K, 0% used [0x0000000776d80000,0x0000000776d80000,0x0000000779600000)
 ParOldGen       total 121856K, used 55517K [0x00000006c1c00000, 0x00000006c9300000, 0x000000076b400000)
  object space 121856K, 45% used [0x00000006c1c00000,0x00000006c52374a8,0x00000006c9300000)
 Metaspace       used 34168K, capacity 35288K, committed 35456K, reserved 1081344K
  class space    used 4034K, capacity 4357K, committed 4480K, reserved 1048576K
Event: 10.971 GC heap after
Heap after GC invocations=11 (full 1):
 PSYoungGen      total 183808K, used 6114K [0x000000076b400000, 0x0000000779300000, 0x00000007c0000000)
  eden space 145408K, 0% used [0x000000076b400000,0x000000076b400000,0x0000000774200000)
  from space 38400K, 15% used [0x0000000776d80000,0x0000000777378ad8,0x0000000779300000)
  to   space 41472K, 0% used [0x0000000774200000,0x0000000774200000,0x0000000776a80000)
 ParOldGen       total 121856K, used 58321K [0x00000006c1c00000, 0x00000006c9300000, 0x000000076b400000)
  object space 121856K, 47% used [0x00000006c1c00000,0x00000006c54f46f8,0x00000006c9300000)
 Metaspace       used 34168K, capacity 35288K, committed 35456K, reserved 1081344K
  class space    used 4034K, capacity 4357K, committed 4480K, reserved 1048576K
}
Event: 10.971 GC heap before
{Heap before GC invocations=12 (full 2):
 PSYoungGen      total 183808K, used 6114K [0x000000076b400000, 0x0000000779300000, 0x00000007c0000000)
  eden space 145408K, 0% used [0x000000076b400000,0x000000076b400000,0x0000000774200000)
  from space 38400K, 15% used [0x0000000776d80000,0x0000000777378ad8,0x0000000779300000)
  to   space 41472K, 0% used [0x0000000774200000,0x0000000774200000,0x0000000776a80000)
 ParOldGen       total 121856K, used 58321K [0x00000006c1c00000, 0x00000006c9300000, 0x000000076b400000)
  object space 121856K, 47% used [0x00000006c1c00000,0x00000006c54f46f8,0x00000006c9300000)
 Metaspace       used 34168K, capacity 35288K, committed 35456K, reserved 1081344K
  class space    used 4034K, capacity 4357K, committed 4480K, reserved 1048576K
Event: 11.042 GC heap after
Heap after GC invocations=12 (full 2):
 PSYoungGen      total 183808K, used 0K [0x000000076b400000, 0x0000000779300000, 0x00000007c0000000)
  eden space 145408K, 0% used [0x000000076b400000,0x000000076b400000,0x0000000774200000)
  from space 38400K, 0% used [0x0000000776d80000,0x0000000776d80000,0x0000000779300000)
  to   space 41472K, 0% used [0x0000000774200000,0x0000000774200000,0x0000000776a80000)
 ParOldGen       total 187392K, used 30446K [0x00000006c1c00000, 0x00000006cd300000, 0x000000076b400000)
  object space 187392K, 16% used [0x00000006c1c00000,0x00000006c39bb948,0x00000006cd300000)
 Metaspace       used 34168K, capacity 35288K, committed 35456K, reserved 1081344K
  class space    used 4034K, capacity 4357K, committed 4480K, reserved 1048576K
}

