# JRE version: Java(TM) SE Runtime Environment (8.0_181-b13) (build 1.8.0_181-b13)
# Java VM: Java HotSpot(TM) 64-Bit Server VM (25.181-b13 mixed mode windows-amd64 compressed oops)
Heap:
 PSYoungGen      total 209920K, used 77397K [0x000000076b400000, 0x000000077ac00000, 0x00000007c0000000)
  eden space 167936K, 46% used [0x000000076b400000,0x000000076ff95678,0x0000000775800000)
  from space 41984K, 0% used [0x0000000778100000,0x0000000778100000,0x000000077aa00000)
  to   space 41984K, 0% used [0x0000000775800000,0x0000000775800000,0x0000000778100000)
 ParOldGen       total 175616K, used 29132K [0x00000006c1c00000, 0x00000006cc780000, 0x000000076b400000)
  object space 175616K, 16% used [0x00000006c1c00000,0x00000006c38732f0,0x00000006cc780000)
 Metaspace       used 43365K, capacity 44926K, committed 45312K, reserved 1089536K
  class space    used 5158K, capacity 5525K, committed 5632K, reserved 1048576K
GC Heap History (10 events):
Event: 9.108 GC heap before
{Heap before GC invocations=8 (full 1):
 PSYoungGen      total 102912K, used 102776K [0x000000076b400000, 0x0000000772a00000, 0x00000007c0000000)
  eden space 88576K, 100% used [0x000000076b400000,0x0000000770a80000,0x0000000770a80000)
  from space 14336K, 99% used [0x0000000771980000,0x000000077275e348,0x0000000772780000)
  to   space 15360K, 0% used [0x0000000770a80000,0x0000000770a80000,0x0000000771980000)
 ParOldGen       total 120320K, used 14996K [0x00000006c1c00000, 0x00000006c9180000, 0x000000076b400000)
  object space 120320K, 12% used [0x00000006c1c00000,0x00000006c2aa5018,0x00000006c9180000)
 Metaspace       used 28561K, capacity 29328K, committed 29696K, reserved 1075200K
  class space    used 3260K, capacity 3461K, committed 3584K, reserved 1048576K
Event: 9.142 GC heap after
Heap after GC invocations=8 (full 1):
 PSYoungGen      total 103936K, used 15357K [0x000000076b400000, 0x0000000775b00000, 0x00000007c0000000)
  eden space 88576K, 0% used [0x000000076b400000,0x000000076b400000,0x0000000770a80000)
  from space 15360K, 99% used [0x0000000770a80000,0x000000077197f568,0x0000000771980000)
  to   space 21504K, 0% used [0x0000000774600000,0x0000000774600000,0x0000000775b00000)
 ParOldGen       total 120320K, used 24131K [0x00000006c1c00000, 0x00000006c9180000, 0x000000076b400000)
  object space 120320K, 20% used [0x00000006c1c00000,0x00000006c3390c08,0x00000006c9180000)
 Metaspace       used 28561K, capacity 29328K, committed 29696K, reserved 1075200K
  class space    used 3260K, capacity 3461K, committed 3584K, reserved 1048576K
}
Event: 9.589 GC heap before
{Heap before GC invocations=9 (full 1):
 PSYoungGen      total 103936K, used 103933K [0x000000076b400000, 0x0000000775b00000, 0x00000007c0000000)
  eden space 88576K, 100% used [0x000000076b400000,0x0000000770a80000,0x0000000770a80000)
  from space 15360K, 99% used [0x0000000770a80000,0x000000077197f568,0x0000000771980000)
  to   space 21504K, 0% used [0x0000000774600000,0x0000000774600000,0x0000000775b00000)
 ParOldGen       total 120320K, used 24147K [0x00000006c1c00000, 0x00000006c9180000, 0x000000076b400000)
  object space 120320K, 20% used [0x00000006c1c00000,0x00000006c3394c28,0x00000006c9180000)
 Metaspace       used 28577K, capacity 29328K, committed 29696K, reserved 1075200K
  class space    used 3260K, capacity 3461K, committed 3584K, reserved 1048576K
Event: 9.648 GC heap after
Heap after GC invocations=9 (full 1):
 PSYoungGen      total 138752K, used 21486K [0x000000076b400000, 0x0000000778780000, 0x00000007c0000000)
  eden space 117248K, 0% used [0x000000076b400000,0x000000076b400000,0x0000000772680000)
  from space 21504K, 99% used [0x0000000774600000,0x0000000775afbb28,0x0000000775b00000)
  to   space 32256K, 0% used [0x0000000772680000,0x0000000772680000,0x0000000774600000)
 ParOldGen       total 120320K, used 43024K [0x00000006c1c00000, 0x00000006c9180000, 0x000000076b400000)
  object space 120320K, 35% used [0x00000006c1c00000,0x00000006c4604140,0x00000006c9180000)
 Metaspace       used 28577K, capacity 29328K, committed 29696K, reserved 1075200K
  class space    used 3260K, capacity 3461K, committed 3584K, reserved 1048576K
}
Event: 10.909 GC heap before
{Heap before GC invocations=10 (full 1):
 PSYoungGen      total 138752K, used 138734K [0x000000076b400000, 0x0000000778780000, 0x00000007c0000000)
  eden space 117248K, 100% used [0x000000076b400000,0x0000000772680000,0x0000000772680000)
  from space 21504K, 99% used [0x0000000774600000,0x0000000775afbb28,0x0000000775b00000)
  to   space 32256K, 0% used [0x0000000772680000,0x0000000772680000,0x0000000774600000)
 ParOldGen       total 120320K, used 43032K [0x00000006c1c00000, 0x00000006c9180000, 0x000000076b400000)
  object space 120320K, 35% used [0x00000006c1c00000,0x00000006c4606158,0x00000006c9180000)
 Metaspace       used 32286K, capacity 33164K, committed 33536K, reserved 1079296K
  class space    used 3738K, capacity 4007K, committed 4096K, reserved 1048576K
Event: 10.962 GC heap after
Heap after GC invocations=10 (full 1):
 PSYoungGen      total 149504K, used 32242K [0x000000076b400000, 0x000000077aa00000, 0x00000007c0000000)
  eden space 117248K, 0% used [0x000000076b400000,0x000000076b400000,0x0000000772680000)
  from space 32256K, 99% used [0x0000000772680000,0x00000007745fc890,0x0000000774600000)
  to   space 41984K, 0% used [0x0000000778100000,0x0000000778100000,0x000000077aa00000)
 ParOldGen       total 120320K, used 55713K [0x00000006c1c00000, 0x00000006c9180000, 0x000000076b400000)
  object space 120320K, 46% used [0x00000006c1c00000,0x00000006c5268730,0x00000006c9180000)
 Metaspace       used 32286K, capacity 33164K, committed 33536K, reserved 1079296K
  class space    used 3738K, capacity 4007K, committed 4096K, reserved 1048576K
}
Event: 11.273 GC heap before
{Heap before GC invocations=11 (full 1):
 PSYoungGen      total 149504K, used 49536K [0x000000076b400000, 0x000000077aa00000, 0x00000007c0000000)
  eden space 117248K, 14% used [0x000000076b400000,0x000000076c4e38a0,0x0000000772680000)
  from space 32256K, 99% used [0x0000000772680000,0x00000007745fc890,0x0000000774600000)
  to   space 41984K, 0% used [0x0000000778100000,0x0000000778100000,0x000000077aa00000)
 ParOldGen       total 120320K, used 55713K [0x00000006c1c00000, 0x00000006c9180000, 0x000000076b400000)
  object space 120320K, 46% used [0x00000006c1c00000,0x00000006c5268730,0x00000006c9180000)
 Metaspace       used 34160K, capacity 35288K, committed 35456K, reserved 1081344K
  class space    used 4040K, capacity 4357K, committed 4480K, reserved 1048576K
Event: 11.293 GC heap after
Heap after GC invocations=11 (full 1):
 PSYoungGen      total 209920K, used 7430K [0x000000076b400000, 0x000000077ac00000, 0x00000007c0000000)
  eden space 167936K, 0% used [0x000000076b400000,0x000000076b400000,0x0000000775800000)
  from space 41984K, 17% used [0x0000000778100000,0x0000000778841880,0x000000077aa00000)
  to   space 41984K, 0% used [0x0000000775800000,0x0000000775800000,0x0000000778100000)
 ParOldGen       total 120320K, used 68323K [0x00000006c1c00000, 0x00000006c9180000, 0x000000076b400000)
  object space 120320K, 56% used [0x00000006c1c00000,0x00000006c5eb8fe0,0x00000006c9180000)
 Metaspace       used 34160K, capacity 35288K, committed 35456K, reserved 1081344K
  class space    used 4040K, capacity 4357K, committed 4480K, reserved 1048576K
}
Event: 11.293 GC heap before
{Heap before GC invocations=12 (full 2):
 PSYoungGen      total 209920K, used 7430K [0x000000076b400000, 0x000000077ac00000, 0x00000007c0000000)
  eden space 167936K, 0% used [0x000000076b400000,0x000000076b400000,0x0000000775800000)
  from space 41984K, 17% used [0x0000000778100000,0x0000000778841880,0x000000077aa00000)
  to   space 41984K, 0% used [0x0000000775800000,0x0000000775800000,0x0000000778100000)
 ParOldGen       total 120320K, used 68323K [0x00000006c1c00000, 0x00000006c9180000, 0x000000076b400000)
  object space 120320K, 56% used [0x00000006c1c00000,0x00000006c5eb8fe0,0x00000006c9180000)
 Metaspace       used 34160K, capacity 35288K, committed 35456K, reserved 1081344K
  class space    used 4040K, capacity 4357K, committed 4480K, reserved 1048576K
Event: 11.364 GC heap after
Heap after GC invocations=12 (full 2):
 PSYoungGen      total 209920K, used 0K [0x000000076b400000, 0x000000077ac00000, 0x00000007c0000000)
  eden space 167936K, 0% used [0x000000076b400000,0x000000076b400000,0x0000000775800000)
  from space 41984K, 0% used [0x0000000778100000,0x0000000778100000,0x000000077aa00000)
  to   space 41984K, 0% used [0x0000000775800000,0x0000000775800000,0x0000000778100000)
 ParOldGen       total 175616K, used 29132K [0x00000006c1c00000, 0x00000006cc780000, 0x000000076b400000)
  object space 175616K, 16% used [0x00000006c1c00000,0x00000006c38732f0,0x00000006cc780000)
 Metaspace       used 34160K, capacity 35288K, committed 35456K, reserved 1081344K
  class space    used 4040K, capacity 4357K, committed 4480K, reserved 1048576K
}

